69,2914,2025-01-03 21:02:14.7948147,16,Info,Microsoft-Windows-Kernel-General,System,3640,4196,WinDev2401Eval,0,S-1-5-18,,,,,,,,,,,False,C:\Users\Inferno\Desktop\al_evtx\al_System.evtx,Classic,0,"{""EventData"":{""Data"":[{""@Name"":""HiveNameLength"",""#text"":""136""},{""@Name"":""HiveName"",""#text"":""\\??\\C:\\ProgramData\\Microsoft\\Windows\\AppRepository\\Packages\\Microsoft.LockApp_10.0.22621.3235_neutral__cw5n1h2txyewy\\ActivationStore.dat""},{""@Name"":""KeysUpdated"",""#text"":""0""},{""@Name"":""DirtyPages"",""#text"":""0""}]}}"
70,2915,2025-01-03 21:02:18.3989238,16,Info,Microsoft-Windows-Kernel-General,System,3640,4196,WinDev2401Eval,0,S-1-5-21-1837475949-2032650698-3025450431-1000,,,,,,,,,,,False,C:\Users\Inferno\Desktop\al_evtx\al_System.evtx,Classic,0,"{""EventData"":{""Data"":[{""@Name"":""HiveNameLength"",""#text"":""94""},{""@Name"":""HiveName"",""#text"":""\\??\\C:\\Users\\User\\AppData\\Local\\Packages\\Microsoft.LockApp_cw5n1h2txyewy\\Settings\\settings.dat""},{""@Name"":""KeysUpdated"",""#text"":""3""},{""@Name"":""DirtyPages"",""#text"":""1""}]}}"
71,2916,2025-01-03 21:02:18.9322563,16,Info,Microsoft-Windows-Kernel-General,System,3640,4196,WinDev2401Eval,0,S-1-5-21-1837475949-2032650698-3025450431-1000,,,,,,,,,,,False,C:\Users\Inferno\Desktop\al_evtx\al_System.evtx,Classic,0,"{""EventData"":{""Data"":[{""@Name"":""HiveNameLength"",""#text"":""92""},{""@Name"":""HiveName"",""#text"":""\\??\\C:\\Users\\User\\AppData\\Local\\Packages\\Microsoft.ECApp_8wekyb3d8bbwe\\Settings\\settings.dat""},{""@Name"":""KeysUpdated"",""#text"":""3""},{""@Name"":""DirtyPages"",""#text"":""1""}]}}"
72,2917,2025-01-03 21:02:19.3276242,16,Info,Microsoft-Windows-Kernel-General,System,3640,4196,WinDev2401Eval,0,S-1-5-21-1837475949-2032650698-3025450431-1000,,,,,,,,,,,False,C:\Users\Inferno\Desktop\al_evtx\al_System.evtx,Classic,0,"{""EventData"":{""Data"":[{""@Name"":""HiveNameLength"",""#text"":""107""},{""@Name"":""HiveName"",""#text"":""\\??\\C:\\Users\\User\\AppData\\Local\\Packages\\Microsoft.MicrosoftEdge.Stable_8wekyb3d8bbwe\\Settings\\settings.dat""},{""@Name"":""KeysUpdated"",""#text"":""3""},{""@Name"":""DirtyPages"",""#text"":""1""}]}}"
73,2918,2025-01-03 21:02:19.7257047,16,Info,Microsoft-Windows-Kernel-General,System,3640,4196,WinDev2401Eval,0,S-1-5-21-1837475949-2032650698-3025450431-1000,,,,,,,,,,,False,C:\Users\Inferno\Desktop\al_evtx\al_System.evtx,Classic,0,"{""EventData"":{""Data"":[{""@Name"":""HiveNameLength"",""#text"":""96""},{""@Name"":""HiveName"",""#text"":""\\??\\C:\\Users\\User\\AppData\\Local\\Packages\\Clipchamp.Clipchamp_yxz26nhyzhsrt\\Settings\\settings.dat""},{""@Name"":""KeysUpdated"",""#text"":""3""},{""@Name"":""DirtyPages"",""#text"":""1""}]}}"
74,2919,2025-01-03 21:02:20.9238371,16,Info,Microsoft-Windows-Kernel-General,System,3640,4196,WinDev2401Eval,0,S-1-5-21-1837475949-2032650698-3025450431-1000,,,,,,,,,,,False,C:\Users\Inferno\Desktop\al_evtx\al_System.evtx,Classic,0,"{""EventData"":{""Data"":[{""@Name"":""HiveNameLength"",""#text"":""100""},{""@Name"":""HiveName"",""#text"":""\\??\\C:\\Users\\User\\AppData\\Local\\Packages\\Microsoft.549981C3F5F10_8wekyb3d8bbwe\\Settings\\settings.dat""},{""@Name"":""KeysUpdated"",""#text"":""3""},{""@Name"":""DirtyPages"",""#text"":""1""}]}}"
75,2920,2025-01-03 21:02:21.4648250,16,Info,Microsoft-Windows-Kernel-General,System,3640,4196,WinDev2401Eval,0,S-1-5-21-1837475949-2032650698-3025450431-1000,,,,,,,,,,,False,C:\Users\Inferno\Desktop\al_evtx\al_System.evtx,Classic,0,"{""EventData"":{""Data"":[{""@Name"":""HiveNameLength"",""#text"":""96""},{""@Name"":""HiveName"",""#text"":""\\??\\C:\\Users\\User\\AppData\\Local\\Packages\\Microsoft.GamingApp_8wekyb3d8bbwe\\Settings\\settings.dat""},{""@Name"":""KeysUpdated"",""#text"":""3""},{""@Name"":""DirtyPages"",""#text"":""1""}]}}"
76,2921,2025-01-03 21:02:22.2733206,16,Info,Microsoft-Windows-Kernel-General,System,3640,4196,WinDev2401Eval,0,S-1-5-21-1837475949-2032650698-3025450431-1000,,,,,,,,,,,False,C:\Users\Inferno\Desktop\al_evtx\al_System.evtx,Classic,0,"{""EventData"":{""Data"":[{""@Name"":""HiveNameLength"",""#text"":""94""},{""@Name"":""HiveName"",""#text"":""\\??\\C:\\Users\\User\\AppData\\Local\\Packages\\Microsoft.GetHelp_8wekyb3d8bbwe\\Settings\\settings.dat""},{""@Name"":""KeysUpdated"",""#text"":""3""},{""@Name"":""DirtyPages"",""#text"":""1""}]}}"
77,2922,2025-01-03 21:02:23.2283388,16,Info,Microsoft-Windows-Kernel-General,System,3640,4196,WinDev2401Eval,0,S-1-5-21-1837475949-2032650698-3025450431-1000,,,,,,,,,,,False,C:\Users\Inferno\Desktop\al_evtx\al_System.evtx,Classic,0,"{""EventData"":{""Data"":[{""@Name"":""HiveNameLength"",""#text"":""105""},{""@Name"":""HiveName"",""#text"":""\\??\\C:\\Users\\User\\AppData\\Local\\Packages\\Microsoft.HEIFImageExtension_8wekyb3d8bbwe\\Settings\\settings.dat""},{""@Name"":""KeysUpdated"",""#text"":""3""},{""@Name"":""DirtyPages"",""#text"":""1""}]}}"
78,2923,2025-01-03 21:02:23.6979116,16,Info,Microsoft-Windows-Kernel-General,System,3640,4196,WinDev2401Eval,0,S-1-5-21-1837475949-2032650698-3025450431-1000,,,,,,,,,,,False,C:\Users\Inferno\Desktop\al_evtx\al_System.evtx,Classic,0,"{""EventData"":{""Data"":[{""@Name"":""HiveNameLength"",""#text"":""105""},{""@Name"":""HiveName"",""#text"":""\\??\\C:\\Users\\User\\AppData\\Local\\Packages\\Microsoft.HEVCVideoExtension_8wekyb3d8bbwe\\Settings\\settings.dat""},{""@Name"":""KeysUpdated"",""#text"":""3""},{""@Name"":""DirtyPages"",""#text"":""1""}]}}"
79,2924,2025-01-03 21:02:24.0980887,16,Info,Microsoft-Windows-Kernel-General,System,3640,4196,WinDev2401Eval,0,S-1-5-21-1837475949-2032650698-3025450431-1000,,,,,,,,,,,False,C:\Users\Inferno\Desktop\al_evtx\al_System.evtx,Classic,0,"{""EventData"":{""Data"":[{""@Name"":""HiveNameLength"",""#text"":""107""},{""@Name"":""HiveName"",""#text"":""\\??\\C:\\Users\\User\\AppData\\Local\\Packages\\Microsoft.PowerAutomateDesktop_8wekyb3d8bbwe\\Settings\\settings.dat""},{""@Name"":""KeysUpdated"",""#text"":""3""},{""@Name"":""DirtyPages"",""#text"":""1""}]}}"
80,2925,2025-01-03 21:02:24.5020278,16,Info,Microsoft-Windows-Kernel-General,System,3640,4196,WinDev2401Eval,0,S-1-5-21-1837475949-2032650698-3025450431-1000,,,,,,,,,,,False,C:\Users\Inferno\Desktop\al_evtx\al_System.evtx,Classic,0,"{""EventData"":{""Data"":[{""@Name"":""HiveNameLength"",""#text"":""104""},{""@Name"":""HiveName"",""#text"":""\\??\\C:\\Users\\User\\AppData\\Local\\Packages\\Microsoft.RawImageExtension_8wekyb3d8bbwe\\Settings\\settings.dat""},{""@Name"":""KeysUpdated"",""#text"":""3""},{""@Name"":""DirtyPages"",""#text"":""1""}]}}"
81,2926,2025-01-03 21:02:24.9374142,16,Info,Microsoft-Windows-Kernel-General,System,3640,4196,WinDev2401Eval,0,S-1-5-21-1837475949-2032650698-3025450431-1000,,,,,,,,,,,False,C:\Users\Inferno\Desktop\al_evtx\al_System.evtx,Classic,0,"{""EventData"":{""Data"":[{""@Name"":""HiveNameLength"",""#text"":""103""},{""@Name"":""HiveName"",""#text"":""\\??\\C:\\Users\\User\\AppData\\Local\\Packages\\Microsoft.StorePurchaseApp_8wekyb3d8bbwe\\Settings\\settings.dat""},{""@Name"":""KeysUpdated"",""#text"":""3""},{""@Name"":""DirtyPages"",""#text"":""1""}]}}"
82,2927,2025-01-03 21:02:25.8993314,16,Info,Microsoft-Windows-Kernel-General,System,3640,4196,WinDev2401Eval,0,S-1-5-21-1837475949-2032650698-3025450431-1000,,,,,,,,,,,False,C:\Users\Inferno\Desktop\al_evtx\al_System.evtx,Classic,0,"{""EventData"":{""Data"":[{""@Name"":""HiveNameLength"",""#text"":""105""},{""@Name"":""HiveName"",""#text"":""\\??\\C:\\Users\\User\\AppData\\Local\\Packages\\Microsoft.VP9VideoExtensions_8wekyb3d8bbwe\\Settings\\settings.dat""},{""@Name"":""KeysUpdated"",""#text"":""3""},{""@Name"":""DirtyPages"",""#text"":""1""}]}}"
83,2928,2025-01-03 21:02:26.3903357,16,Info,Microsoft-Windows-Kernel-General,System,3640,4196,WinDev2401Eval,0,S-1-5-21-1837475949-2032650698-3025450431-1000,,,,,,,,,,,False,C:\Users\Inferno\Desktop\al_evtx\al_System.evtx,Classic,0,"{""EventData"":{""Data"":[{""@Name"":""HiveNameLength"",""#text"":""105""},{""@Name"":""HiveName"",""#text"":""\\??\\C:\\Users\\User\\AppData\\Local\\Packages\\Microsoft.WebpImageExtension_8wekyb3d8bbwe\\Settings\\settings.dat""},{""@Name"":""KeysUpdated"",""#text"":""3""},{""@Name"":""DirtyPages"",""#text"":""1""}]}}"
84,2929,2025-01-03 21:02:26.7831220,16,Info,Microsoft-Windows-Kernel-General,System,3640,4196,WinDev2401Eval,0,S-1-5-21-1837475949-2032650698-3025450431-1000,,,,,,,,,,,False,C:\Users\Inferno\Desktop\al_evtx\al_System.evtx,Classic,0,"{""EventData"":{""Data"":[{""@Name"":""HiveNameLength"",""#text"":""104""},{""@Name"":""HiveName"",""#text"":""\\??\\C:\\Users\\User\\AppData\\Local\\Packages\\Microsoft.WindowsCalculator_8wekyb3d8bbwe\\Settings\\settings.dat""},{""@Name"":""KeysUpdated"",""#text"":""3""},{""@Name"":""DirtyPages"",""#text"":""1""}]}}"
85,2930,2025-01-03 21:02:27.2405595,16,Info,Microsoft-Windows-Kernel-General,System,3640,4196,WinDev2401Eval,0,S-1-5-21-1837475949-2032650698-3025450431-1000,,,,,,,,,,,False,C:\Users\Inferno\Desktop\al_evtx\al_System.evtx,Classic,0,"{""EventData"":{""Data"":[{""@Name"":""HiveNameLength"",""#text"":""100""},{""@Name"":""HiveName"",""#text"":""\\??\\C:\\Users\\User\\AppData\\Local\\Packages\\Microsoft.WindowsCamera_8wekyb3d8bbwe\\Settings\\settings.dat""},{""@Name"":""KeysUpdated"",""#text"":""3""},{""@Name"":""DirtyPages"",""#text"":""1""}]}}"
86,2931,2025-01-03 21:02:27.7407064,16,Info,Microsoft-Windows-Kernel-General,System,3640,4196,WinDev2401Eval,0,S-1-5-21-1837475949-2032650698-3025450431-1000,,,,,,,,,,,False,C:\Users\Inferno\Desktop\al_evtx\al_System.evtx,Classic,0,"{""EventData"":{""Data"":[{""@Name"":""HiveNameLength"",""#text"":""105""},{""@Name"":""HiveName"",""#text"":""\\??\\C:\\Users\\User\\AppData\\Local\\Packages\\Microsoft.WindowsFeedbackHub_8wekyb3d8bbwe\\Settings\\settings.dat""},{""@Name"":""KeysUpdated"",""#text"":""3""},{""@Name"":""DirtyPages"",""#text"":""1""}]}}"
87,2932,2025-01-03 21:02:28.3741517,16,Info,Microsoft-Windows-Kernel-General,System,3640,4196,WinDev2401Eval,0,S-1-5-21-1837475949-2032650698-3025450431-1000,,,,,,,,,,,False,C:\Users\Inferno\Desktop\al_evtx\al_System.evtx,Classic,0,"{""EventData"":{""Data"":[{""@Name"":""HiveNameLength"",""#text"":""107""},{""@Name"":""HiveName"",""#text"":""\\??\\C:\\Users\\User\\AppData\\Local\\Packages\\Microsoft.WindowsSoundRecorder_8wekyb3d8bbwe\\Settings\\settings.dat""},{""@Name"":""KeysUpdated"",""#text"":""3""},{""@Name"":""DirtyPages"",""#text"":""1""}]}}"
88,2933,2025-01-03 21:02:28.7150708,16,Info,Microsoft-Windows-Kernel-General,System,3640,4196,WinDev2401Eval,0,S-1-5-21-1837475949-2032650698-3025450431-1000,,,,,,,,,,,False,C:\Users\Inferno\Desktop\al_evtx\al_System.evtx,Classic,0,"{""EventData"":{""Data"":[{""@Name"":""HiveNameLength"",""#text"":""96""},{""@Name"":""HiveName"",""#text"":""\\??\\C:\\Users\\User\\AppData\\Local\\Packages\\Microsoft.Xbox.TCUI_8wekyb3d8bbwe\\Settings\\settings.dat""},{""@Name"":""KeysUpdated"",""#text"":""3""},{""@Name"":""DirtyPages"",""#text"":""1""}]}}"
89,2934,2025-01-03 21:02:29.0755974,16,Info,Microsoft-Windows-Kernel-General,System,3640,4196,WinDev2401Eval,0,S-1-5-21-1837475949-2032650698-3025450431-1000,,,,,,,,,,,False,C:\Users\Inferno\Desktop\al_evtx\al_System.evtx,Classic,0,"{""EventData"":{""Data"":[{""@Name"":""HiveNameLength"",""#text"":""102""},{""@Name"":""HiveName"",""#text"":""\\??\\C:\\Users\\User\\AppData\\Local\\Packages\\Microsoft.XboxGameOverlay_8wekyb3d8bbwe\\Settings\\settings.dat""},{""@Name"":""KeysUpdated"",""#text"":""3""},{""@Name"":""DirtyPages"",""#text"":""1""}]}}"
90,2935,2025-01-03 21:02:29.4951762,16,Info,Microsoft-Windows-Kernel-General,System,3640,4196,WinDev2401Eval,0,S-1-5-21-1837475949-2032650698-3025450431-1000,,,,,,,,,,,False,C:\Users\Inferno\Desktop\al_evtx\al_System.evtx,Classic,0,"{""EventData"":{""Data"":[{""@Name"":""HiveNameLength"",""#text"":""110""},{""@Name"":""HiveName"",""#text"":""\\??\\C:\\Users\\User\\AppData\\Local\\Packages\\Microsoft.XboxSpeechToTextOverlay_8wekyb3d8bbwe\\Settings\\settings.dat""},{""@Name"":""KeysUpdated"",""#text"":""3""},{""@Name"":""DirtyPages"",""#text"":""1""}]}}"
91,2936,2025-01-03 21:02:29.8577002,16,Info,Microsoft-Windows-Kernel-General,System,3640,4196,WinDev2401Eval,0,S-1-5-21-1837475949-2032650698-3025450431-1000,,,,,,,,,,,False,C:\Users\Inferno\Desktop\al_evtx\al_System.evtx,Classic,0,"{""EventData"":{""Data"":[{""@Name"":""HiveNameLength"",""#text"":""111""},{""@Name"":""HiveName"",""#text"":""\\??\\C:\\Users\\User\\AppData\\Local\\Packages\\MicrosoftCorporationII.QuickAssist_8wekyb3d8bbwe\\Settings\\settings.dat""},{""@Name"":""KeysUpdated"",""#text"":""3""},{""@Name"":""DirtyPages"",""#text"":""1""}]}}"
92,2937,2025-01-03 21:02:30.7339909,16,Info,Microsoft-Windows-Kernel-General,System,3640,4196,WinDev2401Eval,0,S-1-5-21-1837475949-2032650698-3025450431-1000,,,,,,,,,,,False,C:\Users\Inferno\Desktop\al_evtx\al_System.evtx,Classic,0,"{""EventData"":{""Data"":[{""@Name"":""HiveNameLength"",""#text"":""100""},{""@Name"":""HiveName"",""#text"":""\\??\\C:\\Users\\User\\AppData\\Local\\Packages\\Microsoft.WindowsAlarms_8wekyb3d8bbwe\\Settings\\settings.dat""},{""@Name"":""KeysUpdated"",""#text"":""3""},{""@Name"":""DirtyPages"",""#text"":""1""}]}}"
93,2938,2025-01-03 21:02:31.3353966,16,Info,Microsoft-Windows-Kernel-General,System,3640,4196,WinDev2401Eval,0,S-1-5-21-1837475949-2032650698-3025450431-1000,,,,,,,,,,,False,C:\Users\Inferno\Desktop\al_evtx\al_System.evtx,Classic,0,"{""EventData"":{""Data"":[{""@Name"":""HiveNameLength"",""#text"":""99""},{""@Name"":""HiveName"",""#text"":""\\??\\C:\\Users\\User\\AppData\\Local\\Packages\\Microsoft.ScreenSketch_8wekyb3d8bbwe\\Settings\\settings.dat""},{""@Name"":""KeysUpdated"",""#text"":""3""},{""@Name"":""DirtyPages"",""#text"":""1""}]}}"
94,2939,2025-01-03 21:02:32.1797327,16,Info,Microsoft-Windows-Kernel-General,System,3640,4196,WinDev2401Eval,0,S-1-5-21-1837475949-2032650698-3025450431-1000,,,,,,,,,,,False,C:\Users\Inferno\Desktop\al_evtx\al_System.evtx,Classic,0,"{""EventData"":{""Data"":[{""@Name"":""HiveNameLength"",""#text"":""101""},{""@Name"":""HiveName"",""#text"":""\\??\\C:\\Users\\User\\AppData\\Local\\Packages\\Microsoft.WindowsNotepad_8wekyb3d8bbwe\\Settings\\settings.dat""},{""@Name"":""KeysUpdated"",""#text"":""3""},{""@Name"":""DirtyPages"",""#text"":""1""}]}}"
95,2940,2025-01-03 21:02:32.8782724,16,Info,Microsoft-Windows-Kernel-General,System,3640,4196,WinDev2401Eval,0,S-1-5-21-1837475949-2032650698-3025450431-1000,,,,,,,,,,,False,C:\Users\Inferno\Desktop\al_evtx\al_System.evtx,Classic,0,"{""EventData"":{""Data"":[{""@Name"":""HiveNameLength"",""#text"":""99""},{""@Name"":""HiveName"",""#text"":""\\??\\C:\\Users\\User\\AppData\\Local\\Packages\\Microsoft.WindowsStore_8wekyb3d8bbwe\\Settings\\settings.dat""},{""@Name"":""KeysUpdated"",""#text"":""5""},{""@Name"":""DirtyPages"",""#text"":""1""}]}}"
96,2941,2025-01-03 21:02:33.4717886,16,Info,Microsoft-Windows-Kernel-General,System,3640,4196,WinDev2401Eval,0,S-1-5-21-1837475949-2032650698-3025450431-1000,,,,,,,,,,,False,C:\Users\Inferno\Desktop\al_evtx\al_System.evtx,Classic,0,"{""EventData"":{""Data"":[{""@Name"":""HiveNameLength"",""#text"":""107""},{""@Name"":""HiveName"",""#text"":""\\??\\C:\\Users\\User\\AppData\\Local\\Packages\\Microsoft.XboxIdentityProvider_8wekyb3d8bbwe\\Settings\\settings.dat""},{""@Name"":""KeysUpdated"",""#text"":""3""},{""@Name"":""DirtyPages"",""#text"":""1""}]}}"
97,2942,2025-01-03 21:02:33.7900633,16,Info,Microsoft-Windows-Kernel-General,System,3640,4196,WinDev2401Eval,0,S-1-5-21-1837475949-2032650698-3025450431-1000,,,,,,,,,,,False,C:\Users\Inferno\Desktop\al_evtx\al_System.evtx,Classic,0,"{""EventData"":{""Data"":[{""@Name"":""HiveNameLength"",""#text"":""102""},{""@Name"":""HiveName"",""#text"":""\\??\\C:\\Users\\User\\AppData\\Local\\Packages\\Microsoft.WindowsTerminal_8wekyb3d8bbwe\\Settings\\settings.dat""},{""@Name"":""KeysUpdated"",""#text"":""3""},{""@Name"":""DirtyPages"",""#text"":""1""}]}}"
98,2943,2025-01-03 21:03:08.5017393,10016,Warning,Microsoft-Windows-DistributedCOM,System,512,8060,WinDev2401Eval,0,S-1-5-18,,,,,,,,,,,False,C:\Users\Inferno\Desktop\al_evtx\al_System.evtx,"Audit success, classic",0,"{""EventData"":{""Data"":[{""@Name"":""param1"",""#text"":""application-specific""},{""@Name"":""param2"",""#text"":""Local""},{""@Name"":""param3"",""#text"":""Launch""},{""@Name"":""param4"",""#text"":""Windows.SecurityCenter.WscBrokerManager""},{""@Name"":""param5"",""#text"":""Unavailable""},{""@Name"":""param6"",""#text"":""NT AUTHORITY""},{""@Name"":""param7"",""#text"":""SYSTEM""},{""@Name"":""param8"",""#text"":""S-1-5-18""},{""@Name"":""param9"",""#text"":""LocalHost (Using LRPC)""},{""@Name"":""param10"",""#text"":""Unavailable""},{""@Name"":""param11"",""#text"":""Unavailable""}]}}"
99,2944,2025-01-03 21:03:08.5017393,10016,Warning,Microsoft-Windows-DistributedCOM,System,512,7212,WinDev2401Eval,0,S-1-5-18,,,,,,,,,,,False,C:\Users\Inferno\Desktop\al_evtx\al_System.evtx,"Audit success, classic",0,"{""EventData"":{""Data"":[{""@Name"":""param1"",""#text"":""application-specific""},{""@Name"":""param2"",""#text"":""Local""},{""@Name"":""param3"",""#text"":""Launch""},{""@Name"":""param4"",""#text"":""Windows.SecurityCenter.SecurityAppBroker""},{""@Name"":""param5"",""#text"":""Unavailable""},{""@Name"":""param6"",""#text"":""NT AUTHORITY""},{""@Name"":""param7"",""#text"":""SYSTEM""},{""@Name"":""param8"",""#text"":""S-1-5-18""},{""@Name"":""param9"",""#text"":""LocalHost (Using LRPC)""},{""@Name"":""param10"",""#text"":""Unavailable""},{""@Name"":""param11"",""#text"":""Unavailable""}]}}"
100,2945,2025-01-03 21:04:00.2460631,43,Info,Microsoft-Windows-WindowsUpdateClient,System,2876,8532,WinDev2401Eval,0,S-1-5-18,,,,,,,,,,,False,C:\Users\Inferno\Desktop\al_evtx\al_System.evtx,0x8000000000002008,0,"{""EventData"":{""Data"":[{""@Name"":""updateTitle"",""#text"":""Security Intelligence Update for Microsoft Defender Antivirus - KB2267602 (Version 1.421.1175.0) - Current Channel (Broad)""},{""@Name"":""updateGuid"",""#text"":""adf9ea27-820e-4c28-9e3a-0a3da00ffb27""},{""@Name"":""updateRevisionNumber"",""#text"":""200""}]}}"
101,2946,2025-01-03 21:04:14.0964136,19,Info,Microsoft-Windows-WindowsUpdateClient,System,2876,8532,WinDev2401Eval,0,S-1-5-18,,,,,,,,,,,False,C:\Users\Inferno\Desktop\al_evtx\al_System.evtx,Installation,0,"{""EventData"":{""Data"":[{""@Name"":""updateTitle"",""#text"":""Security Intelligence Update for Microsoft Defender Antivirus - KB2267602 (Version 1.421.1175.0) - Current Channel (Broad)""},{""@Name"":""updateGuid"",""#text"":""adf9ea27-820e-4c28-9e3a-0a3da00ffb27""},{""@Name"":""updateRevisionNumber"",""#text"":""200""},{""@Name"":""serviceGuid"",""#text"":""9482f4b4-e343-43b6-b170-9a65bc822c77""}]}}"
102,2947,2025-01-03 21:04:32.6745432,15,Error,TPM,System,8424,8868,WinDev2401Eval,0,S-1-5-20,,,,,,,,,,,False,C:\Users\Inferno\Desktop\al_evtx\al_System.evtx,Classic,0,"{""EventData"":{""Data"":[{""@Name"":""driverFile"",""#text"":""0x2""},{""@Name"":""lineNumber"",""#text"":""369""},{""@Name"":""Data"",""#text"":""3221225524""}]}}"
103,2948,2025-01-03 21:04:32.6758130,15,Error,TPM,System,8424,8868,WinDev2401Eval,0,S-1-5-18,,,,,,,,,,,False,C:\Users\Inferno\Desktop\al_evtx\al_System.evtx,Classic,0,"{""EventData"":{""Data"":[{""@Name"":""driverFile"",""#text"":""0x2""},{""@Name"":""lineNumber"",""#text"":""369""},{""@Name"":""Data"",""#text"":""3221225524""}]}}"
104,2949,2025-01-03 21:04:37.3773526,16,Info,Microsoft-Windows-Kernel-General,System,4724,10156,WinDev2401Eval,0,S-1-5-18,,,,,,,,,,,False,C:\Users\Inferno\Desktop\al_evtx\al_System.evtx,Classic,0,"{""EventData"":{""Data"":[{""@Name"":""HiveNameLength"",""#text"":""104""},{""@Name"":""HiveName"",""#text"":""\\??\\C:\\Users\\User\\AppData\\Local\\Packages\\Microsoft.XboxGamingOverlay_8wekyb3d8bbwe\\Settings\\settings.dat""},{""@Name"":""KeysUpdated"",""#text"":""3""},{""@Name"":""DirtyPages"",""#text"":""1""}]}}"
105,2950,2025-01-03 21:04:37.9753826,15,Info,Microsoft-Windows-Kernel-General,System,2328,4916,WinDev2401Eval,0,S-1-5-18,,,,,,,,,,,False,C:\Users\Inferno\Desktop\al_evtx\al_System.evtx,Classic,0,"{""EventData"":{""Data"":[{""@Name"":""HiveNameLength"",""#text"":""41""},{""@Name"":""HiveName"",""#text"":""\\??\\C:\\Windows\\System32\\config\\COMPONENTS""},{""@Name"":""OriginalSize"",""#text"":""54128640""},{""@Name"":""NewSize"",""#text"":""33218560""}]}}"
106,2951,2025-01-03 21:05:06.7522148,44,Info,Microsoft-Windows-WindowsUpdateClient,System,2876,5048,WinDev2401Eval,0,S-1-5-18,,,,,,,,,,,False,C:\Users\Inferno\Desktop\al_evtx\al_System.evtx,0x8000000000002004,0,"{""EventData"":{""Data"":[{""@Name"":""updateTitle"",""#text"":""9WZDNCRDTBJJ-MICROSOFT.GETSTARTED""},{""@Name"":""updateGuid"",""#text"":""9e6b27fe-f60b-44b4-8488-7f292f7c693d""},{""@Name"":""updateRevisionNumber"",""#text"":""1""}]}}"
107,2952,2025-01-03 21:05:06.7522161,44,Info,Microsoft-Windows-WindowsUpdateClient,System,2876,5048,WinDev2401Eval,0,S-1-5-18,,,,,,,,,,,False,C:\Users\Inferno\Desktop\al_evtx\al_System.evtx,0x8000000000002004,0,"{""EventData"":{""Data"":[{""@Name"":""updateTitle"",""#text"":""9N5TDP8VCMHS-Microsoft.WebMediaExtensions""},{""@Name"":""updateGuid"",""#text"":""5319d8ab-5fd7-468e-b80d-9b78f53657b1""},{""@Name"":""updateRevisionNumber"",""#text"":""1""}]}}"
108,2953,2025-01-03 21:05:06.7522169,44,Info,Microsoft-Windows-WindowsUpdateClient,System,2876,5048,WinDev2401Eval,0,S-1-5-18,,,,,,,,,,,False,C:\Users\Inferno\Desktop\al_evtx\al_System.evtx,0x8000000000002004,0,"{""EventData"":{""Data"":[{""@Name"":""updateTitle"",""#text"":""9PG2DK419DRG-Microsoft.WebpImageExtension""},{""@Name"":""updateGuid"",""#text"":""0d5a662d-006c-4db0-9c9c-a6182cef3eb1""},{""@Name"":""updateRevisionNumber"",""#text"":""1""}]}}"
109,2954,2025-01-03 21:05:11.2375404,16,Info,Microsoft-Windows-Kernel-General,System,3640,4276,WinDev2401Eval,0,S-1-5-18,,,,,,,,,,,False,C:\Users\Inferno\Desktop\al_evtx\al_System.evtx,Classic,0,"{""EventData"":{""Data"":[{""@Name"":""HiveNameLength"",""#text"":""138""},{""@Name"":""HiveName"",""#text"":""\\??\\C:\\ProgramData\\Microsoft\\Windows\\AppRepository\\Packages\\Microsoft.WebMediaExtensions_1.1.1295.0_x64__8wekyb3d8bbwe\\ActivationStore.dat""},{""@Name"":""KeysUpdated"",""#text"":""0""},{""@Name"":""DirtyPages"",""#text"":""0""}]}}"
110,2955,2025-01-03 21:05:11.9945906,43,Info,Microsoft-Windows-WindowsUpdateClient,System,2876,8828,WinDev2401Eval,0,S-1-5-18,,,,,,,,,,,False,C:\Users\Inferno\Desktop\al_evtx\al_System.evtx,0x8000000000002008,0,"{""EventData"":{""Data"":[{""@Name"":""updateTitle"",""#text"":""9N5TDP8VCMHS-Microsoft.WebMediaExtensions""},{""@Name"":""updateGuid"",""#text"":""5319d8ab-5fd7-468e-b80d-9b78f53657b1""},{""@Name"":""updateRevisionNumber"",""#text"":""1""}]}}"
111,2956,2025-01-03 21:05:12.2774496,16,Info,Microsoft-Windows-Kernel-General,System,3640,4276,WinDev2401Eval,0,S-1-5-21-1837475949-2032650698-3025450431-1000,,,,,,,,,,,False,C:\Users\Inferno\Desktop\al_evtx\al_System.evtx,Classic,0,"{""EventData"":{""Data"":[{""@Name"":""HiveNameLength"",""#text"":""105""},{""@Name"":""HiveName"",""#text"":""\\??\\C:\\Users\\User\\AppData\\Local\\Packages\\Microsoft.WebMediaExtensions_8wekyb3d8bbwe\\Settings\\settings.dat""},{""@Name"":""KeysUpdated"",""#text"":""3""},{""@Name"":""DirtyPages"",""#text"":""1""}]}}"
112,2957,2025-01-03 21:05:12.6845193,19,Info,Microsoft-Windows-WindowsUpdateClient,System,2876,8828,WinDev2401Eval,0,S-1-5-18,,,,,,,,,,,False,C:\Users\Inferno\Desktop\al_evtx\al_System.evtx,Installation,0,"{""EventData"":{""Data"":[{""@Name"":""updateTitle"",""#text"":""9N5TDP8VCMHS-Microsoft.WebMediaExtensions""},{""@Name"":""updateGuid"",""#text"":""5319d8ab-5fd7-468e-b80d-9b78f53657b1""},{""@Name"":""updateRevisionNumber"",""#text"":""1""},{""@Name"":""serviceGuid"",""#text"":""855e8a7c-ecb4-4ca3-b045-1dfa50104289""}]}}"
113,2958,2025-01-03 21:05:12.6867597,43,Info,Microsoft-Windows-WindowsUpdateClient,System,2876,3796,WinDev2401Eval,0,S-1-5-18,,,,,,,,,,,False,C:\Users\Inferno\Desktop\al_evtx\al_System.evtx,0x8000000000002008,0,"{""EventData"":{""Data"":[{""@Name"":""updateTitle"",""#text"":""9PG2DK419DRG-Microsoft.WebpImageExtension""},{""@Name"":""updateGuid"",""#text"":""0d5a662d-006c-4db0-9c9c-a6182cef3eb1""},{""@Name"":""updateRevisionNumber"",""#text"":""1""}]}}"
114,2959,2025-01-03 21:05:13.1540239,19,Info,Microsoft-Windows-WindowsUpdateClient,System,2876,3796,WinDev2401Eval,0,S-1-5-18,,,,,,,,,,,False,C:\Users\Inferno\Desktop\al_evtx\al_System.evtx,Installation,0,"{""EventData"":{""Data"":[{""@Name"":""updateTitle"",""#text"":""9PG2DK419DRG-Microsoft.WebpImageExtension""},{""@Name"":""updateGuid"",""#text"":""0d5a662d-006c-4db0-9c9c-a6182cef3eb1""},{""@Name"":""updateRevisionNumber"",""#text"":""1""},{""@Name"":""serviceGuid"",""#text"":""855e8a7c-ecb4-4ca3-b045-1dfa50104289""}]}}"
115,2960,2025-01-03 21:05:14.0371154,16,Info,Microsoft-Windows-Kernel-General,System,3640,4196,WinDev2401Eval,0,S-1-5-18,,,,,,,,,,,False,C:\Users\Inferno\Desktop\al_evtx\al_System.evtx,Classic,0,"{""EventData"":{""Data"":[{""@Name"":""HiveNameLength"",""#text"":""131""},{""@Name"":""HiveName"",""#text"":""\\??\\C:\\ProgramData\\Microsoft\\Windows\\AppRepository\\Packages\\Microsoft.Getstarted_10.2312.1.0_x64__8wekyb3d8bbwe\\ActivationStore.dat""},{""@Name"":""KeysUpdated"",""#text"":""0""},{""@Name"":""DirtyPages"",""#text"":""0""}]}}"
116,2961,2025-01-03 21:05:14.6114162,44,Info,Microsoft-Windows-WindowsUpdateClient,System,2876,5048,WinDev2401Eval,0,S-1-5-18,,,,,,,,,,,False,C:\Users\Inferno\Desktop\al_evtx\al_System.evtx,0x8000000000002004,0,"{""EventData"":{""Data"":[{""@Name"":""updateTitle"",""#text"":""9N4WGH0Z6VHQ-Microsoft.HEVCVideoExtension""},{""@Name"":""updateGuid"",""#text"":""467a6704-4b8f-42be-9290-9a05bf1665ba""},{""@Name"":""updateRevisionNumber"",""#text"":""1""}]}}"
117,2962,2025-01-03 21:05:14.6114176,44,Info,Microsoft-Windows-WindowsUpdateClient,System,2876,5048,WinDev2401Eval,0,S-1-5-18,,,,,,,,,,,False,C:\Users\Inferno\Desktop\al_evtx\al_System.evtx,0x8000000000002004,0,"{""EventData"":{""Data"":[{""@Name"":""updateTitle"",""#text"":""9PB1QWVW0R95-Microsoft.WindowsAppRuntime.1.4""},{""@Name"":""updateGuid"",""#text"":""95a66ab5-9220-40f7-8eee-10325aa7534a""},{""@Name"":""updateRevisionNumber"",""#text"":""1""}]}}"
118,2963,2025-01-03 21:05:15.9552891,43,Info,Microsoft-Windows-WindowsUpdateClient,System,2876,2916,WinDev2401Eval,0,S-1-5-18,,,,,,,,,,,False,C:\Users\Inferno\Desktop\al_evtx\al_System.evtx,0x8000000000002008,0,"{""EventData"":{""Data"":[{""@Name"":""updateTitle"",""#text"":""9WZDNCRDTBJJ-MICROSOFT.GETSTARTED""},{""@Name"":""updateGuid"",""#text"":""9e6b27fe-f60b-44b4-8488-7f292f7c693d""},{""@Name"":""updateRevisionNumber"",""#text"":""1""}]}}"
119,2964,2025-01-03 21:05:16.3207118,16,Info,Microsoft-Windows-Kernel-General,System,3640,4276,WinDev2401Eval,0,S-1-5-21-1837475949-2032650698-3025450431-1000,,,,,,,,,,,False,C:\Users\Inferno\Desktop\al_evtx\al_System.evtx,Classic,0,"{""EventData"":{""Data"":[{""@Name"":""HiveNameLength"",""#text"":""97""},{""@Name"":""HiveName"",""#text"":""\\??\\C:\\Users\\User\\AppData\\Local\\Packages\\Microsoft.Getstarted_8wekyb3d8bbwe\\Settings\\settings.dat""},{""@Name"":""KeysUpdated"",""#text"":""3""},{""@Name"":""DirtyPages"",""#text"":""1""}]}}"
120,2965,2025-01-03 21:05:16.8274411,19,Info,Microsoft-Windows-WindowsUpdateClient,System,2876,2916,WinDev2401Eval,0,S-1-5-18,,,,,,,,,,,False,C:\Users\Inferno\Desktop\al_evtx\al_System.evtx,Installation,0,"{""EventData"":{""Data"":[{""@Name"":""updateTitle"",""#text"":""9WZDNCRDTBJJ-MICROSOFT.GETSTARTED""},{""@Name"":""updateGuid"",""#text"":""9e6b27fe-f60b-44b4-8488-7f292f7c693d""},{""@Name"":""updateRevisionNumber"",""#text"":""1""},{""@Name"":""serviceGuid"",""#text"":""855e8a7c-ecb4-4ca3-b045-1dfa50104289""}]}}"
121,2966,2025-01-03 21:05:22.7485672,16,Info,Microsoft-Windows-Kernel-General,System,3640,4280,WinDev2401Eval,0,S-1-5-18,,,,,,,,,,,False,C:\Users\Inferno\Desktop\al_evtx\al_System.evtx,Classic,0,"{""EventData"":{""Data"":[{""@Name"":""HiveNameLength"",""#text"":""147""},{""@Name"":""HiveName"",""#text"":""\\??\\C:\\ProgramData\\Microsoft\\Windows\\AppRepository\\Packages\\Microsoft.WindowsAppRuntime.1.4_4000.1309.2056.0_x64__8wekyb3d8bbwe\\ActivationStore.dat""},{""@Name"":""KeysUpdated"",""#text"":""0""},{""@Name"":""DirtyPages"",""#text"":""0""}]}}"
122,2967,2025-01-03 21:05:25.1965352,44,Info,Microsoft-Windows-WindowsUpdateClient,System,2876,5048,WinDev2401Eval,0,S-1-5-18,,,,,,,,,,,False,C:\Users\Inferno\Desktop\al_evtx\al_System.evtx,0x8000000000002004,0,"{""EventData"":{""Data"":[{""@Name"":""updateTitle"",""#text"":""9NCTDW2W1BH8-Microsoft.RawImageExtension""},{""@Name"":""updateGuid"",""#text"":""0205d775-baf7-4319-89be-834a67aa709a""},{""@Name"":""updateRevisionNumber"",""#text"":""1""}]}}"
123,2968,2025-01-03 21:05:25.4825709,43,Info,Microsoft-Windows-WindowsUpdateClient,System,2876,5872,WinDev2401Eval,0,S-1-5-18,,,,,,,,,,,False,C:\Users\Inferno\Desktop\al_evtx\al_System.evtx,0x8000000000002008,0,"{""EventData"":{""Data"":[{""@Name"":""updateTitle"",""#text"":""9N4WGH0Z6VHQ-Microsoft.HEVCVideoExtension""},{""@Name"":""updateGuid"",""#text"":""467a6704-4b8f-42be-9290-9a05bf1665ba""},{""@Name"":""updateRevisionNumber"",""#text"":""1""}]}}"
124,2969,2025-01-03 21:05:30.2669348,16,Info,Microsoft-Windows-Kernel-General,System,3640,4280,WinDev2401Eval,0,S-1-5-18,,,,,,,,,,,False,C:\Users\Inferno\Desktop\al_evtx\al_System.evtx,Classic,0,"{""EventData"":{""Data"":[{""@Name"":""HiveNameLength"",""#text"":""147""},{""@Name"":""HiveName"",""#text"":""\\??\\C:\\ProgramData\\Microsoft\\Windows\\AppRepository\\Packages\\Microsoft.WindowsAppRuntime.1.4_4000.1309.2056.0_x86__8wekyb3d8bbwe\\ActivationStore.dat""},{""@Name"":""KeysUpdated"",""#text"":""0""},{""@Name"":""DirtyPages"",""#text"":""0""}]}}"
125,2970,2025-01-03 21:05:31.1752659,44,Info,Microsoft-Windows-WindowsUpdateClient,System,2876,5872,WinDev2401Eval,0,S-1-5-18,,,,,,,,,,,False,C:\Users\Inferno\Desktop\al_evtx\al_System.evtx,0x8000000000002004,0,"{""EventData"":{""Data"":[{""@Name"":""updateTitle"",""#text"":""9PKDZBMV1H3T-Microsoft.GetHelp""},{""@Name"":""updateGuid"",""#text"":""0d3a7753-0583-485b-bff6-989a4837d059""},{""@Name"":""updateRevisionNumber"",""#text"":""1""}]}}"
126,2971,2025-01-03 21:05:31.1752679,19,Info,Microsoft-Windows-WindowsUpdateClient,System,2876,5872,WinDev2401Eval,0,S-1-5-18,,,,,,,,,,,False,C:\Users\Inferno\Desktop\al_evtx\al_System.evtx,Installation,0,"{""EventData"":{""Data"":[{""@Name"":""updateTitle"",""#text"":""9N4WGH0Z6VHQ-Microsoft.HEVCVideoExtension""},{""@Name"":""updateGuid"",""#text"":""467a6704-4b8f-42be-9290-9a05bf1665ba""},{""@Name"":""updateRevisionNumber"",""#text"":""1""},{""@Name"":""serviceGuid"",""#text"":""855e8a7c-ecb4-4ca3-b045-1dfa50104289""}]}}"
127,2972,2025-01-03 21:05:33.9556255,44,Info,Microsoft-Windows-WindowsUpdateClient,System,2876,5048,WinDev2401Eval,0,S-1-5-18,,,,,,,,,,,False,C:\Users\Inferno\Desktop\al_evtx\al_System.evtx,0x8000000000002004,0,"{""EventData"":{""Data"":[{""@Name"":""updateTitle"",""#text"":""9PMMSR1CGPWG-Microsoft.HEIFImageExtension""},{""@Name"":""updateGuid"",""#text"":""af84ab07-3c9b-4eec-992f-d5281445da6e""},{""@Name"":""updateRevisionNumber"",""#text"":""1""}]}}"
128,2973,2025-01-03 21:05:33.9598551,43,Info,Microsoft-Windows-WindowsUpdateClient,System,2876,9076,WinDev2401Eval,0,S-1-5-18,,,,,,,,,,,False,C:\Users\Inferno\Desktop\al_evtx\al_System.evtx,0x8000000000002008,0,"{""EventData"":{""Data"":[{""@Name"":""updateTitle"",""#text"":""9NCTDW2W1BH8-Microsoft.RawImageExtension""},{""@Name"":""updateGuid"",""#text"":""0205d775-baf7-4319-89be-834a67aa709a""},{""@Name"":""updateRevisionNumber"",""#text"":""1""}]}}"
129,2974,2025-01-03 21:05:34.5010497,19,Info,Microsoft-Windows-WindowsUpdateClient,System,2876,9076,WinDev2401Eval,0,S-1-5-18,,,,,,,,,,,False,C:\Users\Inferno\Desktop\al_evtx\al_System.evtx,Installation,0,"{""EventData"":{""Data"":[{""@Name"":""updateTitle"",""#text"":""9NCTDW2W1BH8-Microsoft.RawImageExtension""},{""@Name"":""updateGuid"",""#text"":""0205d775-baf7-4319-89be-834a67aa709a""},{""@Name"":""updateRevisionNumber"",""#text"":""1""},{""@Name"":""serviceGuid"",""#text"":""855e8a7c-ecb4-4ca3-b045-1dfa50104289""}]}}"
130,2975,2025-01-03 21:05:38.0729225,44,Info,Microsoft-Windows-WindowsUpdateClient,System,2876,5048,WinDev2401Eval,0,S-1-5-18,,,,,,,,,,,False,C:\Users\Inferno\Desktop\al_evtx\al_System.evtx,0x8000000000002004,0,"{""EventData"":{""Data"":[{""@Name"":""updateTitle"",""#text"":""9NBLGGH4NNS1-Microsoft.DesktopAppInstaller""},{""@Name"":""updateGuid"",""#text"":""3e695059-10d9-46e1-8684-4407b6814dc5""},{""@Name"":""updateRevisionNumber"",""#text"":""1""}]}}"
131,2976,2025-01-03 21:05:38.6202855,43,Info,Microsoft-Windows-WindowsUpdateClient,System,2876,9788,WinDev2401Eval,0,S-1-5-18,,,,,,,,,,,False,C:\Users\Inferno\Desktop\al_evtx\al_System.evtx,0x8000000000002008,0,"{""EventData"":{""Data"":[{""@Name"":""updateTitle"",""#text"":""9PMMSR1CGPWG-Microsoft.HEIFImageExtension""},{""@Name"":""updateGuid"",""#text"":""af84ab07-3c9b-4eec-992f-d5281445da6e""},{""@Name"":""updateRevisionNumber"",""#text"":""1""}]}}"
132,2977,2025-01-03 21:05:38.9876518,19,Info,Microsoft-Windows-WindowsUpdateClient,System,2876,9788,WinDev2401Eval,0,S-1-5-18,,,,,,,,,,,False,C:\Users\Inferno\Desktop\al_evtx\al_System.evtx,Installation,0,"{""EventData"":{""Data"":[{""@Name"":""updateTitle"",""#text"":""9PMMSR1CGPWG-Microsoft.HEIFImageExtension""},{""@Name"":""updateGuid"",""#text"":""af84ab07-3c9b-4eec-992f-d5281445da6e""},{""@Name"":""updateRevisionNumber"",""#text"":""1""},{""@Name"":""serviceGuid"",""#text"":""855e8a7c-ecb4-4ca3-b045-1dfa50104289""}]}}"
133,2978,2025-01-03 21:05:40.8850337,44,Info,Microsoft-Windows-WindowsUpdateClient,System,2876,5048,WinDev2401Eval,1,S-1-5-18,,,,,,,,,,,False,C:\Users\Inferno\Desktop\al_evtx\al_System.evtx,0x8000000000002004,0,"{""EventData"":{""Data"":[{""@Name"":""updateTitle"",""#text"":""9NH2SW16MQ7F-Microsoft.WindowsAppRuntime.1.5""},{""@Name"":""updateGuid"",""#text"":""8773522e-91d4-4492-bde6-bbb32e34cc4e""},{""@Name"":""updateRevisionNumber"",""#text"":""1""}]}}"
134,2979,2025-01-03 21:05:47.4706797,7045,Info,Service Control Manager,System,788,876,WinDev2401Eval,1,S-1-5-21-1837475949-2032650698-3025450431-1000,A new service was installed in the system,,,Name: Npcap Packet Driver (NPCAP),StartType: system start,"Account: ",,,,\SystemRoot\system32\DRIVERS\npcap.sys,False,C:\Users\Inferno\Desktop\al_evtx\al_System.evtx,"Audit success, classic",0,"{""EventData"":{""Data"":[{""@Name"":""ServiceName"",""#text"":""Npcap Packet Driver (NPCAP)""},{""@Name"":""ImagePath"",""#text"":""\\SystemRoot\\system32\\DRIVERS\\npcap.sys""},{""@Name"":""ServiceType"",""#text"":""kernel mode driver""},{""@Name"":""StartType"",""#text"":""system start""},{""@Name"":""AccountName""}]}}"
135,2980,2025-01-03 21:05:51.3846258,16,Info,Microsoft-Windows-Kernel-General,System,3640,4276,WinDev2401Eval,1,S-1-5-18,,,,,,,,,,,False,C:\Users\Inferno\Desktop\al_evtx\al_System.evtx,Classic,0,"{""EventData"":{""Data"":[{""@Name"":""HiveNameLength"",""#text"":""146""},{""@Name"":""HiveName"",""#text"":""\\??\\C:\\ProgramData\\Microsoft\\Windows\\AppRepository\\Packages\\Microsoft.WindowsAppRuntime.1.5_5001.311.2039.0_x64__8wekyb3d8bbwe\\ActivationStore.dat""},{""@Name"":""KeysUpdated"",""#text"":""0""},{""@Name"":""DirtyPages"",""#text"":""0""}]}}"
136,2981,2025-01-03 21:06:05.8053531,16,Info,Microsoft-Windows-Kernel-General,System,3640,4276,WinDev2401Eval,1,S-1-5-18,,,,,,,,,,,False,C:\Users\Inferno\Desktop\al_evtx\al_System.evtx,Classic,0,"{""EventData"":{""Data"":[{""@Name"":""HiveNameLength"",""#text"":""146""},{""@Name"":""HiveName"",""#text"":""\\??\\C:\\ProgramData\\Microsoft\\Windows\\AppRepository\\Packages\\Microsoft.WindowsAppRuntime.1.5_5001.311.2039.0_x86__8wekyb3d8bbwe\\ActivationStore.dat""},{""@Name"":""KeysUpdated"",""#text"":""0""},{""@Name"":""DirtyPages"",""#text"":""0""}]}}"
137,2982,2025-01-03 21:06:07.6479266,1074,Info,User32,System,572,1160,WinDev2401Eval,1,S-1-5-21-1837475949-2032650698-3025450431-1000,A user initiated a system restart,WINDEV2401EVAL\User,,Hostname: WINDEV2401EVAL,Reason: Application: Installation (Planned),Type: restart,Code: 0x80040002,,,C:\Users\User\Downloads\Wireshark-4.4.2-x64.exe (WINDEV2401EVAL),False,C:\Users\Inferno\Desktop\al_evtx\al_System.evtx,"Audit success, classic",0,"{""EventData"":{""Data"":[{""@Name"":""param1"",""#text"":""C:\\Users\\User\\Downloads\\Wireshark-4.4.2-x64.exe (WINDEV2401EVAL)""},{""@Name"":""param2"",""#text"":""WINDEV2401EVAL""},{""@Name"":""param3"",""#text"":""Application: Installation (Planned)""},{""@Name"":""param4"",""#text"":""0x80040002""},{""@Name"":""param5"",""#text"":""restart""},{""@Name"":""param6""},{""@Name"":""param7"",""#text"":""WINDEV2401EVAL\\User""}]}}"
138,2983,2025-01-03 21:06:07.7403344,44,Info,Microsoft-Windows-WindowsUpdateClient,System,2876,5048,WinDev2401Eval,1,S-1-5-18,,,,,,,,,,,False,C:\Users\Inferno\Desktop\al_evtx\al_System.evtx,0x8000000000002004,0,"{""EventData"":{""Data"":[{""@Name"":""updateTitle"",""#text"":""9N8MHTPHNGVV-Microsoft.Windows.DevHome""},{""@Name"":""updateGuid"",""#text"":""9fdb0c59-6d48-4e86-a387-4cc86b6fb6e4""},{""@Name"":""updateRevisionNumber"",""#text"":""1""}]}}"
139,2984,2025-01-03 21:06:08.6265668,7002,Info,Microsoft-Windows-Winlogon,System,720,1460,WinDev2401Eval,1,S-1-5-18,User logoff,,,UserSID: S-1-5-21-1837475949-2032650698-3025450431-1000,,,,,,,False,C:\Users\Inferno\Desktop\al_evtx\al_System.evtx,0x2000200000000000,0,"{""EventData"":{""Data"":[{""@Name"":""TSId"",""#text"":""1""},{""@Name"":""UserSid"",""#text"":""S-1-5-21-1837475949-2032650698-3025450431-1000""}]}}"
140,2985,2025-01-03 21:06:09.6748630,6006,Info,EventLog,System,1604,10528,WinDev2401Eval,1,,The Event log service was stopped,,,Computer: WinDev2401Eval,,,,,,,False,C:\Users\Inferno\Desktop\al_evtx\al_System.evtx,0x80000000000000,0,"{""EventData"":{""Data"":"""",""Binary"":""01-00-00-00-00-00-00-00""}}"
141,2986,2025-01-03 21:06:09.6723023,50104,Info,Microsoft-Windows-Dhcp-Client,System,1624,1628,WinDev2401Eval,1,S-1-5-19,,,,,,,,,,,False,C:\Users\Inferno\Desktop\al_evtx\al_System.evtx,0x2000000000000000,0,"{""EventData"":""""}"
142,2987,2025-01-03 21:06:09.6723986,50105,Info,Microsoft-Windows-Dhcp-Client,System,1624,1780,WinDev2401Eval,1,S-1-5-19,,,,,,,,,,,False,C:\Users\Inferno\Desktop\al_evtx\al_System.evtx,0x2000000000000000,0,"{""EventData"":""""}"
143,2988,2025-01-03 21:06:09.6792934,51047,Info,Microsoft-Windows-DHCPv6-Client,System,1624,1872,WinDev2401Eval,1,S-1-5-19,,,,,,,,,,,False,C:\Users\Inferno\Desktop\al_evtx\al_System.evtx,0x2000000000000000,0,"{""EventData"":{""Data"":{""@Name"":""DwordVal"",""#text"":""1""}}}"
144,2989,2025-01-03 21:06:09.6792944,51057,Info,Microsoft-Windows-DHCPv6-Client,System,1624,1872,WinDev2401Eval,1,S-1-5-19,,,,,,,,,,,False,C:\Users\Inferno\Desktop\al_evtx\al_System.evtx,0x2000000000000000,0,"{""EventData"":{""Data"":{""@Name"":""DwordVal"",""#text"":""1""}}}"
145,2990,2025-01-03 21:06:09.6929116,50106,Info,Microsoft-Windows-Dhcp-Client,System,1624,1780,WinDev2401Eval,1,S-1-5-19,,,,,,,,,,,False,C:\Users\Inferno\Desktop\al_evtx\al_System.evtx,0x2000000000000000,0,"{""EventData"":""""}"
146,2991,2025-01-03 21:06:09.6929146,50037,Info,Microsoft-Windows-Dhcp-Client,System,1624,1780,WinDev2401Eval,1,S-1-5-19,,,,,,,,,,,False,C:\Users\Inferno\Desktop\al_evtx\al_System.evtx,0x2000000000000000,0,"{""EventData"":{""Data"":{""@Name"":""DwordVal"",""#text"":""1""}}}"
147,2992,2025-01-03 21:06:21.0765352,6009,Info,EventLog,System,1600,1716,WinDev2401Eval,1,,,,,,,,,,,,False,C:\Users\Inferno\Desktop\al_evtx\al_System.evtx,0x80000000000000,0,"{""EventData"":{""Data"":""10.00., 22621, Multiprocessor Free, 0"",""Binary"":""""}}"
148,2993,2025-01-03 21:06:21.0773272,6005,Info,EventLog,System,1600,1716,WinDev2401Eval,1,,The Event log service was started,,,Computer: WinDev2401Eval,,,,,,,False,C:\Users\Inferno\Desktop\al_evtx\al_System.evtx,0x80000000000000,0,"{""EventData"":{""Data"":"""",""Binary"":""E9-07-01-00-05-00-03-00-15-00-06-00-15-00-43-00-00-00-00-00-00-00-00-00""}}"
149,2994,2025-01-03 21:06:11.7030120,109,Info,Microsoft-Windows-Kernel-Power,System,668,672,WinDev2401Eval,1,,,,,,,,,,,,False,C:\Users\Inferno\Desktop\al_evtx\al_System.evtx,0x8000400000000404,0,"{""EventData"":{""Data"":[{""@Name"":""ShutdownActionType"",""#text"":""5""},{""@Name"":""ShutdownEventCode"",""#text"":""0""},{""@Name"":""ShutdownReason"",""#text"":""5""}]}}"
150,2995,2025-01-03 21:06:12.2433217,577,Info,Microsoft-Windows-Kernel-Power,System,4,3504,WinDev2401Eval,1,,,,,,,,,,,,False,C:\Users\Inferno\Desktop\al_evtx\al_System.evtx,0x8000000000000004,0,"{""EventData"":{""Data"":[{""@Name"":""AdaptiveTargetState"",""#text"":""0""},{""@Name"":""IsUnattended"",""#text"":""False""},{""@Name"":""Status"",""#text"":""279""}]}}"
151,2996,2025-01-03 21:06:21.0790069,6013,Info,EventLog,System,1600,1716,WinDev2401Eval,1,,System uptime,,,The system uptime is 5 seconds,TimeZone: 60,,,,,,False,C:\Users\Inferno\Desktop\al_evtx\al_System.evtx,0x80000000000000,0,"{""EventData"":{""Data"":""5, 60"",""Binary"":""31-00-2E-00-31-00-00-00-30-00-00-00-57-00-69-00-6E-00-64-00-6F-00-77-00-73-00-20-00-31-00-30-00-20-00-45-00-6E-00-74-00-65-00-72-00-70-00-72-00-69-00-73-00-65-00-20-00-45-00-76-00-61-00-6C-00-75-00-61-00-74-00-69-00-6F-00-6E-00-00-00-31-00-30-00-2E-00-30-00-2E-00-32-00-32-00-36-00-32-00-31-00-20-00-42-00-75-00-69-00-6C-00-64-00-20-00-32-00-32-00-36-00-32-00-31-00-20-00-20-00-00-00-4D-00-75-00-6C-00-74-00-69-00-70-00-72-00-6F-00-63-00-65-00-73-00-73-00-6F-00-72-00-20-00-46-00-72-00-65-00-65-00-00-00-32-00-32-00-36-00-32-00-31-00-2E-00-6E-00-69-00-5F-00-72-00-65-00-6C-00-65-00-61-00-73-00-65-00-2E-00-32-00-32-00-30-00-35-00-30-00-36-00-2D-00-31-00-32-00-35-00-30-00-00-00-36-00-35-00-65-00-38-00-32-00-35-00-65-00-36-00-00-00-4E-00-6F-00-74-00-20-00-41-00-76-00-61-00-69-00-6C-00-61-00-62-00-6C-00-65-00-00-00-4E-00-6F-00-74-00-20-00-41-00-76-00-61-00-69-00-6C-00-61-00-62-00-6C-00-65-00-00-00-39-00-00-00-34-00-00-00-38-00-31-00-37-00-36-00-00-00-34-00-30-00-39-00-00-00-57-00-69-00-6E-00-44-00-65-00-76-00-32-00-34-00-30-00-31-00-45-00-76-00-61-00-6C-00-00-00-00-00""}}"
152,2997,2025-01-03 21:06:12.3318346,13,Info,Microsoft-Windows-Kernel-General,System,4,3504,WinDev2401Eval,1,,OS was shutdown,,,StopTime: 2025-01-03 21:06:12.3318324,"BootMode: ",,,,,,False,C:\Users\Inferno\Desktop\al_evtx\al_System.evtx,State,0,"{""EventData"":{""Data"":{""@Name"":""StopTime"",""#text"":""2025-01-03 21:06:12.3318324""}}}"
153,2998,2025-01-03 21:06:15.6634848,12,Info,Microsoft-Windows-Kernel-General,System,4,8,WinDev2401Eval,1,S-1-5-18,OS was started,,,StartTime: 2025-01-03 21:06:15.5000000,BootMode: Normal boot,,,,,,False,C:\Users\Inferno\Desktop\al_evtx\al_System.evtx,State,0,"{""EventData"":{""Data"":[{""@Name"":""MajorVersion"",""#text"":""10""},{""@Name"":""MinorVersion"",""#text"":""0""},{""@Name"":""BuildVersion"",""#text"":""22621""},{""@Name"":""QfeVersion"",""#text"":""3733""},{""@Name"":""ServiceVersion"",""#text"":""0""},{""@Name"":""BootMode"",""#text"":""0""},{""@Name"":""StartTime"",""#text"":""2025-01-03 21:06:15.5000000""}]}}"
154,2999,2025-01-03 21:06:15.6636186,156,Warning,Microsoft-Windows-Kernel-Boot,System,4,8,WinDev2401Eval,1,S-1-5-18,,,,,,,,,,,False,C:\Users\Inferno\Desktop\al_evtx\al_System.evtx,Classic,0,"{""EventData"":{""Data"":[{""@Name"":""Status"",""#text"":""3221225659""},{""@Name"":""EnableDisableReason"",""#text"":""6""},{""@Name"":""VsmPolicy"",""#text"":""515""}]}}"
155,3000,2025-01-03 21:06:15.6637283,20,Info,Microsoft-Windows-Kernel-Boot,System,4,8,WinDev2401Eval,1,S-1-5-18,,,,,,,,,,,False,C:\Users\Inferno\Desktop\al_evtx\al_System.evtx,Classic,0,"{""EventData"":{""Data"":[{""@Name"":""LastShutdownGood"",""#text"":""True""},{""@Name"":""LastBootGood"",""#text"":""True""},{""@Name"":""LastBootId"",""#text"":""20""},{""@Name"":""BootStatusPolicy"",""#text"":""2""}]}}"
156,3001,2025-01-03 21:06:15.6637393,59,Error,Microsoft-Windows-Hyper-V-Hypervisor,System,4,8,WinDev2401Eval,1,S-1-5-18,,,,,,,,,,,False,C:\Users\Inferno\Desktop\al_evtx\al_System.evtx,0x8000400000000000,0,"{""EventData"":""""}"
157,3002,2025-01-03 21:06:15.6637580,238,Info,Microsoft-Windows-Kernel-Boot,System,4,8,WinDev2401Eval,1,S-1-5-18,,,,,,,,,,,False,C:\Users\Inferno\Desktop\al_evtx\al_System.evtx,Classic,0,"{""EventData"":{""Data"":[{""@Name"":""EfiTimeZoneBias"",""#text"":""2047""},{""@Name"":""EfiDaylightFlags"",""#text"":""0""},{""@Name"":""EfiTime"",""#text"":""2025-01-03 13:06:15.0000000""}]}}"
158,3003,2025-01-03 21:06:15.6637585,124,Error,Microsoft-Windows-Kernel-Boot,System,4,8,WinDev2401Eval,1,S-1-5-18,,,,,,,,,,,False,C:\Users\Inferno\Desktop\al_evtx\al_System.evtx,0x8000480000000000,0,"{""EventData"":{""Data"":[{""@Name"":""Phase"",""#text"":""0""},{""@Name"":""Status"",""#text"":""3221225659""}]}}"
159,3004,2025-01-03 21:06:15.6637588,25,Info,Microsoft-Windows-Kernel-Boot,System,4,8,WinDev2401Eval,1,S-1-5-18,,,,,,,,,,,False,C:\Users\Inferno\Desktop\al_evtx\al_System.evtx,Classic,0,"{""EventData"":{""Data"":{""@Name"":""BootMenuPolicy"",""#text"":""1""}}}"
160,3005,2025-01-03 21:06:15.6637590,27,Info,Microsoft-Windows-Kernel-Boot,System,4,8,WinDev2401Eval,1,S-1-5-18,,,,,,,,,,,False,C:\Users\Inferno\Desktop\al_evtx\al_System.evtx,Classic,0,"{""EventData"":{""Data"":[{""@Name"":""BootType"",""#text"":""0""},{""@Name"":""LoadOptions"",""#text"":"" NOEXECUTE=OPTIN  HYPERVISORLAUNCHTYPE=AUTO  FVEBOOT=2674688  NOVGA""}]}}"
161,3006,2025-01-03 21:06:15.6637980,18,Info,Microsoft-Windows-Kernel-Boot,System,4,8,WinDev2401Eval,1,S-1-5-18,,,,,,,,,,,False,C:\Users\Inferno\Desktop\al_evtx\al_System.evtx,Classic,0,"{""EventData"":{""Data"":{""@Name"":""EntryCount"",""#text"":""1""}}}"
162,3007,2025-01-03 21:06:15.6638101,32,Info,Microsoft-Windows-Kernel-Boot,System,4,8,WinDev2401Eval,1,S-1-5-18,,,,,,,,,,,False,C:\Users\Inferno\Desktop\al_evtx\al_System.evtx,Classic,0,"{""EventData"":{""Data"":{""@Name"":""BitlockerUserInputTime"",""#text"":""0""}}}"
163,3008,2025-01-03 21:06:15.6650837,20,Info,Microsoft-Windows-Kernel-General,System,4,8,WinDev2401Eval,1,S-1-5-18,,,,,,,,,,,False,C:\Users\Inferno\Desktop\al_evtx\al_System.evtx,Time,0,"{""EventData"":{""Data"":[{""@Name"":""UpdateReason"",""#text"":""0""},{""@Name"":""EnabledNew"",""#text"":""True""},{""@Name"":""CountNew"",""#text"":""0""},{""@Name"":""CountOld"",""#text"":""0""}]}}"
164,3009,2025-01-03 21:06:15.7064213,16,Info,Microsoft-Windows-HAL,System,4,8,WinDev2401Eval,1,S-1-5-18,,,,,,,,,,,False,C:\Users\Inferno\Desktop\al_evtx\al_System.evtx,Classic,0,"{""EventData"":""""}"
165,3010,2025-01-03 21:06:16.7307151,6,Info,Microsoft-Windows-FilterManager,System,4,8,WinDev2401Eval,1,S-1-5-18,,,,,,,,,,,False,C:\Users\Inferno\Desktop\al_evtx\al_System.evtx,Classic,0,"{""EventData"":{""Data"":[{""@Name"":""FinalStatus"",""#text"":""0x0""},{""@Name"":""DeviceVersionMajor"",""#text"":""10""},{""@Name"":""DeviceVersionMinor"",""#text"":""0""},{""@Name"":""DeviceNameLength"",""#text"":""8""},{""@Name"":""DeviceName"",""#text"":""FileInfo""},{""@Name"":""DeviceTime"",""#text"":""2079-02-26 14:03:00.0000000""}]}}"
166,3011,2025-01-03 21:06:16.7309427,6,Info,Microsoft-Windows-FilterManager,System,4,8,WinDev2401Eval,1,S-1-5-18,,,,,,,,,,,False,C:\Users\Inferno\Desktop\al_evtx\al_System.evtx,Classic,0,"{""EventData"":{""Data"":[{""@Name"":""FinalStatus"",""#text"":""0x0""},{""@Name"":""DeviceVersionMajor"",""#text"":""10""},{""@Name"":""DeviceVersionMinor"",""#text"":""0""},{""@Name"":""DeviceNameLength"",""#text"":""3""},{""@Name"":""DeviceName"",""#text"":""Wof""},{""@Name"":""DeviceTime"",""#text"":""2086-08-04 03:20:16.0000000""}]}}"
167,3012,2025-01-03 21:06:16.7312993,6,Info,Microsoft-Windows-FilterManager,System,4,8,WinDev2401Eval,1,S-1-5-18,,,,,,,,,,,False,C:\Users\Inferno\Desktop\al_evtx\al_System.evtx,Classic,0,"{""EventData"":{""Data"":[{""@Name"":""FinalStatus"",""#text"":""0x0""},{""@Name"":""DeviceVersionMajor"",""#text"":""10""},{""@Name"":""DeviceVersionMinor"",""#text"":""0""},{""@Name"":""DeviceNameLength"",""#text"":""8""},{""@Name"":""DeviceName"",""#text"":""WdFilter""},{""@Name"":""DeviceTime"",""#text"":""2055-04-20 12:48:29.0000000""}]}}"
168,3013,2025-01-03 21:06:17.4970291,98,Info,Microsoft-Windows-Ntfs,System,4,124,WinDev2401Eval,1,S-1-5-18,,,,,,,,,,,False,C:\Users\Inferno\Desktop\al_evtx\al_System.evtx,0x8000000000000002,0,"{""EventData"":{""Data"":[{""@Name"":""DriveName"",""#text"":""C:""},{""@Name"":""DeviceName"",""#text"":""\\Device\\HarddiskVolume4""},{""@Name"":""CorruptionActionState"",""#text"":""0""}]}}"
169,3014,2025-01-03 21:06:17.5331456,6,Info,Microsoft-Windows-FilterManager,System,4,8,WinDev2401Eval,1,S-1-5-18,,,,,,,,,,,False,C:\Users\Inferno\Desktop\al_evtx\al_System.evtx,Classic,0,"{""EventData"":{""Data"":[{""@Name"":""FinalStatus"",""#text"":""0x0""},{""@Name"":""DeviceVersionMajor"",""#text"":""10""},{""@Name"":""DeviceVersionMinor"",""#text"":""0""},{""@Name"":""DeviceNameLength"",""#text"":""9""},{""@Name"":""DeviceName"",""#text"":""FileCrypt""},{""@Name"":""DeviceTime"",""#text"":""1983-08-18 18:58:35.0000000""}]}}"
