280,21222,2025-01-03 21:04:32.4991580,5379,LogAlways,Microsoft-Windows-Security-Auditing,Security,816,7356,WinDev2401Eval,3,,Credential Manager credentials were read,WINDEV2401EVAL$,,SID: S-1-5-18,Domain: WORKGROUP,LogonID: 0x3E7,CountOfCredentialsReturned: 0,,ActivityID: a4c17575-5e65-0001-2e76-c1a4655edb01,MicrosoftAccount:user=02mrmaiylzkexzqu,False,C:\Users\Inferno\Desktop\al_evtx\al_Security.evtx,Audit success,0,"{""EventData"":{""Data"":[{""@Name"":""SubjectUserSid"",""#text"":""S-1-5-18""},{""@Name"":""SubjectUserName"",""#text"":""WINDEV2401EVAL$""},{""@Name"":""SubjectDomainName"",""#text"":""WORKGROUP""},{""@Name"":""SubjectLogonId"",""#text"":""0x3E7""},{""@Name"":""TargetName"",""#text"":""MicrosoftAccount:user=02mrmaiylzkexzqu""},{""@Name"":""Type"",""#text"":""0""},{""@Name"":""CountOfCredentialsReturned"",""#text"":""0""},{""@Name"":""ReadOperation"",""#text"":""%%8100""},{""@Name"":""ReturnCode"",""#text"":""3221226021""},{""@Name"":""ProcessCreationTime"",""#text"":""2025-01-03 21:01:09.2871779""},{""@Name"":""ClientProcessId"",""#text"":""4752""}]}}"
281,21223,2025-01-03 21:04:32.4991942,5379,LogAlways,Microsoft-Windows-Security-Auditing,Security,816,7356,WinDev2401Eval,3,,Credential Manager credentials were read,WINDEV2401EVAL$,,SID: S-1-5-18,Domain: WORKGROUP,LogonID: 0x3E7,CountOfCredentialsReturned: 0,,ActivityID: a4c17575-5e65-0001-2e76-c1a4655edb01,MicrosoftAccount:user=02mrmaiylzkexzqu,False,C:\Users\Inferno\Desktop\al_evtx\al_Security.evtx,Audit success,0,"{""EventData"":{""Data"":[{""@Name"":""SubjectUserSid"",""#text"":""S-1-5-18""},{""@Name"":""SubjectUserName"",""#text"":""WINDEV2401EVAL$""},{""@Name"":""SubjectDomainName"",""#text"":""WORKGROUP""},{""@Name"":""SubjectLogonId"",""#text"":""0x3E7""},{""@Name"":""TargetName"",""#text"":""MicrosoftAccount:user=02mrmaiylzkexzqu""},{""@Name"":""Type"",""#text"":""0""},{""@Name"":""CountOfCredentialsReturned"",""#text"":""0""},{""@Name"":""ReadOperation"",""#text"":""%%8100""},{""@Name"":""ReturnCode"",""#text"":""3221226021""},{""@Name"":""ProcessCreationTime"",""#text"":""2025-01-03 21:01:09.2871779""},{""@Name"":""ClientProcessId"",""#text"":""4752""}]}}"
282,21224,2025-01-03 21:04:32.7150900,4624,LogAlways,Microsoft-Windows-Security-Auditing,Security,816,7356,WinDev2401Eval,3,,Successful logon,WORKGROUP\WINDEV2401EVAL$,- (-),Target: NT AUTHORITY\SYSTEM,LogonType 5,LogonId: 0x3E7,AuthenticationPackageName: Negotiate,"LogonProcessName: Advapi  ",,C:\Windows\System32\services.exe,False,C:\Users\Inferno\Desktop\al_evtx\al_Security.evtx,Audit success,0,"{""EventData"":{""Data"":[{""@Name"":""SubjectUserSid"",""#text"":""S-1-5-18""},{""@Name"":""SubjectUserName"",""#text"":""WINDEV2401EVAL$""},{""@Name"":""SubjectDomainName"",""#text"":""WORKGROUP""},{""@Name"":""SubjectLogonId"",""#text"":""0x3E7""},{""@Name"":""TargetUserSid"",""#text"":""S-1-5-18""},{""@Name"":""TargetUserName"",""#text"":""SYSTEM""},{""@Name"":""TargetDomainName"",""#text"":""NT AUTHORITY""},{""@Name"":""TargetLogonId"",""#text"":""0x3E7""},{""@Name"":""LogonType"",""#text"":""5""},{""@Name"":""LogonProcessName"",""#text"":""Advapi  ""},{""@Name"":""AuthenticationPackageName"",""#text"":""Negotiate""},{""@Name"":""WorkstationName"",""#text"":""-""},{""@Name"":""LogonGuid"",""#text"":""00000000-0000-0000-0000-000000000000""},{""@Name"":""TransmittedServices"",""#text"":""-""},{""@Name"":""LmPackageName"",""#text"":""-""},{""@Name"":""KeyLength"",""#text"":""0""},{""@Name"":""ProcessId"",""#text"":""0x314""},{""@Name"":""ProcessName"",""#text"":""C:\\Windows\\System32\\services.exe""},{""@Name"":""IpAddress"",""#text"":""-""},{""@Name"":""IpPort"",""#text"":""-""},{""@Name"":""ImpersonationLevel"",""#text"":""%%1833""},{""@Name"":""RestrictedAdminMode"",""#text"":""-""},{""@Name"":""RemoteCredentialGuard"",""#text"":""-""},{""@Name"":""TargetOutboundUserName"",""#text"":""-""},{""@Name"":""TargetOutboundDomainName"",""#text"":""-""},{""@Name"":""VirtualAccount"",""#text"":""%%1843""},{""@Name"":""TargetLinkedLogonId"",""#text"":""0x0""},{""@Name"":""ElevatedToken"",""#text"":""%%1842""}]}}"
283,21225,2025-01-03 21:04:32.7150945,4672,LogAlways,Microsoft-Windows-Security-Auditing,Security,816,7356,WinDev2401Eval,3,,Administrative logon,NT AUTHORITY\SYSTEM (S-1-5-18),,"PrivilegeList: SeAssignPrimaryTokenPrivilege, SeTcbPrivilege, SeSecurityPrivilege, SeTakeOwnershipPrivilege, SeLoadDriverPrivilege, SeBackupPrivilege, SeRestorePrivilege, SeDebugPrivilege, SeAuditPrivilege, SeSystemEnvironmentPrivilege, SeImpersonatePrivilege, SeDelegateSessionUserImpersonatePrivilege",LogonId: 0x3E7,,,,,,False,C:\Users\Inferno\Desktop\al_evtx\al_Security.evtx,Audit success,0,"{""EventData"":{""Data"":[{""@Name"":""SubjectUserSid"",""#text"":""S-1-5-18""},{""@Name"":""SubjectUserName"",""#text"":""SYSTEM""},{""@Name"":""SubjectDomainName"",""#text"":""NT AUTHORITY""},{""@Name"":""SubjectLogonId"",""#text"":""0x3E7""},{""@Name"":""PrivilegeList"",""#text"":""SeAssignPrimaryTokenPrivilege, SeTcbPrivilege, SeSecurityPrivilege, SeTakeOwnershipPrivilege, SeLoadDriverPrivilege, SeBackupPrivilege, SeRestorePrivilege, SeDebugPrivilege, SeAuditPrivilege, SeSystemEnvironmentPrivilege, SeImpersonatePrivilege, SeDelegateSessionUserImpersonatePrivilege""}]}}"
284,21226,2025-01-03 21:04:32.7737363,5379,LogAlways,Microsoft-Windows-Security-Auditing,Security,816,7356,WinDev2401Eval,3,,Credential Manager credentials were read,WINDEV2401EVAL$,,SID: S-1-5-18,Domain: WORKGROUP,LogonID: 0x3E7,CountOfCredentialsReturned: 0,,ActivityID: a4c17575-5e65-0001-2e76-c1a4655edb01,MicrosoftAccount:user=02mrmaiylzkexzqu,False,C:\Users\Inferno\Desktop\al_evtx\al_Security.evtx,Audit success,0,"{""EventData"":{""Data"":[{""@Name"":""SubjectUserSid"",""#text"":""S-1-5-18""},{""@Name"":""SubjectUserName"",""#text"":""WINDEV2401EVAL$""},{""@Name"":""SubjectDomainName"",""#text"":""WORKGROUP""},{""@Name"":""SubjectLogonId"",""#text"":""0x3E7""},{""@Name"":""TargetName"",""#text"":""MicrosoftAccount:user=02mrmaiylzkexzqu""},{""@Name"":""Type"",""#text"":""0""},{""@Name"":""CountOfCredentialsReturned"",""#text"":""0""},{""@Name"":""ReadOperation"",""#text"":""%%8100""},{""@Name"":""ReturnCode"",""#text"":""3221226021""},{""@Name"":""ProcessCreationTime"",""#text"":""2025-01-03 21:01:09.2871779""},{""@Name"":""ClientProcessId"",""#text"":""4752""}]}}"
285,21227,2025-01-03 21:04:32.7741776,5379,LogAlways,Microsoft-Windows-Security-Auditing,Security,816,7356,WinDev2401Eval,3,,Credential Manager credentials were read,WINDEV2401EVAL$,,SID: S-1-5-18,Domain: WORKGROUP,LogonID: 0x3E7,CountOfCredentialsReturned: 0,,ActivityID: a4c17575-5e65-0001-2e76-c1a4655edb01,MicrosoftAccount:user=02mrmaiylzkexzqu,False,C:\Users\Inferno\Desktop\al_evtx\al_Security.evtx,Audit success,0,"{""EventData"":{""Data"":[{""@Name"":""SubjectUserSid"",""#text"":""S-1-5-18""},{""@Name"":""SubjectUserName"",""#text"":""WINDEV2401EVAL$""},{""@Name"":""SubjectDomainName"",""#text"":""WORKGROUP""},{""@Name"":""SubjectLogonId"",""#text"":""0x3E7""},{""@Name"":""TargetName"",""#text"":""MicrosoftAccount:user=02mrmaiylzkexzqu""},{""@Name"":""Type"",""#text"":""0""},{""@Name"":""CountOfCredentialsReturned"",""#text"":""0""},{""@Name"":""ReadOperation"",""#text"":""%%8100""},{""@Name"":""ReturnCode"",""#text"":""3221226021""},{""@Name"":""ProcessCreationTime"",""#text"":""2025-01-03 21:01:09.2871779""},{""@Name"":""ClientProcessId"",""#text"":""4752""}]}}"
286,21228,2025-01-03 21:04:32.7756262,5379,LogAlways,Microsoft-Windows-Security-Auditing,Security,816,7356,WinDev2401Eval,3,,Credential Manager credentials were read,WINDEV2401EVAL$,,SID: S-1-5-18,Domain: WORKGROUP,LogonID: 0x3E7,CountOfCredentialsReturned: 0,,ActivityID: a4c17575-5e65-0001-2e76-c1a4655edb01,MicrosoftAccount:user=02mrmaiylzkexzqu,False,C:\Users\Inferno\Desktop\al_evtx\al_Security.evtx,Audit success,0,"{""EventData"":{""Data"":[{""@Name"":""SubjectUserSid"",""#text"":""S-1-5-18""},{""@Name"":""SubjectUserName"",""#text"":""WINDEV2401EVAL$""},{""@Name"":""SubjectDomainName"",""#text"":""WORKGROUP""},{""@Name"":""SubjectLogonId"",""#text"":""0x3E7""},{""@Name"":""TargetName"",""#text"":""MicrosoftAccount:user=02mrmaiylzkexzqu""},{""@Name"":""Type"",""#text"":""0""},{""@Name"":""CountOfCredentialsReturned"",""#text"":""0""},{""@Name"":""ReadOperation"",""#text"":""%%8100""},{""@Name"":""ReturnCode"",""#text"":""3221226021""},{""@Name"":""ProcessCreationTime"",""#text"":""2025-01-03 21:01:09.2871779""},{""@Name"":""ClientProcessId"",""#text"":""4752""}]}}"
287,21229,2025-01-03 21:04:32.7756576,5379,LogAlways,Microsoft-Windows-Security-Auditing,Security,816,7356,WinDev2401Eval,3,,Credential Manager credentials were read,WINDEV2401EVAL$,,SID: S-1-5-18,Domain: WORKGROUP,LogonID: 0x3E7,CountOfCredentialsReturned: 0,,ActivityID: a4c17575-5e65-0001-2e76-c1a4655edb01,MicrosoftAccount:user=02mrmaiylzkexzqu,False,C:\Users\Inferno\Desktop\al_evtx\al_Security.evtx,Audit success,0,"{""EventData"":{""Data"":[{""@Name"":""SubjectUserSid"",""#text"":""S-1-5-18""},{""@Name"":""SubjectUserName"",""#text"":""WINDEV2401EVAL$""},{""@Name"":""SubjectDomainName"",""#text"":""WORKGROUP""},{""@Name"":""SubjectLogonId"",""#text"":""0x3E7""},{""@Name"":""TargetName"",""#text"":""MicrosoftAccount:user=02mrmaiylzkexzqu""},{""@Name"":""Type"",""#text"":""0""},{""@Name"":""CountOfCredentialsReturned"",""#text"":""0""},{""@Name"":""ReadOperation"",""#text"":""%%8100""},{""@Name"":""ReturnCode"",""#text"":""3221226021""},{""@Name"":""ProcessCreationTime"",""#text"":""2025-01-03 21:01:09.2871779""},{""@Name"":""ClientProcessId"",""#text"":""4752""}]}}"
288,21230,2025-01-03 21:04:32.7795290,4624,LogAlways,Microsoft-Windows-Security-Auditing,Security,816,7356,WinDev2401Eval,3,,Successful logon,WORKGROUP\WINDEV2401EVAL$,- (-),Target: NT AUTHORITY\SYSTEM,LogonType 5,LogonId: 0x3E7,AuthenticationPackageName: Negotiate,"LogonProcessName: Advapi  ",,C:\Windows\System32\services.exe,False,C:\Users\Inferno\Desktop\al_evtx\al_Security.evtx,Audit success,0,"{""EventData"":{""Data"":[{""@Name"":""SubjectUserSid"",""#text"":""S-1-5-18""},{""@Name"":""SubjectUserName"",""#text"":""WINDEV2401EVAL$""},{""@Name"":""SubjectDomainName"",""#text"":""WORKGROUP""},{""@Name"":""SubjectLogonId"",""#text"":""0x3E7""},{""@Name"":""TargetUserSid"",""#text"":""S-1-5-18""},{""@Name"":""TargetUserName"",""#text"":""SYSTEM""},{""@Name"":""TargetDomainName"",""#text"":""NT AUTHORITY""},{""@Name"":""TargetLogonId"",""#text"":""0x3E7""},{""@Name"":""LogonType"",""#text"":""5""},{""@Name"":""LogonProcessName"",""#text"":""Advapi  ""},{""@Name"":""AuthenticationPackageName"",""#text"":""Negotiate""},{""@Name"":""WorkstationName"",""#text"":""-""},{""@Name"":""LogonGuid"",""#text"":""00000000-0000-0000-0000-000000000000""},{""@Name"":""TransmittedServices"",""#text"":""-""},{""@Name"":""LmPackageName"",""#text"":""-""},{""@Name"":""KeyLength"",""#text"":""0""},{""@Name"":""ProcessId"",""#text"":""0x314""},{""@Name"":""ProcessName"",""#text"":""C:\\Windows\\System32\\services.exe""},{""@Name"":""IpAddress"",""#text"":""-""},{""@Name"":""IpPort"",""#text"":""-""},{""@Name"":""ImpersonationLevel"",""#text"":""%%1833""},{""@Name"":""RestrictedAdminMode"",""#text"":""-""},{""@Name"":""RemoteCredentialGuard"",""#text"":""-""},{""@Name"":""TargetOutboundUserName"",""#text"":""-""},{""@Name"":""TargetOutboundDomainName"",""#text"":""-""},{""@Name"":""VirtualAccount"",""#text"":""%%1843""},{""@Name"":""TargetLinkedLogonId"",""#text"":""0x0""},{""@Name"":""ElevatedToken"",""#text"":""%%1842""}]}}"
289,21231,2025-01-03 21:04:32.7795333,4672,LogAlways,Microsoft-Windows-Security-Auditing,Security,816,7356,WinDev2401Eval,3,,Administrative logon,NT AUTHORITY\SYSTEM (S-1-5-18),,"PrivilegeList: SeAssignPrimaryTokenPrivilege, SeTcbPrivilege, SeSecurityPrivilege, SeTakeOwnershipPrivilege, SeLoadDriverPrivilege, SeBackupPrivilege, SeRestorePrivilege, SeDebugPrivilege, SeAuditPrivilege, SeSystemEnvironmentPrivilege, SeImpersonatePrivilege, SeDelegateSessionUserImpersonatePrivilege",LogonId: 0x3E7,,,,,,False,C:\Users\Inferno\Desktop\al_evtx\al_Security.evtx,Audit success,0,"{""EventData"":{""Data"":[{""@Name"":""SubjectUserSid"",""#text"":""S-1-5-18""},{""@Name"":""SubjectUserName"",""#text"":""SYSTEM""},{""@Name"":""SubjectDomainName"",""#text"":""NT AUTHORITY""},{""@Name"":""SubjectLogonId"",""#text"":""0x3E7""},{""@Name"":""PrivilegeList"",""#text"":""SeAssignPrimaryTokenPrivilege, SeTcbPrivilege, SeSecurityPrivilege, SeTakeOwnershipPrivilege, SeLoadDriverPrivilege, SeBackupPrivilege, SeRestorePrivilege, SeDebugPrivilege, SeAuditPrivilege, SeSystemEnvironmentPrivilege, SeImpersonatePrivilege, SeDelegateSessionUserImpersonatePrivilege""}]}}"
290,21232,2025-01-03 21:04:32.8525354,5382,LogAlways,Microsoft-Windows-Security-Auditing,Security,816,864,WinDev2401Eval,3,,,,,,,,,,,,False,C:\Users\Inferno\Desktop\al_evtx\al_Security.evtx,Audit success,0,"{""EventData"":{""Data"":[{""@Name"":""SubjectUserSid"",""#text"":""S-1-5-18""},{""@Name"":""SubjectUserName"",""#text"":""WINDEV2401EVAL$""},{""@Name"":""SubjectDomainName"",""#text"":""WORKGROUP""},{""@Name"":""SubjectLogonId"",""#text"":""0x3E7""},{""@Name"":""SchemaFriendlyName"",""#text"":""NGC Local Accoount Logon Vault Resource Schema""},{""@Name"":""Schema"",""#text"":""1d4350a3-330d-4af9-b3ff-a927a45998ac""},{""@Name"":""Resource"",""#text"":""NGC Local Accoount Logon Vault Resource""},{""@Name"":""Identity"",""#text"":""0105000000000005150000006DA8856DCAC92779BFB554B4E8030000""},{""@Name"":""PackageSid""},{""@Name"":""Flags"",""#text"":""0""},{""@Name"":""ReturnCode"",""#text"":""1168""},{""@Name"":""ProcessCreationTime"",""#text"":""2025-01-03 21:04:32.7801872""},{""@Name"":""ClientProcessId"",""#text"":""2936""}]}}"
291,21233,2025-01-03 21:04:33.0934286,5379,LogAlways,Microsoft-Windows-Security-Auditing,Security,816,864,WinDev2401Eval,3,,Credential Manager credentials were read,WINDEV2401EVAL$,,SID: S-1-5-18,Domain: WORKGROUP,LogonID: 0x3E7,CountOfCredentialsReturned: 0,,ActivityID: a4c17575-5e65-0001-2e76-c1a4655edb01,MicrosoftAccount:user=02mrmaiylzkexzqu,False,C:\Users\Inferno\Desktop\al_evtx\al_Security.evtx,Audit success,0,"{""EventData"":{""Data"":[{""@Name"":""SubjectUserSid"",""#text"":""S-1-5-18""},{""@Name"":""SubjectUserName"",""#text"":""WINDEV2401EVAL$""},{""@Name"":""SubjectDomainName"",""#text"":""WORKGROUP""},{""@Name"":""SubjectLogonId"",""#text"":""0x3E7""},{""@Name"":""TargetName"",""#text"":""MicrosoftAccount:user=02mrmaiylzkexzqu""},{""@Name"":""Type"",""#text"":""0""},{""@Name"":""CountOfCredentialsReturned"",""#text"":""0""},{""@Name"":""ReadOperation"",""#text"":""%%8100""},{""@Name"":""ReturnCode"",""#text"":""3221226021""},{""@Name"":""ProcessCreationTime"",""#text"":""2025-01-03 21:01:09.2871779""},{""@Name"":""ClientProcessId"",""#text"":""4752""}]}}"
292,21234,2025-01-03 21:04:33.0937735,5379,LogAlways,Microsoft-Windows-Security-Auditing,Security,816,864,WinDev2401Eval,3,,Credential Manager credentials were read,WINDEV2401EVAL$,,SID: S-1-5-18,Domain: WORKGROUP,LogonID: 0x3E7,CountOfCredentialsReturned: 0,,ActivityID: a4c17575-5e65-0001-2e76-c1a4655edb01,MicrosoftAccount:user=02mrmaiylzkexzqu,False,C:\Users\Inferno\Desktop\al_evtx\al_Security.evtx,Audit success,0,"{""EventData"":{""Data"":[{""@Name"":""SubjectUserSid"",""#text"":""S-1-5-18""},{""@Name"":""SubjectUserName"",""#text"":""WINDEV2401EVAL$""},{""@Name"":""SubjectDomainName"",""#text"":""WORKGROUP""},{""@Name"":""SubjectLogonId"",""#text"":""0x3E7""},{""@Name"":""TargetName"",""#text"":""MicrosoftAccount:user=02mrmaiylzkexzqu""},{""@Name"":""Type"",""#text"":""0""},{""@Name"":""CountOfCredentialsReturned"",""#text"":""0""},{""@Name"":""ReadOperation"",""#text"":""%%8100""},{""@Name"":""ReturnCode"",""#text"":""3221226021""},{""@Name"":""ProcessCreationTime"",""#text"":""2025-01-03 21:01:09.2871779""},{""@Name"":""ClientProcessId"",""#text"":""4752""}]}}"
293,21235,2025-01-03 21:04:33.0960617,5379,LogAlways,Microsoft-Windows-Security-Auditing,Security,816,864,WinDev2401Eval,3,,Credential Manager credentials were read,WINDEV2401EVAL$,,SID: S-1-5-18,Domain: WORKGROUP,LogonID: 0x3E7,CountOfCredentialsReturned: 0,,ActivityID: a4c17575-5e65-0001-2e76-c1a4655edb01,MicrosoftAccount:user=02mrmaiylzkexzqu,False,C:\Users\Inferno\Desktop\al_evtx\al_Security.evtx,Audit success,0,"{""EventData"":{""Data"":[{""@Name"":""SubjectUserSid"",""#text"":""S-1-5-18""},{""@Name"":""SubjectUserName"",""#text"":""WINDEV2401EVAL$""},{""@Name"":""SubjectDomainName"",""#text"":""WORKGROUP""},{""@Name"":""SubjectLogonId"",""#text"":""0x3E7""},{""@Name"":""TargetName"",""#text"":""MicrosoftAccount:user=02mrmaiylzkexzqu""},{""@Name"":""Type"",""#text"":""0""},{""@Name"":""CountOfCredentialsReturned"",""#text"":""0""},{""@Name"":""ReadOperation"",""#text"":""%%8100""},{""@Name"":""ReturnCode"",""#text"":""3221226021""},{""@Name"":""ProcessCreationTime"",""#text"":""2025-01-03 21:01:09.2871779""},{""@Name"":""ClientProcessId"",""#text"":""4752""}]}}"
294,21236,2025-01-03 21:04:33.0960967,5379,LogAlways,Microsoft-Windows-Security-Auditing,Security,816,864,WinDev2401Eval,3,,Credential Manager credentials were read,WINDEV2401EVAL$,,SID: S-1-5-18,Domain: WORKGROUP,LogonID: 0x3E7,CountOfCredentialsReturned: 0,,ActivityID: a4c17575-5e65-0001-2e76-c1a4655edb01,MicrosoftAccount:user=02mrmaiylzkexzqu,False,C:\Users\Inferno\Desktop\al_evtx\al_Security.evtx,Audit success,0,"{""EventData"":{""Data"":[{""@Name"":""SubjectUserSid"",""#text"":""S-1-5-18""},{""@Name"":""SubjectUserName"",""#text"":""WINDEV2401EVAL$""},{""@Name"":""SubjectDomainName"",""#text"":""WORKGROUP""},{""@Name"":""SubjectLogonId"",""#text"":""0x3E7""},{""@Name"":""TargetName"",""#text"":""MicrosoftAccount:user=02mrmaiylzkexzqu""},{""@Name"":""Type"",""#text"":""0""},{""@Name"":""CountOfCredentialsReturned"",""#text"":""0""},{""@Name"":""ReadOperation"",""#text"":""%%8100""},{""@Name"":""ReturnCode"",""#text"":""3221226021""},{""@Name"":""ProcessCreationTime"",""#text"":""2025-01-03 21:01:09.2871779""},{""@Name"":""ClientProcessId"",""#text"":""4752""}]}}"
295,21237,2025-01-03 21:04:34.3093571,5379,LogAlways,Microsoft-Windows-Security-Auditing,Security,816,864,WinDev2401Eval,3,,Credential Manager credentials were read,User,,SID: S-1-5-21-1837475949-2032650698-3025450431-1000,Domain: WINDEV2401EVAL,LogonID: 0x65DD3,CountOfCredentialsReturned: 0,,ActivityID: a4c17575-5e65-0001-2e76-c1a4655edb01,MicrosoftAccount:user=02mykdeddnabzzqv,False,C:\Users\Inferno\Desktop\al_evtx\al_Security.evtx,Audit success,0,"{""EventData"":{""Data"":[{""@Name"":""SubjectUserSid"",""#text"":""S-1-5-21-1837475949-2032650698-3025450431-1000""},{""@Name"":""SubjectUserName"",""#text"":""User""},{""@Name"":""SubjectDomainName"",""#text"":""WINDEV2401EVAL""},{""@Name"":""SubjectLogonId"",""#text"":""0x65DD3""},{""@Name"":""TargetName"",""#text"":""MicrosoftAccount:user=02mykdeddnabzzqv""},{""@Name"":""Type"",""#text"":""0""},{""@Name"":""CountOfCredentialsReturned"",""#text"":""0""},{""@Name"":""ReadOperation"",""#text"":""%%8100""},{""@Name"":""ReturnCode"",""#text"":""3221226021""},{""@Name"":""ProcessCreationTime"",""#text"":""2025-01-03 21:01:09.2871779""},{""@Name"":""ClientProcessId"",""#text"":""4752""}]}}"
296,21238,2025-01-03 21:04:34.3093946,5379,LogAlways,Microsoft-Windows-Security-Auditing,Security,816,864,WinDev2401Eval,3,,Credential Manager credentials were read,User,,SID: S-1-5-21-1837475949-2032650698-3025450431-1000,Domain: WINDEV2401EVAL,LogonID: 0x65DD3,CountOfCredentialsReturned: 0,,ActivityID: a4c17575-5e65-0001-2e76-c1a4655edb01,WindowsLive:(token):name=02mykdeddnabzzqv;serviceuri=*,False,C:\Users\Inferno\Desktop\al_evtx\al_Security.evtx,Audit success,0,"{""EventData"":{""Data"":[{""@Name"":""SubjectUserSid"",""#text"":""S-1-5-21-1837475949-2032650698-3025450431-1000""},{""@Name"":""SubjectUserName"",""#text"":""User""},{""@Name"":""SubjectDomainName"",""#text"":""WINDEV2401EVAL""},{""@Name"":""SubjectLogonId"",""#text"":""0x65DD3""},{""@Name"":""TargetName"",""#text"":""WindowsLive:(token):name=02mykdeddnabzzqv;serviceuri=*""},{""@Name"":""Type"",""#text"":""0""},{""@Name"":""CountOfCredentialsReturned"",""#text"":""0""},{""@Name"":""ReadOperation"",""#text"":""%%8100""},{""@Name"":""ReturnCode"",""#text"":""3221226021""},{""@Name"":""ProcessCreationTime"",""#text"":""2025-01-03 21:01:09.2871779""},{""@Name"":""ClientProcessId"",""#text"":""4752""}]}}"
297,21239,2025-01-03 21:04:34.3096395,5379,LogAlways,Microsoft-Windows-Security-Auditing,Security,816,864,WinDev2401Eval,3,,Credential Manager credentials were read,User,,SID: S-1-5-21-1837475949-2032650698-3025450431-1000,Domain: WINDEV2401EVAL,LogonID: 0x65DD3,CountOfCredentialsReturned: 0,,ActivityID: a4c17575-5e65-0001-2e76-c1a4655edb01,WindowsLive:(cert):name=02mykdeddnabzzqv;serviceuri=*,False,C:\Users\Inferno\Desktop\al_evtx\al_Security.evtx,Audit success,0,"{""EventData"":{""Data"":[{""@Name"":""SubjectUserSid"",""#text"":""S-1-5-21-1837475949-2032650698-3025450431-1000""},{""@Name"":""SubjectUserName"",""#text"":""User""},{""@Name"":""SubjectDomainName"",""#text"":""WINDEV2401EVAL""},{""@Name"":""SubjectLogonId"",""#text"":""0x65DD3""},{""@Name"":""TargetName"",""#text"":""WindowsLive:(cert):name=02mykdeddnabzzqv;serviceuri=*""},{""@Name"":""Type"",""#text"":""0""},{""@Name"":""CountOfCredentialsReturned"",""#text"":""0""},{""@Name"":""ReadOperation"",""#text"":""%%8100""},{""@Name"":""ReturnCode"",""#text"":""3221226021""},{""@Name"":""ProcessCreationTime"",""#text"":""2025-01-03 21:01:09.2871779""},{""@Name"":""ClientProcessId"",""#text"":""4752""}]}}"
298,21240,2025-01-03 21:04:34.7663758,5379,LogAlways,Microsoft-Windows-Security-Auditing,Security,816,7356,WinDev2401Eval,3,,Credential Manager credentials were read,User,,SID: S-1-5-21-1837475949-2032650698-3025450431-1000,Domain: WINDEV2401EVAL,LogonID: 0x65DD3,CountOfCredentialsReturned: 0,,ActivityID: a4c17575-5e65-0001-2e76-c1a4655edb01,MicrosoftAccount:user=02mykdeddnabzzqv,False,C:\Users\Inferno\Desktop\al_evtx\al_Security.evtx,Audit success,0,"{""EventData"":{""Data"":[{""@Name"":""SubjectUserSid"",""#text"":""S-1-5-21-1837475949-2032650698-3025450431-1000""},{""@Name"":""SubjectUserName"",""#text"":""User""},{""@Name"":""SubjectDomainName"",""#text"":""WINDEV2401EVAL""},{""@Name"":""SubjectLogonId"",""#text"":""0x65DD3""},{""@Name"":""TargetName"",""#text"":""MicrosoftAccount:user=02mykdeddnabzzqv""},{""@Name"":""Type"",""#text"":""0""},{""@Name"":""CountOfCredentialsReturned"",""#text"":""0""},{""@Name"":""ReadOperation"",""#text"":""%%8100""},{""@Name"":""ReturnCode"",""#text"":""3221226021""},{""@Name"":""ProcessCreationTime"",""#text"":""2025-01-03 21:01:09.2871779""},{""@Name"":""ClientProcessId"",""#text"":""4752""}]}}"
299,21241,2025-01-03 21:04:34.7698592,5379,LogAlways,Microsoft-Windows-Security-Auditing,Security,816,7356,WinDev2401Eval,3,,Credential Manager credentials were read,User,,SID: S-1-5-21-1837475949-2032650698-3025450431-1000,Domain: WINDEV2401EVAL,LogonID: 0x65DD3,CountOfCredentialsReturned: 0,,ActivityID: a4c17575-5e65-0001-2e76-c1a4655edb01,MicrosoftAccount:user=02mykdeddnabzzqv,False,C:\Users\Inferno\Desktop\al_evtx\al_Security.evtx,Audit success,0,"{""EventData"":{""Data"":[{""@Name"":""SubjectUserSid"",""#text"":""S-1-5-21-1837475949-2032650698-3025450431-1000""},{""@Name"":""SubjectUserName"",""#text"":""User""},{""@Name"":""SubjectDomainName"",""#text"":""WINDEV2401EVAL""},{""@Name"":""SubjectLogonId"",""#text"":""0x65DD3""},{""@Name"":""TargetName"",""#text"":""MicrosoftAccount:user=02mykdeddnabzzqv""},{""@Name"":""Type"",""#text"":""0""},{""@Name"":""CountOfCredentialsReturned"",""#text"":""0""},{""@Name"":""ReadOperation"",""#text"":""%%8100""},{""@Name"":""ReturnCode"",""#text"":""3221226021""},{""@Name"":""ProcessCreationTime"",""#text"":""2025-01-03 21:01:09.2871779""},{""@Name"":""ClientProcessId"",""#text"":""4752""}]}}"
300,21242,2025-01-03 21:04:34.7710226,5379,LogAlways,Microsoft-Windows-Security-Auditing,Security,816,7356,WinDev2401Eval,3,,Credential Manager credentials were read,User,,SID: S-1-5-21-1837475949-2032650698-3025450431-1000,Domain: WINDEV2401EVAL,LogonID: 0x65DD3,CountOfCredentialsReturned: 0,,ActivityID: a4c17575-5e65-0001-2e76-c1a4655edb01,MicrosoftAccount:user=02mykdeddnabzzqv,False,C:\Users\Inferno\Desktop\al_evtx\al_Security.evtx,Audit success,0,"{""EventData"":{""Data"":[{""@Name"":""SubjectUserSid"",""#text"":""S-1-5-21-1837475949-2032650698-3025450431-1000""},{""@Name"":""SubjectUserName"",""#text"":""User""},{""@Name"":""SubjectDomainName"",""#text"":""WINDEV2401EVAL""},{""@Name"":""SubjectLogonId"",""#text"":""0x65DD3""},{""@Name"":""TargetName"",""#text"":""MicrosoftAccount:user=02mykdeddnabzzqv""},{""@Name"":""Type"",""#text"":""0""},{""@Name"":""CountOfCredentialsReturned"",""#text"":""0""},{""@Name"":""ReadOperation"",""#text"":""%%8100""},{""@Name"":""ReturnCode"",""#text"":""3221226021""},{""@Name"":""ProcessCreationTime"",""#text"":""2025-01-03 21:01:09.2871779""},{""@Name"":""ClientProcessId"",""#text"":""4752""}]}}"
301,21243,2025-01-03 21:04:34.7710529,5379,LogAlways,Microsoft-Windows-Security-Auditing,Security,816,7356,WinDev2401Eval,3,,Credential Manager credentials were read,User,,SID: S-1-5-21-1837475949-2032650698-3025450431-1000,Domain: WINDEV2401EVAL,LogonID: 0x65DD3,CountOfCredentialsReturned: 0,,ActivityID: a4c17575-5e65-0001-2e76-c1a4655edb01,MicrosoftAccount:user=02mykdeddnabzzqv,False,C:\Users\Inferno\Desktop\al_evtx\al_Security.evtx,Audit success,0,"{""EventData"":{""Data"":[{""@Name"":""SubjectUserSid"",""#text"":""S-1-5-21-1837475949-2032650698-3025450431-1000""},{""@Name"":""SubjectUserName"",""#text"":""User""},{""@Name"":""SubjectDomainName"",""#text"":""WINDEV2401EVAL""},{""@Name"":""SubjectLogonId"",""#text"":""0x65DD3""},{""@Name"":""TargetName"",""#text"":""MicrosoftAccount:user=02mykdeddnabzzqv""},{""@Name"":""Type"",""#text"":""0""},{""@Name"":""CountOfCredentialsReturned"",""#text"":""0""},{""@Name"":""ReadOperation"",""#text"":""%%8100""},{""@Name"":""ReturnCode"",""#text"":""3221226021""},{""@Name"":""ProcessCreationTime"",""#text"":""2025-01-03 21:01:09.2871779""},{""@Name"":""ClientProcessId"",""#text"":""4752""}]}}"
302,21244,2025-01-03 21:04:35.0549213,4624,LogAlways,Microsoft-Windows-Security-Auditing,Security,816,864,WinDev2401Eval,3,,Successful logon,WORKGROUP\WINDEV2401EVAL$,- (-),Target: NT AUTHORITY\SYSTEM,LogonType 5,LogonId: 0x3E7,AuthenticationPackageName: Negotiate,"LogonProcessName: Advapi  ",,C:\Windows\System32\services.exe,False,C:\Users\Inferno\Desktop\al_evtx\al_Security.evtx,Audit success,0,"{""EventData"":{""Data"":[{""@Name"":""SubjectUserSid"",""#text"":""S-1-5-18""},{""@Name"":""SubjectUserName"",""#text"":""WINDEV2401EVAL$""},{""@Name"":""SubjectDomainName"",""#text"":""WORKGROUP""},{""@Name"":""SubjectLogonId"",""#text"":""0x3E7""},{""@Name"":""TargetUserSid"",""#text"":""S-1-5-18""},{""@Name"":""TargetUserName"",""#text"":""SYSTEM""},{""@Name"":""TargetDomainName"",""#text"":""NT AUTHORITY""},{""@Name"":""TargetLogonId"",""#text"":""0x3E7""},{""@Name"":""LogonType"",""#text"":""5""},{""@Name"":""LogonProcessName"",""#text"":""Advapi  ""},{""@Name"":""AuthenticationPackageName"",""#text"":""Negotiate""},{""@Name"":""WorkstationName"",""#text"":""-""},{""@Name"":""LogonGuid"",""#text"":""00000000-0000-0000-0000-000000000000""},{""@Name"":""TransmittedServices"",""#text"":""-""},{""@Name"":""LmPackageName"",""#text"":""-""},{""@Name"":""KeyLength"",""#text"":""0""},{""@Name"":""ProcessId"",""#text"":""0x314""},{""@Name"":""ProcessName"",""#text"":""C:\\Windows\\System32\\services.exe""},{""@Name"":""IpAddress"",""#text"":""-""},{""@Name"":""IpPort"",""#text"":""-""},{""@Name"":""ImpersonationLevel"",""#text"":""%%1833""},{""@Name"":""RestrictedAdminMode"",""#text"":""-""},{""@Name"":""RemoteCredentialGuard"",""#text"":""-""},{""@Name"":""TargetOutboundUserName"",""#text"":""-""},{""@Name"":""TargetOutboundDomainName"",""#text"":""-""},{""@Name"":""VirtualAccount"",""#text"":""%%1843""},{""@Name"":""TargetLinkedLogonId"",""#text"":""0x0""},{""@Name"":""ElevatedToken"",""#text"":""%%1842""}]}}"
303,21245,2025-01-03 21:04:35.0549266,4672,LogAlways,Microsoft-Windows-Security-Auditing,Security,816,864,WinDev2401Eval,3,,Administrative logon,NT AUTHORITY\SYSTEM (S-1-5-18),,"PrivilegeList: SeAssignPrimaryTokenPrivilege, SeTcbPrivilege, SeSecurityPrivilege, SeTakeOwnershipPrivilege, SeLoadDriverPrivilege, SeBackupPrivilege, SeRestorePrivilege, SeDebugPrivilege, SeAuditPrivilege, SeSystemEnvironmentPrivilege, SeImpersonatePrivilege, SeDelegateSessionUserImpersonatePrivilege",LogonId: 0x3E7,,,,,,False,C:\Users\Inferno\Desktop\al_evtx\al_Security.evtx,Audit success,0,"{""EventData"":{""Data"":[{""@Name"":""SubjectUserSid"",""#text"":""S-1-5-18""},{""@Name"":""SubjectUserName"",""#text"":""SYSTEM""},{""@Name"":""SubjectDomainName"",""#text"":""NT AUTHORITY""},{""@Name"":""SubjectLogonId"",""#text"":""0x3E7""},{""@Name"":""PrivilegeList"",""#text"":""SeAssignPrimaryTokenPrivilege, SeTcbPrivilege, SeSecurityPrivilege, SeTakeOwnershipPrivilege, SeLoadDriverPrivilege, SeBackupPrivilege, SeRestorePrivilege, SeDebugPrivilege, SeAuditPrivilege, SeSystemEnvironmentPrivilege, SeImpersonatePrivilege, SeDelegateSessionUserImpersonatePrivilege""}]}}"
304,21246,2025-01-03 21:04:35.0561682,4624,LogAlways,Microsoft-Windows-Security-Auditing,Security,816,864,WinDev2401Eval,3,,Successful logon,WORKGROUP\WINDEV2401EVAL$,- (-),Target: NT AUTHORITY\SYSTEM,LogonType 5,LogonId: 0x3E7,AuthenticationPackageName: Negotiate,"LogonProcessName: Advapi  ",,C:\Windows\System32\services.exe,False,C:\Users\Inferno\Desktop\al_evtx\al_Security.evtx,Audit success,0,"{""EventData"":{""Data"":[{""@Name"":""SubjectUserSid"",""#text"":""S-1-5-18""},{""@Name"":""SubjectUserName"",""#text"":""WINDEV2401EVAL$""},{""@Name"":""SubjectDomainName"",""#text"":""WORKGROUP""},{""@Name"":""SubjectLogonId"",""#text"":""0x3E7""},{""@Name"":""TargetUserSid"",""#text"":""S-1-5-18""},{""@Name"":""TargetUserName"",""#text"":""SYSTEM""},{""@Name"":""TargetDomainName"",""#text"":""NT AUTHORITY""},{""@Name"":""TargetLogonId"",""#text"":""0x3E7""},{""@Name"":""LogonType"",""#text"":""5""},{""@Name"":""LogonProcessName"",""#text"":""Advapi  ""},{""@Name"":""AuthenticationPackageName"",""#text"":""Negotiate""},{""@Name"":""WorkstationName"",""#text"":""-""},{""@Name"":""LogonGuid"",""#text"":""00000000-0000-0000-0000-000000000000""},{""@Name"":""TransmittedServices"",""#text"":""-""},{""@Name"":""LmPackageName"",""#text"":""-""},{""@Name"":""KeyLength"",""#text"":""0""},{""@Name"":""ProcessId"",""#text"":""0x314""},{""@Name"":""ProcessName"",""#text"":""C:\\Windows\\System32\\services.exe""},{""@Name"":""IpAddress"",""#text"":""-""},{""@Name"":""IpPort"",""#text"":""-""},{""@Name"":""ImpersonationLevel"",""#text"":""%%1833""},{""@Name"":""RestrictedAdminMode"",""#text"":""-""},{""@Name"":""RemoteCredentialGuard"",""#text"":""-""},{""@Name"":""TargetOutboundUserName"",""#text"":""-""},{""@Name"":""TargetOutboundDomainName"",""#text"":""-""},{""@Name"":""VirtualAccount"",""#text"":""%%1843""},{""@Name"":""TargetLinkedLogonId"",""#text"":""0x0""},{""@Name"":""ElevatedToken"",""#text"":""%%1842""}]}}"
305,21247,2025-01-03 21:04:35.0561716,4672,LogAlways,Microsoft-Windows-Security-Auditing,Security,816,864,WinDev2401Eval,3,,Administrative logon,NT AUTHORITY\SYSTEM (S-1-5-18),,"PrivilegeList: SeAssignPrimaryTokenPrivilege, SeTcbPrivilege, SeSecurityPrivilege, SeTakeOwnershipPrivilege, SeLoadDriverPrivilege, SeBackupPrivilege, SeRestorePrivilege, SeDebugPrivilege, SeAuditPrivilege, SeSystemEnvironmentPrivilege, SeImpersonatePrivilege, SeDelegateSessionUserImpersonatePrivilege",LogonId: 0x3E7,,,,,,False,C:\Users\Inferno\Desktop\al_evtx\al_Security.evtx,Audit success,0,"{""EventData"":{""Data"":[{""@Name"":""SubjectUserSid"",""#text"":""S-1-5-18""},{""@Name"":""SubjectUserName"",""#text"":""SYSTEM""},{""@Name"":""SubjectDomainName"",""#text"":""NT AUTHORITY""},{""@Name"":""SubjectLogonId"",""#text"":""0x3E7""},{""@Name"":""PrivilegeList"",""#text"":""SeAssignPrimaryTokenPrivilege, SeTcbPrivilege, SeSecurityPrivilege, SeTakeOwnershipPrivilege, SeLoadDriverPrivilege, SeBackupPrivilege, SeRestorePrivilege, SeDebugPrivilege, SeAuditPrivilege, SeSystemEnvironmentPrivilege, SeImpersonatePrivilege, SeDelegateSessionUserImpersonatePrivilege""}]}}"
306,21248,2025-01-03 21:04:35.0564806,4624,LogAlways,Microsoft-Windows-Security-Auditing,Security,816,864,WinDev2401Eval,3,,Successful logon,WORKGROUP\WINDEV2401EVAL$,- (-),Target: NT AUTHORITY\SYSTEM,LogonType 5,LogonId: 0x3E7,AuthenticationPackageName: Negotiate,"LogonProcessName: Advapi  ",,C:\Windows\System32\services.exe,False,C:\Users\Inferno\Desktop\al_evtx\al_Security.evtx,Audit success,0,"{""EventData"":{""Data"":[{""@Name"":""SubjectUserSid"",""#text"":""S-1-5-18""},{""@Name"":""SubjectUserName"",""#text"":""WINDEV2401EVAL$""},{""@Name"":""SubjectDomainName"",""#text"":""WORKGROUP""},{""@Name"":""SubjectLogonId"",""#text"":""0x3E7""},{""@Name"":""TargetUserSid"",""#text"":""S-1-5-18""},{""@Name"":""TargetUserName"",""#text"":""SYSTEM""},{""@Name"":""TargetDomainName"",""#text"":""NT AUTHORITY""},{""@Name"":""TargetLogonId"",""#text"":""0x3E7""},{""@Name"":""LogonType"",""#text"":""5""},{""@Name"":""LogonProcessName"",""#text"":""Advapi  ""},{""@Name"":""AuthenticationPackageName"",""#text"":""Negotiate""},{""@Name"":""WorkstationName"",""#text"":""-""},{""@Name"":""LogonGuid"",""#text"":""00000000-0000-0000-0000-000000000000""},{""@Name"":""TransmittedServices"",""#text"":""-""},{""@Name"":""LmPackageName"",""#text"":""-""},{""@Name"":""KeyLength"",""#text"":""0""},{""@Name"":""ProcessId"",""#text"":""0x314""},{""@Name"":""ProcessName"",""#text"":""C:\\Windows\\System32\\services.exe""},{""@Name"":""IpAddress"",""#text"":""-""},{""@Name"":""IpPort"",""#text"":""-""},{""@Name"":""ImpersonationLevel"",""#text"":""%%1833""},{""@Name"":""RestrictedAdminMode"",""#text"":""-""},{""@Name"":""RemoteCredentialGuard"",""#text"":""-""},{""@Name"":""TargetOutboundUserName"",""#text"":""-""},{""@Name"":""TargetOutboundDomainName"",""#text"":""-""},{""@Name"":""VirtualAccount"",""#text"":""%%1843""},{""@Name"":""TargetLinkedLogonId"",""#text"":""0x0""},{""@Name"":""ElevatedToken"",""#text"":""%%1842""}]}}"
307,21249,2025-01-03 21:04:35.0564838,4672,LogAlways,Microsoft-Windows-Security-Auditing,Security,816,864,WinDev2401Eval,3,,Administrative logon,NT AUTHORITY\SYSTEM (S-1-5-18),,"PrivilegeList: SeAssignPrimaryTokenPrivilege, SeTcbPrivilege, SeSecurityPrivilege, SeTakeOwnershipPrivilege, SeLoadDriverPrivilege, SeBackupPrivilege, SeRestorePrivilege, SeDebugPrivilege, SeAuditPrivilege, SeSystemEnvironmentPrivilege, SeImpersonatePrivilege, SeDelegateSessionUserImpersonatePrivilege",LogonId: 0x3E7,,,,,,False,C:\Users\Inferno\Desktop\al_evtx\al_Security.evtx,Audit success,0,"{""EventData"":{""Data"":[{""@Name"":""SubjectUserSid"",""#text"":""S-1-5-18""},{""@Name"":""SubjectUserName"",""#text"":""SYSTEM""},{""@Name"":""SubjectDomainName"",""#text"":""NT AUTHORITY""},{""@Name"":""SubjectLogonId"",""#text"":""0x3E7""},{""@Name"":""PrivilegeList"",""#text"":""SeAssignPrimaryTokenPrivilege, SeTcbPrivilege, SeSecurityPrivilege, SeTakeOwnershipPrivilege, SeLoadDriverPrivilege, SeBackupPrivilege, SeRestorePrivilege, SeDebugPrivilege, SeAuditPrivilege, SeSystemEnvironmentPrivilege, SeImpersonatePrivilege, SeDelegateSessionUserImpersonatePrivilege""}]}}"
308,21250,2025-01-03 21:04:35.0585470,4624,LogAlways,Microsoft-Windows-Security-Auditing,Security,816,864,WinDev2401Eval,3,,Successful logon,WORKGROUP\WINDEV2401EVAL$,- (-),Target: NT AUTHORITY\SYSTEM,LogonType 5,LogonId: 0x3E7,AuthenticationPackageName: Negotiate,"LogonProcessName: Advapi  ",,C:\Windows\System32\services.exe,False,C:\Users\Inferno\Desktop\al_evtx\al_Security.evtx,Audit success,0,"{""EventData"":{""Data"":[{""@Name"":""SubjectUserSid"",""#text"":""S-1-5-18""},{""@Name"":""SubjectUserName"",""#text"":""WINDEV2401EVAL$""},{""@Name"":""SubjectDomainName"",""#text"":""WORKGROUP""},{""@Name"":""SubjectLogonId"",""#text"":""0x3E7""},{""@Name"":""TargetUserSid"",""#text"":""S-1-5-18""},{""@Name"":""TargetUserName"",""#text"":""SYSTEM""},{""@Name"":""TargetDomainName"",""#text"":""NT AUTHORITY""},{""@Name"":""TargetLogonId"",""#text"":""0x3E7""},{""@Name"":""LogonType"",""#text"":""5""},{""@Name"":""LogonProcessName"",""#text"":""Advapi  ""},{""@Name"":""AuthenticationPackageName"",""#text"":""Negotiate""},{""@Name"":""WorkstationName"",""#text"":""-""},{""@Name"":""LogonGuid"",""#text"":""00000000-0000-0000-0000-000000000000""},{""@Name"":""TransmittedServices"",""#text"":""-""},{""@Name"":""LmPackageName"",""#text"":""-""},{""@Name"":""KeyLength"",""#text"":""0""},{""@Name"":""ProcessId"",""#text"":""0x314""},{""@Name"":""ProcessName"",""#text"":""C:\\Windows\\System32\\services.exe""},{""@Name"":""IpAddress"",""#text"":""-""},{""@Name"":""IpPort"",""#text"":""-""},{""@Name"":""ImpersonationLevel"",""#text"":""%%1833""},{""@Name"":""RestrictedAdminMode"",""#text"":""-""},{""@Name"":""RemoteCredentialGuard"",""#text"":""-""},{""@Name"":""TargetOutboundUserName"",""#text"":""-""},{""@Name"":""TargetOutboundDomainName"",""#text"":""-""},{""@Name"":""VirtualAccount"",""#text"":""%%1843""},{""@Name"":""TargetLinkedLogonId"",""#text"":""0x0""},{""@Name"":""ElevatedToken"",""#text"":""%%1842""}]}}"
309,21251,2025-01-03 21:04:35.0585504,4672,LogAlways,Microsoft-Windows-Security-Auditing,Security,816,864,WinDev2401Eval,3,,Administrative logon,NT AUTHORITY\SYSTEM (S-1-5-18),,"PrivilegeList: SeAssignPrimaryTokenPrivilege, SeTcbPrivilege, SeSecurityPrivilege, SeTakeOwnershipPrivilege, SeLoadDriverPrivilege, SeBackupPrivilege, SeRestorePrivilege, SeDebugPrivilege, SeAuditPrivilege, SeSystemEnvironmentPrivilege, SeImpersonatePrivilege, SeDelegateSessionUserImpersonatePrivilege",LogonId: 0x3E7,,,,,,False,C:\Users\Inferno\Desktop\al_evtx\al_Security.evtx,Audit success,0,"{""EventData"":{""Data"":[{""@Name"":""SubjectUserSid"",""#text"":""S-1-5-18""},{""@Name"":""SubjectUserName"",""#text"":""SYSTEM""},{""@Name"":""SubjectDomainName"",""#text"":""NT AUTHORITY""},{""@Name"":""SubjectLogonId"",""#text"":""0x3E7""},{""@Name"":""PrivilegeList"",""#text"":""SeAssignPrimaryTokenPrivilege, SeTcbPrivilege, SeSecurityPrivilege, SeTakeOwnershipPrivilege, SeLoadDriverPrivilege, SeBackupPrivilege, SeRestorePrivilege, SeDebugPrivilege, SeAuditPrivilege, SeSystemEnvironmentPrivilege, SeImpersonatePrivilege, SeDelegateSessionUserImpersonatePrivilege""}]}}"
310,21252,2025-01-03 21:04:35.0591485,4624,LogAlways,Microsoft-Windows-Security-Auditing,Security,816,864,WinDev2401Eval,3,,Successful logon,WORKGROUP\WINDEV2401EVAL$,- (-),Target: NT AUTHORITY\SYSTEM,LogonType 5,LogonId: 0x3E7,AuthenticationPackageName: Negotiate,"LogonProcessName: Advapi  ",,C:\Windows\System32\services.exe,False,C:\Users\Inferno\Desktop\al_evtx\al_Security.evtx,Audit success,0,"{""EventData"":{""Data"":[{""@Name"":""SubjectUserSid"",""#text"":""S-1-5-18""},{""@Name"":""SubjectUserName"",""#text"":""WINDEV2401EVAL$""},{""@Name"":""SubjectDomainName"",""#text"":""WORKGROUP""},{""@Name"":""SubjectLogonId"",""#text"":""0x3E7""},{""@Name"":""TargetUserSid"",""#text"":""S-1-5-18""},{""@Name"":""TargetUserName"",""#text"":""SYSTEM""},{""@Name"":""TargetDomainName"",""#text"":""NT AUTHORITY""},{""@Name"":""TargetLogonId"",""#text"":""0x3E7""},{""@Name"":""LogonType"",""#text"":""5""},{""@Name"":""LogonProcessName"",""#text"":""Advapi  ""},{""@Name"":""AuthenticationPackageName"",""#text"":""Negotiate""},{""@Name"":""WorkstationName"",""#text"":""-""},{""@Name"":""LogonGuid"",""#text"":""00000000-0000-0000-0000-000000000000""},{""@Name"":""TransmittedServices"",""#text"":""-""},{""@Name"":""LmPackageName"",""#text"":""-""},{""@Name"":""KeyLength"",""#text"":""0""},{""@Name"":""ProcessId"",""#text"":""0x314""},{""@Name"":""ProcessName"",""#text"":""C:\\Windows\\System32\\services.exe""},{""@Name"":""IpAddress"",""#text"":""-""},{""@Name"":""IpPort"",""#text"":""-""},{""@Name"":""ImpersonationLevel"",""#text"":""%%1833""},{""@Name"":""RestrictedAdminMode"",""#text"":""-""},{""@Name"":""RemoteCredentialGuard"",""#text"":""-""},{""@Name"":""TargetOutboundUserName"",""#text"":""-""},{""@Name"":""TargetOutboundDomainName"",""#text"":""-""},{""@Name"":""VirtualAccount"",""#text"":""%%1843""},{""@Name"":""TargetLinkedLogonId"",""#text"":""0x0""},{""@Name"":""ElevatedToken"",""#text"":""%%1842""}]}}"
311,21253,2025-01-03 21:04:35.0591518,4672,LogAlways,Microsoft-Windows-Security-Auditing,Security,816,864,WinDev2401Eval,3,,Administrative logon,NT AUTHORITY\SYSTEM (S-1-5-18),,"PrivilegeList: SeAssignPrimaryTokenPrivilege, SeTcbPrivilege, SeSecurityPrivilege, SeTakeOwnershipPrivilege, SeLoadDriverPrivilege, SeBackupPrivilege, SeRestorePrivilege, SeDebugPrivilege, SeAuditPrivilege, SeSystemEnvironmentPrivilege, SeImpersonatePrivilege, SeDelegateSessionUserImpersonatePrivilege",LogonId: 0x3E7,,,,,,False,C:\Users\Inferno\Desktop\al_evtx\al_Security.evtx,Audit success,0,"{""EventData"":{""Data"":[{""@Name"":""SubjectUserSid"",""#text"":""S-1-5-18""},{""@Name"":""SubjectUserName"",""#text"":""SYSTEM""},{""@Name"":""SubjectDomainName"",""#text"":""NT AUTHORITY""},{""@Name"":""SubjectLogonId"",""#text"":""0x3E7""},{""@Name"":""PrivilegeList"",""#text"":""SeAssignPrimaryTokenPrivilege, SeTcbPrivilege, SeSecurityPrivilege, SeTakeOwnershipPrivilege, SeLoadDriverPrivilege, SeBackupPrivilege, SeRestorePrivilege, SeDebugPrivilege, SeAuditPrivilege, SeSystemEnvironmentPrivilege, SeImpersonatePrivilege, SeDelegateSessionUserImpersonatePrivilege""}]}}"
312,21254,2025-01-03 21:04:35.0610452,4624,LogAlways,Microsoft-Windows-Security-Auditing,Security,816,864,WinDev2401Eval,3,,Successful logon,WORKGROUP\WINDEV2401EVAL$,- (-),Target: NT AUTHORITY\SYSTEM,LogonType 5,LogonId: 0x3E7,AuthenticationPackageName: Negotiate,"LogonProcessName: Advapi  ",,C:\Windows\System32\services.exe,False,C:\Users\Inferno\Desktop\al_evtx\al_Security.evtx,Audit success,0,"{""EventData"":{""Data"":[{""@Name"":""SubjectUserSid"",""#text"":""S-1-5-18""},{""@Name"":""SubjectUserName"",""#text"":""WINDEV2401EVAL$""},{""@Name"":""SubjectDomainName"",""#text"":""WORKGROUP""},{""@Name"":""SubjectLogonId"",""#text"":""0x3E7""},{""@Name"":""TargetUserSid"",""#text"":""S-1-5-18""},{""@Name"":""TargetUserName"",""#text"":""SYSTEM""},{""@Name"":""TargetDomainName"",""#text"":""NT AUTHORITY""},{""@Name"":""TargetLogonId"",""#text"":""0x3E7""},{""@Name"":""LogonType"",""#text"":""5""},{""@Name"":""LogonProcessName"",""#text"":""Advapi  ""},{""@Name"":""AuthenticationPackageName"",""#text"":""Negotiate""},{""@Name"":""WorkstationName"",""#text"":""-""},{""@Name"":""LogonGuid"",""#text"":""00000000-0000-0000-0000-000000000000""},{""@Name"":""TransmittedServices"",""#text"":""-""},{""@Name"":""LmPackageName"",""#text"":""-""},{""@Name"":""KeyLength"",""#text"":""0""},{""@Name"":""ProcessId"",""#text"":""0x314""},{""@Name"":""ProcessName"",""#text"":""C:\\Windows\\System32\\services.exe""},{""@Name"":""IpAddress"",""#text"":""-""},{""@Name"":""IpPort"",""#text"":""-""},{""@Name"":""ImpersonationLevel"",""#text"":""%%1833""},{""@Name"":""RestrictedAdminMode"",""#text"":""-""},{""@Name"":""RemoteCredentialGuard"",""#text"":""-""},{""@Name"":""TargetOutboundUserName"",""#text"":""-""},{""@Name"":""TargetOutboundDomainName"",""#text"":""-""},{""@Name"":""VirtualAccount"",""#text"":""%%1843""},{""@Name"":""TargetLinkedLogonId"",""#text"":""0x0""},{""@Name"":""ElevatedToken"",""#text"":""%%1842""}]}}"
313,21255,2025-01-03 21:04:35.0610526,4672,LogAlways,Microsoft-Windows-Security-Auditing,Security,816,864,WinDev2401Eval,3,,Administrative logon,NT AUTHORITY\SYSTEM (S-1-5-18),,"PrivilegeList: SeAssignPrimaryTokenPrivilege, SeTcbPrivilege, SeSecurityPrivilege, SeTakeOwnershipPrivilege, SeLoadDriverPrivilege, SeBackupPrivilege, SeRestorePrivilege, SeDebugPrivilege, SeAuditPrivilege, SeSystemEnvironmentPrivilege, SeImpersonatePrivilege, SeDelegateSessionUserImpersonatePrivilege",LogonId: 0x3E7,,,,,,False,C:\Users\Inferno\Desktop\al_evtx\al_Security.evtx,Audit success,0,"{""EventData"":{""Data"":[{""@Name"":""SubjectUserSid"",""#text"":""S-1-5-18""},{""@Name"":""SubjectUserName"",""#text"":""SYSTEM""},{""@Name"":""SubjectDomainName"",""#text"":""NT AUTHORITY""},{""@Name"":""SubjectLogonId"",""#text"":""0x3E7""},{""@Name"":""PrivilegeList"",""#text"":""SeAssignPrimaryTokenPrivilege, SeTcbPrivilege, SeSecurityPrivilege, SeTakeOwnershipPrivilege, SeLoadDriverPrivilege, SeBackupPrivilege, SeRestorePrivilege, SeDebugPrivilege, SeAuditPrivilege, SeSystemEnvironmentPrivilege, SeImpersonatePrivilege, SeDelegateSessionUserImpersonatePrivilege""}]}}"
314,21256,2025-01-03 21:04:35.2070854,4624,LogAlways,Microsoft-Windows-Security-Auditing,Security,816,7356,WinDev2401Eval,3,,Successful logon,WORKGROUP\WINDEV2401EVAL$,- (-),Target: NT AUTHORITY\SYSTEM,LogonType 5,LogonId: 0x3E7,AuthenticationPackageName: Negotiate,"LogonProcessName: Advapi  ",,C:\Windows\System32\services.exe,False,C:\Users\Inferno\Desktop\al_evtx\al_Security.evtx,Audit success,0,"{""EventData"":{""Data"":[{""@Name"":""SubjectUserSid"",""#text"":""S-1-5-18""},{""@Name"":""SubjectUserName"",""#text"":""WINDEV2401EVAL$""},{""@Name"":""SubjectDomainName"",""#text"":""WORKGROUP""},{""@Name"":""SubjectLogonId"",""#text"":""0x3E7""},{""@Name"":""TargetUserSid"",""#text"":""S-1-5-18""},{""@Name"":""TargetUserName"",""#text"":""SYSTEM""},{""@Name"":""TargetDomainName"",""#text"":""NT AUTHORITY""},{""@Name"":""TargetLogonId"",""#text"":""0x3E7""},{""@Name"":""LogonType"",""#text"":""5""},{""@Name"":""LogonProcessName"",""#text"":""Advapi  ""},{""@Name"":""AuthenticationPackageName"",""#text"":""Negotiate""},{""@Name"":""WorkstationName"",""#text"":""-""},{""@Name"":""LogonGuid"",""#text"":""00000000-0000-0000-0000-000000000000""},{""@Name"":""TransmittedServices"",""#text"":""-""},{""@Name"":""LmPackageName"",""#text"":""-""},{""@Name"":""KeyLength"",""#text"":""0""},{""@Name"":""ProcessId"",""#text"":""0x314""},{""@Name"":""ProcessName"",""#text"":""C:\\Windows\\System32\\services.exe""},{""@Name"":""IpAddress"",""#text"":""-""},{""@Name"":""IpPort"",""#text"":""-""},{""@Name"":""ImpersonationLevel"",""#text"":""%%1833""},{""@Name"":""RestrictedAdminMode"",""#text"":""-""},{""@Name"":""RemoteCredentialGuard"",""#text"":""-""},{""@Name"":""TargetOutboundUserName"",""#text"":""-""},{""@Name"":""TargetOutboundDomainName"",""#text"":""-""},{""@Name"":""VirtualAccount"",""#text"":""%%1843""},{""@Name"":""TargetLinkedLogonId"",""#text"":""0x0""},{""@Name"":""ElevatedToken"",""#text"":""%%1842""}]}}"
315,21257,2025-01-03 21:04:35.2070899,4672,LogAlways,Microsoft-Windows-Security-Auditing,Security,816,7356,WinDev2401Eval,3,,Administrative logon,NT AUTHORITY\SYSTEM (S-1-5-18),,"PrivilegeList: SeAssignPrimaryTokenPrivilege, SeTcbPrivilege, SeSecurityPrivilege, SeTakeOwnershipPrivilege, SeLoadDriverPrivilege, SeBackupPrivilege, SeRestorePrivilege, SeDebugPrivilege, SeAuditPrivilege, SeSystemEnvironmentPrivilege, SeImpersonatePrivilege, SeDelegateSessionUserImpersonatePrivilege",LogonId: 0x3E7,,,,,,False,C:\Users\Inferno\Desktop\al_evtx\al_Security.evtx,Audit success,0,"{""EventData"":{""Data"":[{""@Name"":""SubjectUserSid"",""#text"":""S-1-5-18""},{""@Name"":""SubjectUserName"",""#text"":""SYSTEM""},{""@Name"":""SubjectDomainName"",""#text"":""NT AUTHORITY""},{""@Name"":""SubjectLogonId"",""#text"":""0x3E7""},{""@Name"":""PrivilegeList"",""#text"":""SeAssignPrimaryTokenPrivilege, SeTcbPrivilege, SeSecurityPrivilege, SeTakeOwnershipPrivilege, SeLoadDriverPrivilege, SeBackupPrivilege, SeRestorePrivilege, SeDebugPrivilege, SeAuditPrivilege, SeSystemEnvironmentPrivilege, SeImpersonatePrivilege, SeDelegateSessionUserImpersonatePrivilege""}]}}"
316,21258,2025-01-03 21:04:35.7258702,4624,LogAlways,Microsoft-Windows-Security-Auditing,Security,816,864,WinDev2401Eval,3,,Successful logon,WORKGROUP\WINDEV2401EVAL$,- (-),Target: NT AUTHORITY\SYSTEM,LogonType 5,LogonId: 0x3E7,AuthenticationPackageName: Negotiate,"LogonProcessName: Advapi  ",,C:\Windows\System32\services.exe,False,C:\Users\Inferno\Desktop\al_evtx\al_Security.evtx,Audit success,0,"{""EventData"":{""Data"":[{""@Name"":""SubjectUserSid"",""#text"":""S-1-5-18""},{""@Name"":""SubjectUserName"",""#text"":""WINDEV2401EVAL$""},{""@Name"":""SubjectDomainName"",""#text"":""WORKGROUP""},{""@Name"":""SubjectLogonId"",""#text"":""0x3E7""},{""@Name"":""TargetUserSid"",""#text"":""S-1-5-18""},{""@Name"":""TargetUserName"",""#text"":""SYSTEM""},{""@Name"":""TargetDomainName"",""#text"":""NT AUTHORITY""},{""@Name"":""TargetLogonId"",""#text"":""0x3E7""},{""@Name"":""LogonType"",""#text"":""5""},{""@Name"":""LogonProcessName"",""#text"":""Advapi  ""},{""@Name"":""AuthenticationPackageName"",""#text"":""Negotiate""},{""@Name"":""WorkstationName"",""#text"":""-""},{""@Name"":""LogonGuid"",""#text"":""00000000-0000-0000-0000-000000000000""},{""@Name"":""TransmittedServices"",""#text"":""-""},{""@Name"":""LmPackageName"",""#text"":""-""},{""@Name"":""KeyLength"",""#text"":""0""},{""@Name"":""ProcessId"",""#text"":""0x314""},{""@Name"":""ProcessName"",""#text"":""C:\\Windows\\System32\\services.exe""},{""@Name"":""IpAddress"",""#text"":""-""},{""@Name"":""IpPort"",""#text"":""-""},{""@Name"":""ImpersonationLevel"",""#text"":""%%1833""},{""@Name"":""RestrictedAdminMode"",""#text"":""-""},{""@Name"":""RemoteCredentialGuard"",""#text"":""-""},{""@Name"":""TargetOutboundUserName"",""#text"":""-""},{""@Name"":""TargetOutboundDomainName"",""#text"":""-""},{""@Name"":""VirtualAccount"",""#text"":""%%1843""},{""@Name"":""TargetLinkedLogonId"",""#text"":""0x0""},{""@Name"":""ElevatedToken"",""#text"":""%%1842""}]}}"
