113,21055,2025-01-03 21:01:25.0792248,5379,LogAlways,Microsoft-Windows-Security-Auditing,Security,816,864,WinDev2401Eval,1,,Credential Manager credentials were read,WINDEV2401EVAL$,,SID: S-1-5-18,Domain: WORKGROUP,LogonID: 0x3E7,CountOfCredentialsReturned: 0,,ActivityID: a4c17575-5e65-0001-2e76-c1a4655edb01,WindowsLive:(cert):name=02mrmaiylzkexzqu;serviceuri=*,False,C:\Users\Inferno\Desktop\al_evtx\al_Security.evtx,Audit success,0,"{""EventData"":{""Data"":[{""@Name"":""SubjectUserSid"",""#text"":""S-1-5-18""},{""@Name"":""SubjectUserName"",""#text"":""WINDEV2401EVAL$""},{""@Name"":""SubjectDomainName"",""#text"":""WORKGROUP""},{""@Name"":""SubjectLogonId"",""#text"":""0x3E7""},{""@Name"":""TargetName"",""#text"":""WindowsLive:(cert):name=02mrmaiylzkexzqu;serviceuri=*""},{""@Name"":""Type"",""#text"":""0""},{""@Name"":""CountOfCredentialsReturned"",""#text"":""0""},{""@Name"":""ReadOperation"",""#text"":""%%8100""},{""@Name"":""ReturnCode"",""#text"":""3221226021""},{""@Name"":""ProcessCreationTime"",""#text"":""2025-01-03 21:01:09.2871779""},{""@Name"":""ClientProcessId"",""#text"":""4752""}]}}"
114,21056,2025-01-03 21:01:25.1455871,5379,LogAlways,Microsoft-Windows-Security-Auditing,Security,816,864,WinDev2401Eval,1,,Credential Manager credentials were read,WINDEV2401EVAL$,,SID: S-1-5-18,Domain: WORKGROUP,LogonID: 0x3E7,CountOfCredentialsReturned: 0,,ActivityID: a4c17575-5e65-0001-2e76-c1a4655edb01,MicrosoftAccount:user=02mrmaiylzkexzqu,False,C:\Users\Inferno\Desktop\al_evtx\al_Security.evtx,Audit success,0,"{""EventData"":{""Data"":[{""@Name"":""SubjectUserSid"",""#text"":""S-1-5-18""},{""@Name"":""SubjectUserName"",""#text"":""WINDEV2401EVAL$""},{""@Name"":""SubjectDomainName"",""#text"":""WORKGROUP""},{""@Name"":""SubjectLogonId"",""#text"":""0x3E7""},{""@Name"":""TargetName"",""#text"":""MicrosoftAccount:user=02mrmaiylzkexzqu""},{""@Name"":""Type"",""#text"":""0""},{""@Name"":""CountOfCredentialsReturned"",""#text"":""0""},{""@Name"":""ReadOperation"",""#text"":""%%8100""},{""@Name"":""ReturnCode"",""#text"":""3221226021""},{""@Name"":""ProcessCreationTime"",""#text"":""2025-01-03 21:01:09.2871779""},{""@Name"":""ClientProcessId"",""#text"":""4752""}]}}"
115,21057,2025-01-03 21:01:25.1459244,5379,LogAlways,Microsoft-Windows-Security-Auditing,Security,816,864,WinDev2401Eval,1,,Credential Manager credentials were read,WINDEV2401EVAL$,,SID: S-1-5-18,Domain: WORKGROUP,LogonID: 0x3E7,CountOfCredentialsReturned: 0,,ActivityID: a4c17575-5e65-0001-2e76-c1a4655edb01,MicrosoftAccount:user=02mrmaiylzkexzqu,False,C:\Users\Inferno\Desktop\al_evtx\al_Security.evtx,Audit success,0,"{""EventData"":{""Data"":[{""@Name"":""SubjectUserSid"",""#text"":""S-1-5-18""},{""@Name"":""SubjectUserName"",""#text"":""WINDEV2401EVAL$""},{""@Name"":""SubjectDomainName"",""#text"":""WORKGROUP""},{""@Name"":""SubjectLogonId"",""#text"":""0x3E7""},{""@Name"":""TargetName"",""#text"":""MicrosoftAccount:user=02mrmaiylzkexzqu""},{""@Name"":""Type"",""#text"":""0""},{""@Name"":""CountOfCredentialsReturned"",""#text"":""0""},{""@Name"":""ReadOperation"",""#text"":""%%8100""},{""@Name"":""ReturnCode"",""#text"":""3221226021""},{""@Name"":""ProcessCreationTime"",""#text"":""2025-01-03 21:01:09.2871779""},{""@Name"":""ClientProcessId"",""#text"":""4752""}]}}"
116,21058,2025-01-03 21:01:25.1482940,5379,LogAlways,Microsoft-Windows-Security-Auditing,Security,816,864,WinDev2401Eval,1,,Credential Manager credentials were read,WINDEV2401EVAL$,,SID: S-1-5-18,Domain: WORKGROUP,LogonID: 0x3E7,CountOfCredentialsReturned: 0,,ActivityID: a4c17575-5e65-0001-2e76-c1a4655edb01,MicrosoftAccount:user=02mrmaiylzkexzqu,False,C:\Users\Inferno\Desktop\al_evtx\al_Security.evtx,Audit success,0,"{""EventData"":{""Data"":[{""@Name"":""SubjectUserSid"",""#text"":""S-1-5-18""},{""@Name"":""SubjectUserName"",""#text"":""WINDEV2401EVAL$""},{""@Name"":""SubjectDomainName"",""#text"":""WORKGROUP""},{""@Name"":""SubjectLogonId"",""#text"":""0x3E7""},{""@Name"":""TargetName"",""#text"":""MicrosoftAccount:user=02mrmaiylzkexzqu""},{""@Name"":""Type"",""#text"":""0""},{""@Name"":""CountOfCredentialsReturned"",""#text"":""0""},{""@Name"":""ReadOperation"",""#text"":""%%8100""},{""@Name"":""ReturnCode"",""#text"":""3221226021""},{""@Name"":""ProcessCreationTime"",""#text"":""2025-01-03 21:01:09.2871779""},{""@Name"":""ClientProcessId"",""#text"":""4752""}]}}"
117,21059,2025-01-03 21:01:25.1483292,5379,LogAlways,Microsoft-Windows-Security-Auditing,Security,816,864,WinDev2401Eval,1,,Credential Manager credentials were read,WINDEV2401EVAL$,,SID: S-1-5-18,Domain: WORKGROUP,LogonID: 0x3E7,CountOfCredentialsReturned: 0,,ActivityID: a4c17575-5e65-0001-2e76-c1a4655edb01,MicrosoftAccount:user=02mrmaiylzkexzqu,False,C:\Users\Inferno\Desktop\al_evtx\al_Security.evtx,Audit success,0,"{""EventData"":{""Data"":[{""@Name"":""SubjectUserSid"",""#text"":""S-1-5-18""},{""@Name"":""SubjectUserName"",""#text"":""WINDEV2401EVAL$""},{""@Name"":""SubjectDomainName"",""#text"":""WORKGROUP""},{""@Name"":""SubjectLogonId"",""#text"":""0x3E7""},{""@Name"":""TargetName"",""#text"":""MicrosoftAccount:user=02mrmaiylzkexzqu""},{""@Name"":""Type"",""#text"":""0""},{""@Name"":""CountOfCredentialsReturned"",""#text"":""0""},{""@Name"":""ReadOperation"",""#text"":""%%8100""},{""@Name"":""ReturnCode"",""#text"":""3221226021""},{""@Name"":""ProcessCreationTime"",""#text"":""2025-01-03 21:01:09.2871779""},{""@Name"":""ClientProcessId"",""#text"":""4752""}]}}"
118,21060,2025-01-03 21:01:25.3032189,5379,LogAlways,Microsoft-Windows-Security-Auditing,Security,816,852,WinDev2401Eval,1,,Credential Manager credentials were read,User,,SID: S-1-5-21-1837475949-2032650698-3025450431-1000,Domain: WINDEV2401EVAL,LogonID: 0x65DD3,CountOfCredentialsReturned: 0,,ActivityID: a4c17575-5e65-0001-2e76-c1a4655edb01,WindowsLive:(token):name=02mykdeddnabzzqv;serviceuri=*,False,C:\Users\Inferno\Desktop\al_evtx\al_Security.evtx,Audit success,0,"{""EventData"":{""Data"":[{""@Name"":""SubjectUserSid"",""#text"":""S-1-5-21-1837475949-2032650698-3025450431-1000""},{""@Name"":""SubjectUserName"",""#text"":""User""},{""@Name"":""SubjectDomainName"",""#text"":""WINDEV2401EVAL""},{""@Name"":""SubjectLogonId"",""#text"":""0x65DD3""},{""@Name"":""TargetName"",""#text"":""WindowsLive:(token):name=02mykdeddnabzzqv;serviceuri=*""},{""@Name"":""Type"",""#text"":""0""},{""@Name"":""CountOfCredentialsReturned"",""#text"":""0""},{""@Name"":""ReadOperation"",""#text"":""%%8100""},{""@Name"":""ReturnCode"",""#text"":""3221226021""},{""@Name"":""ProcessCreationTime"",""#text"":""2025-01-03 21:01:09.2871779""},{""@Name"":""ClientProcessId"",""#text"":""4752""}]}}"
119,21061,2025-01-03 21:01:25.3034132,5379,LogAlways,Microsoft-Windows-Security-Auditing,Security,816,852,WinDev2401Eval,1,,Credential Manager credentials were read,User,,SID: S-1-5-21-1837475949-2032650698-3025450431-1000,Domain: WINDEV2401EVAL,LogonID: 0x65DD3,CountOfCredentialsReturned: 0,,ActivityID: a4c17575-5e65-0001-2e76-c1a4655edb01,WindowsLive:(cert):name=02mykdeddnabzzqv;serviceuri=*,False,C:\Users\Inferno\Desktop\al_evtx\al_Security.evtx,Audit success,0,"{""EventData"":{""Data"":[{""@Name"":""SubjectUserSid"",""#text"":""S-1-5-21-1837475949-2032650698-3025450431-1000""},{""@Name"":""SubjectUserName"",""#text"":""User""},{""@Name"":""SubjectDomainName"",""#text"":""WINDEV2401EVAL""},{""@Name"":""SubjectLogonId"",""#text"":""0x65DD3""},{""@Name"":""TargetName"",""#text"":""WindowsLive:(cert):name=02mykdeddnabzzqv;serviceuri=*""},{""@Name"":""Type"",""#text"":""0""},{""@Name"":""CountOfCredentialsReturned"",""#text"":""0""},{""@Name"":""ReadOperation"",""#text"":""%%8100""},{""@Name"":""ReturnCode"",""#text"":""3221226021""},{""@Name"":""ProcessCreationTime"",""#text"":""2025-01-03 21:01:09.2871779""},{""@Name"":""ClientProcessId"",""#text"":""4752""}]}}"
120,21062,2025-01-03 21:01:25.3034490,5379,LogAlways,Microsoft-Windows-Security-Auditing,Security,816,852,WinDev2401Eval,1,,Credential Manager credentials were read,User,,SID: S-1-5-21-1837475949-2032650698-3025450431-1000,Domain: WINDEV2401EVAL,LogonID: 0x65DD3,CountOfCredentialsReturned: 1,,ActivityID: a4c17575-5e65-0001-2e76-c1a4655edb01,WindowsLive:target=virtualapp/didlogical,False,C:\Users\Inferno\Desktop\al_evtx\al_Security.evtx,Audit success,0,"{""EventData"":{""Data"":[{""@Name"":""SubjectUserSid"",""#text"":""S-1-5-21-1837475949-2032650698-3025450431-1000""},{""@Name"":""SubjectUserName"",""#text"":""User""},{""@Name"":""SubjectDomainName"",""#text"":""WINDEV2401EVAL""},{""@Name"":""SubjectLogonId"",""#text"":""0x65DD3""},{""@Name"":""TargetName"",""#text"":""WindowsLive:target=virtualapp/didlogical""},{""@Name"":""Type"",""#text"":""0""},{""@Name"":""CountOfCredentialsReturned"",""#text"":""1""},{""@Name"":""ReadOperation"",""#text"":""%%8100""},{""@Name"":""ReturnCode"",""#text"":""0""},{""@Name"":""ProcessCreationTime"",""#text"":""2025-01-03 21:01:09.2871779""},{""@Name"":""ClientProcessId"",""#text"":""4752""}]}}"
121,21063,2025-01-03 21:01:25.6290648,5379,LogAlways,Microsoft-Windows-Security-Auditing,Security,816,864,WinDev2401Eval,1,,Credential Manager credentials were read,WINDEV2401EVAL$,,SID: S-1-5-18,Domain: WORKGROUP,LogonID: 0x3E7,CountOfCredentialsReturned: 0,,ActivityID: a4c17575-5e65-0001-2e76-c1a4655edb01,MicrosoftAccount:user=02mrmaiylzkexzqu,False,C:\Users\Inferno\Desktop\al_evtx\al_Security.evtx,Audit success,0,"{""EventData"":{""Data"":[{""@Name"":""SubjectUserSid"",""#text"":""S-1-5-18""},{""@Name"":""SubjectUserName"",""#text"":""WINDEV2401EVAL$""},{""@Name"":""SubjectDomainName"",""#text"":""WORKGROUP""},{""@Name"":""SubjectLogonId"",""#text"":""0x3E7""},{""@Name"":""TargetName"",""#text"":""MicrosoftAccount:user=02mrmaiylzkexzqu""},{""@Name"":""Type"",""#text"":""0""},{""@Name"":""CountOfCredentialsReturned"",""#text"":""0""},{""@Name"":""ReadOperation"",""#text"":""%%8100""},{""@Name"":""ReturnCode"",""#text"":""3221226021""},{""@Name"":""ProcessCreationTime"",""#text"":""2025-01-03 21:01:09.2871779""},{""@Name"":""ClientProcessId"",""#text"":""4752""}]}}"
122,21064,2025-01-03 21:01:25.6294513,5379,LogAlways,Microsoft-Windows-Security-Auditing,Security,816,864,WinDev2401Eval,1,,Credential Manager credentials were read,WINDEV2401EVAL$,,SID: S-1-5-18,Domain: WORKGROUP,LogonID: 0x3E7,CountOfCredentialsReturned: 0,,ActivityID: a4c17575-5e65-0001-2e76-c1a4655edb01,MicrosoftAccount:user=02mrmaiylzkexzqu,False,C:\Users\Inferno\Desktop\al_evtx\al_Security.evtx,Audit success,0,"{""EventData"":{""Data"":[{""@Name"":""SubjectUserSid"",""#text"":""S-1-5-18""},{""@Name"":""SubjectUserName"",""#text"":""WINDEV2401EVAL$""},{""@Name"":""SubjectDomainName"",""#text"":""WORKGROUP""},{""@Name"":""SubjectLogonId"",""#text"":""0x3E7""},{""@Name"":""TargetName"",""#text"":""MicrosoftAccount:user=02mrmaiylzkexzqu""},{""@Name"":""Type"",""#text"":""0""},{""@Name"":""CountOfCredentialsReturned"",""#text"":""0""},{""@Name"":""ReadOperation"",""#text"":""%%8100""},{""@Name"":""ReturnCode"",""#text"":""3221226021""},{""@Name"":""ProcessCreationTime"",""#text"":""2025-01-03 21:01:09.2871779""},{""@Name"":""ClientProcessId"",""#text"":""4752""}]}}"
123,21065,2025-01-03 21:01:25.6309675,5379,LogAlways,Microsoft-Windows-Security-Auditing,Security,816,864,WinDev2401Eval,1,,Credential Manager credentials were read,WINDEV2401EVAL$,,SID: S-1-5-18,Domain: WORKGROUP,LogonID: 0x3E7,CountOfCredentialsReturned: 0,,ActivityID: a4c17575-5e65-0001-2e76-c1a4655edb01,MicrosoftAccount:user=02mrmaiylzkexzqu,False,C:\Users\Inferno\Desktop\al_evtx\al_Security.evtx,Audit success,0,"{""EventData"":{""Data"":[{""@Name"":""SubjectUserSid"",""#text"":""S-1-5-18""},{""@Name"":""SubjectUserName"",""#text"":""WINDEV2401EVAL$""},{""@Name"":""SubjectDomainName"",""#text"":""WORKGROUP""},{""@Name"":""SubjectLogonId"",""#text"":""0x3E7""},{""@Name"":""TargetName"",""#text"":""MicrosoftAccount:user=02mrmaiylzkexzqu""},{""@Name"":""Type"",""#text"":""0""},{""@Name"":""CountOfCredentialsReturned"",""#text"":""0""},{""@Name"":""ReadOperation"",""#text"":""%%8100""},{""@Name"":""ReturnCode"",""#text"":""3221226021""},{""@Name"":""ProcessCreationTime"",""#text"":""2025-01-03 21:01:09.2871779""},{""@Name"":""ClientProcessId"",""#text"":""4752""}]}}"
124,21066,2025-01-03 21:01:25.6309995,5379,LogAlways,Microsoft-Windows-Security-Auditing,Security,816,864,WinDev2401Eval,1,,Credential Manager credentials were read,WINDEV2401EVAL$,,SID: S-1-5-18,Domain: WORKGROUP,LogonID: 0x3E7,CountOfCredentialsReturned: 0,,ActivityID: a4c17575-5e65-0001-2e76-c1a4655edb01,MicrosoftAccount:user=02mrmaiylzkexzqu,False,C:\Users\Inferno\Desktop\al_evtx\al_Security.evtx,Audit success,0,"{""EventData"":{""Data"":[{""@Name"":""SubjectUserSid"",""#text"":""S-1-5-18""},{""@Name"":""SubjectUserName"",""#text"":""WINDEV2401EVAL$""},{""@Name"":""SubjectDomainName"",""#text"":""WORKGROUP""},{""@Name"":""SubjectLogonId"",""#text"":""0x3E7""},{""@Name"":""TargetName"",""#text"":""MicrosoftAccount:user=02mrmaiylzkexzqu""},{""@Name"":""Type"",""#text"":""0""},{""@Name"":""CountOfCredentialsReturned"",""#text"":""0""},{""@Name"":""ReadOperation"",""#text"":""%%8100""},{""@Name"":""ReturnCode"",""#text"":""3221226021""},{""@Name"":""ProcessCreationTime"",""#text"":""2025-01-03 21:01:09.2871779""},{""@Name"":""ClientProcessId"",""#text"":""4752""}]}}"
125,21067,2025-01-03 21:01:25.9399142,5379,LogAlways,Microsoft-Windows-Security-Auditing,Security,816,864,WinDev2401Eval,1,,Credential Manager credentials were read,WINDEV2401EVAL$,,SID: S-1-5-18,Domain: WORKGROUP,LogonID: 0x3E7,CountOfCredentialsReturned: 0,,ActivityID: a4c17575-5e65-0001-2e76-c1a4655edb01,MicrosoftAccount:user=02mrmaiylzkexzqu,False,C:\Users\Inferno\Desktop\al_evtx\al_Security.evtx,Audit success,0,"{""EventData"":{""Data"":[{""@Name"":""SubjectUserSid"",""#text"":""S-1-5-18""},{""@Name"":""SubjectUserName"",""#text"":""WINDEV2401EVAL$""},{""@Name"":""SubjectDomainName"",""#text"":""WORKGROUP""},{""@Name"":""SubjectLogonId"",""#text"":""0x3E7""},{""@Name"":""TargetName"",""#text"":""MicrosoftAccount:user=02mrmaiylzkexzqu""},{""@Name"":""Type"",""#text"":""0""},{""@Name"":""CountOfCredentialsReturned"",""#text"":""0""},{""@Name"":""ReadOperation"",""#text"":""%%8100""},{""@Name"":""ReturnCode"",""#text"":""3221226021""},{""@Name"":""ProcessCreationTime"",""#text"":""2025-01-03 21:01:09.2871779""},{""@Name"":""ClientProcessId"",""#text"":""4752""}]}}"
126,21068,2025-01-03 21:01:25.9399594,5379,LogAlways,Microsoft-Windows-Security-Auditing,Security,816,864,WinDev2401Eval,1,,Credential Manager credentials were read,WINDEV2401EVAL$,,SID: S-1-5-18,Domain: WORKGROUP,LogonID: 0x3E7,CountOfCredentialsReturned: 0,,ActivityID: a4c17575-5e65-0001-2e76-c1a4655edb01,WindowsLive:(token):name=02mrmaiylzkexzqu;serviceuri=*,False,C:\Users\Inferno\Desktop\al_evtx\al_Security.evtx,Audit success,0,"{""EventData"":{""Data"":[{""@Name"":""SubjectUserSid"",""#text"":""S-1-5-18""},{""@Name"":""SubjectUserName"",""#text"":""WINDEV2401EVAL$""},{""@Name"":""SubjectDomainName"",""#text"":""WORKGROUP""},{""@Name"":""SubjectLogonId"",""#text"":""0x3E7""},{""@Name"":""TargetName"",""#text"":""WindowsLive:(token):name=02mrmaiylzkexzqu;serviceuri=*""},{""@Name"":""Type"",""#text"":""0""},{""@Name"":""CountOfCredentialsReturned"",""#text"":""0""},{""@Name"":""ReadOperation"",""#text"":""%%8100""},{""@Name"":""ReturnCode"",""#text"":""3221226021""},{""@Name"":""ProcessCreationTime"",""#text"":""2025-01-03 21:01:09.2871779""},{""@Name"":""ClientProcessId"",""#text"":""4752""}]}}"
127,21069,2025-01-03 21:01:25.9401935,5379,LogAlways,Microsoft-Windows-Security-Auditing,Security,816,864,WinDev2401Eval,1,,Credential Manager credentials were read,WINDEV2401EVAL$,,SID: S-1-5-18,Domain: WORKGROUP,LogonID: 0x3E7,CountOfCredentialsReturned: 0,,ActivityID: a4c17575-5e65-0001-2e76-c1a4655edb01,WindowsLive:(cert):name=02mrmaiylzkexzqu;serviceuri=*,False,C:\Users\Inferno\Desktop\al_evtx\al_Security.evtx,Audit success,0,"{""EventData"":{""Data"":[{""@Name"":""SubjectUserSid"",""#text"":""S-1-5-18""},{""@Name"":""SubjectUserName"",""#text"":""WINDEV2401EVAL$""},{""@Name"":""SubjectDomainName"",""#text"":""WORKGROUP""},{""@Name"":""SubjectLogonId"",""#text"":""0x3E7""},{""@Name"":""TargetName"",""#text"":""WindowsLive:(cert):name=02mrmaiylzkexzqu;serviceuri=*""},{""@Name"":""Type"",""#text"":""0""},{""@Name"":""CountOfCredentialsReturned"",""#text"":""0""},{""@Name"":""ReadOperation"",""#text"":""%%8100""},{""@Name"":""ReturnCode"",""#text"":""3221226021""},{""@Name"":""ProcessCreationTime"",""#text"":""2025-01-03 21:01:09.2871779""},{""@Name"":""ClientProcessId"",""#text"":""4752""}]}}"
128,21070,2025-01-03 21:01:26.1005405,5379,LogAlways,Microsoft-Windows-Security-Auditing,Security,816,864,WinDev2401Eval,1,,Credential Manager credentials were read,User,,SID: S-1-5-21-1837475949-2032650698-3025450431-1000,Domain: WINDEV2401EVAL,LogonID: 0x65DD3,CountOfCredentialsReturned: 0,,ActivityID: a4c17575-5e65-0001-2e76-c1a4655edb01,MicrosoftAccount:user=02mykdeddnabzzqv,False,C:\Users\Inferno\Desktop\al_evtx\al_Security.evtx,Audit success,0,"{""EventData"":{""Data"":[{""@Name"":""SubjectUserSid"",""#text"":""S-1-5-21-1837475949-2032650698-3025450431-1000""},{""@Name"":""SubjectUserName"",""#text"":""User""},{""@Name"":""SubjectDomainName"",""#text"":""WINDEV2401EVAL""},{""@Name"":""SubjectLogonId"",""#text"":""0x65DD3""},{""@Name"":""TargetName"",""#text"":""MicrosoftAccount:user=02mykdeddnabzzqv""},{""@Name"":""Type"",""#text"":""0""},{""@Name"":""CountOfCredentialsReturned"",""#text"":""0""},{""@Name"":""ReadOperation"",""#text"":""%%8100""},{""@Name"":""ReturnCode"",""#text"":""3221226021""},{""@Name"":""ProcessCreationTime"",""#text"":""2025-01-03 21:01:09.2871779""},{""@Name"":""ClientProcessId"",""#text"":""4752""}]}}"
129,21071,2025-01-03 21:01:26.1167626,5379,LogAlways,Microsoft-Windows-Security-Auditing,Security,816,864,WinDev2401Eval,1,,Credential Manager credentials were read,User,,SID: S-1-5-21-1837475949-2032650698-3025450431-1000,Domain: WINDEV2401EVAL,LogonID: 0x65DD3,CountOfCredentialsReturned: 1,,ActivityID: a4c17575-5e65-0001-2e76-c1a4655edb01,MicrosoftAccount:user=02mykdeddnabzzqv,False,C:\Users\Inferno\Desktop\al_evtx\al_Security.evtx,Audit success,0,"{""EventData"":{""Data"":[{""@Name"":""SubjectUserSid"",""#text"":""S-1-5-21-1837475949-2032650698-3025450431-1000""},{""@Name"":""SubjectUserName"",""#text"":""User""},{""@Name"":""SubjectDomainName"",""#text"":""WINDEV2401EVAL""},{""@Name"":""SubjectLogonId"",""#text"":""0x65DD3""},{""@Name"":""TargetName"",""#text"":""MicrosoftAccount:user=02mykdeddnabzzqv""},{""@Name"":""Type"",""#text"":""1""},{""@Name"":""CountOfCredentialsReturned"",""#text"":""1""},{""@Name"":""ReadOperation"",""#text"":""%%8099""},{""@Name"":""ReturnCode"",""#text"":""3221226021""},{""@Name"":""ProcessCreationTime"",""#text"":""2025-01-03 21:01:09.2871779""},{""@Name"":""ClientProcessId"",""#text"":""4752""}]}}"
130,21072,2025-01-03 21:01:26.1327118,5379,LogAlways,Microsoft-Windows-Security-Auditing,Security,816,864,WinDev2401Eval,1,,Credential Manager credentials were read,User,,SID: S-1-5-21-1837475949-2032650698-3025450431-1000,Domain: WINDEV2401EVAL,LogonID: 0x65DD3,CountOfCredentialsReturned: 0,,ActivityID: a4c17575-5e65-0001-2e76-c1a4655edb01,MicrosoftAccount:user=02mykdeddnabzzqv,False,C:\Users\Inferno\Desktop\al_evtx\al_Security.evtx,Audit success,0,"{""EventData"":{""Data"":[{""@Name"":""SubjectUserSid"",""#text"":""S-1-5-21-1837475949-2032650698-3025450431-1000""},{""@Name"":""SubjectUserName"",""#text"":""User""},{""@Name"":""SubjectDomainName"",""#text"":""WINDEV2401EVAL""},{""@Name"":""SubjectLogonId"",""#text"":""0x65DD3""},{""@Name"":""TargetName"",""#text"":""MicrosoftAccount:user=02mykdeddnabzzqv""},{""@Name"":""Type"",""#text"":""0""},{""@Name"":""CountOfCredentialsReturned"",""#text"":""0""},{""@Name"":""ReadOperation"",""#text"":""%%8100""},{""@Name"":""ReturnCode"",""#text"":""3221226021""},{""@Name"":""ProcessCreationTime"",""#text"":""2025-01-03 21:01:09.2871779""},{""@Name"":""ClientProcessId"",""#text"":""4752""}]}}"
131,21073,2025-01-03 21:01:26.1329949,5379,LogAlways,Microsoft-Windows-Security-Auditing,Security,816,864,WinDev2401Eval,1,,Credential Manager credentials were read,User,,SID: S-1-5-21-1837475949-2032650698-3025450431-1000,Domain: WINDEV2401EVAL,LogonID: 0x65DD3,CountOfCredentialsReturned: 1,,ActivityID: a4c17575-5e65-0001-2e76-c1a4655edb01,WindowsLive:target=virtualapp/didlogical,False,C:\Users\Inferno\Desktop\al_evtx\al_Security.evtx,Audit success,0,"{""EventData"":{""Data"":[{""@Name"":""SubjectUserSid"",""#text"":""S-1-5-21-1837475949-2032650698-3025450431-1000""},{""@Name"":""SubjectUserName"",""#text"":""User""},{""@Name"":""SubjectDomainName"",""#text"":""WINDEV2401EVAL""},{""@Name"":""SubjectLogonId"",""#text"":""0x65DD3""},{""@Name"":""TargetName"",""#text"":""WindowsLive:target=virtualapp/didlogical""},{""@Name"":""Type"",""#text"":""0""},{""@Name"":""CountOfCredentialsReturned"",""#text"":""1""},{""@Name"":""ReadOperation"",""#text"":""%%8100""},{""@Name"":""ReturnCode"",""#text"":""0""},{""@Name"":""ProcessCreationTime"",""#text"":""2025-01-03 21:01:09.2871779""},{""@Name"":""ClientProcessId"",""#text"":""4752""}]}}"
132,21074,2025-01-03 21:01:26.1370699,5379,LogAlways,Microsoft-Windows-Security-Auditing,Security,816,896,WinDev2401Eval,1,,Credential Manager credentials were read,User,,SID: S-1-5-21-1837475949-2032650698-3025450431-1000,Domain: WINDEV2401EVAL,LogonID: 0x65DD3,CountOfCredentialsReturned: 1,,ActivityID: a4c17575-5e65-0001-2e76-c1a4655edb01,WindowsLive:target=virtualapp/didlogical,False,C:\Users\Inferno\Desktop\al_evtx\al_Security.evtx,Audit success,0,"{""EventData"":{""Data"":[{""@Name"":""SubjectUserSid"",""#text"":""S-1-5-21-1837475949-2032650698-3025450431-1000""},{""@Name"":""SubjectUserName"",""#text"":""User""},{""@Name"":""SubjectDomainName"",""#text"":""WINDEV2401EVAL""},{""@Name"":""SubjectLogonId"",""#text"":""0x65DD3""},{""@Name"":""TargetName"",""#text"":""WindowsLive:target=virtualapp/didlogical""},{""@Name"":""Type"",""#text"":""0""},{""@Name"":""CountOfCredentialsReturned"",""#text"":""1""},{""@Name"":""ReadOperation"",""#text"":""%%8100""},{""@Name"":""ReturnCode"",""#text"":""0""},{""@Name"":""ProcessCreationTime"",""#text"":""2025-01-03 21:01:09.2871779""},{""@Name"":""ClientProcessId"",""#text"":""4752""}]}}"
133,21075,2025-01-03 21:01:26.1375341,5379,LogAlways,Microsoft-Windows-Security-Auditing,Security,816,896,WinDev2401Eval,1,,Credential Manager credentials were read,LOCAL SERVICE,,SID: S-1-5-19,Domain: NT AUTHORITY,LogonID: 0x3E5,CountOfCredentialsReturned: 0,,ActivityID: a4c17575-5e65-0001-2e76-c1a4655edb01,WindowsLive:(token):name=02grfmhelkgyufkr;serviceuri=*,False,C:\Users\Inferno\Desktop\al_evtx\al_Security.evtx,Audit success,0,"{""EventData"":{""Data"":[{""@Name"":""SubjectUserSid"",""#text"":""S-1-5-19""},{""@Name"":""SubjectUserName"",""#text"":""LOCAL SERVICE""},{""@Name"":""SubjectDomainName"",""#text"":""NT AUTHORITY""},{""@Name"":""SubjectLogonId"",""#text"":""0x3E5""},{""@Name"":""TargetName"",""#text"":""WindowsLive:(token):name=02grfmhelkgyufkr;serviceuri=*""},{""@Name"":""Type"",""#text"":""0""},{""@Name"":""CountOfCredentialsReturned"",""#text"":""0""},{""@Name"":""ReadOperation"",""#text"":""%%8100""},{""@Name"":""ReturnCode"",""#text"":""3221226021""},{""@Name"":""ProcessCreationTime"",""#text"":""2025-01-03 21:01:09.2871779""},{""@Name"":""ClientProcessId"",""#text"":""4752""}]}}"
134,21076,2025-01-03 21:01:26.1376420,5379,LogAlways,Microsoft-Windows-Security-Auditing,Security,816,896,WinDev2401Eval,1,,Credential Manager credentials were read,LOCAL SERVICE,,SID: S-1-5-19,Domain: NT AUTHORITY,LogonID: 0x3E5,CountOfCredentialsReturned: 0,,ActivityID: a4c17575-5e65-0001-2e76-c1a4655edb01,WindowsLive:(cert):name=02grfmhelkgyufkr;serviceuri=*,False,C:\Users\Inferno\Desktop\al_evtx\al_Security.evtx,Audit success,0,"{""EventData"":{""Data"":[{""@Name"":""SubjectUserSid"",""#text"":""S-1-5-19""},{""@Name"":""SubjectUserName"",""#text"":""LOCAL SERVICE""},{""@Name"":""SubjectDomainName"",""#text"":""NT AUTHORITY""},{""@Name"":""SubjectLogonId"",""#text"":""0x3E5""},{""@Name"":""TargetName"",""#text"":""WindowsLive:(cert):name=02grfmhelkgyufkr;serviceuri=*""},{""@Name"":""Type"",""#text"":""0""},{""@Name"":""CountOfCredentialsReturned"",""#text"":""0""},{""@Name"":""ReadOperation"",""#text"":""%%8100""},{""@Name"":""ReturnCode"",""#text"":""3221226021""},{""@Name"":""ProcessCreationTime"",""#text"":""2025-01-03 21:01:09.2871779""},{""@Name"":""ClientProcessId"",""#text"":""4752""}]}}"
135,21077,2025-01-03 21:01:26.1376728,5379,LogAlways,Microsoft-Windows-Security-Auditing,Security,816,896,WinDev2401Eval,1,,Credential Manager credentials were read,LOCAL SERVICE,,SID: S-1-5-19,Domain: NT AUTHORITY,LogonID: 0x3E5,CountOfCredentialsReturned: 1,,ActivityID: a4c17575-5e65-0001-2e76-c1a4655edb01,WindowsLive:target=virtualapp/didlogical,False,C:\Users\Inferno\Desktop\al_evtx\al_Security.evtx,Audit success,0,"{""EventData"":{""Data"":[{""@Name"":""SubjectUserSid"",""#text"":""S-1-5-19""},{""@Name"":""SubjectUserName"",""#text"":""LOCAL SERVICE""},{""@Name"":""SubjectDomainName"",""#text"":""NT AUTHORITY""},{""@Name"":""SubjectLogonId"",""#text"":""0x3E5""},{""@Name"":""TargetName"",""#text"":""WindowsLive:target=virtualapp/didlogical""},{""@Name"":""Type"",""#text"":""0""},{""@Name"":""CountOfCredentialsReturned"",""#text"":""1""},{""@Name"":""ReadOperation"",""#text"":""%%8100""},{""@Name"":""ReturnCode"",""#text"":""0""},{""@Name"":""ProcessCreationTime"",""#text"":""2025-01-03 21:01:09.2871779""},{""@Name"":""ClientProcessId"",""#text"":""4752""}]}}"
136,21078,2025-01-03 21:01:26.1450691,5379,LogAlways,Microsoft-Windows-Security-Auditing,Security,816,864,WinDev2401Eval,1,,Credential Manager credentials were read,WINDEV2401EVAL$,,SID: S-1-5-18,Domain: WORKGROUP,LogonID: 0x3E7,CountOfCredentialsReturned: 0,,ActivityID: a4c17575-5e65-0001-2e76-c1a4655edb01,MicrosoftAccount:user=02mrmaiylzkexzqu,False,C:\Users\Inferno\Desktop\al_evtx\al_Security.evtx,Audit success,0,"{""EventData"":{""Data"":[{""@Name"":""SubjectUserSid"",""#text"":""S-1-5-18""},{""@Name"":""SubjectUserName"",""#text"":""WINDEV2401EVAL$""},{""@Name"":""SubjectDomainName"",""#text"":""WORKGROUP""},{""@Name"":""SubjectLogonId"",""#text"":""0x3E7""},{""@Name"":""TargetName"",""#text"":""MicrosoftAccount:user=02mrmaiylzkexzqu""},{""@Name"":""Type"",""#text"":""0""},{""@Name"":""CountOfCredentialsReturned"",""#text"":""0""},{""@Name"":""ReadOperation"",""#text"":""%%8100""},{""@Name"":""ReturnCode"",""#text"":""3221226021""},{""@Name"":""ProcessCreationTime"",""#text"":""2025-01-03 21:01:09.2871779""},{""@Name"":""ClientProcessId"",""#text"":""4752""}]}}"
137,21079,2025-01-03 21:01:26.1453930,5379,LogAlways,Microsoft-Windows-Security-Auditing,Security,816,864,WinDev2401Eval,1,,Credential Manager credentials were read,WINDEV2401EVAL$,,SID: S-1-5-18,Domain: WORKGROUP,LogonID: 0x3E7,CountOfCredentialsReturned: 0,,ActivityID: a4c17575-5e65-0001-2e76-c1a4655edb01,MicrosoftAccount:user=02mrmaiylzkexzqu,False,C:\Users\Inferno\Desktop\al_evtx\al_Security.evtx,Audit success,0,"{""EventData"":{""Data"":[{""@Name"":""SubjectUserSid"",""#text"":""S-1-5-18""},{""@Name"":""SubjectUserName"",""#text"":""WINDEV2401EVAL$""},{""@Name"":""SubjectDomainName"",""#text"":""WORKGROUP""},{""@Name"":""SubjectLogonId"",""#text"":""0x3E7""},{""@Name"":""TargetName"",""#text"":""MicrosoftAccount:user=02mrmaiylzkexzqu""},{""@Name"":""Type"",""#text"":""0""},{""@Name"":""CountOfCredentialsReturned"",""#text"":""0""},{""@Name"":""ReadOperation"",""#text"":""%%8100""},{""@Name"":""ReturnCode"",""#text"":""3221226021""},{""@Name"":""ProcessCreationTime"",""#text"":""2025-01-03 21:01:09.2871779""},{""@Name"":""ClientProcessId"",""#text"":""4752""}]}}"
138,21080,2025-01-03 21:01:26.1508474,5379,LogAlways,Microsoft-Windows-Security-Auditing,Security,816,864,WinDev2401Eval,1,,Credential Manager credentials were read,WINDEV2401EVAL$,,SID: S-1-5-18,Domain: WORKGROUP,LogonID: 0x3E7,CountOfCredentialsReturned: 0,,ActivityID: a4c17575-5e65-0001-2e76-c1a4655edb01,MicrosoftAccount:user=02mrmaiylzkexzqu,False,C:\Users\Inferno\Desktop\al_evtx\al_Security.evtx,Audit success,0,"{""EventData"":{""Data"":[{""@Name"":""SubjectUserSid"",""#text"":""S-1-5-18""},{""@Name"":""SubjectUserName"",""#text"":""WINDEV2401EVAL$""},{""@Name"":""SubjectDomainName"",""#text"":""WORKGROUP""},{""@Name"":""SubjectLogonId"",""#text"":""0x3E7""},{""@Name"":""TargetName"",""#text"":""MicrosoftAccount:user=02mrmaiylzkexzqu""},{""@Name"":""Type"",""#text"":""0""},{""@Name"":""CountOfCredentialsReturned"",""#text"":""0""},{""@Name"":""ReadOperation"",""#text"":""%%8100""},{""@Name"":""ReturnCode"",""#text"":""3221226021""},{""@Name"":""ProcessCreationTime"",""#text"":""2025-01-03 21:01:09.2871779""},{""@Name"":""ClientProcessId"",""#text"":""4752""}]}}"
139,21081,2025-01-03 21:01:26.1508816,5379,LogAlways,Microsoft-Windows-Security-Auditing,Security,816,864,WinDev2401Eval,1,,Credential Manager credentials were read,WINDEV2401EVAL$,,SID: S-1-5-18,Domain: WORKGROUP,LogonID: 0x3E7,CountOfCredentialsReturned: 0,,ActivityID: a4c17575-5e65-0001-2e76-c1a4655edb01,MicrosoftAccount:user=02mrmaiylzkexzqu,False,C:\Users\Inferno\Desktop\al_evtx\al_Security.evtx,Audit success,0,"{""EventData"":{""Data"":[{""@Name"":""SubjectUserSid"",""#text"":""S-1-5-18""},{""@Name"":""SubjectUserName"",""#text"":""WINDEV2401EVAL$""},{""@Name"":""SubjectDomainName"",""#text"":""WORKGROUP""},{""@Name"":""SubjectLogonId"",""#text"":""0x3E7""},{""@Name"":""TargetName"",""#text"":""MicrosoftAccount:user=02mrmaiylzkexzqu""},{""@Name"":""Type"",""#text"":""0""},{""@Name"":""CountOfCredentialsReturned"",""#text"":""0""},{""@Name"":""ReadOperation"",""#text"":""%%8100""},{""@Name"":""ReturnCode"",""#text"":""3221226021""},{""@Name"":""ProcessCreationTime"",""#text"":""2025-01-03 21:01:09.2871779""},{""@Name"":""ClientProcessId"",""#text"":""4752""}]}}"
140,21082,2025-01-03 21:01:26.3456853,5379,LogAlways,Microsoft-Windows-Security-Auditing,Security,816,864,WinDev2401Eval,1,,Credential Manager credentials were read,User,,SID: S-1-5-21-1837475949-2032650698-3025450431-1000,Domain: WINDEV2401EVAL,LogonID: 0x65DD3,CountOfCredentialsReturned: 0,,ActivityID: a4c17575-5e65-0001-2e76-c1a4655edb01,MicrosoftAccount:user=02mykdeddnabzzqv,False,C:\Users\Inferno\Desktop\al_evtx\al_Security.evtx,Audit success,0,"{""EventData"":{""Data"":[{""@Name"":""SubjectUserSid"",""#text"":""S-1-5-21-1837475949-2032650698-3025450431-1000""},{""@Name"":""SubjectUserName"",""#text"":""User""},{""@Name"":""SubjectDomainName"",""#text"":""WINDEV2401EVAL""},{""@Name"":""SubjectLogonId"",""#text"":""0x65DD3""},{""@Name"":""TargetName"",""#text"":""MicrosoftAccount:user=02mykdeddnabzzqv""},{""@Name"":""Type"",""#text"":""0""},{""@Name"":""CountOfCredentialsReturned"",""#text"":""0""},{""@Name"":""ReadOperation"",""#text"":""%%8100""},{""@Name"":""ReturnCode"",""#text"":""3221226021""},{""@Name"":""ProcessCreationTime"",""#text"":""2025-01-03 21:01:09.2871779""},{""@Name"":""ClientProcessId"",""#text"":""4752""}]}}"
141,21083,2025-01-03 21:01:26.3627868,5379,LogAlways,Microsoft-Windows-Security-Auditing,Security,816,864,WinDev2401Eval,1,,Credential Manager credentials were read,User,,SID: S-1-5-21-1837475949-2032650698-3025450431-1000,Domain: WINDEV2401EVAL,LogonID: 0x65DD3,CountOfCredentialsReturned: 1,,ActivityID: a4c17575-5e65-0001-2e76-c1a4655edb01,MicrosoftAccount:user=02mykdeddnabzzqv,False,C:\Users\Inferno\Desktop\al_evtx\al_Security.evtx,Audit success,0,"{""EventData"":{""Data"":[{""@Name"":""SubjectUserSid"",""#text"":""S-1-5-21-1837475949-2032650698-3025450431-1000""},{""@Name"":""SubjectUserName"",""#text"":""User""},{""@Name"":""SubjectDomainName"",""#text"":""WINDEV2401EVAL""},{""@Name"":""SubjectLogonId"",""#text"":""0x65DD3""},{""@Name"":""TargetName"",""#text"":""MicrosoftAccount:user=02mykdeddnabzzqv""},{""@Name"":""Type"",""#text"":""1""},{""@Name"":""CountOfCredentialsReturned"",""#text"":""1""},{""@Name"":""ReadOperation"",""#text"":""%%8099""},{""@Name"":""ReturnCode"",""#text"":""3221226021""},{""@Name"":""ProcessCreationTime"",""#text"":""2025-01-03 21:01:09.2871779""},{""@Name"":""ClientProcessId"",""#text"":""4752""}]}}"
142,21084,2025-01-03 21:01:26.3735851,5379,LogAlways,Microsoft-Windows-Security-Auditing,Security,816,864,WinDev2401Eval,1,,Credential Manager credentials were read,User,,SID: S-1-5-21-1837475949-2032650698-3025450431-1000,Domain: WINDEV2401EVAL,LogonID: 0x65DD3,CountOfCredentialsReturned: 0,,ActivityID: a4c17575-5e65-0001-2e76-c1a4655edb01,MicrosoftAccount:user=02mykdeddnabzzqv,False,C:\Users\Inferno\Desktop\al_evtx\al_Security.evtx,Audit success,0,"{""EventData"":{""Data"":[{""@Name"":""SubjectUserSid"",""#text"":""S-1-5-21-1837475949-2032650698-3025450431-1000""},{""@Name"":""SubjectUserName"",""#text"":""User""},{""@Name"":""SubjectDomainName"",""#text"":""WINDEV2401EVAL""},{""@Name"":""SubjectLogonId"",""#text"":""0x65DD3""},{""@Name"":""TargetName"",""#text"":""MicrosoftAccount:user=02mykdeddnabzzqv""},{""@Name"":""Type"",""#text"":""0""},{""@Name"":""CountOfCredentialsReturned"",""#text"":""0""},{""@Name"":""ReadOperation"",""#text"":""%%8100""},{""@Name"":""ReturnCode"",""#text"":""3221226021""},{""@Name"":""ProcessCreationTime"",""#text"":""2025-01-03 21:01:09.2871779""},{""@Name"":""ClientProcessId"",""#text"":""4752""}]}}"
143,21085,2025-01-03 21:01:26.3738470,5379,LogAlways,Microsoft-Windows-Security-Auditing,Security,816,864,WinDev2401Eval,1,,Credential Manager credentials were read,User,,SID: S-1-5-21-1837475949-2032650698-3025450431-1000,Domain: WINDEV2401EVAL,LogonID: 0x65DD3,CountOfCredentialsReturned: 0,,ActivityID: a4c17575-5e65-0001-2e76-c1a4655edb01,WindowsLive:target=virtualapp/didlogical,False,C:\Users\Inferno\Desktop\al_evtx\al_Security.evtx,Audit success,0,"{""EventData"":{""Data"":[{""@Name"":""SubjectUserSid"",""#text"":""S-1-5-21-1837475949-2032650698-3025450431-1000""},{""@Name"":""SubjectUserName"",""#text"":""User""},{""@Name"":""SubjectDomainName"",""#text"":""WINDEV2401EVAL""},{""@Name"":""SubjectLogonId"",""#text"":""0x65DD3""},{""@Name"":""TargetName"",""#text"":""WindowsLive:target=virtualapp/didlogical""},{""@Name"":""Type"",""#text"":""0""},{""@Name"":""CountOfCredentialsReturned"",""#text"":""0""},{""@Name"":""ReadOperation"",""#text"":""%%8100""},{""@Name"":""ReturnCode"",""#text"":""3221226021""},{""@Name"":""ProcessCreationTime"",""#text"":""2025-01-03 21:01:09.2871779""},{""@Name"":""ClientProcessId"",""#text"":""4752""}]}}"
144,21086,2025-01-03 21:01:26.3971190,5379,LogAlways,Microsoft-Windows-Security-Auditing,Security,816,896,WinDev2401Eval,1,,Credential Manager credentials were read,WINDEV2401EVAL$,,SID: S-1-5-18,Domain: WORKGROUP,LogonID: 0x3E7,CountOfCredentialsReturned: 0,,ActivityID: a4c17575-5e65-0001-2e76-c1a4655edb01,MicrosoftAccount:user=02mrmaiylzkexzqu,False,C:\Users\Inferno\Desktop\al_evtx\al_Security.evtx,Audit success,0,"{""EventData"":{""Data"":[{""@Name"":""SubjectUserSid"",""#text"":""S-1-5-18""},{""@Name"":""SubjectUserName"",""#text"":""WINDEV2401EVAL$""},{""@Name"":""SubjectDomainName"",""#text"":""WORKGROUP""},{""@Name"":""SubjectLogonId"",""#text"":""0x3E7""},{""@Name"":""TargetName"",""#text"":""MicrosoftAccount:user=02mrmaiylzkexzqu""},{""@Name"":""Type"",""#text"":""0""},{""@Name"":""CountOfCredentialsReturned"",""#text"":""0""},{""@Name"":""ReadOperation"",""#text"":""%%8100""},{""@Name"":""ReturnCode"",""#text"":""3221226021""},{""@Name"":""ProcessCreationTime"",""#text"":""2025-01-03 21:01:09.2871779""},{""@Name"":""ClientProcessId"",""#text"":""4752""}]}}"
145,21087,2025-01-03 21:01:26.3971727,5379,LogAlways,Microsoft-Windows-Security-Auditing,Security,816,896,WinDev2401Eval,1,,Credential Manager credentials were read,WINDEV2401EVAL$,,SID: S-1-5-18,Domain: WORKGROUP,LogonID: 0x3E7,CountOfCredentialsReturned: 0,,ActivityID: a4c17575-5e65-0001-2e76-c1a4655edb01,WindowsLive:(token):name=02mrmaiylzkexzqu;serviceuri=*,False,C:\Users\Inferno\Desktop\al_evtx\al_Security.evtx,Audit success,0,"{""EventData"":{""Data"":[{""@Name"":""SubjectUserSid"",""#text"":""S-1-5-18""},{""@Name"":""SubjectUserName"",""#text"":""WINDEV2401EVAL$""},{""@Name"":""SubjectDomainName"",""#text"":""WORKGROUP""},{""@Name"":""SubjectLogonId"",""#text"":""0x3E7""},{""@Name"":""TargetName"",""#text"":""WindowsLive:(token):name=02mrmaiylzkexzqu;serviceuri=*""},{""@Name"":""Type"",""#text"":""0""},{""@Name"":""CountOfCredentialsReturned"",""#text"":""0""},{""@Name"":""ReadOperation"",""#text"":""%%8100""},{""@Name"":""ReturnCode"",""#text"":""3221226021""},{""@Name"":""ProcessCreationTime"",""#text"":""2025-01-03 21:01:09.2871779""},{""@Name"":""ClientProcessId"",""#text"":""4752""}]}}"
146,21088,2025-01-03 21:01:26.3976609,5379,LogAlways,Microsoft-Windows-Security-Auditing,Security,816,896,WinDev2401Eval,1,,Credential Manager credentials were read,WINDEV2401EVAL$,,SID: S-1-5-18,Domain: WORKGROUP,LogonID: 0x3E7,CountOfCredentialsReturned: 0,,ActivityID: a4c17575-5e65-0001-2e76-c1a4655edb01,WindowsLive:(cert):name=02mrmaiylzkexzqu;serviceuri=*,False,C:\Users\Inferno\Desktop\al_evtx\al_Security.evtx,Audit success,0,"{""EventData"":{""Data"":[{""@Name"":""SubjectUserSid"",""#text"":""S-1-5-18""},{""@Name"":""SubjectUserName"",""#text"":""WINDEV2401EVAL$""},{""@Name"":""SubjectDomainName"",""#text"":""WORKGROUP""},{""@Name"":""SubjectLogonId"",""#text"":""0x3E7""},{""@Name"":""TargetName"",""#text"":""WindowsLive:(cert):name=02mrmaiylzkexzqu;serviceuri=*""},{""@Name"":""Type"",""#text"":""0""},{""@Name"":""CountOfCredentialsReturned"",""#text"":""0""},{""@Name"":""ReadOperation"",""#text"":""%%8100""},{""@Name"":""ReturnCode"",""#text"":""3221226021""},{""@Name"":""ProcessCreationTime"",""#text"":""2025-01-03 21:01:09.2871779""},{""@Name"":""ClientProcessId"",""#text"":""4752""}]}}"
147,21089,2025-01-03 21:01:26.7997727,5379,LogAlways,Microsoft-Windows-Security-Auditing,Security,816,864,WinDev2401Eval,1,,Credential Manager credentials were read,WINDEV2401EVAL$,,SID: S-1-5-18,Domain: WORKGROUP,LogonID: 0x3E7,CountOfCredentialsReturned: 0,,ActivityID: a4c17575-5e65-0001-2e76-c1a4655edb01,MicrosoftAccount:user=02mrmaiylzkexzqu,False,C:\Users\Inferno\Desktop\al_evtx\al_Security.evtx,Audit success,0,"{""EventData"":{""Data"":[{""@Name"":""SubjectUserSid"",""#text"":""S-1-5-18""},{""@Name"":""SubjectUserName"",""#text"":""WINDEV2401EVAL$""},{""@Name"":""SubjectDomainName"",""#text"":""WORKGROUP""},{""@Name"":""SubjectLogonId"",""#text"":""0x3E7""},{""@Name"":""TargetName"",""#text"":""MicrosoftAccount:user=02mrmaiylzkexzqu""},{""@Name"":""Type"",""#text"":""0""},{""@Name"":""CountOfCredentialsReturned"",""#text"":""0""},{""@Name"":""ReadOperation"",""#text"":""%%8100""},{""@Name"":""ReturnCode"",""#text"":""3221226021""},{""@Name"":""ProcessCreationTime"",""#text"":""2025-01-03 21:01:09.2871779""},{""@Name"":""ClientProcessId"",""#text"":""4752""}]}}"
148,21090,2025-01-03 21:01:26.8000910,5379,LogAlways,Microsoft-Windows-Security-Auditing,Security,816,864,WinDev2401Eval,1,,Credential Manager credentials were read,WINDEV2401EVAL$,,SID: S-1-5-18,Domain: WORKGROUP,LogonID: 0x3E7,CountOfCredentialsReturned: 0,,ActivityID: a4c17575-5e65-0001-2e76-c1a4655edb01,MicrosoftAccount:user=02mrmaiylzkexzqu,False,C:\Users\Inferno\Desktop\al_evtx\al_Security.evtx,Audit success,0,"{""EventData"":{""Data"":[{""@Name"":""SubjectUserSid"",""#text"":""S-1-5-18""},{""@Name"":""SubjectUserName"",""#text"":""WINDEV2401EVAL$""},{""@Name"":""SubjectDomainName"",""#text"":""WORKGROUP""},{""@Name"":""SubjectLogonId"",""#text"":""0x3E7""},{""@Name"":""TargetName"",""#text"":""MicrosoftAccount:user=02mrmaiylzkexzqu""},{""@Name"":""Type"",""#text"":""0""},{""@Name"":""CountOfCredentialsReturned"",""#text"":""0""},{""@Name"":""ReadOperation"",""#text"":""%%8100""},{""@Name"":""ReturnCode"",""#text"":""3221226021""},{""@Name"":""ProcessCreationTime"",""#text"":""2025-01-03 21:01:09.2871779""},{""@Name"":""ClientProcessId"",""#text"":""4752""}]}}"
149,21091,2025-01-03 21:01:26.8010406,5379,LogAlways,Microsoft-Windows-Security-Auditing,Security,816,864,WinDev2401Eval,1,,Credential Manager credentials were read,WINDEV2401EVAL$,,SID: S-1-5-18,Domain: WORKGROUP,LogonID: 0x3E7,CountOfCredentialsReturned: 0,,ActivityID: a4c17575-5e65-0001-2e76-c1a4655edb01,MicrosoftAccount:user=02mrmaiylzkexzqu,False,C:\Users\Inferno\Desktop\al_evtx\al_Security.evtx,Audit success,0,"{""EventData"":{""Data"":[{""@Name"":""SubjectUserSid"",""#text"":""S-1-5-18""},{""@Name"":""SubjectUserName"",""#text"":""WINDEV2401EVAL$""},{""@Name"":""SubjectDomainName"",""#text"":""WORKGROUP""},{""@Name"":""SubjectLogonId"",""#text"":""0x3E7""},{""@Name"":""TargetName"",""#text"":""MicrosoftAccount:user=02mrmaiylzkexzqu""},{""@Name"":""Type"",""#text"":""0""},{""@Name"":""CountOfCredentialsReturned"",""#text"":""0""},{""@Name"":""ReadOperation"",""#text"":""%%8100""},{""@Name"":""ReturnCode"",""#text"":""3221226021""},{""@Name"":""ProcessCreationTime"",""#text"":""2025-01-03 21:01:09.2871779""},{""@Name"":""ClientProcessId"",""#text"":""4752""}]}}"
150,21092,2025-01-03 21:01:26.8010742,5379,LogAlways,Microsoft-Windows-Security-Auditing,Security,816,864,WinDev2401Eval,1,,Credential Manager credentials were read,WINDEV2401EVAL$,,SID: S-1-5-18,Domain: WORKGROUP,LogonID: 0x3E7,CountOfCredentialsReturned: 0,,ActivityID: a4c17575-5e65-0001-2e76-c1a4655edb01,MicrosoftAccount:user=02mrmaiylzkexzqu,False,C:\Users\Inferno\Desktop\al_evtx\al_Security.evtx,Audit success,0,"{""EventData"":{""Data"":[{""@Name"":""SubjectUserSid"",""#text"":""S-1-5-18""},{""@Name"":""SubjectUserName"",""#text"":""WINDEV2401EVAL$""},{""@Name"":""SubjectDomainName"",""#text"":""WORKGROUP""},{""@Name"":""SubjectLogonId"",""#text"":""0x3E7""},{""@Name"":""TargetName"",""#text"":""MicrosoftAccount:user=02mrmaiylzkexzqu""},{""@Name"":""Type"",""#text"":""0""},{""@Name"":""CountOfCredentialsReturned"",""#text"":""0""},{""@Name"":""ReadOperation"",""#text"":""%%8100""},{""@Name"":""ReturnCode"",""#text"":""3221226021""},{""@Name"":""ProcessCreationTime"",""#text"":""2025-01-03 21:01:09.2871779""},{""@Name"":""ClientProcessId"",""#text"":""4752""}]}}"
151,21093,2025-01-03 21:01:26.8453944,4624,LogAlways,Microsoft-Windows-Security-Auditing,Security,816,864,WinDev2401Eval,1,,Successful logon,WORKGROUP\WINDEV2401EVAL$,- (-),Target: NT AUTHORITY\SYSTEM,LogonType 5,LogonId: 0x3E7,AuthenticationPackageName: Negotiate,"LogonProcessName: Advapi  ",,C:\Windows\System32\services.exe,False,C:\Users\Inferno\Desktop\al_evtx\al_Security.evtx,Audit success,0,"{""EventData"":{""Data"":[{""@Name"":""SubjectUserSid"",""#text"":""S-1-5-18""},{""@Name"":""SubjectUserName"",""#text"":""WINDEV2401EVAL$""},{""@Name"":""SubjectDomainName"",""#text"":""WORKGROUP""},{""@Name"":""SubjectLogonId"",""#text"":""0x3E7""},{""@Name"":""TargetUserSid"",""#text"":""S-1-5-18""},{""@Name"":""TargetUserName"",""#text"":""SYSTEM""},{""@Name"":""TargetDomainName"",""#text"":""NT AUTHORITY""},{""@Name"":""TargetLogonId"",""#text"":""0x3E7""},{""@Name"":""LogonType"",""#text"":""5""},{""@Name"":""LogonProcessName"",""#text"":""Advapi  ""},{""@Name"":""AuthenticationPackageName"",""#text"":""Negotiate""},{""@Name"":""WorkstationName"",""#text"":""-""},{""@Name"":""LogonGuid"",""#text"":""00000000-0000-0000-0000-000000000000""},{""@Name"":""TransmittedServices"",""#text"":""-""},{""@Name"":""LmPackageName"",""#text"":""-""},{""@Name"":""KeyLength"",""#text"":""0""},{""@Name"":""ProcessId"",""#text"":""0x314""},{""@Name"":""ProcessName"",""#text"":""C:\\Windows\\System32\\services.exe""},{""@Name"":""IpAddress"",""#text"":""-""},{""@Name"":""IpPort"",""#text"":""-""},{""@Name"":""ImpersonationLevel"",""#text"":""%%1833""},{""@Name"":""RestrictedAdminMode"",""#text"":""-""},{""@Name"":""RemoteCredentialGuard"",""#text"":""-""},{""@Name"":""TargetOutboundUserName"",""#text"":""-""},{""@Name"":""TargetOutboundDomainName"",""#text"":""-""},{""@Name"":""VirtualAccount"",""#text"":""%%1843""},{""@Name"":""TargetLinkedLogonId"",""#text"":""0x0""},{""@Name"":""ElevatedToken"",""#text"":""%%1842""}]}}"
152,21094,2025-01-03 21:01:26.8453993,4672,LogAlways,Microsoft-Windows-Security-Auditing,Security,816,864,WinDev2401Eval,1,,Administrative logon,NT AUTHORITY\SYSTEM (S-1-5-18),,"PrivilegeList: SeAssignPrimaryTokenPrivilege, SeTcbPrivilege, SeSecurityPrivilege, SeTakeOwnershipPrivilege, SeLoadDriverPrivilege, SeBackupPrivilege, SeRestorePrivilege, SeDebugPrivilege, SeAuditPrivilege, SeSystemEnvironmentPrivilege, SeImpersonatePrivilege, SeDelegateSessionUserImpersonatePrivilege",LogonId: 0x3E7,,,,,,False,C:\Users\Inferno\Desktop\al_evtx\al_Security.evtx,Audit success,0,"{""EventData"":{""Data"":[{""@Name"":""SubjectUserSid"",""#text"":""S-1-5-18""},{""@Name"":""SubjectUserName"",""#text"":""SYSTEM""},{""@Name"":""SubjectDomainName"",""#text"":""NT AUTHORITY""},{""@Name"":""SubjectLogonId"",""#text"":""0x3E7""},{""@Name"":""PrivilegeList"",""#text"":""SeAssignPrimaryTokenPrivilege, SeTcbPrivilege, SeSecurityPrivilege, SeTakeOwnershipPrivilege, SeLoadDriverPrivilege, SeBackupPrivilege, SeRestorePrivilege, SeDebugPrivilege, SeAuditPrivilege, SeSystemEnvironmentPrivilege, SeImpersonatePrivilege, SeDelegateSessionUserImpersonatePrivilege""}]}}"
153,21095,2025-01-03 21:01:26.8719171,4624,LogAlways,Microsoft-Windows-Security-Auditing,Security,816,864,WinDev2401Eval,1,,Successful logon,WORKGROUP\WINDEV2401EVAL$,- (-),Target: NT AUTHORITY\SYSTEM,LogonType 5,LogonId: 0x3E7,AuthenticationPackageName: Negotiate,"LogonProcessName: Advapi  ",,C:\Windows\System32\services.exe,False,C:\Users\Inferno\Desktop\al_evtx\al_Security.evtx,Audit success,0,"{""EventData"":{""Data"":[{""@Name"":""SubjectUserSid"",""#text"":""S-1-5-18""},{""@Name"":""SubjectUserName"",""#text"":""WINDEV2401EVAL$""},{""@Name"":""SubjectDomainName"",""#text"":""WORKGROUP""},{""@Name"":""SubjectLogonId"",""#text"":""0x3E7""},{""@Name"":""TargetUserSid"",""#text"":""S-1-5-18""},{""@Name"":""TargetUserName"",""#text"":""SYSTEM""},{""@Name"":""TargetDomainName"",""#text"":""NT AUTHORITY""},{""@Name"":""TargetLogonId"",""#text"":""0x3E7""},{""@Name"":""LogonType"",""#text"":""5""},{""@Name"":""LogonProcessName"",""#text"":""Advapi  ""},{""@Name"":""AuthenticationPackageName"",""#text"":""Negotiate""},{""@Name"":""WorkstationName"",""#text"":""-""},{""@Name"":""LogonGuid"",""#text"":""00000000-0000-0000-0000-000000000000""},{""@Name"":""TransmittedServices"",""#text"":""-""},{""@Name"":""LmPackageName"",""#text"":""-""},{""@Name"":""KeyLength"",""#text"":""0""},{""@Name"":""ProcessId"",""#text"":""0x314""},{""@Name"":""ProcessName"",""#text"":""C:\\Windows\\System32\\services.exe""},{""@Name"":""IpAddress"",""#text"":""-""},{""@Name"":""IpPort"",""#text"":""-""},{""@Name"":""ImpersonationLevel"",""#text"":""%%1833""},{""@Name"":""RestrictedAdminMode"",""#text"":""-""},{""@Name"":""RemoteCredentialGuard"",""#text"":""-""},{""@Name"":""TargetOutboundUserName"",""#text"":""-""},{""@Name"":""TargetOutboundDomainName"",""#text"":""-""},{""@Name"":""VirtualAccount"",""#text"":""%%1843""},{""@Name"":""TargetLinkedLogonId"",""#text"":""0x0""},{""@Name"":""ElevatedToken"",""#text"":""%%1842""}]}}"
154,21096,2025-01-03 21:01:26.8719222,4672,LogAlways,Microsoft-Windows-Security-Auditing,Security,816,864,WinDev2401Eval,1,,Administrative logon,NT AUTHORITY\SYSTEM (S-1-5-18),,"PrivilegeList: SeAssignPrimaryTokenPrivilege, SeTcbPrivilege, SeSecurityPrivilege, SeTakeOwnershipPrivilege, SeLoadDriverPrivilege, SeBackupPrivilege, SeRestorePrivilege, SeDebugPrivilege, SeAuditPrivilege, SeSystemEnvironmentPrivilege, SeImpersonatePrivilege, SeDelegateSessionUserImpersonatePrivilege",LogonId: 0x3E7,,,,,,False,C:\Users\Inferno\Desktop\al_evtx\al_Security.evtx,Audit success,0,"{""EventData"":{""Data"":[{""@Name"":""SubjectUserSid"",""#text"":""S-1-5-18""},{""@Name"":""SubjectUserName"",""#text"":""SYSTEM""},{""@Name"":""SubjectDomainName"",""#text"":""NT AUTHORITY""},{""@Name"":""SubjectLogonId"",""#text"":""0x3E7""},{""@Name"":""PrivilegeList"",""#text"":""SeAssignPrimaryTokenPrivilege, SeTcbPrivilege, SeSecurityPrivilege, SeTakeOwnershipPrivilege, SeLoadDriverPrivilege, SeBackupPrivilege, SeRestorePrivilege, SeDebugPrivilege, SeAuditPrivilege, SeSystemEnvironmentPrivilege, SeImpersonatePrivilege, SeDelegateSessionUserImpersonatePrivilege""}]}}"
155,21097,2025-01-03 21:01:26.9738183,5379,LogAlways,Microsoft-Windows-Security-Auditing,Security,816,864,WinDev2401Eval,1,,Credential Manager credentials were read,LOCAL SERVICE,,SID: S-1-5-19,Domain: NT AUTHORITY,LogonID: 0x3E5,CountOfCredentialsReturned: 0,,ActivityID: a4c17575-5e65-0001-2e76-c1a4655edb01,MicrosoftAccount:user=02grfmhelkgyufkr,False,C:\Users\Inferno\Desktop\al_evtx\al_Security.evtx,Audit success,0,"{""EventData"":{""Data"":[{""@Name"":""SubjectUserSid"",""#text"":""S-1-5-19""},{""@Name"":""SubjectUserName"",""#text"":""LOCAL SERVICE""},{""@Name"":""SubjectDomainName"",""#text"":""NT AUTHORITY""},{""@Name"":""SubjectLogonId"",""#text"":""0x3E5""},{""@Name"":""TargetName"",""#text"":""MicrosoftAccount:user=02grfmhelkgyufkr""},{""@Name"":""Type"",""#text"":""0""},{""@Name"":""CountOfCredentialsReturned"",""#text"":""0""},{""@Name"":""ReadOperation"",""#text"":""%%8100""},{""@Name"":""ReturnCode"",""#text"":""3221226021""},{""@Name"":""ProcessCreationTime"",""#text"":""2025-01-03 21:01:09.2871779""},{""@Name"":""ClientProcessId"",""#text"":""4752""}]}}"
