170,3015,2025-01-03 21:06:17.5366071,6,Info,Microsoft-Windows-FilterManager,System,4,8,WinDev2401Eval,1,S-1-5-18,,,,,,,,,,,False,C:\Users\Inferno\Desktop\al_evtx\al_System.evtx,Classic,0,"{""EventData"":{""Data"":[{""@Name"":""FinalStatus"",""#text"":""0x0""},{""@Name"":""DeviceVersionMajor"",""#text"":""10""},{""@Name"":""DeviceVersionMinor"",""#text"":""0""},{""@Name"":""DeviceNameLength"",""#text"":""4""},{""@Name"":""DeviceName"",""#text"":""UCPD""},{""@Name"":""DeviceTime"",""#text"":""2053-03-18 03:17:45.0000000""}]}}"
171,3016,2025-01-03 21:06:17.6200159,7036,Info,VfpExt,System,4,124,WinDev2401Eval,1,,,,,,,,,,,,False,C:\Users\Inferno\Desktop\al_evtx\al_System.evtx,0x80000000000000,0,"{""EventData"":{""Data"":""Driver load start"",""Binary"":""00-00-00-00-02-00-2C-00-00-00-00-00-7C-1B-00-40-00-00-00-00-00-00-00-00-00-00-00-00-00-00-00-00-00-00-00-00-00-00-00-00""}}"
172,3017,2025-01-03 21:06:17.6200159,7036,Info,VfpExt,System,4,124,WinDev2401Eval,1,,,,,,,,,,,,False,C:\Users\Inferno\Desktop\al_evtx\al_System.evtx,0x80000000000000,0,"{""EventData"":{""Data"":""Driver load complete"",""Binary"":""00-00-04-00-02-00-30-00-00-00-00-00-7C-1B-00-40-00-00-00-00-00-00-00-00-00-00-00-00-00-00-00-00-00-00-00-00-00-00-00-00-57-00-06-00""}}"
173,3018,2025-01-03 21:06:17.6659649,6,Info,Microsoft-Windows-FilterManager,System,4,8,WinDev2401Eval,1,S-1-5-18,,,,,,,,,,,False,C:\Users\Inferno\Desktop\al_evtx\al_System.evtx,Classic,0,"{""EventData"":{""Data"":[{""@Name"":""FinalStatus"",""#text"":""0x0""},{""@Name"":""DeviceVersionMajor"",""#text"":""10""},{""@Name"":""DeviceVersionMinor"",""#text"":""0""},{""@Name"":""DeviceNameLength"",""#text"":""9""},{""@Name"":""DeviceName"",""#text"":""npsvctrig""},{""@Name"":""DeviceTime"",""#text"":""1979-12-19 08:12:41.0000000""}]}}"
174,3019,2025-01-03 21:06:17.6979541,16,Info,Microsoft-Windows-Kernel-General,System,4,8,WinDev2401Eval,1,S-1-5-18,,,,,,,,,,,False,C:\Users\Inferno\Desktop\al_evtx\al_System.evtx,Classic,0,"{""EventData"":{""Data"":[{""@Name"":""HiveNameLength"",""#text"":""46""},{""@Name"":""HiveName"",""#text"":""\\Device\\HarddiskVolume2\\EFI\\Microsoft\\Boot\\BCD""},{""@Name"":""KeysUpdated"",""#text"":""68""},{""@Name"":""DirtyPages"",""#text"":""5""}]}}"
175,3020,2025-01-03 21:06:17.7008399,172,Info,Microsoft-Windows-Kernel-Power,System,4,120,WinDev2401Eval,1,S-1-5-18,,,,,,,,,,,False,C:\Users\Inferno\Desktop\al_evtx\al_System.evtx,0x8000000000000404,0,"{""EventData"":{""Data"":[{""@Name"":""State"",""#text"":""2""},{""@Name"":""Reason"",""#text"":""6""}]}}"
176,3021,2025-01-03 21:06:17.7042948,219,Warning,Microsoft-Windows-Kernel-PnP,System,4,220,WinDev2401Eval,1,S-1-5-18,,,,,,,,,,,False,C:\Users\Inferno\Desktop\al_evtx\al_System.evtx,Classic,0,"{""EventData"":{""Data"":[{""@Name"":""DriverNameLength"",""#text"":""15""},{""@Name"":""DriverName"",""#text"":""ROOT\\VMBus\\0000""},{""@Name"":""Status"",""#text"":""3221226341""},{""@Name"":""FailureNameLength"",""#text"":""14""},{""@Name"":""FailureName"",""#text"":""\\Driver\\vmbusr""},{""@Name"":""Version"",""#text"":""0""}]}}"
177,3022,2025-01-03 21:06:18.9243330,55,Info,Microsoft-Windows-Kernel-Processor-Power,System,4,220,WinDev2401Eval,1,S-1-5-18,,,,,,,,,,,False,C:\Users\Inferno\Desktop\al_evtx\al_System.evtx,Classic,0,"{""EventData"":{""Data"":[{""@Name"":""Group"",""#text"":""0""},{""@Name"":""Number"",""#text"":""0""},{""@Name"":""IdleStateCount"",""#text"":""1""},{""@Name"":""IdleImplementation"",""#text"":""1""},{""@Name"":""NominalFrequency"",""#text"":""2495""},{""@Name"":""MaximumPerformancePercent"",""#text"":""100""},{""@Name"":""MinimumPerformancePercent"",""#text"":""100""},{""@Name"":""MinimumThrottlePercent"",""#text"":""100""},{""@Name"":""PerformanceImplementation"",""#text"":""0""}]}}"
178,3023,2025-01-03 21:06:18.9247246,55,Info,Microsoft-Windows-Kernel-Processor-Power,System,4,220,WinDev2401Eval,1,S-1-5-18,,,,,,,,,,,False,C:\Users\Inferno\Desktop\al_evtx\al_System.evtx,Classic,0,"{""EventData"":{""Data"":[{""@Name"":""Group"",""#text"":""0""},{""@Name"":""Number"",""#text"":""1""},{""@Name"":""IdleStateCount"",""#text"":""1""},{""@Name"":""IdleImplementation"",""#text"":""1""},{""@Name"":""NominalFrequency"",""#text"":""2495""},{""@Name"":""MaximumPerformancePercent"",""#text"":""100""},{""@Name"":""MinimumPerformancePercent"",""#text"":""100""},{""@Name"":""MinimumThrottlePercent"",""#text"":""100""},{""@Name"":""PerformanceImplementation"",""#text"":""0""}]}}"
179,3024,2025-01-03 21:06:18.9250847,55,Info,Microsoft-Windows-Kernel-Processor-Power,System,4,220,WinDev2401Eval,1,S-1-5-18,,,,,,,,,,,False,C:\Users\Inferno\Desktop\al_evtx\al_System.evtx,Classic,0,"{""EventData"":{""Data"":[{""@Name"":""Group"",""#text"":""0""},{""@Name"":""Number"",""#text"":""2""},{""@Name"":""IdleStateCount"",""#text"":""1""},{""@Name"":""IdleImplementation"",""#text"":""1""},{""@Name"":""NominalFrequency"",""#text"":""2495""},{""@Name"":""MaximumPerformancePercent"",""#text"":""100""},{""@Name"":""MinimumPerformancePercent"",""#text"":""100""},{""@Name"":""MinimumThrottlePercent"",""#text"":""100""},{""@Name"":""PerformanceImplementation"",""#text"":""0""}]}}"
180,3025,2025-01-03 21:06:18.9253108,55,Info,Microsoft-Windows-Kernel-Processor-Power,System,4,220,WinDev2401Eval,1,S-1-5-18,,,,,,,,,,,False,C:\Users\Inferno\Desktop\al_evtx\al_System.evtx,Classic,0,"{""EventData"":{""Data"":[{""@Name"":""Group"",""#text"":""0""},{""@Name"":""Number"",""#text"":""3""},{""@Name"":""IdleStateCount"",""#text"":""1""},{""@Name"":""IdleImplementation"",""#text"":""1""},{""@Name"":""NominalFrequency"",""#text"":""2495""},{""@Name"":""MaximumPerformancePercent"",""#text"":""100""},{""@Name"":""MinimumPerformancePercent"",""#text"":""100""},{""@Name"":""MinimumThrottlePercent"",""#text"":""100""},{""@Name"":""PerformanceImplementation"",""#text"":""0""}]}}"
181,3026,2025-01-03 21:06:18.9268938,521,Info,Microsoft-Windows-Kernel-Power,System,4,356,WinDev2401Eval,1,S-1-5-18,,,,,,,,,,,False,C:\Users\Inferno\Desktop\al_evtx\al_System.evtx,0x8000000000000404,0,"{""EventData"":{""Data"":[{""@Name"":""ValidBatteryCount"",""#text"":""0""},{""@Name"":""ErrorBatteryCount"",""#text"":""0""},{""@Name"":""AbandonedBatteryCount"",""#text"":""0""}]}}"
182,3027,2025-01-03 21:06:18.9273225,521,Info,Microsoft-Windows-Kernel-Power,System,4,356,WinDev2401Eval,1,S-1-5-18,,,,,,,,,,,False,C:\Users\Inferno\Desktop\al_evtx\al_System.evtx,0x8000000000000404,0,"{""EventData"":{""Data"":[{""@Name"":""ValidBatteryCount"",""#text"":""1""},{""@Name"":""ErrorBatteryCount"",""#text"":""0""},{""@Name"":""AbandonedBatteryCount"",""#text"":""0""}]}}"
183,3028,2025-01-03 21:06:18.9682773,16,Info,Microsoft-Windows-Kernel-General,System,468,472,WinDev2401Eval,1,S-1-5-18,,,,,,,,,,,False,C:\Users\Inferno\Desktop\al_evtx\al_System.evtx,Classic,0,"{""EventData"":{""Data"":[{""@Name"":""HiveNameLength"",""#text"":""46""},{""@Name"":""HiveName"",""#text"":""\\Device\\HarddiskVolume2\\EFI\\Microsoft\\Boot\\BCD""},{""@Name"":""KeysUpdated"",""#text"":""68""},{""@Name"":""DirtyPages"",""#text"":""5""}]}}"
184,3029,2025-01-03 21:06:18.9694918,16,Info,Microsoft-Windows-Kernel-General,System,468,472,WinDev2401Eval,1,S-1-5-18,,,,,,,,,,,False,C:\Users\Inferno\Desktop\al_evtx\al_System.evtx,Classic,0,"{""EventData"":{""Data"":[{""@Name"":""HiveNameLength"",""#text"":""46""},{""@Name"":""HiveName"",""#text"":""\\Device\\HarddiskVolume2\\EFI\\Microsoft\\Boot\\BCD""},{""@Name"":""KeysUpdated"",""#text"":""68""},{""@Name"":""DirtyPages"",""#text"":""5""}]}}"
185,3030,2025-01-03 21:06:18.9785031,98,Info,Microsoft-Windows-Ntfs,System,4,52,WinDev2401Eval,1,S-1-5-18,,,,,,,,,,,False,C:\Users\Inferno\Desktop\al_evtx\al_System.evtx,0x8000000000000002,0,"{""EventData"":{""Data"":[{""@Name"":""DriveName"",""#text"":""\\\\?\\Volume{ba579dec-23d5-4cef-9451-10d971c3ff1e}""},{""@Name"":""DeviceName"",""#text"":""\\Device\\HarddiskVolume1""},{""@Name"":""CorruptionActionState"",""#text"":""0""}]}}"
186,3031,2025-01-03 21:06:18.9829523,16,Info,Microsoft-Windows-Kernel-General,System,468,472,WinDev2401Eval,1,S-1-5-18,,,,,,,,,,,False,C:\Users\Inferno\Desktop\al_evtx\al_System.evtx,Classic,0,"{""EventData"":{""Data"":[{""@Name"":""HiveNameLength"",""#text"":""46""},{""@Name"":""HiveName"",""#text"":""\\Device\\HarddiskVolume2\\EFI\\Microsoft\\Boot\\BCD""},{""@Name"":""KeysUpdated"",""#text"":""68""},{""@Name"":""DirtyPages"",""#text"":""5""}]}}"
187,3032,2025-01-03 21:06:20.3106004,15,Info,Microsoft-Windows-Kernel-General,System,104,516,WinDev2401Eval,1,S-1-5-18,,,,,,,,,,,False,C:\Users\Inferno\Desktop\al_evtx\al_System.evtx,Classic,0,"{""EventData"":{""Data"":[{""@Name"":""HiveNameLength"",""#text"":""36""},{""@Name"":""HiveName"",""#text"":""\\SystemRoot\\System32\\Config\\SOFTWARE""},{""@Name"":""OriginalSize"",""#text"":""109568000""},{""@Name"":""NewSize"",""#text"":""109424640""}]}}"
188,3033,2025-01-03 21:06:20.3389151,24,Info,Microsoft-Windows-Kernel-General,System,104,548,WinDev2401Eval,1,S-1-5-18,,,,,,,,,,,False,C:\Users\Inferno\Desktop\al_evtx\al_System.evtx,Time,0,"{""EventData"":{""Data"":[{""@Name"":""ExitReason"",""#text"":""0""},{""@Name"":""CurrentBias"",""#text"":""480""},{""@Name"":""CurrentTimeZoneID"",""#text"":""1""},{""@Name"":""TimeZoneInfoCacheUpdated"",""#text"":""0""},{""@Name"":""FirstRefresh"",""#text"":""0""}]}}"
189,3034,2025-01-03 21:06:20.3526777,16,Info,Microsoft-Windows-Kernel-General,System,440,444,WinDev2401Eval,1,S-1-5-18,,,,,,,,,,,False,C:\Users\Inferno\Desktop\al_evtx\al_System.evtx,Classic,0,"{""EventData"":{""Data"":[{""@Name"":""HiveNameLength"",""#text"":""46""},{""@Name"":""HiveName"",""#text"":""\\Device\\HarddiskVolume2\\EFI\\Microsoft\\Boot\\BCD""},{""@Name"":""KeysUpdated"",""#text"":""68""},{""@Name"":""DirtyPages"",""#text"":""5""}]}}"
190,3035,2025-01-03 21:06:20.6178481,16,Info,Microsoft-Windows-Kernel-General,System,104,524,WinDev2401Eval,1,S-1-5-18,,,,,,,,,,,False,C:\Users\Inferno\Desktop\al_evtx\al_System.evtx,Classic,0,"{""EventData"":{""Data"":[{""@Name"":""HiveNameLength"",""#text"":""35""},{""@Name"":""HiveName"",""#text"":""\\SystemRoot\\System32\\Config\\DEFAULT""},{""@Name"":""KeysUpdated"",""#text"":""276""},{""@Name"":""DirtyPages"",""#text"":""47""}]}}"
191,3036,2025-01-03 21:06:20.7125968,14,Info,Microsoft-Windows-Wininit,System,640,644,WinDev2401Eval,1,S-1-5-18,,,,,,,,,,,False,C:\Users\Inferno\Desktop\al_evtx\al_System.evtx,0x4000000000000000,0,"{""EventData"":{""Data"":[{""@Name"":""Config"",""#text"":""2""},{""@Name"":""IsTestConfig"",""#text"":""0""},{""@Name"":""IsAutoEnabled"",""#text"":""1""}]}}"
192,3037,2025-01-03 21:06:20.7126052,15,Warning,Microsoft-Windows-Wininit,System,640,644,WinDev2401Eval,1,S-1-5-18,,,,,,,,,,,False,C:\Users\Inferno\Desktop\al_evtx\al_System.evtx,0x4000000000000000,0,"{""EventData"":""""}"
193,3038,2025-01-03 21:06:20.7296454,6156,Info,LsaSrv,System,812,816,WinDev2401Eval,1,S-1-5-18,,,,,,,,,,,False,C:\Users\Inferno\Desktop\al_evtx\al_System.evtx,Classic,0,"{""EventData"":{""Data"":[{""@Name"":""HardwareChecks"",""#text"":""0""},{""@Name"":""ADDomainJoin"",""#text"":""0""},{""@Name"":""AADDomainJoin"",""#text"":""0""}]}}"
194,3039,2025-01-03 21:06:20.7339640,16,Info,Microsoft-Windows-Kernel-General,System,104,512,WinDev2401Eval,1,S-1-5-18,,,,,,,,,,,False,C:\Users\Inferno\Desktop\al_evtx\al_System.evtx,Classic,0,"{""EventData"":{""Data"":[{""@Name"":""HiveNameLength"",""#text"":""36""},{""@Name"":""HiveName"",""#text"":""\\SystemRoot\\System32\\Config\\SECURITY""},{""@Name"":""KeysUpdated"",""#text"":""76""},{""@Name"":""DirtyPages"",""#text"":""5""}]}}"
195,3040,2025-01-03 21:06:20.7528482,6155,Warning,LsaSrv,System,812,816,WinDev2401Eval,1,S-1-5-18,,,,,,,,,,,False,C:\Users\Inferno\Desktop\al_evtx\al_System.evtx,Classic,0,"{""EventData"":{""Data"":{""@Name"":""PackageName"",""#text"":""negoexts""}}}"
196,3041,2025-01-03 21:06:20.7561582,6155,Warning,LsaSrv,System,812,816,WinDev2401Eval,1,S-1-5-18,,,,,,,,,,,False,C:\Users\Inferno\Desktop\al_evtx\al_System.evtx,Classic,0,"{""EventData"":{""Data"":{""@Name"":""PackageName"",""#text"":""kerberos""}}}"
197,3042,2025-01-03 21:06:20.7646272,6155,Warning,LsaSrv,System,812,816,WinDev2401Eval,1,S-1-5-18,,,,,,,,,,,False,C:\Users\Inferno\Desktop\al_evtx\al_System.evtx,Classic,0,"{""EventData"":{""Data"":{""@Name"":""PackageName"",""#text"":""msv1_0""}}}"
198,3043,2025-01-03 21:06:20.7713571,6155,Warning,LsaSrv,System,812,816,WinDev2401Eval,1,S-1-5-18,,,,,,,,,,,False,C:\Users\Inferno\Desktop\al_evtx\al_System.evtx,Classic,0,"{""EventData"":{""Data"":{""@Name"":""PackageName"",""#text"":""tspkg""}}}"
199,3044,2025-01-03 21:06:20.7728600,6155,Warning,LsaSrv,System,812,816,WinDev2401Eval,1,S-1-5-18,,,,,,,,,,,False,C:\Users\Inferno\Desktop\al_evtx\al_System.evtx,Classic,0,"{""EventData"":{""Data"":{""@Name"":""PackageName"",""#text"":""pku2u""}}}"
200,3045,2025-01-03 21:06:20.7736588,6155,Warning,LsaSrv,System,812,816,WinDev2401Eval,1,S-1-5-18,,,,,,,,,,,False,C:\Users\Inferno\Desktop\al_evtx\al_System.evtx,Classic,0,"{""EventData"":{""Data"":{""@Name"":""PackageName"",""#text"":""cloudap""}}}"
201,3046,2025-01-03 21:06:20.7939301,6155,Warning,LsaSrv,System,812,816,WinDev2401Eval,1,S-1-5-18,,,,,,,,,,,False,C:\Users\Inferno\Desktop\al_evtx\al_System.evtx,Classic,0,"{""EventData"":{""Data"":{""@Name"":""PackageName"",""#text"":""wdigest""}}}"
202,3047,2025-01-03 21:06:20.7964921,6155,Warning,LsaSrv,System,812,816,WinDev2401Eval,1,S-1-5-18,,,,,,,,,,,False,C:\Users\Inferno\Desktop\al_evtx\al_System.evtx,Classic,0,"{""EventData"":{""Data"":{""@Name"":""PackageName"",""#text"":""schannel""}}}"
203,3048,2025-01-03 21:06:20.8034878,6155,Warning,LsaSrv,System,812,816,WinDev2401Eval,1,S-1-5-18,,,,,,,,,,,False,C:\Users\Inferno\Desktop\al_evtx\al_System.evtx,Classic,0,"{""EventData"":{""Data"":{""@Name"":""PackageName"",""#text"":""sfapm""}}}"
204,3049,2025-01-03 21:06:20.8039120,6155,Warning,LsaSrv,System,812,816,WinDev2401Eval,1,S-1-5-18,,,,,,,,,,,False,C:\Users\Inferno\Desktop\al_evtx\al_System.evtx,Classic,0,"{""EventData"":{""Data"":{""@Name"":""PackageName"",""#text"":""msv1_0""}}}"
205,3050,2025-01-03 21:06:20.8111817,16962,Info,Microsoft-Windows-Directory-Services-SAM,System,812,816,WinDev2401Eval,1,S-1-5-18,,,,,,,,,,,False,C:\Users\Inferno\Desktop\al_evtx\al_System.evtx,Classic,0,"{""EventData"":{""@Name"":""SAMMSG_RESTRICT_REMOTE_SAM_DEFAULT_SD"",""Data"":{""@Name"":""Default SD String:"",""#text"":""O:SYG:SYD:(A;;RC;;;BA)""}}}"
206,3051,2025-01-03 21:06:20.8122652,16,Info,Microsoft-Windows-Kernel-General,System,104,528,WinDev2401Eval,1,S-1-5-18,,,,,,,,,,,False,C:\Users\Inferno\Desktop\al_evtx\al_System.evtx,Classic,0,"{""EventData"":{""Data"":[{""@Name"":""HiveNameLength"",""#text"":""31""},{""@Name"":""HiveName"",""#text"":""\\SystemRoot\\System32\\Config\\SAM""},{""@Name"":""KeysUpdated"",""#text"":""67""},{""@Name"":""DirtyPages"",""#text"":""6""}]}}"
207,3052,2025-01-03 21:06:20.8141602,16977,Info,Microsoft-Windows-Directory-Services-SAM,System,812,816,WinDev2401Eval,1,S-1-5-18,,,,,,,,,,,False,C:\Users\Inferno\Desktop\al_evtx\al_System.evtx,Classic,0,"{""EventData"":{""@Name"":""SAMMSG_MINPWDLEN_SETTINGS_IN_EFFECT"",""Data"":[{""@Name"":""MinimumPasswordLength"",""#text"":""0""},{""@Name"":""RelaxMinimumPasswordLengthLimits"",""#text"":""0""},{""@Name"":""MinimumPasswordLengthAudit"",""#text"":""-1""}]}}"
208,3053,2025-01-03 21:06:20.8141620,16983,Info,Microsoft-Windows-Directory-Services-SAM,System,812,816,WinDev2401Eval,1,S-1-5-18,,,,,,,,,,,False,C:\Users\Inferno\Desktop\al_evtx\al_System.evtx,Classic,0,"{""EventData"":{""@Name"":""SAMMSG_AUDIT_LEGACY_PWD_RPC_METHODS_OFF""}}"
209,3054,2025-01-03 21:06:20.8536445,16,Info,Microsoft-Windows-Kernel-General,System,784,788,WinDev2401Eval,1,S-1-5-18,,,,,,,,,,,False,C:\Users\Inferno\Desktop\al_evtx\al_System.evtx,Classic,0,"{""EventData"":{""Data"":[{""@Name"":""HiveNameLength"",""#text"":""56""},{""@Name"":""HiveName"",""#text"":""\\??\\C:\\Windows\\ServiceProfiles\\NetworkService\\NTUSER.DAT""},{""@Name"":""KeysUpdated"",""#text"":""86""},{""@Name"":""DirtyPages"",""#text"":""15""}]}}"
210,3055,2025-01-03 21:06:20.9254465,16,Info,Microsoft-Windows-Kernel-General,System,936,1012,WinDev2401Eval,1,S-1-5-18,,,,,,,,,,,False,C:\Users\Inferno\Desktop\al_evtx\al_System.evtx,Classic,0,"{""EventData"":{""Data"":[{""@Name"":""HiveNameLength"",""#text"":""31""},{""@Name"":""HiveName"",""#text"":""\\SystemRoot\\System32\\Config\\BBI""},{""@Name"":""KeysUpdated"",""#text"":""261""},{""@Name"":""DirtyPages"",""#text"":""60""}]}}"
211,3056,2025-01-03 21:06:20.9296133,16,Info,Microsoft-Windows-Kernel-General,System,784,916,WinDev2401Eval,1,S-1-5-18,,,,,,,,,,,False,C:\Users\Inferno\Desktop\al_evtx\al_System.evtx,Classic,0,"{""EventData"":{""Data"":[{""@Name"":""HiveNameLength"",""#text"":""54""},{""@Name"":""HiveName"",""#text"":""\\??\\C:\\Windows\\ServiceProfiles\\LocalService\\NTUSER.DAT""},{""@Name"":""KeysUpdated"",""#text"":""54""},{""@Name"":""DirtyPages"",""#text"":""13""}]}}"
212,3057,2025-01-03 21:06:20.9915953,6,Info,Microsoft-Windows-FilterManager,System,4,360,WinDev2401Eval,1,S-1-5-18,,,,,,,,,,,False,C:\Users\Inferno\Desktop\al_evtx\al_System.evtx,Classic,0,"{""EventData"":{""Data"":[{""@Name"":""FinalStatus"",""#text"":""0x0""},{""@Name"":""DeviceVersionMajor"",""#text"":""10""},{""@Name"":""DeviceVersionMinor"",""#text"":""0""},{""@Name"":""DeviceNameLength"",""#text"":""3""},{""@Name"":""DeviceName"",""#text"":""bfs""},{""@Name"":""DeviceTime"",""#text"":""2013-09-13 20:21:10.0000000""}]}}"
213,3058,2025-01-03 21:06:20.9932832,7000,Error,Service Control Manager,System,784,1400,WinDev2401Eval,1,,,,,,,,,,,,False,C:\Users\Inferno\Desktop\al_evtx\al_System.evtx,"Audit success, classic",0,"{""EventData"":{""Data"":[{""@Name"":""param1"",""#text"":""luafv""},{""@Name"":""param2"",""#text"":""%%1275""}],""Binary"":""6C-00-75-00-61-00-66-00-76-00-00-00""}}"
214,3059,2025-01-03 21:06:20.9968065,6,Info,Microsoft-Windows-FilterManager,System,4,220,WinDev2401Eval,1,S-1-5-18,,,,,,,,,,,False,C:\Users\Inferno\Desktop\al_evtx\al_System.evtx,Classic,0,"{""EventData"":{""Data"":[{""@Name"":""FinalStatus"",""#text"":""0x0""},{""@Name"":""DeviceVersionMajor"",""#text"":""10""},{""@Name"":""DeviceVersionMinor"",""#text"":""0""},{""@Name"":""DeviceNameLength"",""#text"":""5""},{""@Name"":""DeviceName"",""#text"":""wcifs""},{""@Name"":""DeviceTime"",""#text"":""2086-02-07 15:15:17.0000000""}]}}"
215,3060,2025-01-03 21:06:21.0015767,6,Info,Microsoft-Windows-FilterManager,System,4,220,WinDev2401Eval,1,S-1-5-18,,,,,,,,,,,False,C:\Users\Inferno\Desktop\al_evtx\al_System.evtx,Classic,0,"{""EventData"":{""Data"":[{""@Name"":""FinalStatus"",""#text"":""0x0""},{""@Name"":""DeviceVersionMajor"",""#text"":""10""},{""@Name"":""DeviceVersionMinor"",""#text"":""0""},{""@Name"":""DeviceNameLength"",""#text"":""6""},{""@Name"":""DeviceName"",""#text"":""CldFlt""},{""@Name"":""DeviceTime"",""#text"":""2018-07-22 21:56:08.0000000""}]}}"
216,3061,2025-01-03 21:06:21.0015809,1,Info,Microsoft-Windows-FilterManager,System,4,220,WinDev2401Eval,1,S-1-5-18,,,,,,,,,,,False,C:\Users\Inferno\Desktop\al_evtx\al_System.evtx,Classic,0,"{""EventData"":{""Data"":[{""@Name"":""FinalStatus"",""#text"":""0x0""},{""@Name"":""DeviceVersionMajor"",""#text"":""10""},{""@Name"":""DeviceVersionMinor"",""#text"":""0""},{""@Name"":""DeviceNameLength"",""#text"":""6""},{""@Name"":""DeviceName"",""#text"":""CldFlt""},{""@Name"":""DeviceTime"",""#text"":""2018-07-22 21:56:08.0000000""}]}}"
217,3062,2025-01-03 21:06:21.0016120,6,Info,Microsoft-Windows-FilterManager,System,4,220,WinDev2401Eval,1,S-1-5-18,,,,,,,,,,,False,C:\Users\Inferno\Desktop\al_evtx\al_System.evtx,Classic,0,"{""EventData"":{""Data"":[{""@Name"":""FinalStatus"",""#text"":""0x0""},{""@Name"":""DeviceVersionMajor"",""#text"":""10""},{""@Name"":""DeviceVersionMinor"",""#text"":""0""},{""@Name"":""DeviceNameLength"",""#text"":""6""},{""@Name"":""DeviceName"",""#text"":""CldFlt""},{""@Name"":""DeviceTime"",""#text"":""2018-07-22 21:56:08.0000000""}]}}"
218,3063,2025-01-03 21:06:21.0179068,6,Info,Microsoft-Windows-FilterManager,System,4,220,WinDev2401Eval,1,S-1-5-18,,,,,,,,,,,False,C:\Users\Inferno\Desktop\al_evtx\al_System.evtx,Classic,0,"{""EventData"":{""Data"":[{""@Name"":""FinalStatus"",""#text"":""0x0""},{""@Name"":""DeviceVersionMajor"",""#text"":""10""},{""@Name"":""DeviceVersionMinor"",""#text"":""0""},{""@Name"":""DeviceNameLength"",""#text"":""10""},{""@Name"":""DeviceName"",""#text"":""storqosflt""},{""@Name"":""DeviceTime"",""#text"":""2065-11-24 23:15:59.0000000""}]}}"
219,3064,2025-01-03 21:06:21.0217149,6,Info,Microsoft-Windows-FilterManager,System,4,220,WinDev2401Eval,1,S-1-5-18,,,,,,,,,,,False,C:\Users\Inferno\Desktop\al_evtx\al_System.evtx,Classic,0,"{""EventData"":{""Data"":[{""@Name"":""FinalStatus"",""#text"":""0x0""},{""@Name"":""DeviceVersionMajor"",""#text"":""10""},{""@Name"":""DeviceVersionMinor"",""#text"":""0""},{""@Name"":""DeviceNameLength"",""#text"":""7""},{""@Name"":""DeviceName"",""#text"":""bindflt""},{""@Name"":""DeviceTime"",""#text"":""2032-10-19 17:22:30.0000000""}]}}"
220,3065,2025-01-03 21:06:21.0694261,50036,Info,Microsoft-Windows-Dhcp-Client,System,1720,1888,WinDev2401Eval,1,S-1-5-19,,,,,,,,,,,False,C:\Users\Inferno\Desktop\al_evtx\al_System.evtx,0x2000000000000000,0,"{""EventData"":""""}"
221,3066,2025-01-03 21:06:21.0694556,50103,Info,Microsoft-Windows-Dhcp-Client,System,1720,1888,WinDev2401Eval,1,S-1-5-19,,,,,,,,,,,False,C:\Users\Inferno\Desktop\al_evtx\al_System.evtx,0x2000000000000000,0,"{""EventData"":""""}"
222,3067,2025-01-03 21:06:21.0717209,50036,Info,Microsoft-Windows-Dhcp-Client,System,1720,1888,WinDev2401Eval,1,S-1-5-19,,,,,,,,,,,False,C:\Users\Inferno\Desktop\al_evtx\al_System.evtx,0x2000000000000000,0,"{""EventData"":""""}"
223,3068,2025-01-03 21:06:21.0980693,51046,Info,Microsoft-Windows-DHCPv6-Client,System,1720,1508,WinDev2401Eval,1,S-1-5-19,,,,,,,,,,,False,C:\Users\Inferno\Desktop\al_evtx\al_System.evtx,0x2000000000000000,0,"{""EventData"":""""}"
224,3069,2025-01-03 21:06:21.2878504,277,Info,Microsoft-Windows-Hyper-V-VmSwitch,System,4,120,WinDev2401Eval,1,S-1-5-18,,,,,,,,,,,False,C:\Users\Inferno\Desktop\al_evtx\al_System.evtx,State,0,"{""EventData"":{""Data"":[{""@Name"":""BuildNumber"",""#text"":""22621""},{""@Name"":""BuildArch"",""#text"":""amd64""},{""@Name"":""BuildBranch"",""#text"":""ni_release_svc_prod1""},{""@Name"":""Debug"",""#text"":""False""},{""@Name"":""Official"",""#text"":""True""},{""@Name"":""Date"",""#text"":""1""},{""@Name"":""Time"",""#text"":""1""}]}}"
225,3070,2025-01-03 21:06:21.3598375,112,Info,Microsoft-Windows-HttpService,System,4,124,WinDev2401Eval,1,S-1-5-18,,,,,,,,,,,False,C:\Users\Inferno\Desktop\al_evtx\al_System.evtx,0x4000000000000001,0,"{""EventData"":{""Data"":[{""@Name"":""Url"",""#text"":""http://*:5357/""},{""@Name"":""ReserveStatus"",""#text"":""0""},{""@Name"":""ProcessId"",""#text"":""4""},{""@Name"":""ExecutablePath""},{""@Name"":""UserSid"",""#text"":""S-1-5-18""}]}}"
226,3071,2025-01-03 21:06:21.3598425,112,Info,Microsoft-Windows-HttpService,System,4,124,WinDev2401Eval,1,S-1-5-18,,,,,,,,,,,False,C:\Users\Inferno\Desktop\al_evtx\al_System.evtx,0x4000000000000001,0,"{""EventData"":{""Data"":[{""@Name"":""Url"",""#text"":""http://+:80/Temporary_Listen_Addresses/""},{""@Name"":""ReserveStatus"",""#text"":""0""},{""@Name"":""ProcessId"",""#text"":""4""},{""@Name"":""ExecutablePath""},{""@Name"":""UserSid"",""#text"":""S-1-5-18""}]}}"
227,3072,2025-01-03 21:06:21.3598455,112,Info,Microsoft-Windows-HttpService,System,4,124,WinDev2401Eval,1,S-1-5-18,,,,,,,,,,,False,C:\Users\Inferno\Desktop\al_evtx\al_System.evtx,0x4000000000000001,0,"{""EventData"":{""Data"":[{""@Name"":""Url"",""#text"":""https://*:5358/""},{""@Name"":""ReserveStatus"",""#text"":""0""},{""@Name"":""ProcessId"",""#text"":""4""},{""@Name"":""ExecutablePath""},{""@Name"":""UserSid"",""#text"":""S-1-5-18""}]}}"
228,3073,2025-01-03 21:06:21.3598492,112,Info,Microsoft-Windows-HttpService,System,4,124,WinDev2401Eval,1,S-1-5-18,,,,,,,,,,,False,C:\Users\Inferno\Desktop\al_evtx\al_System.evtx,0x4000000000000001,0,"{""EventData"":{""Data"":[{""@Name"":""Url"",""#text"":""https://+:5986/wsman/""},{""@Name"":""ReserveStatus"",""#text"":""0""},{""@Name"":""ProcessId"",""#text"":""4""},{""@Name"":""ExecutablePath""},{""@Name"":""UserSid"",""#text"":""S-1-5-18""}]}}"
229,3074,2025-01-03 21:06:21.3598529,112,Info,Microsoft-Windows-HttpService,System,4,124,WinDev2401Eval,1,S-1-5-18,,,,,,,,,,,False,C:\Users\Inferno\Desktop\al_evtx\al_System.evtx,0x4000000000000001,0,"{""EventData"":{""Data"":[{""@Name"":""Url"",""#text"":""http://+:47001/wsman/""},{""@Name"":""ReserveStatus"",""#text"":""0""},{""@Name"":""ProcessId"",""#text"":""4""},{""@Name"":""ExecutablePath""},{""@Name"":""UserSid"",""#text"":""S-1-5-18""}]}}"
230,3075,2025-01-03 21:06:21.3598554,112,Info,Microsoft-Windows-HttpService,System,4,124,WinDev2401Eval,1,S-1-5-18,,,,,,,,,,,False,C:\Users\Inferno\Desktop\al_evtx\al_System.evtx,0x4000000000000001,0,"{""EventData"":{""Data"":[{""@Name"":""Url"",""#text"":""http://+:5985/wsman/""},{""@Name"":""ReserveStatus"",""#text"":""0""},{""@Name"":""ProcessId"",""#text"":""4""},{""@Name"":""ExecutablePath""},{""@Name"":""UserSid"",""#text"":""S-1-5-18""}]}}"
231,3076,2025-01-03 21:06:21.3598591,112,Info,Microsoft-Windows-HttpService,System,4,124,WinDev2401Eval,1,S-1-5-18,,,,,,,,,,,False,C:\Users\Inferno\Desktop\al_evtx\al_System.evtx,0x4000000000000001,0,"{""EventData"":{""Data"":[{""@Name"":""Url"",""#text"":""http://*:2869/""},{""@Name"":""ReserveStatus"",""#text"":""0""},{""@Name"":""ProcessId"",""#text"":""4""},{""@Name"":""ExecutablePath""},{""@Name"":""UserSid"",""#text"":""S-1-5-18""}]}}"
232,3077,2025-01-03 21:06:21.3598627,112,Info,Microsoft-Windows-HttpService,System,4,124,WinDev2401Eval,1,S-1-5-18,,,,,,,,,,,False,C:\Users\Inferno\Desktop\al_evtx\al_System.evtx,0x4000000000000001,0,"{""EventData"":{""Data"":[{""@Name"":""Url"",""#text"":""http://+:80/0131501b-d67f-491b-9a40-c4bf27bcb4d4/""},{""@Name"":""ReserveStatus"",""#text"":""0""},{""@Name"":""ProcessId"",""#text"":""4""},{""@Name"":""ExecutablePath""},{""@Name"":""UserSid"",""#text"":""S-1-5-18""}]}}"
233,3078,2025-01-03 21:06:21.3598666,112,Info,Microsoft-Windows-HttpService,System,4,124,WinDev2401Eval,1,S-1-5-18,,,,,,,,,,,False,C:\Users\Inferno\Desktop\al_evtx\al_System.evtx,0x4000000000000001,0,"{""EventData"":{""Data"":[{""@Name"":""Url"",""#text"":""https://+:443/C574AC30-5794-4AEE-B1BB-6651C5315029/""},{""@Name"":""ReserveStatus"",""#text"":""0""},{""@Name"":""ProcessId"",""#text"":""4""},{""@Name"":""ExecutablePath""},{""@Name"":""UserSid"",""#text"":""S-1-5-18""}]}}"
234,3079,2025-01-03 21:06:21.3598693,112,Info,Microsoft-Windows-HttpService,System,4,124,WinDev2401Eval,1,S-1-5-18,,,,,,,,,,,False,C:\Users\Inferno\Desktop\al_evtx\al_System.evtx,0x4000000000000001,0,"{""EventData"":{""Data"":[{""@Name"":""Url"",""#text"":""http://+:80/116B50EB-ECE2-41ac-8429-9F9E963361B7/""},{""@Name"":""ReserveStatus"",""#text"":""0""},{""@Name"":""ProcessId"",""#text"":""4""},{""@Name"":""ExecutablePath""},{""@Name"":""UserSid"",""#text"":""S-1-5-18""}]}}"
235,3080,2025-01-03 21:06:21.3598737,112,Info,Microsoft-Windows-HttpService,System,4,124,WinDev2401Eval,1,S-1-5-18,,,,,,,,,,,False,C:\Users\Inferno\Desktop\al_evtx\al_System.evtx,0x4000000000000001,0,"{""EventData"":{""Data"":[{""@Name"":""Url"",""#text"":""https://+:443/sra_{BA195980-CD49-458b-9E23-C84EE0ADCD75}/""},{""@Name"":""ReserveStatus"",""#text"":""0""},{""@Name"":""ProcessId"",""#text"":""4""},{""@Name"":""ExecutablePath""},{""@Name"":""UserSid"",""#text"":""S-1-5-18""}]}}"
236,3081,2025-01-03 21:06:21.3598765,112,Info,Microsoft-Windows-HttpService,System,4,124,WinDev2401Eval,1,S-1-5-18,,,,,,,,,,,False,C:\Users\Inferno\Desktop\al_evtx\al_System.evtx,0x4000000000000001,0,"{""EventData"":{""Data"":[{""@Name"":""Url"",""#text"":""https://+:10245/WMPNSSv4/""},{""@Name"":""ReserveStatus"",""#text"":""0""},{""@Name"":""ProcessId"",""#text"":""4""},{""@Name"":""ExecutablePath""},{""@Name"":""UserSid"",""#text"":""S-1-5-18""}]}}"
237,3082,2025-01-03 21:06:21.3598792,112,Info,Microsoft-Windows-HttpService,System,4,124,WinDev2401Eval,1,S-1-5-18,,,,,,,,,,,False,C:\Users\Inferno\Desktop\al_evtx\al_System.evtx,0x4000000000000001,0,"{""EventData"":{""Data"":[{""@Name"":""Url"",""#text"":""http://+:10243/WMPNSSv4/""},{""@Name"":""ReserveStatus"",""#text"":""0""},{""@Name"":""ProcessId"",""#text"":""4""},{""@Name"":""ExecutablePath""},{""@Name"":""UserSid"",""#text"":""S-1-5-18""}]}}"
238,3083,2025-01-03 21:06:21.3598817,112,Info,Microsoft-Windows-HttpService,System,4,124,WinDev2401Eval,1,S-1-5-18,,,,,,,,,,,False,C:\Users\Inferno\Desktop\al_evtx\al_System.evtx,0x4000000000000001,0,"{""EventData"":{""Data"":[{""@Name"":""Url"",""#text"":""https://+:3392/rdp/""},{""@Name"":""ReserveStatus"",""#text"":""0""},{""@Name"":""ProcessId"",""#text"":""4""},{""@Name"":""ExecutablePath""},{""@Name"":""UserSid"",""#text"":""S-1-5-18""}]}}"
239,3084,2025-01-03 21:06:21.3598841,112,Info,Microsoft-Windows-HttpService,System,4,124,WinDev2401Eval,1,S-1-5-18,,,,,,,,,,,False,C:\Users\Inferno\Desktop\al_evtx\al_System.evtx,0x4000000000000001,0,"{""EventData"":{""Data"":[{""@Name"":""Url"",""#text"":""http://+:3387/rdp/""},{""@Name"":""ReserveStatus"",""#text"":""0""},{""@Name"":""ProcessId"",""#text"":""4""},{""@Name"":""ExecutablePath""},{""@Name"":""UserSid"",""#text"":""S-1-5-18""}]}}"
240,3085,2025-01-03 21:06:21.3598867,112,Info,Microsoft-Windows-HttpService,System,4,124,WinDev2401Eval,1,S-1-5-18,,,,,,,,,,,False,C:\Users\Inferno\Desktop\al_evtx\al_System.evtx,0x4000000000000001,0,"{""EventData"":{""Data"":[{""@Name"":""Url"",""#text"":""http://+:10246/MDEServer/""},{""@Name"":""ReserveStatus"",""#text"":""0""},{""@Name"":""ProcessId"",""#text"":""4""},{""@Name"":""ExecutablePath""},{""@Name"":""UserSid"",""#text"":""S-1-5-18""}]}}"
241,3086,2025-01-03 21:06:21.3598902,112,Info,Microsoft-Windows-HttpService,System,4,124,WinDev2401Eval,1,S-1-5-18,,,,,,,,,,,False,C:\Users\Inferno\Desktop\al_evtx\al_System.evtx,0x4000000000000001,0,"{""EventData"":{""Data"":[{""@Name"":""Url"",""#text"":""http://+:10247/apps/""},{""@Name"":""ReserveStatus"",""#text"":""0""},{""@Name"":""ProcessId"",""#text"":""4""},{""@Name"":""ExecutablePath""},{""@Name"":""UserSid"",""#text"":""S-1-5-18""}]}}"
242,3087,2025-01-03 21:06:21.5719142,7026,Info,Service Control Manager,System,784,788,WinDev2401Eval,1,,,,,,,,,,,,False,C:\Users\Inferno\Desktop\al_evtx\al_System.evtx,"Audit success, classic",0,"{""EventData"":{""Data"":{""@Name"":""param1"",""#text"":"", dam""}}}"
243,3088,2025-01-03 21:06:22.1802261,1796,Error,Microsoft-Windows-TPM-WMI,System,3408,1788,WinDev2401Eval,1,S-1-5-18,,,,,,,,,,,False,C:\Users\Inferno\Desktop\al_evtx\al_System.evtx,Classic,0,"{""EventData"":{""Data"":{""@Name"":""HResult"",""#text"":""-2147020471""}}}"
244,3089,2025-01-03 21:06:25.2675445,18,Info,TPM,System,4,260,WinDev2401Eval,1,S-1-5-18,,,,,,,,,,,False,C:\Users\Inferno\Desktop\al_evtx\al_System.evtx,Classic,0,"{""EventData"":{""Data"":[{""@Name"":""driverFile"",""#text"":""0x14""},{""@Name"":""lineNumber"",""#text"":""217""},{""@Name"":""Data"",""#text"":""0""}]}}"
245,3090,2025-01-03 21:06:25.2937610,15,Error,TPM,System,4040,2672,WinDev2401Eval,1,S-1-5-18,,,,,,,,,,,False,C:\Users\Inferno\Desktop\al_evtx\al_System.evtx,Classic,0,"{""EventData"":{""Data"":[{""@Name"":""driverFile"",""#text"":""0x2""},{""@Name"":""lineNumber"",""#text"":""369""},{""@Name"":""Data"",""#text"":""3221225524""}]}}"
246,3091,2025-01-03 21:06:25.2938406,15,Error,TPM,System,4040,2672,WinDev2401Eval,1,S-1-5-18,,,,,,,,,,,False,C:\Users\Inferno\Desktop\al_evtx\al_System.evtx,Classic,0,"{""EventData"":{""Data"":[{""@Name"":""driverFile"",""#text"":""0x2""},{""@Name"":""lineNumber"",""#text"":""369""},{""@Name"":""Data"",""#text"":""3221225524""}]}}"
247,3092,2025-01-03 21:06:25.2995555,15,Error,TPM,System,4040,2672,WinDev2401Eval,1,S-1-5-18,,,,,,,,,,,False,C:\Users\Inferno\Desktop\al_evtx\al_System.evtx,Classic,0,"{""EventData"":{""Data"":[{""@Name"":""driverFile"",""#text"":""0x2""},{""@Name"":""lineNumber"",""#text"":""369""},{""@Name"":""Data"",""#text"":""3221225524""}]}}"
248,3093,2025-01-03 21:06:25.2998922,15,Error,TPM,System,4040,2672,WinDev2401Eval,1,S-1-5-18,,,,,,,,,,,False,C:\Users\Inferno\Desktop\al_evtx\al_System.evtx,Classic,0,"{""EventData"":{""Data"":[{""@Name"":""driverFile"",""#text"":""0x2""},{""@Name"":""lineNumber"",""#text"":""369""},{""@Name"":""Data"",""#text"":""3221225524""}]}}"
249,3094,2025-01-03 21:06:25.3384419,1282,Info,Microsoft-Windows-TPM-WMI,System,4040,2672,WinDev2401Eval,1,S-1-5-18,,,,,,,,,,,False,C:\Users\Inferno\Desktop\al_evtx\al_System.evtx,Classic,0,"{""EventData"":""""}"
250,3095,2025-01-03 21:06:25.3520439,1025,Info,Microsoft-Windows-TPM-WMI,System,4040,2672,WinDev2401Eval,1,S-1-5-18,,,,,,,,,,,False,C:\Users\Inferno\Desktop\al_evtx\al_System.evtx,Classic,0,"{""EventData"":""""}"
251,3096,2025-01-03 21:06:25.3536617,15,Error,TPM,System,4040,2672,WinDev2401Eval,1,S-1-5-18,,,,,,,,,,,False,C:\Users\Inferno\Desktop\al_evtx\al_System.evtx,Classic,0,"{""EventData"":{""Data"":[{""@Name"":""driverFile"",""#text"":""0x2""},{""@Name"":""lineNumber"",""#text"":""369""},{""@Name"":""Data"",""#text"":""3221225524""}]}}"
252,3097,2025-01-03 21:06:25.3537592,15,Error,TPM,System,4040,2672,WinDev2401Eval,1,S-1-5-18,,,,,,,,,,,False,C:\Users\Inferno\Desktop\al_evtx\al_System.evtx,Classic,0,"{""EventData"":{""Data"":[{""@Name"":""driverFile"",""#text"":""0x2""},{""@Name"":""lineNumber"",""#text"":""369""},{""@Name"":""Data"",""#text"":""3221225524""}]}}"
253,3098,2025-01-03 21:06:25.8109324,7001,Info,Microsoft-Windows-Winlogon,System,740,1356,WinDev2401Eval,1,S-1-5-18,User logon,,,UserSID: S-1-5-21-1837475949-2032650698-3025450431-1000,,,,,,,False,C:\Users\Inferno\Desktop\al_evtx\al_System.evtx,0x2000200000000000,0,"{""EventData"":{""Data"":[{""@Name"":""TSId"",""#text"":""1""},{""@Name"":""UserSid"",""#text"":""S-1-5-21-1837475949-2032650698-3025450431-1000""}]}}"
254,3099,2025-01-03 21:06:30.4718915,15,Error,TPM,System,7888,7936,WinDev2401Eval,1,S-1-5-21-1837475949-2032650698-3025450431-1000,,,,,,,,,,,False,C:\Users\Inferno\Desktop\al_evtx\al_System.evtx,Classic,0,"{""EventData"":{""Data"":[{""@Name"":""driverFile"",""#text"":""0x2""},{""@Name"":""lineNumber"",""#text"":""369""},{""@Name"":""Data"",""#text"":""3221225524""}]}}"
255,3100,2025-01-03 21:06:30.4766768,15,Error,TPM,System,7888,7936,WinDev2401Eval,1,S-1-5-21-1837475949-2032650698-3025450431-1000,,,,,,,,,,,False,C:\Users\Inferno\Desktop\al_evtx\al_System.evtx,Classic,0,"{""EventData"":{""Data"":[{""@Name"":""driverFile"",""#text"":""0x2""},{""@Name"":""lineNumber"",""#text"":""369""},{""@Name"":""Data"",""#text"":""3221225524""}]}}"
256,3101,2025-01-03 21:06:30.5211871,15,Error,TPM,System,7888,7936,WinDev2401Eval,1,S-1-5-21-1837475949-2032650698-3025450431-1000,,,,,,,,,,,False,C:\Users\Inferno\Desktop\al_evtx\al_System.evtx,Classic,0,"{""EventData"":{""Data"":[{""@Name"":""driverFile"",""#text"":""0x2""},{""@Name"":""lineNumber"",""#text"":""369""},{""@Name"":""Data"",""#text"":""3221225524""}]}}"
257,3102,2025-01-03 21:06:30.5259121,15,Error,TPM,System,7888,7936,WinDev2401Eval,1,S-1-5-21-1837475949-2032650698-3025450431-1000,,,,,,,,,,,False,C:\Users\Inferno\Desktop\al_evtx\al_System.evtx,Classic,0,"{""EventData"":{""Data"":[{""@Name"":""driverFile"",""#text"":""0x2""},{""@Name"":""lineNumber"",""#text"":""369""},{""@Name"":""Data"",""#text"":""3221225524""}]}}"
258,3103,2025-01-03 21:06:30.5737980,15,Error,TPM,System,7888,8084,WinDev2401Eval,1,S-1-5-21-1837475949-2032650698-3025450431-1000,,,,,,,,,,,False,C:\Users\Inferno\Desktop\al_evtx\al_System.evtx,Classic,0,"{""EventData"":{""Data"":[{""@Name"":""driverFile"",""#text"":""0x2""},{""@Name"":""lineNumber"",""#text"":""369""},{""@Name"":""Data"",""#text"":""3221225524""}]}}"
259,3104,2025-01-03 21:06:30.5770539,15,Error,TPM,System,7888,8084,WinDev2401Eval,1,S-1-5-21-1837475949-2032650698-3025450431-1000,,,,,,,,,,,False,C:\Users\Inferno\Desktop\al_evtx\al_System.evtx,Classic,0,"{""EventData"":{""Data"":[{""@Name"":""driverFile"",""#text"":""0x2""},{""@Name"":""lineNumber"",""#text"":""369""},{""@Name"":""Data"",""#text"":""3221225524""}]}}"
260,3105,2025-01-03 21:07:29.7399569,16,Info,Microsoft-Windows-Kernel-General,System,5344,9616,WinDev2401Eval,1,S-1-5-18,,,,,,,,,,,False,C:\Users\Inferno\Desktop\al_evtx\al_System.evtx,Classic,0,"{""EventData"":{""Data"":[{""@Name"":""HiveNameLength"",""#text"":""117""},{""@Name"":""HiveName"",""#text"":""\\??\\C:\\Users\\User\\AppData\\Local\\Packages\\Microsoft.Windows.ContentDeliveryManager_cw5n1h2txyewy\\Settings\\settings.dat""},{""@Name"":""KeysUpdated"",""#text"":""279""},{""@Name"":""DirtyPages"",""#text"":""24""}]}}"
261,3106,2025-01-03 21:07:47.8701895,7045,Info,Service Control Manager,System,784,868,WinDev2401Eval,1,S-1-5-21-1837475949-2032650698-3025450431-1000,A new service was installed in the system,,,Name: QcUcMElh,StartType: auto start,Account: LocalSystem,,,,C:\ProgramData\AQsYYssI\lmIcgUEQ.exe,False,C:\Users\Inferno\Desktop\al_evtx\al_System.evtx,"Audit success, classic",0,"{""EventData"":{""Data"":[{""@Name"":""ServiceName"",""#text"":""QcUcMElh""},{""@Name"":""ImagePath"",""#text"":""C:\\ProgramData\\AQsYYssI\\lmIcgUEQ.exe""},{""@Name"":""ServiceType"",""#text"":""user mode service""},{""@Name"":""StartType"",""#text"":""auto start""},{""@Name"":""AccountName"",""#text"":""LocalSystem""}]}}"
262,3107,2025-01-03 21:08:27.1938368,10016,Warning,Microsoft-Windows-DistributedCOM,System,348,572,WinDev2401Eval,1,S-1-5-18,,,,,,,,,,,False,C:\Users\Inferno\Desktop\al_evtx\al_System.evtx,"Audit success, classic",0,"{""EventData"":{""Data"":[{""@Name"":""param1"",""#text"":""application-specific""},{""@Name"":""param2"",""#text"":""Local""},{""@Name"":""param3"",""#text"":""Launch""},{""@Name"":""param4"",""#text"":""Windows.SecurityCenter.WscBrokerManager""},{""@Name"":""param5"",""#text"":""Unavailable""},{""@Name"":""param6"",""#text"":""NT AUTHORITY""},{""@Name"":""param7"",""#text"":""SYSTEM""},{""@Name"":""param8"",""#text"":""S-1-5-18""},{""@Name"":""param9"",""#text"":""LocalHost (Using LRPC)""},{""@Name"":""param10"",""#text"":""Unavailable""},{""@Name"":""param11"",""#text"":""Unavailable""}]}}"
263,3108,2025-01-03 21:08:27.1938368,10016,Warning,Microsoft-Windows-DistributedCOM,System,348,572,WinDev2401Eval,1,S-1-5-18,,,,,,,,,,,False,C:\Users\Inferno\Desktop\al_evtx\al_System.evtx,"Audit success, classic",0,"{""EventData"":{""Data"":[{""@Name"":""param1"",""#text"":""application-specific""},{""@Name"":""param2"",""#text"":""Local""},{""@Name"":""param3"",""#text"":""Launch""},{""@Name"":""param4"",""#text"":""Windows.SecurityCenter.SecurityAppBroker""},{""@Name"":""param5"",""#text"":""Unavailable""},{""@Name"":""param6"",""#text"":""NT AUTHORITY""},{""@Name"":""param7"",""#text"":""SYSTEM""},{""@Name"":""param8"",""#text"":""S-1-5-18""},{""@Name"":""param9"",""#text"":""LocalHost (Using LRPC)""},{""@Name"":""param10"",""#text"":""Unavailable""},{""@Name"":""param11"",""#text"":""Unavailable""}]}}"
264,3109,2025-01-03 21:08:28.2957824,7034,Error,Service Control Manager,System,784,3764,WinDev2401Eval,1,,Service crashed unexpectedly,,,Name: Microsoft Update Health Service,It has done this 1 time(s),,,,,,False,C:\Users\Inferno\Desktop\al_evtx\al_System.evtx,"Audit success, classic",0,"{""EventData"":{""Data"":[{""@Name"":""param1"",""#text"":""Microsoft Update Health Service""},{""@Name"":""param2"",""#text"":""1""}],""Binary"":""75-00-68-00-73-00-73-00-76-00-63-00-00-00""}}"
265,3110,2025-01-03 21:13:03.9775890,15,Error,TPM,System,7888,9424,WinDev2401Eval,1,S-1-5-21-1837475949-2032650698-3025450431-1000,,,,,,,,,,,False,C:\Users\Inferno\Desktop\al_evtx\al_System.evtx,Classic,0,"{""EventData"":{""Data"":[{""@Name"":""driverFile"",""#text"":""0x2""},{""@Name"":""lineNumber"",""#text"":""369""},{""@Name"":""Data"",""#text"":""3221225524""}]}}"
266,3111,2025-01-03 21:13:03.9797056,15,Error,TPM,System,7888,9424,WinDev2401Eval,1,S-1-5-21-1837475949-2032650698-3025450431-1000,,,,,,,,,,,False,C:\Users\Inferno\Desktop\al_evtx\al_System.evtx,Classic,0,"{""EventData"":{""Data"":[{""@Name"":""driverFile"",""#text"":""0x2""},{""@Name"":""lineNumber"",""#text"":""369""},{""@Name"":""Data"",""#text"":""3221225524""}]}}"
267,3112,2025-01-03 21:13:29.7577151,7040,Info,Service Control Manager,System,784,2324,WinDev2401Eval,1,S-1-5-18,Start type of a service has changed,,,The start type of the Background Intelligent Transfer Service was changed from auto start to demand start,,,,,,BITS,False,C:\Users\Inferno\Desktop\al_evtx\al_System.evtx,"Audit success, classic",0,"{""EventData"":{""Data"":[{""@Name"":""param1"",""#text"":""Background Intelligent Transfer Service""},{""@Name"":""param2"",""#text"":""auto start""},{""@Name"":""param3"",""#text"":""demand start""},{""@Name"":""param4"",""#text"":""BITS""}]}}"
268,3113,2025-01-03 21:16:23.1355742,15,Error,TPM,System,7888,9116,WinDev2401Eval,1,S-1-5-18,,,,,,,,,,,False,C:\Users\Inferno\Desktop\al_evtx\al_System.evtx,Classic,0,"{""EventData"":{""Data"":[{""@Name"":""driverFile"",""#text"":""0x2""},{""@Name"":""lineNumber"",""#text"":""369""},{""@Name"":""Data"",""#text"":""3221225524""}]}}"
269,3114,2025-01-03 21:16:23.1410190,15,Error,TPM,System,7888,9116,WinDev2401Eval,1,S-1-5-18,,,,,,,,,,,False,C:\Users\Inferno\Desktop\al_evtx\al_System.evtx,Classic,0,"{""EventData"":{""Data"":[{""@Name"":""driverFile"",""#text"":""0x2""},{""@Name"":""lineNumber"",""#text"":""369""},{""@Name"":""Data"",""#text"":""3221225524""}]}}"
270,3115,2025-01-03 21:16:23.2581420,15,Error,TPM,System,7888,4384,WinDev2401Eval,1,S-1-5-18,,,,,,,,,,,False,C:\Users\Inferno\Desktop\al_evtx\al_System.evtx,Classic,0,"{""EventData"":{""Data"":[{""@Name"":""driverFile"",""#text"":""0x2""},{""@Name"":""lineNumber"",""#text"":""369""},{""@Name"":""Data"",""#text"":""3221225524""}]}}"
271,3116,2025-01-03 21:16:23.2602348,15,Error,TPM,System,7888,4384,WinDev2401Eval,1,S-1-5-18,,,,,,,,,,,False,C:\Users\Inferno\Desktop\al_evtx\al_System.evtx,Classic,0,"{""EventData"":{""Data"":[{""@Name"":""driverFile"",""#text"":""0x2""},{""@Name"":""lineNumber"",""#text"":""369""},{""@Name"":""Data"",""#text"":""3221225524""}]}}"
272,3117,2025-01-03 21:16:23.2886562,15,Error,TPM,System,7888,4384,WinDev2401Eval,1,S-1-5-18,,,,,,,,,,,False,C:\Users\Inferno\Desktop\al_evtx\al_System.evtx,Classic,0,"{""EventData"":{""Data"":[{""@Name"":""driverFile"",""#text"":""0x2""},{""@Name"":""lineNumber"",""#text"":""369""},{""@Name"":""Data"",""#text"":""3221225524""}]}}"
273,3118,2025-01-03 21:16:23.2914832,15,Error,TPM,System,7888,4384,WinDev2401Eval,1,S-1-5-18,,,,,,,,,,,False,C:\Users\Inferno\Desktop\al_evtx\al_System.evtx,Classic,0,"{""EventData"":{""Data"":[{""@Name"":""driverFile"",""#text"":""0x2""},{""@Name"":""lineNumber"",""#text"":""369""},{""@Name"":""Data"",""#text"":""3221225524""}]}}"
274,3119,2025-01-03 21:16:28.2015090,44,Info,Microsoft-Windows-WindowsUpdateClient,System,2788,4644,WinDev2401Eval,1,S-1-5-18,,,,,,,,,,,False,C:\Users\Inferno\Desktop\al_evtx\al_System.evtx,0x8000000000002004,0,"{""EventData"":{""Data"":[{""@Name"":""updateTitle"",""#text"":""Update for Microsoft Defender Antivirus antimalware platform - KB4052623 (Version 4.18.24090.11) - Current Channel (Broad)""},{""@Name"":""updateGuid"",""#text"":""21d92ec3-15e2-44f9-99cd-d46ab34d39c4""},{""@Name"":""updateRevisionNumber"",""#text"":""200""}]}}"
275,3120,2025-01-03 21:16:34.6408418,43,Info,Microsoft-Windows-WindowsUpdateClient,System,2788,6724,WinDev2401Eval,1,S-1-5-18,,,,,,,,,,,False,C:\Users\Inferno\Desktop\al_evtx\al_System.evtx,0x8000000000002008,0,"{""EventData"":{""Data"":[{""@Name"":""updateTitle"",""#text"":""Update for Microsoft Defender Antivirus antimalware platform - KB4052623 (Version 4.18.24090.11) - Current Channel (Broad)""},{""@Name"":""updateGuid"",""#text"":""21d92ec3-15e2-44f9-99cd-d46ab34d39c4""},{""@Name"":""updateRevisionNumber"",""#text"":""200""}]}}"
276,3121,2025-01-03 21:16:38.0942943,1,Info,Microsoft-Windows-FilterManager,System,4,360,WinDev2401Eval,1,S-1-5-18,,,,,,,,,,,False,C:\Users\Inferno\Desktop\al_evtx\al_System.evtx,Classic,0,"{""EventData"":{""Data"":[{""@Name"":""FinalStatus"",""#text"":""0x0""},{""@Name"":""DeviceVersionMajor"",""#text"":""10""},{""@Name"":""DeviceVersionMinor"",""#text"":""0""},{""@Name"":""DeviceNameLength"",""#text"":""8""},{""@Name"":""DeviceName"",""#text"":""WdFilter""},{""@Name"":""DeviceTime"",""#text"":""2055-04-20 12:48:29.0000000""}]}}"
277,3122,2025-01-03 21:16:42.9567217,6,Info,Microsoft-Windows-FilterManager,System,4,552,WinDev2401Eval,1,S-1-5-18,,,,,,,,,,,False,C:\Users\Inferno\Desktop\al_evtx\al_System.evtx,Classic,0,"{""EventData"":{""Data"":[{""@Name"":""FinalStatus"",""#text"":""0x0""},{""@Name"":""DeviceVersionMajor"",""#text"":""10""},{""@Name"":""DeviceVersionMinor"",""#text"":""0""},{""@Name"":""DeviceNameLength"",""#text"":""8""},{""@Name"":""DeviceName"",""#text"":""WdFilter""},{""@Name"":""DeviceTime"",""#text"":""2072-04-25 20:11:39.0000000""}]}}"
278,3123,2025-01-03 21:16:46.0354124,19,Info,Microsoft-Windows-WindowsUpdateClient,System,2788,6724,WinDev2401Eval,1,S-1-5-18,,,,,,,,,,,False,C:\Users\Inferno\Desktop\al_evtx\al_System.evtx,Installation,0,"{""EventData"":{""Data"":[{""@Name"":""updateTitle"",""#text"":""Update for Microsoft Defender Antivirus antimalware platform - KB4052623 (Version 4.18.24090.11) - Current Channel (Broad)""},{""@Name"":""updateGuid"",""#text"":""21d92ec3-15e2-44f9-99cd-d46ab34d39c4""},{""@Name"":""updateRevisionNumber"",""#text"":""200""},{""@Name"":""serviceGuid"",""#text"":""9482f4b4-e343-43b6-b170-9a65bc822c77""}]}}"
279,3124,2025-01-03 21:16:54.4187968,16,Info,Microsoft-Windows-Kernel-General,System,676,2188,WinDev2401Eval,1,S-1-5-18,,,,,,,,,,,False,C:\Users\Inferno\Desktop\al_evtx\al_System.evtx,Classic,0,"{""EventData"":{""Data"":[{""@Name"":""HiveNameLength"",""#text"":""85""},{""@Name"":""HiveName"",""#text"":""\\??\\C:\\ProgramData\\Microsoft\\Provisioning\\Microsoft-Desktop-Provisioning-Sequence.dat""},{""@Name"":""KeysUpdated"",""#text"":""0""},{""@Name"":""DirtyPages"",""#text"":""0""}]}}"
280,3125,2025-01-03 21:16:57.6096439,22,Info,Microsoft-Windows-UserModePowerService,System,936,1060,WinDev2401Eval,1,S-1-5-18,,,,,,,,,,,False,C:\Users\Inferno\Desktop\al_evtx\al_System.evtx,0x4000000000000000,0,"{""EventData"":{""Data"":{""@Name"":""Turn"",""#text"":""5""}}}"
281,3126,2025-01-03 21:16:59.1518813,15,Error,TPM,System,7888,9116,WinDev2401Eval,1,S-1-5-18,,,,,,,,,,,False,C:\Users\Inferno\Desktop\al_evtx\al_System.evtx,Classic,0,"{""EventData"":{""Data"":[{""@Name"":""driverFile"",""#text"":""0x2""},{""@Name"":""lineNumber"",""#text"":""369""},{""@Name"":""Data"",""#text"":""3221225524""}]}}"
282,3127,2025-01-03 21:16:59.1543954,15,Error,TPM,System,7888,9116,WinDev2401Eval,1,S-1-5-18,,,,,,,,,,,False,C:\Users\Inferno\Desktop\al_evtx\al_System.evtx,Classic,0,"{""EventData"":{""Data"":[{""@Name"":""driverFile"",""#text"":""0x2""},{""@Name"":""lineNumber"",""#text"":""369""},{""@Name"":""Data"",""#text"":""3221225524""}]}}"
