72,21014,2025-01-03 21:01:11.1774618,5379,LogAlways,Microsoft-Windows-Security-Auditing,Security,816,896,WinDev2401Eval,0,,Credential Manager credentials were read,WINDEV2401EVAL$,,SID: S-1-5-18,Domain: WORKGROUP,LogonID: 0x3E7,CountOfCredentialsReturned: 1,,ActivityID: a4c17575-5e65-0001-2e76-c1a4655edb01,WindowsLive:target=virtualapp/didlogical,False,C:\Users\Inferno\Desktop\al_evtx\al_Security.evtx,Audit success,0,"{""EventData"":{""Data"":[{""@Name"":""SubjectUserSid"",""#text"":""S-1-5-18""},{""@Name"":""SubjectUserName"",""#text"":""WINDEV2401EVAL$""},{""@Name"":""SubjectDomainName"",""#text"":""WORKGROUP""},{""@Name"":""SubjectLogonId"",""#text"":""0x3E7""},{""@Name"":""TargetName"",""#text"":""WindowsLive:target=virtualapp/didlogical""},{""@Name"":""Type"",""#text"":""0""},{""@Name"":""CountOfCredentialsReturned"",""#text"":""1""},{""@Name"":""ReadOperation"",""#text"":""%%8100""},{""@Name"":""ReturnCode"",""#text"":""0""},{""@Name"":""ProcessCreationTime"",""#text"":""2025-01-03 21:01:09.2871779""},{""@Name"":""ClientProcessId"",""#text"":""4752""}]}}"
73,21015,2025-01-03 21:01:15.0706788,4625,LogAlways,Microsoft-Windows-Security-Auditing,Security,816,852,WinDev2401Eval,0,,Failed logon,WORKGROUP\WINDEV2401EVAL$,WINDEV2401EVAL (127.0.0.1),Target: WINDEV2401EVAL\User,LogonType 2,"FailureReason1: referenced user name and authentication information are valid, but some user account restriction has prevented successful authentication (such as time-of-day restrictions)",FailureReason2: user logon with expired password,,,C:\Windows\System32\svchost.exe,False,C:\Users\Inferno\Desktop\al_evtx\al_Security.evtx,Audit failure,0,"{""EventData"":{""Data"":[{""@Name"":""SubjectUserSid"",""#text"":""S-1-5-18""},{""@Name"":""SubjectUserName"",""#text"":""WINDEV2401EVAL$""},{""@Name"":""SubjectDomainName"",""#text"":""WORKGROUP""},{""@Name"":""SubjectLogonId"",""#text"":""0x3E7""},{""@Name"":""TargetUserSid"",""#text"":""S-1-0-0""},{""@Name"":""TargetUserName"",""#text"":""User""},{""@Name"":""TargetDomainName"",""#text"":""WINDEV2401EVAL""},{""@Name"":""Status"",""#text"":""0xC000006E""},{""@Name"":""FailureReason"",""#text"":""%%2309""},{""@Name"":""SubStatus"",""#text"":""0xC0000071""},{""@Name"":""LogonType"",""#text"":""2""},{""@Name"":""LogonProcessName"",""#text"":""User32 ""},{""@Name"":""AuthenticationPackageName"",""#text"":""Negotiate""},{""@Name"":""WorkstationName"",""#text"":""WINDEV2401EVAL""},{""@Name"":""TransmittedServices"",""#text"":""-""},{""@Name"":""LmPackageName"",""#text"":""-""},{""@Name"":""KeyLength"",""#text"":""0""},{""@Name"":""ProcessId"",""#text"":""0x84C""},{""@Name"":""ProcessName"",""#text"":""C:\\Windows\\System32\\svchost.exe""},{""@Name"":""IpAddress"",""#text"":""127.0.0.1""},{""@Name"":""IpPort"",""#text"":""0""}]}}"
74,21016,2025-01-03 21:01:20.0834277,4723,LogAlways,Microsoft-Windows-Security-Auditing,Security,816,896,WinDev2401Eval,0,,An attempt was made to change an account's password,WORKGROUP\WINDEV2401EVAL$ (S-1-5-18),,Target: WINDEV2401EVAL\User (S-1-5-21-1837475949-2032650698-3025450431-1000),SubjectLogonId: 0x3E7,,,,,,False,C:\Users\Inferno\Desktop\al_evtx\al_Security.evtx,Audit success,0,"{""EventData"":{""Data"":[{""@Name"":""TargetUserName"",""#text"":""User""},{""@Name"":""TargetDomainName"",""#text"":""WINDEV2401EVAL""},{""@Name"":""TargetSid"",""#text"":""S-1-5-21-1837475949-2032650698-3025450431-1000""},{""@Name"":""SubjectUserSid"",""#text"":""S-1-5-18""},{""@Name"":""SubjectUserName"",""#text"":""WINDEV2401EVAL$""},{""@Name"":""SubjectDomainName"",""#text"":""WORKGROUP""},{""@Name"":""SubjectLogonId"",""#text"":""0x3E7""},{""@Name"":""PrivilegeList"",""#text"":""-""}]}}"
75,21017,2025-01-03 21:01:20.1236322,4648,LogAlways,Microsoft-Windows-Security-Auditing,Security,816,852,WinDev2401Eval,1,,A logon was attempted using explicit credentials,WORKGROUP\WINDEV2401EVAL$,-:-,Target: WINDEV2401EVAL\User,TargetServerName: localhost,PID: 0x330,TargetInfo: localhost,,,C:\Windows\System32\lsass.exe,False,C:\Users\Inferno\Desktop\al_evtx\al_Security.evtx,Audit success,0,"{""EventData"":{""Data"":[{""@Name"":""SubjectUserSid"",""#text"":""S-1-5-18""},{""@Name"":""SubjectUserName"",""#text"":""WINDEV2401EVAL$""},{""@Name"":""SubjectDomainName"",""#text"":""WORKGROUP""},{""@Name"":""SubjectLogonId"",""#text"":""0x3E7""},{""@Name"":""LogonGuid"",""#text"":""00000000-0000-0000-0000-000000000000""},{""@Name"":""TargetUserName"",""#text"":""User""},{""@Name"":""TargetDomainName"",""#text"":""WINDEV2401EVAL""},{""@Name"":""TargetLogonGuid"",""#text"":""00000000-0000-0000-0000-000000000000""},{""@Name"":""TargetServerName"",""#text"":""localhost""},{""@Name"":""TargetInfo"",""#text"":""localhost""},{""@Name"":""ProcessId"",""#text"":""0x330""},{""@Name"":""ProcessName"",""#text"":""C:\\Windows\\System32\\lsass.exe""},{""@Name"":""IpAddress"",""#text"":""-""},{""@Name"":""IpPort"",""#text"":""-""}]}}"
76,21018,2025-01-03 21:01:20.1236473,4624,LogAlways,Microsoft-Windows-Security-Auditing,Security,816,852,WinDev2401Eval,1,,Successful logon,WORKGROUP\WINDEV2401EVAL$,WINDEV2401EVAL (-),Target: WINDEV2401EVAL\User,LogonType 2,LogonId: 0x5FBAD,AuthenticationPackageName: Negotiate,"LogonProcessName: Advapi  ",,C:\Windows\System32\lsass.exe,False,C:\Users\Inferno\Desktop\al_evtx\al_Security.evtx,Audit success,0,"{""EventData"":{""Data"":[{""@Name"":""SubjectUserSid"",""#text"":""S-1-5-18""},{""@Name"":""SubjectUserName"",""#text"":""WINDEV2401EVAL$""},{""@Name"":""SubjectDomainName"",""#text"":""WORKGROUP""},{""@Name"":""SubjectLogonId"",""#text"":""0x3E7""},{""@Name"":""TargetUserSid"",""#text"":""S-1-5-21-1837475949-2032650698-3025450431-1000""},{""@Name"":""TargetUserName"",""#text"":""User""},{""@Name"":""TargetDomainName"",""#text"":""WINDEV2401EVAL""},{""@Name"":""TargetLogonId"",""#text"":""0x5FBAD""},{""@Name"":""LogonType"",""#text"":""2""},{""@Name"":""LogonProcessName"",""#text"":""Advapi  ""},{""@Name"":""AuthenticationPackageName"",""#text"":""Negotiate""},{""@Name"":""WorkstationName"",""#text"":""WINDEV2401EVAL""},{""@Name"":""LogonGuid"",""#text"":""00000000-0000-0000-0000-000000000000""},{""@Name"":""TransmittedServices"",""#text"":""-""},{""@Name"":""LmPackageName"",""#text"":""-""},{""@Name"":""KeyLength"",""#text"":""0""},{""@Name"":""ProcessId"",""#text"":""0x330""},{""@Name"":""ProcessName"",""#text"":""C:\\Windows\\System32\\lsass.exe""},{""@Name"":""IpAddress"",""#text"":""-""},{""@Name"":""IpPort"",""#text"":""-""},{""@Name"":""ImpersonationLevel"",""#text"":""%%1833""},{""@Name"":""RestrictedAdminMode"",""#text"":""-""},{""@Name"":""RemoteCredentialGuard"",""#text"":""-""},{""@Name"":""TargetOutboundUserName"",""#text"":""-""},{""@Name"":""TargetOutboundDomainName"",""#text"":""-""},{""@Name"":""VirtualAccount"",""#text"":""%%1843""},{""@Name"":""TargetLinkedLogonId"",""#text"":""0x0""},{""@Name"":""ElevatedToken"",""#text"":""%%1842""}]}}"
77,21019,2025-01-03 21:01:20.1236763,4672,LogAlways,Microsoft-Windows-Security-Auditing,Security,816,852,WinDev2401Eval,1,,Administrative logon,WINDEV2401EVAL\User (S-1-5-21-1837475949-2032650698-3025450431-1000),,"PrivilegeList: SeSecurityPrivilege, SeTakeOwnershipPrivilege, SeLoadDriverPrivilege, SeBackupPrivilege, SeRestorePrivilege, SeDebugPrivilege, SeSystemEnvironmentPrivilege, SeImpersonatePrivilege, SeDelegateSessionUserImpersonatePrivilege",LogonId: 0x5FBAD,,,,,,False,C:\Users\Inferno\Desktop\al_evtx\al_Security.evtx,Audit success,0,"{""EventData"":{""Data"":[{""@Name"":""SubjectUserSid"",""#text"":""S-1-5-21-1837475949-2032650698-3025450431-1000""},{""@Name"":""SubjectUserName"",""#text"":""User""},{""@Name"":""SubjectDomainName"",""#text"":""WINDEV2401EVAL""},{""@Name"":""SubjectLogonId"",""#text"":""0x5FBAD""},{""@Name"":""PrivilegeList"",""#text"":""SeSecurityPrivilege, SeTakeOwnershipPrivilege, SeLoadDriverPrivilege, SeBackupPrivilege, SeRestorePrivilege, SeDebugPrivilege, SeSystemEnvironmentPrivilege, SeImpersonatePrivilege, SeDelegateSessionUserImpersonatePrivilege""}]}}"
78,21020,2025-01-03 21:01:20.1659551,4799,LogAlways,Microsoft-Windows-Security-Auditing,Security,816,896,WinDev2401Eval,1,,A security-enabled local group membership was enumerated,WORKGROUP\WINDEV2401EVAL$ (S-1-5-18),,Target: Builtin\Administrators (S-1-5-32-544),SubjectLogonId: 0x3E7,CallerProcessName: C:\Windows\System32\svchost.exe,CallerProcessId: 0x6D0,,,,False,C:\Users\Inferno\Desktop\al_evtx\al_Security.evtx,Audit success,0,"{""EventData"":{""Data"":[{""@Name"":""TargetUserName"",""#text"":""Administrators""},{""@Name"":""TargetDomainName"",""#text"":""Builtin""},{""@Name"":""TargetSid"",""#text"":""S-1-5-32-544""},{""@Name"":""SubjectUserSid"",""#text"":""S-1-5-18""},{""@Name"":""SubjectUserName"",""#text"":""WINDEV2401EVAL$""},{""@Name"":""SubjectDomainName"",""#text"":""WORKGROUP""},{""@Name"":""SubjectLogonId"",""#text"":""0x3E7""},{""@Name"":""CallerProcessId"",""#text"":""0x6D0""},{""@Name"":""CallerProcessName"",""#text"":""C:\\Windows\\System32\\svchost.exe""}]}}"
79,21021,2025-01-03 21:01:20.2829780,4634,LogAlways,Microsoft-Windows-Security-Auditing,Security,816,864,WinDev2401Eval,1,,An account was logged off,,,Target: WINDEV2401EVAL\User,LogonType 2,LogonId: 0x5FBAD,,,,,False,C:\Users\Inferno\Desktop\al_evtx\al_Security.evtx,Audit success,0,"{""EventData"":{""Data"":[{""@Name"":""TargetUserSid"",""#text"":""S-1-5-21-1837475949-2032650698-3025450431-1000""},{""@Name"":""TargetUserName"",""#text"":""User""},{""@Name"":""TargetDomainName"",""#text"":""WINDEV2401EVAL""},{""@Name"":""TargetLogonId"",""#text"":""0x5FBAD""},{""@Name"":""LogonType"",""#text"":""2""}]}}"
80,21022,2025-01-03 21:01:20.3093899,4624,LogAlways,Microsoft-Windows-Security-Auditing,Security,816,864,WinDev2401Eval,1,,Successful logon,WORKGROUP\WINDEV2401EVAL$,- (-),Target: NT AUTHORITY\SYSTEM,LogonType 5,LogonId: 0x3E7,AuthenticationPackageName: Negotiate,"LogonProcessName: Advapi  ",,C:\Windows\System32\services.exe,False,C:\Users\Inferno\Desktop\al_evtx\al_Security.evtx,Audit success,0,"{""EventData"":{""Data"":[{""@Name"":""SubjectUserSid"",""#text"":""S-1-5-18""},{""@Name"":""SubjectUserName"",""#text"":""WINDEV2401EVAL$""},{""@Name"":""SubjectDomainName"",""#text"":""WORKGROUP""},{""@Name"":""SubjectLogonId"",""#text"":""0x3E7""},{""@Name"":""TargetUserSid"",""#text"":""S-1-5-18""},{""@Name"":""TargetUserName"",""#text"":""SYSTEM""},{""@Name"":""TargetDomainName"",""#text"":""NT AUTHORITY""},{""@Name"":""TargetLogonId"",""#text"":""0x3E7""},{""@Name"":""LogonType"",""#text"":""5""},{""@Name"":""LogonProcessName"",""#text"":""Advapi  ""},{""@Name"":""AuthenticationPackageName"",""#text"":""Negotiate""},{""@Name"":""WorkstationName"",""#text"":""-""},{""@Name"":""LogonGuid"",""#text"":""00000000-0000-0000-0000-000000000000""},{""@Name"":""TransmittedServices"",""#text"":""-""},{""@Name"":""LmPackageName"",""#text"":""-""},{""@Name"":""KeyLength"",""#text"":""0""},{""@Name"":""ProcessId"",""#text"":""0x314""},{""@Name"":""ProcessName"",""#text"":""C:\\Windows\\System32\\services.exe""},{""@Name"":""IpAddress"",""#text"":""-""},{""@Name"":""IpPort"",""#text"":""-""},{""@Name"":""ImpersonationLevel"",""#text"":""%%1833""},{""@Name"":""RestrictedAdminMode"",""#text"":""-""},{""@Name"":""RemoteCredentialGuard"",""#text"":""-""},{""@Name"":""TargetOutboundUserName"",""#text"":""-""},{""@Name"":""TargetOutboundDomainName"",""#text"":""-""},{""@Name"":""VirtualAccount"",""#text"":""%%1843""},{""@Name"":""TargetLinkedLogonId"",""#text"":""0x0""},{""@Name"":""ElevatedToken"",""#text"":""%%1842""}]}}"
81,21023,2025-01-03 21:01:20.3093968,4672,LogAlways,Microsoft-Windows-Security-Auditing,Security,816,864,WinDev2401Eval,1,,Administrative logon,NT AUTHORITY\SYSTEM (S-1-5-18),,"PrivilegeList: SeAssignPrimaryTokenPrivilege, SeTcbPrivilege, SeSecurityPrivilege, SeTakeOwnershipPrivilege, SeLoadDriverPrivilege, SeBackupPrivilege, SeRestorePrivilege, SeDebugPrivilege, SeAuditPrivilege, SeSystemEnvironmentPrivilege, SeImpersonatePrivilege, SeDelegateSessionUserImpersonatePrivilege",LogonId: 0x3E7,,,,,,False,C:\Users\Inferno\Desktop\al_evtx\al_Security.evtx,Audit success,0,"{""EventData"":{""Data"":[{""@Name"":""SubjectUserSid"",""#text"":""S-1-5-18""},{""@Name"":""SubjectUserName"",""#text"":""SYSTEM""},{""@Name"":""SubjectDomainName"",""#text"":""NT AUTHORITY""},{""@Name"":""SubjectLogonId"",""#text"":""0x3E7""},{""@Name"":""PrivilegeList"",""#text"":""SeAssignPrimaryTokenPrivilege, SeTcbPrivilege, SeSecurityPrivilege, SeTakeOwnershipPrivilege, SeLoadDriverPrivilege, SeBackupPrivilege, SeRestorePrivilege, SeDebugPrivilege, SeAuditPrivilege, SeSystemEnvironmentPrivilege, SeImpersonatePrivilege, SeDelegateSessionUserImpersonatePrivilege""}]}}"
82,21024,2025-01-03 21:01:20.8499019,5382,LogAlways,Microsoft-Windows-Security-Auditing,Security,816,864,WinDev2401Eval,1,,,,,,,,,,,,False,C:\Users\Inferno\Desktop\al_evtx\al_Security.evtx,Audit success,0,"{""EventData"":{""Data"":[{""@Name"":""SubjectUserSid"",""#text"":""S-1-5-18""},{""@Name"":""SubjectUserName"",""#text"":""WINDEV2401EVAL$""},{""@Name"":""SubjectDomainName"",""#text"":""WORKGROUP""},{""@Name"":""SubjectLogonId"",""#text"":""0x3E7""},{""@Name"":""SchemaFriendlyName"",""#text"":""NGC Local Accoount Logon Vault Resource Schema""},{""@Name"":""Schema"",""#text"":""1d4350a3-330d-4af9-b3ff-a927a45998ac""},{""@Name"":""Resource"",""#text"":""NGC Local Accoount Logon Vault Resource""},{""@Name"":""Identity"",""#text"":""0105000000000005150000006DA8856DCAC92779BFB554B4E8030000""},{""@Name"":""PackageSid""},{""@Name"":""Flags"",""#text"":""0""},{""@Name"":""ReturnCode"",""#text"":""1168""},{""@Name"":""ProcessCreationTime"",""#text"":""2025-01-03 21:01:20.3103150""},{""@Name"":""ClientProcessId"",""#text"":""5152""}]}}"
83,21025,2025-01-03 21:01:23.9223379,4648,LogAlways,Microsoft-Windows-Security-Auditing,Security,816,864,WinDev2401Eval,1,,A logon was attempted using explicit credentials,WORKGROUP\WINDEV2401EVAL$,127.0.0.1:0,Target: WINDEV2401EVAL\User,TargetServerName: localhost,PID: 0x84C,TargetInfo: localhost,,,C:\Windows\System32\svchost.exe,False,C:\Users\Inferno\Desktop\al_evtx\al_Security.evtx,Audit success,0,"{""EventData"":{""Data"":[{""@Name"":""SubjectUserSid"",""#text"":""S-1-5-18""},{""@Name"":""SubjectUserName"",""#text"":""WINDEV2401EVAL$""},{""@Name"":""SubjectDomainName"",""#text"":""WORKGROUP""},{""@Name"":""SubjectLogonId"",""#text"":""0x3E7""},{""@Name"":""LogonGuid"",""#text"":""00000000-0000-0000-0000-000000000000""},{""@Name"":""TargetUserName"",""#text"":""User""},{""@Name"":""TargetDomainName"",""#text"":""WINDEV2401EVAL""},{""@Name"":""TargetLogonGuid"",""#text"":""00000000-0000-0000-0000-000000000000""},{""@Name"":""TargetServerName"",""#text"":""localhost""},{""@Name"":""TargetInfo"",""#text"":""localhost""},{""@Name"":""ProcessId"",""#text"":""0x84C""},{""@Name"":""ProcessName"",""#text"":""C:\\Windows\\System32\\svchost.exe""},{""@Name"":""IpAddress"",""#text"":""127.0.0.1""},{""@Name"":""IpPort"",""#text"":""0""}]}}"
84,21026,2025-01-03 21:01:23.9223519,4624,LogAlways,Microsoft-Windows-Security-Auditing,Security,816,864,WinDev2401Eval,1,,Successful logon,WORKGROUP\WINDEV2401EVAL$,WINDEV2401EVAL (127.0.0.1),Target: WINDEV2401EVAL\User,LogonType 2,LogonId: 0x65DD3,AuthenticationPackageName: Negotiate,"LogonProcessName: User32 ",,C:\Windows\System32\svchost.exe,False,C:\Users\Inferno\Desktop\al_evtx\al_Security.evtx,Audit success,0,"{""EventData"":{""Data"":[{""@Name"":""SubjectUserSid"",""#text"":""S-1-5-18""},{""@Name"":""SubjectUserName"",""#text"":""WINDEV2401EVAL$""},{""@Name"":""SubjectDomainName"",""#text"":""WORKGROUP""},{""@Name"":""SubjectLogonId"",""#text"":""0x3E7""},{""@Name"":""TargetUserSid"",""#text"":""S-1-5-21-1837475949-2032650698-3025450431-1000""},{""@Name"":""TargetUserName"",""#text"":""User""},{""@Name"":""TargetDomainName"",""#text"":""WINDEV2401EVAL""},{""@Name"":""TargetLogonId"",""#text"":""0x65DD3""},{""@Name"":""LogonType"",""#text"":""2""},{""@Name"":""LogonProcessName"",""#text"":""User32 ""},{""@Name"":""AuthenticationPackageName"",""#text"":""Negotiate""},{""@Name"":""WorkstationName"",""#text"":""WINDEV2401EVAL""},{""@Name"":""LogonGuid"",""#text"":""00000000-0000-0000-0000-000000000000""},{""@Name"":""TransmittedServices"",""#text"":""-""},{""@Name"":""LmPackageName"",""#text"":""-""},{""@Name"":""KeyLength"",""#text"":""0""},{""@Name"":""ProcessId"",""#text"":""0x84C""},{""@Name"":""ProcessName"",""#text"":""C:\\Windows\\System32\\svchost.exe""},{""@Name"":""IpAddress"",""#text"":""127.0.0.1""},{""@Name"":""IpPort"",""#text"":""0""},{""@Name"":""ImpersonationLevel"",""#text"":""%%1833""},{""@Name"":""RestrictedAdminMode"",""#text"":""-""},{""@Name"":""RemoteCredentialGuard"",""#text"":""-""},{""@Name"":""TargetOutboundUserName"",""#text"":""-""},{""@Name"":""TargetOutboundDomainName"",""#text"":""-""},{""@Name"":""VirtualAccount"",""#text"":""%%1843""},{""@Name"":""TargetLinkedLogonId"",""#text"":""0x0""},{""@Name"":""ElevatedToken"",""#text"":""%%1842""}]}}"
85,21027,2025-01-03 21:01:23.9223565,4672,LogAlways,Microsoft-Windows-Security-Auditing,Security,816,864,WinDev2401Eval,1,,Administrative logon,WINDEV2401EVAL\User (S-1-5-21-1837475949-2032650698-3025450431-1000),,"PrivilegeList: SeSecurityPrivilege, SeTakeOwnershipPrivilege, SeLoadDriverPrivilege, SeBackupPrivilege, SeRestorePrivilege, SeDebugPrivilege, SeSystemEnvironmentPrivilege, SeImpersonatePrivilege, SeDelegateSessionUserImpersonatePrivilege",LogonId: 0x65DD3,,,,,,False,C:\Users\Inferno\Desktop\al_evtx\al_Security.evtx,Audit success,0,"{""EventData"":{""Data"":[{""@Name"":""SubjectUserSid"",""#text"":""S-1-5-21-1837475949-2032650698-3025450431-1000""},{""@Name"":""SubjectUserName"",""#text"":""User""},{""@Name"":""SubjectDomainName"",""#text"":""WINDEV2401EVAL""},{""@Name"":""SubjectLogonId"",""#text"":""0x65DD3""},{""@Name"":""PrivilegeList"",""#text"":""SeSecurityPrivilege, SeTakeOwnershipPrivilege, SeLoadDriverPrivilege, SeBackupPrivilege, SeRestorePrivilege, SeDebugPrivilege, SeSystemEnvironmentPrivilege, SeImpersonatePrivilege, SeDelegateSessionUserImpersonatePrivilege""}]}}"
86,21028,2025-01-03 21:01:23.9472828,5379,LogAlways,Microsoft-Windows-Security-Auditing,Security,816,864,WinDev2401Eval,1,,Credential Manager credentials were read,WINDEV2401EVAL$,,SID: S-1-5-18,Domain: WORKGROUP,LogonID: 0x3E7,CountOfCredentialsReturned: 1,,ActivityID: a4c17575-5e65-0001-2e76-c1a4655edb01,WindowsLive:target=virtualapp/didlogical,False,C:\Users\Inferno\Desktop\al_evtx\al_Security.evtx,Audit success,0,"{""EventData"":{""Data"":[{""@Name"":""SubjectUserSid"",""#text"":""S-1-5-18""},{""@Name"":""SubjectUserName"",""#text"":""WINDEV2401EVAL$""},{""@Name"":""SubjectDomainName"",""#text"":""WORKGROUP""},{""@Name"":""SubjectLogonId"",""#text"":""0x3E7""},{""@Name"":""TargetName"",""#text"":""WindowsLive:target=virtualapp/didlogical""},{""@Name"":""Type"",""#text"":""0""},{""@Name"":""CountOfCredentialsReturned"",""#text"":""1""},{""@Name"":""ReadOperation"",""#text"":""%%8100""},{""@Name"":""ReturnCode"",""#text"":""0""},{""@Name"":""ProcessCreationTime"",""#text"":""2025-01-03 21:01:09.2871779""},{""@Name"":""ClientProcessId"",""#text"":""4752""}]}}"
87,21029,2025-01-03 21:01:23.9590089,4799,LogAlways,Microsoft-Windows-Security-Auditing,Security,816,864,WinDev2401Eval,1,,A security-enabled local group membership was enumerated,WORKGROUP\WINDEV2401EVAL$ (S-1-5-18),,Target: Builtin\Administrators (S-1-5-32-544),SubjectLogonId: 0x3E7,CallerProcessName: C:\Windows\System32\svchost.exe,CallerProcessId: 0x6D0,,,,False,C:\Users\Inferno\Desktop\al_evtx\al_Security.evtx,Audit success,0,"{""EventData"":{""Data"":[{""@Name"":""TargetUserName"",""#text"":""Administrators""},{""@Name"":""TargetDomainName"",""#text"":""Builtin""},{""@Name"":""TargetSid"",""#text"":""S-1-5-32-544""},{""@Name"":""SubjectUserSid"",""#text"":""S-1-5-18""},{""@Name"":""SubjectUserName"",""#text"":""WINDEV2401EVAL$""},{""@Name"":""SubjectDomainName"",""#text"":""WORKGROUP""},{""@Name"":""SubjectLogonId"",""#text"":""0x3E7""},{""@Name"":""CallerProcessId"",""#text"":""0x6D0""},{""@Name"":""CallerProcessName"",""#text"":""C:\\Windows\\System32\\svchost.exe""}]}}"
88,21030,2025-01-03 21:01:23.9918511,4624,LogAlways,Microsoft-Windows-Security-Auditing,Security,816,852,WinDev2401Eval,1,,Successful logon,WORKGROUP\WINDEV2401EVAL$,- (-),Target: NT AUTHORITY\SYSTEM,LogonType 5,LogonId: 0x3E7,AuthenticationPackageName: Negotiate,"LogonProcessName: Advapi  ",,C:\Windows\System32\services.exe,False,C:\Users\Inferno\Desktop\al_evtx\al_Security.evtx,Audit success,0,"{""EventData"":{""Data"":[{""@Name"":""SubjectUserSid"",""#text"":""S-1-5-18""},{""@Name"":""SubjectUserName"",""#text"":""WINDEV2401EVAL$""},{""@Name"":""SubjectDomainName"",""#text"":""WORKGROUP""},{""@Name"":""SubjectLogonId"",""#text"":""0x3E7""},{""@Name"":""TargetUserSid"",""#text"":""S-1-5-18""},{""@Name"":""TargetUserName"",""#text"":""SYSTEM""},{""@Name"":""TargetDomainName"",""#text"":""NT AUTHORITY""},{""@Name"":""TargetLogonId"",""#text"":""0x3E7""},{""@Name"":""LogonType"",""#text"":""5""},{""@Name"":""LogonProcessName"",""#text"":""Advapi  ""},{""@Name"":""AuthenticationPackageName"",""#text"":""Negotiate""},{""@Name"":""WorkstationName"",""#text"":""-""},{""@Name"":""LogonGuid"",""#text"":""00000000-0000-0000-0000-000000000000""},{""@Name"":""TransmittedServices"",""#text"":""-""},{""@Name"":""LmPackageName"",""#text"":""-""},{""@Name"":""KeyLength"",""#text"":""0""},{""@Name"":""ProcessId"",""#text"":""0x314""},{""@Name"":""ProcessName"",""#text"":""C:\\Windows\\System32\\services.exe""},{""@Name"":""IpAddress"",""#text"":""-""},{""@Name"":""IpPort"",""#text"":""-""},{""@Name"":""ImpersonationLevel"",""#text"":""%%1833""},{""@Name"":""RestrictedAdminMode"",""#text"":""-""},{""@Name"":""RemoteCredentialGuard"",""#text"":""-""},{""@Name"":""TargetOutboundUserName"",""#text"":""-""},{""@Name"":""TargetOutboundDomainName"",""#text"":""-""},{""@Name"":""VirtualAccount"",""#text"":""%%1843""},{""@Name"":""TargetLinkedLogonId"",""#text"":""0x0""},{""@Name"":""ElevatedToken"",""#text"":""%%1842""}]}}"
89,21031,2025-01-03 21:01:23.9918610,4672,LogAlways,Microsoft-Windows-Security-Auditing,Security,816,852,WinDev2401Eval,1,,Administrative logon,NT AUTHORITY\SYSTEM (S-1-5-18),,"PrivilegeList: SeAssignPrimaryTokenPrivilege, SeTcbPrivilege, SeSecurityPrivilege, SeTakeOwnershipPrivilege, SeLoadDriverPrivilege, SeBackupPrivilege, SeRestorePrivilege, SeDebugPrivilege, SeAuditPrivilege, SeSystemEnvironmentPrivilege, SeImpersonatePrivilege, SeDelegateSessionUserImpersonatePrivilege",LogonId: 0x3E7,,,,,,False,C:\Users\Inferno\Desktop\al_evtx\al_Security.evtx,Audit success,0,"{""EventData"":{""Data"":[{""@Name"":""SubjectUserSid"",""#text"":""S-1-5-18""},{""@Name"":""SubjectUserName"",""#text"":""SYSTEM""},{""@Name"":""SubjectDomainName"",""#text"":""NT AUTHORITY""},{""@Name"":""SubjectLogonId"",""#text"":""0x3E7""},{""@Name"":""PrivilegeList"",""#text"":""SeAssignPrimaryTokenPrivilege, SeTcbPrivilege, SeSecurityPrivilege, SeTakeOwnershipPrivilege, SeLoadDriverPrivilege, SeBackupPrivilege, SeRestorePrivilege, SeDebugPrivilege, SeAuditPrivilege, SeSystemEnvironmentPrivilege, SeImpersonatePrivilege, SeDelegateSessionUserImpersonatePrivilege""}]}}"
90,21032,2025-01-03 21:01:24.1373448,5058,LogAlways,Microsoft-Windows-Security-Auditing,Security,816,864,WinDev2401Eval,1,,,,,,,,,,,,False,C:\Users\Inferno\Desktop\al_evtx\al_Security.evtx,Audit success,0,"{""EventData"":{""Data"":[{""@Name"":""SubjectUserSid"",""#text"":""S-1-5-21-1837475949-2032650698-3025450431-1000""},{""@Name"":""SubjectUserName"",""#text"":""User""},{""@Name"":""SubjectDomainName"",""#text"":""WINDEV2401EVAL""},{""@Name"":""SubjectLogonId"",""#text"":""0x65DD3""},{""@Name"":""ClientProcessId"",""#text"":""5312""},{""@Name"":""ClientCreationTime"",""#text"":""2025-01-03 21:01:24.0137781""},{""@Name"":""ProviderName"",""#text"":""Microsoft Software Key Storage Provider""},{""@Name"":""AlgorithmName"",""#text"":""UNKNOWN""},{""@Name"":""KeyName"",""#text"":""Microsoft Connected Devices Platform device certificate""},{""@Name"":""KeyType"",""#text"":""%%2500""},{""@Name"":""KeyFilePath"",""#text"":""C:\\Users\\User\\AppData\\Roaming\\Microsoft\\Crypto\\Keys\\de7cf8a7901d2ad13e5c67c29e5d1662_16faf340-15ad-429b-a989-bbd781494976""},{""@Name"":""Operation"",""#text"":""%%2458""},{""@Name"":""ReturnCode"",""#text"":""0x0""}]}}"
91,21033,2025-01-03 21:01:24.1383925,5061,LogAlways,Microsoft-Windows-Security-Auditing,Security,816,864,WinDev2401Eval,1,,,,,,,,,,,,False,C:\Users\Inferno\Desktop\al_evtx\al_Security.evtx,Audit success,0,"{""EventData"":{""Data"":[{""@Name"":""SubjectUserSid"",""#text"":""S-1-5-21-1837475949-2032650698-3025450431-1000""},{""@Name"":""SubjectUserName"",""#text"":""User""},{""@Name"":""SubjectDomainName"",""#text"":""WINDEV2401EVAL""},{""@Name"":""SubjectLogonId"",""#text"":""0x65DD3""},{""@Name"":""ProviderName"",""#text"":""Microsoft Software Key Storage Provider""},{""@Name"":""AlgorithmName"",""#text"":""ECDSA_P256""},{""@Name"":""KeyName"",""#text"":""Microsoft Connected Devices Platform device certificate""},{""@Name"":""KeyType"",""#text"":""%%2500""},{""@Name"":""Operation"",""#text"":""%%2480""},{""@Name"":""ReturnCode"",""#text"":""0x0""}]}}"
92,21034,2025-01-03 21:01:24.1387094,5059,LogAlways,Microsoft-Windows-Security-Auditing,Security,816,864,WinDev2401Eval,1,,,,,,,,,,,,False,C:\Users\Inferno\Desktop\al_evtx\al_Security.evtx,Audit success,0,"{""EventData"":{""Data"":[{""@Name"":""SubjectUserSid"",""#text"":""S-1-5-21-1837475949-2032650698-3025450431-1000""},{""@Name"":""SubjectUserName"",""#text"":""User""},{""@Name"":""SubjectDomainName"",""#text"":""WINDEV2401EVAL""},{""@Name"":""SubjectLogonId"",""#text"":""0x65DD3""},{""@Name"":""ClientProcessId"",""#text"":""5312""},{""@Name"":""ClientCreationTime"",""#text"":""2025-01-03 21:01:24.0137781""},{""@Name"":""ProviderName"",""#text"":""Microsoft Software Key Storage Provider""},{""@Name"":""AlgorithmName"",""#text"":""ECDSA_P256""},{""@Name"":""KeyName"",""#text"":""Microsoft Connected Devices Platform device certificate""},{""@Name"":""KeyType"",""#text"":""%%2500""},{""@Name"":""Operation"",""#text"":""%%2464""},{""@Name"":""ReturnCode"",""#text"":""0x0""}]}}"
93,21035,2025-01-03 21:01:24.1707944,5058,LogAlways,Microsoft-Windows-Security-Auditing,Security,816,864,WinDev2401Eval,1,,,,,,,,,,,,False,C:\Users\Inferno\Desktop\al_evtx\al_Security.evtx,Audit success,0,"{""EventData"":{""Data"":[{""@Name"":""SubjectUserSid"",""#text"":""S-1-5-19""},{""@Name"":""SubjectUserName"",""#text"":""LOCAL SERVICE""},{""@Name"":""SubjectDomainName"",""#text"":""NT AUTHORITY""},{""@Name"":""SubjectLogonId"",""#text"":""0x3E5""},{""@Name"":""ClientProcessId"",""#text"":""5732""},{""@Name"":""ClientCreationTime"",""#text"":""2025-01-03 21:01:24.1438743""},{""@Name"":""ProviderName"",""#text"":""Microsoft Software Key Storage Provider""},{""@Name"":""AlgorithmName"",""#text"":""UNKNOWN""},{""@Name"":""KeyName"",""#text"":""Microsoft Connected Devices Platform device certificate""},{""@Name"":""KeyType"",""#text"":""%%2500""},{""@Name"":""KeyFilePath"",""#text"":""C:\\Windows\\ServiceProfiles\\LocalService\\AppData\\Roaming\\Microsoft\\Crypto\\Keys\\de7cf8a7901d2ad13e5c67c29e5d1662_16faf340-15ad-429b-a989-bbd781494976""},{""@Name"":""Operation"",""#text"":""%%2458""},{""@Name"":""ReturnCode"",""#text"":""0x0""}]}}"
94,21036,2025-01-03 21:01:24.1749499,5061,LogAlways,Microsoft-Windows-Security-Auditing,Security,816,864,WinDev2401Eval,1,,,,,,,,,,,,False,C:\Users\Inferno\Desktop\al_evtx\al_Security.evtx,Audit success,0,"{""EventData"":{""Data"":[{""@Name"":""SubjectUserSid"",""#text"":""S-1-5-19""},{""@Name"":""SubjectUserName"",""#text"":""LOCAL SERVICE""},{""@Name"":""SubjectDomainName"",""#text"":""NT AUTHORITY""},{""@Name"":""SubjectLogonId"",""#text"":""0x3E5""},{""@Name"":""ProviderName"",""#text"":""Microsoft Software Key Storage Provider""},{""@Name"":""AlgorithmName"",""#text"":""ECDSA_P256""},{""@Name"":""KeyName"",""#text"":""Microsoft Connected Devices Platform device certificate""},{""@Name"":""KeyType"",""#text"":""%%2500""},{""@Name"":""Operation"",""#text"":""%%2480""},{""@Name"":""ReturnCode"",""#text"":""0x0""}]}}"
95,21037,2025-01-03 21:01:24.1754059,5059,LogAlways,Microsoft-Windows-Security-Auditing,Security,816,864,WinDev2401Eval,1,,,,,,,,,,,,False,C:\Users\Inferno\Desktop\al_evtx\al_Security.evtx,Audit success,0,"{""EventData"":{""Data"":[{""@Name"":""SubjectUserSid"",""#text"":""S-1-5-19""},{""@Name"":""SubjectUserName"",""#text"":""LOCAL SERVICE""},{""@Name"":""SubjectDomainName"",""#text"":""NT AUTHORITY""},{""@Name"":""SubjectLogonId"",""#text"":""0x3E5""},{""@Name"":""ClientProcessId"",""#text"":""5732""},{""@Name"":""ClientCreationTime"",""#text"":""2025-01-03 21:01:24.1438743""},{""@Name"":""ProviderName"",""#text"":""Microsoft Software Key Storage Provider""},{""@Name"":""AlgorithmName"",""#text"":""ECDSA_P256""},{""@Name"":""KeyName"",""#text"":""Microsoft Connected Devices Platform device certificate""},{""@Name"":""KeyType"",""#text"":""%%2500""},{""@Name"":""Operation"",""#text"":""%%2464""},{""@Name"":""ReturnCode"",""#text"":""0x0""}]}}"
96,21038,2025-01-03 21:01:24.2862566,4624,LogAlways,Microsoft-Windows-Security-Auditing,Security,816,864,WinDev2401Eval,1,,Successful logon,WORKGROUP\WINDEV2401EVAL$,- (-),Target: NT AUTHORITY\SYSTEM,LogonType 5,LogonId: 0x3E7,AuthenticationPackageName: Negotiate,"LogonProcessName: Advapi  ",,C:\Windows\System32\services.exe,False,C:\Users\Inferno\Desktop\al_evtx\al_Security.evtx,Audit success,0,"{""EventData"":{""Data"":[{""@Name"":""SubjectUserSid"",""#text"":""S-1-5-18""},{""@Name"":""SubjectUserName"",""#text"":""WINDEV2401EVAL$""},{""@Name"":""SubjectDomainName"",""#text"":""WORKGROUP""},{""@Name"":""SubjectLogonId"",""#text"":""0x3E7""},{""@Name"":""TargetUserSid"",""#text"":""S-1-5-18""},{""@Name"":""TargetUserName"",""#text"":""SYSTEM""},{""@Name"":""TargetDomainName"",""#text"":""NT AUTHORITY""},{""@Name"":""TargetLogonId"",""#text"":""0x3E7""},{""@Name"":""LogonType"",""#text"":""5""},{""@Name"":""LogonProcessName"",""#text"":""Advapi  ""},{""@Name"":""AuthenticationPackageName"",""#text"":""Negotiate""},{""@Name"":""WorkstationName"",""#text"":""-""},{""@Name"":""LogonGuid"",""#text"":""00000000-0000-0000-0000-000000000000""},{""@Name"":""TransmittedServices"",""#text"":""-""},{""@Name"":""LmPackageName"",""#text"":""-""},{""@Name"":""KeyLength"",""#text"":""0""},{""@Name"":""ProcessId"",""#text"":""0x314""},{""@Name"":""ProcessName"",""#text"":""C:\\Windows\\System32\\services.exe""},{""@Name"":""IpAddress"",""#text"":""-""},{""@Name"":""IpPort"",""#text"":""-""},{""@Name"":""ImpersonationLevel"",""#text"":""%%1833""},{""@Name"":""RestrictedAdminMode"",""#text"":""-""},{""@Name"":""RemoteCredentialGuard"",""#text"":""-""},{""@Name"":""TargetOutboundUserName"",""#text"":""-""},{""@Name"":""TargetOutboundDomainName"",""#text"":""-""},{""@Name"":""VirtualAccount"",""#text"":""%%1843""},{""@Name"":""TargetLinkedLogonId"",""#text"":""0x0""},{""@Name"":""ElevatedToken"",""#text"":""%%1842""}]}}"
97,21039,2025-01-03 21:01:24.2862622,4672,LogAlways,Microsoft-Windows-Security-Auditing,Security,816,864,WinDev2401Eval,1,,Administrative logon,NT AUTHORITY\SYSTEM (S-1-5-18),,"PrivilegeList: SeAssignPrimaryTokenPrivilege, SeTcbPrivilege, SeSecurityPrivilege, SeTakeOwnershipPrivilege, SeLoadDriverPrivilege, SeBackupPrivilege, SeRestorePrivilege, SeDebugPrivilege, SeAuditPrivilege, SeSystemEnvironmentPrivilege, SeImpersonatePrivilege, SeDelegateSessionUserImpersonatePrivilege",LogonId: 0x3E7,,,,,,False,C:\Users\Inferno\Desktop\al_evtx\al_Security.evtx,Audit success,0,"{""EventData"":{""Data"":[{""@Name"":""SubjectUserSid"",""#text"":""S-1-5-18""},{""@Name"":""SubjectUserName"",""#text"":""SYSTEM""},{""@Name"":""SubjectDomainName"",""#text"":""NT AUTHORITY""},{""@Name"":""SubjectLogonId"",""#text"":""0x3E7""},{""@Name"":""PrivilegeList"",""#text"":""SeAssignPrimaryTokenPrivilege, SeTcbPrivilege, SeSecurityPrivilege, SeTakeOwnershipPrivilege, SeLoadDriverPrivilege, SeBackupPrivilege, SeRestorePrivilege, SeDebugPrivilege, SeAuditPrivilege, SeSystemEnvironmentPrivilege, SeImpersonatePrivilege, SeDelegateSessionUserImpersonatePrivilege""}]}}"
98,21040,2025-01-03 21:01:24.8310751,5379,LogAlways,Microsoft-Windows-Security-Auditing,Security,816,896,WinDev2401Eval,1,,Credential Manager credentials were read,WINDEV2401EVAL$,,SID: S-1-5-18,Domain: WORKGROUP,LogonID: 0x3E7,CountOfCredentialsReturned: 0,,ActivityID: a4c17575-5e65-0001-2e76-c1a4655edb01,MicrosoftAccount:user=02mrmaiylzkexzqu,False,C:\Users\Inferno\Desktop\al_evtx\al_Security.evtx,Audit success,0,"{""EventData"":{""Data"":[{""@Name"":""SubjectUserSid"",""#text"":""S-1-5-18""},{""@Name"":""SubjectUserName"",""#text"":""WINDEV2401EVAL$""},{""@Name"":""SubjectDomainName"",""#text"":""WORKGROUP""},{""@Name"":""SubjectLogonId"",""#text"":""0x3E7""},{""@Name"":""TargetName"",""#text"":""MicrosoftAccount:user=02mrmaiylzkexzqu""},{""@Name"":""Type"",""#text"":""0""},{""@Name"":""CountOfCredentialsReturned"",""#text"":""0""},{""@Name"":""ReadOperation"",""#text"":""%%8100""},{""@Name"":""ReturnCode"",""#text"":""3221226021""},{""@Name"":""ProcessCreationTime"",""#text"":""2025-01-03 21:01:09.2871779""},{""@Name"":""ClientProcessId"",""#text"":""4752""}]}}"
99,21041,2025-01-03 21:01:24.8407022,5379,LogAlways,Microsoft-Windows-Security-Auditing,Security,816,896,WinDev2401Eval,1,,Credential Manager credentials were read,WINDEV2401EVAL$,,SID: S-1-5-18,Domain: WORKGROUP,LogonID: 0x3E7,CountOfCredentialsReturned: 1,,ActivityID: a4c17575-5e65-0001-2e76-c1a4655edb01,MicrosoftAccount:user=02mrmaiylzkexzqu,False,C:\Users\Inferno\Desktop\al_evtx\al_Security.evtx,Audit success,0,"{""EventData"":{""Data"":[{""@Name"":""SubjectUserSid"",""#text"":""S-1-5-18""},{""@Name"":""SubjectUserName"",""#text"":""WINDEV2401EVAL$""},{""@Name"":""SubjectDomainName"",""#text"":""WORKGROUP""},{""@Name"":""SubjectLogonId"",""#text"":""0x3E7""},{""@Name"":""TargetName"",""#text"":""MicrosoftAccount:user=02mrmaiylzkexzqu""},{""@Name"":""Type"",""#text"":""1""},{""@Name"":""CountOfCredentialsReturned"",""#text"":""1""},{""@Name"":""ReadOperation"",""#text"":""%%8099""},{""@Name"":""ReturnCode"",""#text"":""3221226021""},{""@Name"":""ProcessCreationTime"",""#text"":""2025-01-03 21:01:09.2871779""},{""@Name"":""ClientProcessId"",""#text"":""4752""}]}}"
100,21042,2025-01-03 21:01:24.8409407,5379,LogAlways,Microsoft-Windows-Security-Auditing,Security,816,896,WinDev2401Eval,1,,Credential Manager credentials were read,WINDEV2401EVAL$,,SID: S-1-5-18,Domain: WORKGROUP,LogonID: 0x3E7,CountOfCredentialsReturned: 0,,ActivityID: a4c17575-5e65-0001-2e76-c1a4655edb01,MicrosoftAccount:user=02mrmaiylzkexzqu,False,C:\Users\Inferno\Desktop\al_evtx\al_Security.evtx,Audit success,0,"{""EventData"":{""Data"":[{""@Name"":""SubjectUserSid"",""#text"":""S-1-5-18""},{""@Name"":""SubjectUserName"",""#text"":""WINDEV2401EVAL$""},{""@Name"":""SubjectDomainName"",""#text"":""WORKGROUP""},{""@Name"":""SubjectLogonId"",""#text"":""0x3E7""},{""@Name"":""TargetName"",""#text"":""MicrosoftAccount:user=02mrmaiylzkexzqu""},{""@Name"":""Type"",""#text"":""0""},{""@Name"":""CountOfCredentialsReturned"",""#text"":""0""},{""@Name"":""ReadOperation"",""#text"":""%%8100""},{""@Name"":""ReturnCode"",""#text"":""3221226021""},{""@Name"":""ProcessCreationTime"",""#text"":""2025-01-03 21:01:09.2871779""},{""@Name"":""ClientProcessId"",""#text"":""4752""}]}}"
101,21043,2025-01-03 21:01:24.8412163,5379,LogAlways,Microsoft-Windows-Security-Auditing,Security,816,896,WinDev2401Eval,1,,Credential Manager credentials were read,WINDEV2401EVAL$,,SID: S-1-5-18,Domain: WORKGROUP,LogonID: 0x3E7,CountOfCredentialsReturned: 0,,ActivityID: a4c17575-5e65-0001-2e76-c1a4655edb01,WindowsLive:target=virtualapp/didlogical,False,C:\Users\Inferno\Desktop\al_evtx\al_Security.evtx,Audit success,0,"{""EventData"":{""Data"":[{""@Name"":""SubjectUserSid"",""#text"":""S-1-5-18""},{""@Name"":""SubjectUserName"",""#text"":""WINDEV2401EVAL$""},{""@Name"":""SubjectDomainName"",""#text"":""WORKGROUP""},{""@Name"":""SubjectLogonId"",""#text"":""0x3E7""},{""@Name"":""TargetName"",""#text"":""WindowsLive:target=virtualapp/didlogical""},{""@Name"":""Type"",""#text"":""0""},{""@Name"":""CountOfCredentialsReturned"",""#text"":""0""},{""@Name"":""ReadOperation"",""#text"":""%%8100""},{""@Name"":""ReturnCode"",""#text"":""3221226021""},{""@Name"":""ProcessCreationTime"",""#text"":""2025-01-03 21:01:09.2871779""},{""@Name"":""ClientProcessId"",""#text"":""4752""}]}}"
102,21044,2025-01-03 21:01:24.8448084,5379,LogAlways,Microsoft-Windows-Security-Auditing,Security,816,896,WinDev2401Eval,1,,Credential Manager credentials were read,WINDEV2401EVAL$,,SID: S-1-5-18,Domain: WORKGROUP,LogonID: 0x3E7,CountOfCredentialsReturned: 0,,ActivityID: a4c17575-5e65-0001-2e76-c1a4655edb01,MicrosoftAccount:user=02mrmaiylzkexzqu,False,C:\Users\Inferno\Desktop\al_evtx\al_Security.evtx,Audit success,0,"{""EventData"":{""Data"":[{""@Name"":""SubjectUserSid"",""#text"":""S-1-5-18""},{""@Name"":""SubjectUserName"",""#text"":""WINDEV2401EVAL$""},{""@Name"":""SubjectDomainName"",""#text"":""WORKGROUP""},{""@Name"":""SubjectLogonId"",""#text"":""0x3E7""},{""@Name"":""TargetName"",""#text"":""MicrosoftAccount:user=02mrmaiylzkexzqu""},{""@Name"":""Type"",""#text"":""0""},{""@Name"":""CountOfCredentialsReturned"",""#text"":""0""},{""@Name"":""ReadOperation"",""#text"":""%%8100""},{""@Name"":""ReturnCode"",""#text"":""3221226021""},{""@Name"":""ProcessCreationTime"",""#text"":""2025-01-03 21:01:09.2871779""},{""@Name"":""ClientProcessId"",""#text"":""4752""}]}}"
103,21045,2025-01-03 21:01:24.8448418,5379,LogAlways,Microsoft-Windows-Security-Auditing,Security,816,896,WinDev2401Eval,1,,Credential Manager credentials were read,WINDEV2401EVAL$,,SID: S-1-5-18,Domain: WORKGROUP,LogonID: 0x3E7,CountOfCredentialsReturned: 0,,ActivityID: a4c17575-5e65-0001-2e76-c1a4655edb01,WindowsLive:(token):name=02mrmaiylzkexzqu;serviceuri=*,False,C:\Users\Inferno\Desktop\al_evtx\al_Security.evtx,Audit success,0,"{""EventData"":{""Data"":[{""@Name"":""SubjectUserSid"",""#text"":""S-1-5-18""},{""@Name"":""SubjectUserName"",""#text"":""WINDEV2401EVAL$""},{""@Name"":""SubjectDomainName"",""#text"":""WORKGROUP""},{""@Name"":""SubjectLogonId"",""#text"":""0x3E7""},{""@Name"":""TargetName"",""#text"":""WindowsLive:(token):name=02mrmaiylzkexzqu;serviceuri=*""},{""@Name"":""Type"",""#text"":""0""},{""@Name"":""CountOfCredentialsReturned"",""#text"":""0""},{""@Name"":""ReadOperation"",""#text"":""%%8100""},{""@Name"":""ReturnCode"",""#text"":""3221226021""},{""@Name"":""ProcessCreationTime"",""#text"":""2025-01-03 21:01:09.2871779""},{""@Name"":""ClientProcessId"",""#text"":""4752""}]}}"
104,21046,2025-01-03 21:01:24.8453651,5379,LogAlways,Microsoft-Windows-Security-Auditing,Security,816,896,WinDev2401Eval,1,,Credential Manager credentials were read,WINDEV2401EVAL$,,SID: S-1-5-18,Domain: WORKGROUP,LogonID: 0x3E7,CountOfCredentialsReturned: 0,,ActivityID: a4c17575-5e65-0001-2e76-c1a4655edb01,WindowsLive:(cert):name=02mrmaiylzkexzqu;serviceuri=*,False,C:\Users\Inferno\Desktop\al_evtx\al_Security.evtx,Audit success,0,"{""EventData"":{""Data"":[{""@Name"":""SubjectUserSid"",""#text"":""S-1-5-18""},{""@Name"":""SubjectUserName"",""#text"":""WINDEV2401EVAL$""},{""@Name"":""SubjectDomainName"",""#text"":""WORKGROUP""},{""@Name"":""SubjectLogonId"",""#text"":""0x3E7""},{""@Name"":""TargetName"",""#text"":""WindowsLive:(cert):name=02mrmaiylzkexzqu;serviceuri=*""},{""@Name"":""Type"",""#text"":""0""},{""@Name"":""CountOfCredentialsReturned"",""#text"":""0""},{""@Name"":""ReadOperation"",""#text"":""%%8100""},{""@Name"":""ReturnCode"",""#text"":""3221226021""},{""@Name"":""ProcessCreationTime"",""#text"":""2025-01-03 21:01:09.2871779""},{""@Name"":""ClientProcessId"",""#text"":""4752""}]}}"
105,21047,2025-01-03 21:01:24.8499324,5379,LogAlways,Microsoft-Windows-Security-Auditing,Security,816,896,WinDev2401Eval,1,,Credential Manager credentials were read,LOCAL SERVICE,,SID: S-1-5-19,Domain: NT AUTHORITY,LogonID: 0x3E5,CountOfCredentialsReturned: 0,,ActivityID: a4c17575-5e65-0001-2e76-c1a4655edb01,WindowsLive:(token):name=02bgqvdxvxxqstyq;serviceuri=*,False,C:\Users\Inferno\Desktop\al_evtx\al_Security.evtx,Audit success,0,"{""EventData"":{""Data"":[{""@Name"":""SubjectUserSid"",""#text"":""S-1-5-19""},{""@Name"":""SubjectUserName"",""#text"":""LOCAL SERVICE""},{""@Name"":""SubjectDomainName"",""#text"":""NT AUTHORITY""},{""@Name"":""SubjectLogonId"",""#text"":""0x3E5""},{""@Name"":""TargetName"",""#text"":""WindowsLive:(token):name=02bgqvdxvxxqstyq;serviceuri=*""},{""@Name"":""Type"",""#text"":""0""},{""@Name"":""CountOfCredentialsReturned"",""#text"":""0""},{""@Name"":""ReadOperation"",""#text"":""%%8100""},{""@Name"":""ReturnCode"",""#text"":""3221226021""},{""@Name"":""ProcessCreationTime"",""#text"":""2025-01-03 21:01:09.2871779""},{""@Name"":""ClientProcessId"",""#text"":""4752""}]}}"
106,21048,2025-01-03 21:01:24.8501306,5379,LogAlways,Microsoft-Windows-Security-Auditing,Security,816,896,WinDev2401Eval,1,,Credential Manager credentials were read,LOCAL SERVICE,,SID: S-1-5-19,Domain: NT AUTHORITY,LogonID: 0x3E5,CountOfCredentialsReturned: 0,,ActivityID: a4c17575-5e65-0001-2e76-c1a4655edb01,WindowsLive:(cert):name=02bgqvdxvxxqstyq;serviceuri=*,False,C:\Users\Inferno\Desktop\al_evtx\al_Security.evtx,Audit success,0,"{""EventData"":{""Data"":[{""@Name"":""SubjectUserSid"",""#text"":""S-1-5-19""},{""@Name"":""SubjectUserName"",""#text"":""LOCAL SERVICE""},{""@Name"":""SubjectDomainName"",""#text"":""NT AUTHORITY""},{""@Name"":""SubjectLogonId"",""#text"":""0x3E5""},{""@Name"":""TargetName"",""#text"":""WindowsLive:(cert):name=02bgqvdxvxxqstyq;serviceuri=*""},{""@Name"":""Type"",""#text"":""0""},{""@Name"":""CountOfCredentialsReturned"",""#text"":""0""},{""@Name"":""ReadOperation"",""#text"":""%%8100""},{""@Name"":""ReturnCode"",""#text"":""3221226021""},{""@Name"":""ProcessCreationTime"",""#text"":""2025-01-03 21:01:09.2871779""},{""@Name"":""ClientProcessId"",""#text"":""4752""}]}}"
107,21049,2025-01-03 21:01:24.8501638,5379,LogAlways,Microsoft-Windows-Security-Auditing,Security,816,896,WinDev2401Eval,1,,Credential Manager credentials were read,LOCAL SERVICE,,SID: S-1-5-19,Domain: NT AUTHORITY,LogonID: 0x3E5,CountOfCredentialsReturned: 1,,ActivityID: a4c17575-5e65-0001-2e76-c1a4655edb01,WindowsLive:target=virtualapp/didlogical,False,C:\Users\Inferno\Desktop\al_evtx\al_Security.evtx,Audit success,0,"{""EventData"":{""Data"":[{""@Name"":""SubjectUserSid"",""#text"":""S-1-5-19""},{""@Name"":""SubjectUserName"",""#text"":""LOCAL SERVICE""},{""@Name"":""SubjectDomainName"",""#text"":""NT AUTHORITY""},{""@Name"":""SubjectLogonId"",""#text"":""0x3E5""},{""@Name"":""TargetName"",""#text"":""WindowsLive:target=virtualapp/didlogical""},{""@Name"":""Type"",""#text"":""0""},{""@Name"":""CountOfCredentialsReturned"",""#text"":""1""},{""@Name"":""ReadOperation"",""#text"":""%%8100""},{""@Name"":""ReturnCode"",""#text"":""0""},{""@Name"":""ProcessCreationTime"",""#text"":""2025-01-03 21:01:09.2871779""},{""@Name"":""ClientProcessId"",""#text"":""4752""}]}}"
108,21050,2025-01-03 21:01:24.8569372,5379,LogAlways,Microsoft-Windows-Security-Auditing,Security,816,852,WinDev2401Eval,1,,Credential Manager credentials were read,User,,SID: S-1-5-21-1837475949-2032650698-3025450431-1000,Domain: WINDEV2401EVAL,LogonID: 0x65DD3,CountOfCredentialsReturned: 0,,ActivityID: a4c17575-5e65-0001-2e76-c1a4655edb01,WindowsLive:(token):name=02raxurszsovscdg;serviceuri=*,False,C:\Users\Inferno\Desktop\al_evtx\al_Security.evtx,Audit success,0,"{""EventData"":{""Data"":[{""@Name"":""SubjectUserSid"",""#text"":""S-1-5-21-1837475949-2032650698-3025450431-1000""},{""@Name"":""SubjectUserName"",""#text"":""User""},{""@Name"":""SubjectDomainName"",""#text"":""WINDEV2401EVAL""},{""@Name"":""SubjectLogonId"",""#text"":""0x65DD3""},{""@Name"":""TargetName"",""#text"":""WindowsLive:(token):name=02raxurszsovscdg;serviceuri=*""},{""@Name"":""Type"",""#text"":""0""},{""@Name"":""CountOfCredentialsReturned"",""#text"":""0""},{""@Name"":""ReadOperation"",""#text"":""%%8100""},{""@Name"":""ReturnCode"",""#text"":""3221226021""},{""@Name"":""ProcessCreationTime"",""#text"":""2025-01-03 21:01:09.2871779""},{""@Name"":""ClientProcessId"",""#text"":""4752""}]}}"
109,21051,2025-01-03 21:01:24.8572093,5379,LogAlways,Microsoft-Windows-Security-Auditing,Security,816,852,WinDev2401Eval,1,,Credential Manager credentials were read,User,,SID: S-1-5-21-1837475949-2032650698-3025450431-1000,Domain: WINDEV2401EVAL,LogonID: 0x65DD3,CountOfCredentialsReturned: 0,,ActivityID: a4c17575-5e65-0001-2e76-c1a4655edb01,WindowsLive:(cert):name=02raxurszsovscdg;serviceuri=*,False,C:\Users\Inferno\Desktop\al_evtx\al_Security.evtx,Audit success,0,"{""EventData"":{""Data"":[{""@Name"":""SubjectUserSid"",""#text"":""S-1-5-21-1837475949-2032650698-3025450431-1000""},{""@Name"":""SubjectUserName"",""#text"":""User""},{""@Name"":""SubjectDomainName"",""#text"":""WINDEV2401EVAL""},{""@Name"":""SubjectLogonId"",""#text"":""0x65DD3""},{""@Name"":""TargetName"",""#text"":""WindowsLive:(cert):name=02raxurszsovscdg;serviceuri=*""},{""@Name"":""Type"",""#text"":""0""},{""@Name"":""CountOfCredentialsReturned"",""#text"":""0""},{""@Name"":""ReadOperation"",""#text"":""%%8100""},{""@Name"":""ReturnCode"",""#text"":""3221226021""},{""@Name"":""ProcessCreationTime"",""#text"":""2025-01-03 21:01:09.2871779""},{""@Name"":""ClientProcessId"",""#text"":""4752""}]}}"
110,21052,2025-01-03 21:01:24.8573117,5379,LogAlways,Microsoft-Windows-Security-Auditing,Security,816,852,WinDev2401Eval,1,,Credential Manager credentials were read,User,,SID: S-1-5-21-1837475949-2032650698-3025450431-1000,Domain: WINDEV2401EVAL,LogonID: 0x65DD3,CountOfCredentialsReturned: 1,,ActivityID: a4c17575-5e65-0001-2e76-c1a4655edb01,WindowsLive:target=virtualapp/didlogical,False,C:\Users\Inferno\Desktop\al_evtx\al_Security.evtx,Audit success,0,"{""EventData"":{""Data"":[{""@Name"":""SubjectUserSid"",""#text"":""S-1-5-21-1837475949-2032650698-3025450431-1000""},{""@Name"":""SubjectUserName"",""#text"":""User""},{""@Name"":""SubjectDomainName"",""#text"":""WINDEV2401EVAL""},{""@Name"":""SubjectLogonId"",""#text"":""0x65DD3""},{""@Name"":""TargetName"",""#text"":""WindowsLive:target=virtualapp/didlogical""},{""@Name"":""Type"",""#text"":""0""},{""@Name"":""CountOfCredentialsReturned"",""#text"":""1""},{""@Name"":""ReadOperation"",""#text"":""%%8100""},{""@Name"":""ReturnCode"",""#text"":""0""},{""@Name"":""ProcessCreationTime"",""#text"":""2025-01-03 21:01:09.2871779""},{""@Name"":""ClientProcessId"",""#text"":""4752""}]}}"
111,21053,2025-01-03 21:01:25.0788741,5379,LogAlways,Microsoft-Windows-Security-Auditing,Security,816,864,WinDev2401Eval,1,,Credential Manager credentials were read,WINDEV2401EVAL$,,SID: S-1-5-18,Domain: WORKGROUP,LogonID: 0x3E7,CountOfCredentialsReturned: 0,,ActivityID: a4c17575-5e65-0001-2e76-c1a4655edb01,MicrosoftAccount:user=02mrmaiylzkexzqu,False,C:\Users\Inferno\Desktop\al_evtx\al_Security.evtx,Audit success,0,"{""EventData"":{""Data"":[{""@Name"":""SubjectUserSid"",""#text"":""S-1-5-18""},{""@Name"":""SubjectUserName"",""#text"":""WINDEV2401EVAL$""},{""@Name"":""SubjectDomainName"",""#text"":""WORKGROUP""},{""@Name"":""SubjectLogonId"",""#text"":""0x3E7""},{""@Name"":""TargetName"",""#text"":""MicrosoftAccount:user=02mrmaiylzkexzqu""},{""@Name"":""Type"",""#text"":""0""},{""@Name"":""CountOfCredentialsReturned"",""#text"":""0""},{""@Name"":""ReadOperation"",""#text"":""%%8100""},{""@Name"":""ReturnCode"",""#text"":""3221226021""},{""@Name"":""ProcessCreationTime"",""#text"":""2025-01-03 21:01:09.2871779""},{""@Name"":""ClientProcessId"",""#text"":""4752""}]}}"
112,21054,2025-01-03 21:01:25.0789197,5379,LogAlways,Microsoft-Windows-Security-Auditing,Security,816,864,WinDev2401Eval,1,,Credential Manager credentials were read,WINDEV2401EVAL$,,SID: S-1-5-18,Domain: WORKGROUP,LogonID: 0x3E7,CountOfCredentialsReturned: 0,,ActivityID: a4c17575-5e65-0001-2e76-c1a4655edb01,WindowsLive:(token):name=02mrmaiylzkexzqu;serviceuri=*,False,C:\Users\Inferno\Desktop\al_evtx\al_Security.evtx,Audit success,0,"{""EventData"":{""Data"":[{""@Name"":""SubjectUserSid"",""#text"":""S-1-5-18""},{""@Name"":""SubjectUserName"",""#text"":""WINDEV2401EVAL$""},{""@Name"":""SubjectDomainName"",""#text"":""WORKGROUP""},{""@Name"":""SubjectLogonId"",""#text"":""0x3E7""},{""@Name"":""TargetName"",""#text"":""WindowsLive:(token):name=02mrmaiylzkexzqu;serviceuri=*""},{""@Name"":""Type"",""#text"":""0""},{""@Name"":""CountOfCredentialsReturned"",""#text"":""0""},{""@Name"":""ReadOperation"",""#text"":""%%8100""},{""@Name"":""ReturnCode"",""#text"":""3221226021""},{""@Name"":""ProcessCreationTime"",""#text"":""2025-01-03 21:01:09.2871779""},{""@Name"":""ClientProcessId"",""#text"":""4752""}]}}"
