575,21517,2025-01-03 21:16:55.5200277,4624,LogAlways,Microsoft-Windows-Security-Auditing,Security,812,6124,WinDev2401Eval,6,,Successful logon,WORKGROUP\WINDEV2401EVAL$,- (-),Target: NT AUTHORITY\SYSTEM,LogonType 5,LogonId: 0x3E7,AuthenticationPackageName: Negotiate,"LogonProcessName: Advapi  ",,C:\Windows\System32\services.exe,False,C:\Users\Inferno\Desktop\al_evtx\al_Security.evtx,Audit success,0,"{""EventData"":{""Data"":[{""@Name"":""SubjectUserSid"",""#text"":""S-1-5-18""},{""@Name"":""SubjectUserName"",""#text"":""WINDEV2401EVAL$""},{""@Name"":""SubjectDomainName"",""#text"":""WORKGROUP""},{""@Name"":""SubjectLogonId"",""#text"":""0x3E7""},{""@Name"":""TargetUserSid"",""#text"":""S-1-5-18""},{""@Name"":""TargetUserName"",""#text"":""SYSTEM""},{""@Name"":""TargetDomainName"",""#text"":""NT AUTHORITY""},{""@Name"":""TargetLogonId"",""#text"":""0x3E7""},{""@Name"":""LogonType"",""#text"":""5""},{""@Name"":""LogonProcessName"",""#text"":""Advapi  ""},{""@Name"":""AuthenticationPackageName"",""#text"":""Negotiate""},{""@Name"":""WorkstationName"",""#text"":""-""},{""@Name"":""LogonGuid"",""#text"":""00000000-0000-0000-0000-000000000000""},{""@Name"":""TransmittedServices"",""#text"":""-""},{""@Name"":""LmPackageName"",""#text"":""-""},{""@Name"":""KeyLength"",""#text"":""0""},{""@Name"":""ProcessId"",""#text"":""0x310""},{""@Name"":""ProcessName"",""#text"":""C:\\Windows\\System32\\services.exe""},{""@Name"":""IpAddress"",""#text"":""-""},{""@Name"":""IpPort"",""#text"":""-""},{""@Name"":""ImpersonationLevel"",""#text"":""%%1833""},{""@Name"":""RestrictedAdminMode"",""#text"":""-""},{""@Name"":""RemoteCredentialGuard"",""#text"":""-""},{""@Name"":""TargetOutboundUserName"",""#text"":""-""},{""@Name"":""TargetOutboundDomainName"",""#text"":""-""},{""@Name"":""VirtualAccount"",""#text"":""%%1843""},{""@Name"":""TargetLinkedLogonId"",""#text"":""0x0""},{""@Name"":""ElevatedToken"",""#text"":""%%1842""}]}}"
576,21518,2025-01-03 21:16:55.5200333,4672,LogAlways,Microsoft-Windows-Security-Auditing,Security,812,6124,WinDev2401Eval,6,,Administrative logon,NT AUTHORITY\SYSTEM (S-1-5-18),,"PrivilegeList: SeAssignPrimaryTokenPrivilege, SeTcbPrivilege, SeSecurityPrivilege, SeTakeOwnershipPrivilege, SeLoadDriverPrivilege, SeBackupPrivilege, SeRestorePrivilege, SeDebugPrivilege, SeAuditPrivilege, SeSystemEnvironmentPrivilege, SeImpersonatePrivilege, SeDelegateSessionUserImpersonatePrivilege",LogonId: 0x3E7,,,,,,False,C:\Users\Inferno\Desktop\al_evtx\al_Security.evtx,Audit success,0,"{""EventData"":{""Data"":[{""@Name"":""SubjectUserSid"",""#text"":""S-1-5-18""},{""@Name"":""SubjectUserName"",""#text"":""SYSTEM""},{""@Name"":""SubjectDomainName"",""#text"":""NT AUTHORITY""},{""@Name"":""SubjectLogonId"",""#text"":""0x3E7""},{""@Name"":""PrivilegeList"",""#text"":""SeAssignPrimaryTokenPrivilege, SeTcbPrivilege, SeSecurityPrivilege, SeTakeOwnershipPrivilege, SeLoadDriverPrivilege, SeBackupPrivilege, SeRestorePrivilege, SeDebugPrivilege, SeAuditPrivilege, SeSystemEnvironmentPrivilege, SeImpersonatePrivilege, SeDelegateSessionUserImpersonatePrivilege""}]}}"
577,21519,2025-01-03 21:17:13.4506163,4624,LogAlways,Microsoft-Windows-Security-Auditing,Security,812,860,WinDev2401Eval,6,,Successful logon,WORKGROUP\WINDEV2401EVAL$,- (-),Target: NT AUTHORITY\SYSTEM,LogonType 5,LogonId: 0x3E7,AuthenticationPackageName: Negotiate,"LogonProcessName: Advapi  ",,C:\Windows\System32\services.exe,False,C:\Users\Inferno\Desktop\al_evtx\al_Security.evtx,Audit success,0,"{""EventData"":{""Data"":[{""@Name"":""SubjectUserSid"",""#text"":""S-1-5-18""},{""@Name"":""SubjectUserName"",""#text"":""WINDEV2401EVAL$""},{""@Name"":""SubjectDomainName"",""#text"":""WORKGROUP""},{""@Name"":""SubjectLogonId"",""#text"":""0x3E7""},{""@Name"":""TargetUserSid"",""#text"":""S-1-5-18""},{""@Name"":""TargetUserName"",""#text"":""SYSTEM""},{""@Name"":""TargetDomainName"",""#text"":""NT AUTHORITY""},{""@Name"":""TargetLogonId"",""#text"":""0x3E7""},{""@Name"":""LogonType"",""#text"":""5""},{""@Name"":""LogonProcessName"",""#text"":""Advapi  ""},{""@Name"":""AuthenticationPackageName"",""#text"":""Negotiate""},{""@Name"":""WorkstationName"",""#text"":""-""},{""@Name"":""LogonGuid"",""#text"":""00000000-0000-0000-0000-000000000000""},{""@Name"":""TransmittedServices"",""#text"":""-""},{""@Name"":""LmPackageName"",""#text"":""-""},{""@Name"":""KeyLength"",""#text"":""0""},{""@Name"":""ProcessId"",""#text"":""0x310""},{""@Name"":""ProcessName"",""#text"":""C:\\Windows\\System32\\services.exe""},{""@Name"":""IpAddress"",""#text"":""-""},{""@Name"":""IpPort"",""#text"":""-""},{""@Name"":""ImpersonationLevel"",""#text"":""%%1833""},{""@Name"":""RestrictedAdminMode"",""#text"":""-""},{""@Name"":""RemoteCredentialGuard"",""#text"":""-""},{""@Name"":""TargetOutboundUserName"",""#text"":""-""},{""@Name"":""TargetOutboundDomainName"",""#text"":""-""},{""@Name"":""VirtualAccount"",""#text"":""%%1843""},{""@Name"":""TargetLinkedLogonId"",""#text"":""0x0""},{""@Name"":""ElevatedToken"",""#text"":""%%1842""}]}}"
578,21520,2025-01-03 21:17:13.4506224,4672,LogAlways,Microsoft-Windows-Security-Auditing,Security,812,860,WinDev2401Eval,6,,Administrative logon,NT AUTHORITY\SYSTEM (S-1-5-18),,"PrivilegeList: SeAssignPrimaryTokenPrivilege, SeTcbPrivilege, SeSecurityPrivilege, SeTakeOwnershipPrivilege, SeLoadDriverPrivilege, SeBackupPrivilege, SeRestorePrivilege, SeDebugPrivilege, SeAuditPrivilege, SeSystemEnvironmentPrivilege, SeImpersonatePrivilege, SeDelegateSessionUserImpersonatePrivilege",LogonId: 0x3E7,,,,,,False,C:\Users\Inferno\Desktop\al_evtx\al_Security.evtx,Audit success,0,"{""EventData"":{""Data"":[{""@Name"":""SubjectUserSid"",""#text"":""S-1-5-18""},{""@Name"":""SubjectUserName"",""#text"":""SYSTEM""},{""@Name"":""SubjectDomainName"",""#text"":""NT AUTHORITY""},{""@Name"":""SubjectLogonId"",""#text"":""0x3E7""},{""@Name"":""PrivilegeList"",""#text"":""SeAssignPrimaryTokenPrivilege, SeTcbPrivilege, SeSecurityPrivilege, SeTakeOwnershipPrivilege, SeLoadDriverPrivilege, SeBackupPrivilege, SeRestorePrivilege, SeDebugPrivilege, SeAuditPrivilege, SeSystemEnvironmentPrivilege, SeImpersonatePrivilege, SeDelegateSessionUserImpersonatePrivilege""}]}}"
579,21521,2025-01-03 21:17:46.7968770,4624,LogAlways,Microsoft-Windows-Security-Auditing,Security,812,6124,WinDev2401Eval,6,,Successful logon,WORKGROUP\WINDEV2401EVAL$,- (-),Target: NT AUTHORITY\SYSTEM,LogonType 5,LogonId: 0x3E7,AuthenticationPackageName: Negotiate,"LogonProcessName: Advapi  ",,C:\Windows\System32\services.exe,False,C:\Users\Inferno\Desktop\al_evtx\al_Security.evtx,Audit success,0,"{""EventData"":{""Data"":[{""@Name"":""SubjectUserSid"",""#text"":""S-1-5-18""},{""@Name"":""SubjectUserName"",""#text"":""WINDEV2401EVAL$""},{""@Name"":""SubjectDomainName"",""#text"":""WORKGROUP""},{""@Name"":""SubjectLogonId"",""#text"":""0x3E7""},{""@Name"":""TargetUserSid"",""#text"":""S-1-5-18""},{""@Name"":""TargetUserName"",""#text"":""SYSTEM""},{""@Name"":""TargetDomainName"",""#text"":""NT AUTHORITY""},{""@Name"":""TargetLogonId"",""#text"":""0x3E7""},{""@Name"":""LogonType"",""#text"":""5""},{""@Name"":""LogonProcessName"",""#text"":""Advapi  ""},{""@Name"":""AuthenticationPackageName"",""#text"":""Negotiate""},{""@Name"":""WorkstationName"",""#text"":""-""},{""@Name"":""LogonGuid"",""#text"":""00000000-0000-0000-0000-000000000000""},{""@Name"":""TransmittedServices"",""#text"":""-""},{""@Name"":""LmPackageName"",""#text"":""-""},{""@Name"":""KeyLength"",""#text"":""0""},{""@Name"":""ProcessId"",""#text"":""0x310""},{""@Name"":""ProcessName"",""#text"":""C:\\Windows\\System32\\services.exe""},{""@Name"":""IpAddress"",""#text"":""-""},{""@Name"":""IpPort"",""#text"":""-""},{""@Name"":""ImpersonationLevel"",""#text"":""%%1833""},{""@Name"":""RestrictedAdminMode"",""#text"":""-""},{""@Name"":""RemoteCredentialGuard"",""#text"":""-""},{""@Name"":""TargetOutboundUserName"",""#text"":""-""},{""@Name"":""TargetOutboundDomainName"",""#text"":""-""},{""@Name"":""VirtualAccount"",""#text"":""%%1843""},{""@Name"":""TargetLinkedLogonId"",""#text"":""0x0""},{""@Name"":""ElevatedToken"",""#text"":""%%1842""}]}}"
580,21522,2025-01-03 21:17:46.7968872,4672,LogAlways,Microsoft-Windows-Security-Auditing,Security,812,6124,WinDev2401Eval,6,,Administrative logon,NT AUTHORITY\SYSTEM (S-1-5-18),,"PrivilegeList: SeAssignPrimaryTokenPrivilege, SeTcbPrivilege, SeSecurityPrivilege, SeTakeOwnershipPrivilege, SeLoadDriverPrivilege, SeBackupPrivilege, SeRestorePrivilege, SeDebugPrivilege, SeAuditPrivilege, SeSystemEnvironmentPrivilege, SeImpersonatePrivilege, SeDelegateSessionUserImpersonatePrivilege",LogonId: 0x3E7,,,,,,False,C:\Users\Inferno\Desktop\al_evtx\al_Security.evtx,Audit success,0,"{""EventData"":{""Data"":[{""@Name"":""SubjectUserSid"",""#text"":""S-1-5-18""},{""@Name"":""SubjectUserName"",""#text"":""SYSTEM""},{""@Name"":""SubjectDomainName"",""#text"":""NT AUTHORITY""},{""@Name"":""SubjectLogonId"",""#text"":""0x3E7""},{""@Name"":""PrivilegeList"",""#text"":""SeAssignPrimaryTokenPrivilege, SeTcbPrivilege, SeSecurityPrivilege, SeTakeOwnershipPrivilege, SeLoadDriverPrivilege, SeBackupPrivilege, SeRestorePrivilege, SeDebugPrivilege, SeAuditPrivilege, SeSystemEnvironmentPrivilege, SeImpersonatePrivilege, SeDelegateSessionUserImpersonatePrivilege""}]}}"
581,21523,2025-01-03 21:17:46.9267051,5379,LogAlways,Microsoft-Windows-Security-Auditing,Security,812,860,WinDev2401Eval,6,,Credential Manager credentials were read,WINDEV2401EVAL$,,SID: S-1-5-18,Domain: WORKGROUP,LogonID: 0x3E7,CountOfCredentialsReturned: 0,,ActivityID: 539053d8-5e23-0002-0254-9053235edb01,WindowsLive:(token):name=02mrmaiylzkexzqu;serviceuri=*,False,C:\Users\Inferno\Desktop\al_evtx\al_Security.evtx,Audit success,0,"{""EventData"":{""Data"":[{""@Name"":""SubjectUserSid"",""#text"":""S-1-5-18""},{""@Name"":""SubjectUserName"",""#text"":""WINDEV2401EVAL$""},{""@Name"":""SubjectDomainName"",""#text"":""WORKGROUP""},{""@Name"":""SubjectLogonId"",""#text"":""0x3E7""},{""@Name"":""TargetName"",""#text"":""WindowsLive:(token):name=02mrmaiylzkexzqu;serviceuri=*""},{""@Name"":""Type"",""#text"":""0""},{""@Name"":""CountOfCredentialsReturned"",""#text"":""0""},{""@Name"":""ReadOperation"",""#text"":""%%8100""},{""@Name"":""ReturnCode"",""#text"":""3221226021""},{""@Name"":""ProcessCreationTime"",""#text"":""2025-01-03 21:17:46.7978781""},{""@Name"":""ClientProcessId"",""#text"":""8960""}]}}"
582,21524,2025-01-03 21:17:46.9269490,5379,LogAlways,Microsoft-Windows-Security-Auditing,Security,812,860,WinDev2401Eval,6,,Credential Manager credentials were read,WINDEV2401EVAL$,,SID: S-1-5-18,Domain: WORKGROUP,LogonID: 0x3E7,CountOfCredentialsReturned: 0,,ActivityID: 539053d8-5e23-0002-0254-9053235edb01,WindowsLive:(cert):name=02mrmaiylzkexzqu;serviceuri=*,False,C:\Users\Inferno\Desktop\al_evtx\al_Security.evtx,Audit success,0,"{""EventData"":{""Data"":[{""@Name"":""SubjectUserSid"",""#text"":""S-1-5-18""},{""@Name"":""SubjectUserName"",""#text"":""WINDEV2401EVAL$""},{""@Name"":""SubjectDomainName"",""#text"":""WORKGROUP""},{""@Name"":""SubjectLogonId"",""#text"":""0x3E7""},{""@Name"":""TargetName"",""#text"":""WindowsLive:(cert):name=02mrmaiylzkexzqu;serviceuri=*""},{""@Name"":""Type"",""#text"":""0""},{""@Name"":""CountOfCredentialsReturned"",""#text"":""0""},{""@Name"":""ReadOperation"",""#text"":""%%8100""},{""@Name"":""ReturnCode"",""#text"":""3221226021""},{""@Name"":""ProcessCreationTime"",""#text"":""2025-01-03 21:17:46.7978781""},{""@Name"":""ClientProcessId"",""#text"":""8960""}]}}"
583,21525,2025-01-03 21:17:46.9270164,5379,LogAlways,Microsoft-Windows-Security-Auditing,Security,812,860,WinDev2401Eval,6,,Credential Manager credentials were read,WINDEV2401EVAL$,,SID: S-1-5-18,Domain: WORKGROUP,LogonID: 0x3E7,CountOfCredentialsReturned: 1,,ActivityID: 539053d8-5e23-0002-0254-9053235edb01,WindowsLive:target=virtualapp/didlogical,False,C:\Users\Inferno\Desktop\al_evtx\al_Security.evtx,Audit success,0,"{""EventData"":{""Data"":[{""@Name"":""SubjectUserSid"",""#text"":""S-1-5-18""},{""@Name"":""SubjectUserName"",""#text"":""WINDEV2401EVAL$""},{""@Name"":""SubjectDomainName"",""#text"":""WORKGROUP""},{""@Name"":""SubjectLogonId"",""#text"":""0x3E7""},{""@Name"":""TargetName"",""#text"":""WindowsLive:target=virtualapp/didlogical""},{""@Name"":""Type"",""#text"":""0""},{""@Name"":""CountOfCredentialsReturned"",""#text"":""1""},{""@Name"":""ReadOperation"",""#text"":""%%8100""},{""@Name"":""ReturnCode"",""#text"":""0""},{""@Name"":""ProcessCreationTime"",""#text"":""2025-01-03 21:17:46.7978781""},{""@Name"":""ClientProcessId"",""#text"":""8960""}]}}"
584,21526,2025-01-03 21:17:46.9350828,5379,LogAlways,Microsoft-Windows-Security-Auditing,Security,812,860,WinDev2401Eval,6,,Credential Manager credentials were read,User,,SID: S-1-5-21-1837475949-2032650698-3025450431-1000,Domain: WINDEV2401EVAL,LogonID: 0x5026C,CountOfCredentialsReturned: 0,,ActivityID: 539053d8-5e23-0002-0254-9053235edb01,WindowsLive:(token):name=02mykdeddnabzzqv;serviceuri=*,False,C:\Users\Inferno\Desktop\al_evtx\al_Security.evtx,Audit success,0,"{""EventData"":{""Data"":[{""@Name"":""SubjectUserSid"",""#text"":""S-1-5-21-1837475949-2032650698-3025450431-1000""},{""@Name"":""SubjectUserName"",""#text"":""User""},{""@Name"":""SubjectDomainName"",""#text"":""WINDEV2401EVAL""},{""@Name"":""SubjectLogonId"",""#text"":""0x5026C""},{""@Name"":""TargetName"",""#text"":""WindowsLive:(token):name=02mykdeddnabzzqv;serviceuri=*""},{""@Name"":""Type"",""#text"":""0""},{""@Name"":""CountOfCredentialsReturned"",""#text"":""0""},{""@Name"":""ReadOperation"",""#text"":""%%8100""},{""@Name"":""ReturnCode"",""#text"":""3221226021""},{""@Name"":""ProcessCreationTime"",""#text"":""2025-01-03 21:17:46.7978781""},{""@Name"":""ClientProcessId"",""#text"":""8960""}]}}"
585,21527,2025-01-03 21:17:46.9352621,5379,LogAlways,Microsoft-Windows-Security-Auditing,Security,812,860,WinDev2401Eval,6,,Credential Manager credentials were read,User,,SID: S-1-5-21-1837475949-2032650698-3025450431-1000,Domain: WINDEV2401EVAL,LogonID: 0x5026C,CountOfCredentialsReturned: 0,,ActivityID: 539053d8-5e23-0002-0254-9053235edb01,WindowsLive:(cert):name=02mykdeddnabzzqv;serviceuri=*,False,C:\Users\Inferno\Desktop\al_evtx\al_Security.evtx,Audit success,0,"{""EventData"":{""Data"":[{""@Name"":""SubjectUserSid"",""#text"":""S-1-5-21-1837475949-2032650698-3025450431-1000""},{""@Name"":""SubjectUserName"",""#text"":""User""},{""@Name"":""SubjectDomainName"",""#text"":""WINDEV2401EVAL""},{""@Name"":""SubjectLogonId"",""#text"":""0x5026C""},{""@Name"":""TargetName"",""#text"":""WindowsLive:(cert):name=02mykdeddnabzzqv;serviceuri=*""},{""@Name"":""Type"",""#text"":""0""},{""@Name"":""CountOfCredentialsReturned"",""#text"":""0""},{""@Name"":""ReadOperation"",""#text"":""%%8100""},{""@Name"":""ReturnCode"",""#text"":""3221226021""},{""@Name"":""ProcessCreationTime"",""#text"":""2025-01-03 21:17:46.7978781""},{""@Name"":""ClientProcessId"",""#text"":""8960""}]}}"
586,21528,2025-01-03 21:17:46.9353067,5379,LogAlways,Microsoft-Windows-Security-Auditing,Security,812,860,WinDev2401Eval,6,,Credential Manager credentials were read,User,,SID: S-1-5-21-1837475949-2032650698-3025450431-1000,Domain: WINDEV2401EVAL,LogonID: 0x5026C,CountOfCredentialsReturned: 1,,ActivityID: 539053d8-5e23-0002-0254-9053235edb01,WindowsLive:target=virtualapp/didlogical,False,C:\Users\Inferno\Desktop\al_evtx\al_Security.evtx,Audit success,0,"{""EventData"":{""Data"":[{""@Name"":""SubjectUserSid"",""#text"":""S-1-5-21-1837475949-2032650698-3025450431-1000""},{""@Name"":""SubjectUserName"",""#text"":""User""},{""@Name"":""SubjectDomainName"",""#text"":""WINDEV2401EVAL""},{""@Name"":""SubjectLogonId"",""#text"":""0x5026C""},{""@Name"":""TargetName"",""#text"":""WindowsLive:target=virtualapp/didlogical""},{""@Name"":""Type"",""#text"":""0""},{""@Name"":""CountOfCredentialsReturned"",""#text"":""1""},{""@Name"":""ReadOperation"",""#text"":""%%8100""},{""@Name"":""ReturnCode"",""#text"":""0""},{""@Name"":""ProcessCreationTime"",""#text"":""2025-01-03 21:17:46.7978781""},{""@Name"":""ClientProcessId"",""#text"":""8960""}]}}"
587,21529,2025-01-03 21:19:26.1724984,4624,LogAlways,Microsoft-Windows-Security-Auditing,Security,812,9376,WinDev2401Eval,6,,Successful logon,WORKGROUP\WINDEV2401EVAL$,- (-),Target: NT AUTHORITY\SYSTEM,LogonType 5,LogonId: 0x3E7,AuthenticationPackageName: Negotiate,"LogonProcessName: Advapi  ",,C:\Windows\System32\services.exe,False,C:\Users\Inferno\Desktop\al_evtx\al_Security.evtx,Audit success,0,"{""EventData"":{""Data"":[{""@Name"":""SubjectUserSid"",""#text"":""S-1-5-18""},{""@Name"":""SubjectUserName"",""#text"":""WINDEV2401EVAL$""},{""@Name"":""SubjectDomainName"",""#text"":""WORKGROUP""},{""@Name"":""SubjectLogonId"",""#text"":""0x3E7""},{""@Name"":""TargetUserSid"",""#text"":""S-1-5-18""},{""@Name"":""TargetUserName"",""#text"":""SYSTEM""},{""@Name"":""TargetDomainName"",""#text"":""NT AUTHORITY""},{""@Name"":""TargetLogonId"",""#text"":""0x3E7""},{""@Name"":""LogonType"",""#text"":""5""},{""@Name"":""LogonProcessName"",""#text"":""Advapi  ""},{""@Name"":""AuthenticationPackageName"",""#text"":""Negotiate""},{""@Name"":""WorkstationName"",""#text"":""-""},{""@Name"":""LogonGuid"",""#text"":""00000000-0000-0000-0000-000000000000""},{""@Name"":""TransmittedServices"",""#text"":""-""},{""@Name"":""LmPackageName"",""#text"":""-""},{""@Name"":""KeyLength"",""#text"":""0""},{""@Name"":""ProcessId"",""#text"":""0x310""},{""@Name"":""ProcessName"",""#text"":""C:\\Windows\\System32\\services.exe""},{""@Name"":""IpAddress"",""#text"":""-""},{""@Name"":""IpPort"",""#text"":""-""},{""@Name"":""ImpersonationLevel"",""#text"":""%%1833""},{""@Name"":""RestrictedAdminMode"",""#text"":""-""},{""@Name"":""RemoteCredentialGuard"",""#text"":""-""},{""@Name"":""TargetOutboundUserName"",""#text"":""-""},{""@Name"":""TargetOutboundDomainName"",""#text"":""-""},{""@Name"":""VirtualAccount"",""#text"":""%%1843""},{""@Name"":""TargetLinkedLogonId"",""#text"":""0x0""},{""@Name"":""ElevatedToken"",""#text"":""%%1842""}]}}"
588,21530,2025-01-03 21:19:26.1725060,4672,LogAlways,Microsoft-Windows-Security-Auditing,Security,812,9376,WinDev2401Eval,6,,Administrative logon,NT AUTHORITY\SYSTEM (S-1-5-18),,"PrivilegeList: SeAssignPrimaryTokenPrivilege, SeTcbPrivilege, SeSecurityPrivilege, SeTakeOwnershipPrivilege, SeLoadDriverPrivilege, SeBackupPrivilege, SeRestorePrivilege, SeDebugPrivilege, SeAuditPrivilege, SeSystemEnvironmentPrivilege, SeImpersonatePrivilege, SeDelegateSessionUserImpersonatePrivilege",LogonId: 0x3E7,,,,,,False,C:\Users\Inferno\Desktop\al_evtx\al_Security.evtx,Audit success,0,"{""EventData"":{""Data"":[{""@Name"":""SubjectUserSid"",""#text"":""S-1-5-18""},{""@Name"":""SubjectUserName"",""#text"":""SYSTEM""},{""@Name"":""SubjectDomainName"",""#text"":""NT AUTHORITY""},{""@Name"":""SubjectLogonId"",""#text"":""0x3E7""},{""@Name"":""PrivilegeList"",""#text"":""SeAssignPrimaryTokenPrivilege, SeTcbPrivilege, SeSecurityPrivilege, SeTakeOwnershipPrivilege, SeLoadDriverPrivilege, SeBackupPrivilege, SeRestorePrivilege, SeDebugPrivilege, SeAuditPrivilege, SeSystemEnvironmentPrivilege, SeImpersonatePrivilege, SeDelegateSessionUserImpersonatePrivilege""}]}}"
1,2778,2025-01-03 21:01:07.1483545,6009,Info,EventLog,System,1604,1732,WinDev2401Eval,0,,,,,,,,,,,,False,C:\Users\Inferno\Desktop\al_evtx\al_System.evtx,0x80000000000000,0,"{""EventData"":{""Data"":""10.00., 22621, Multiprocessor Free, 0"",""Binary"":""""}}"
2,2779,2025-01-03 21:01:07.1485316,6005,Info,EventLog,System,1604,1732,WinDev2401Eval,0,,The Event log service was started,,,Computer: WinDev2401Eval,,,,,,,False,C:\Users\Inferno\Desktop\al_evtx\al_System.evtx,0x80000000000000,0,"{""EventData"":{""Data"":"""",""Binary"":""E9-07-01-00-05-00-03-00-15-00-01-00-07-00-8C-00-00-00-00-00-00-00-00-00""}}"
3,2780,2025-01-03 21:01:07.1498006,6013,Info,EventLog,System,1604,1732,WinDev2401Eval,0,,System uptime,,,The system uptime is 6 seconds,TimeZone: 60,,,,,,False,C:\Users\Inferno\Desktop\al_evtx\al_System.evtx,0x80000000000000,0,"{""EventData"":{""Data"":""6, 60"",""Binary"":""31-00-2E-00-31-00-00-00-30-00-00-00-57-00-69-00-6E-00-64-00-6F-00-77-00-73-00-20-00-31-00-30-00-20-00-45-00-6E-00-74-00-65-00-72-00-70-00-72-00-69-00-73-00-65-00-20-00-45-00-76-00-61-00-6C-00-75-00-61-00-74-00-69-00-6F-00-6E-00-00-00-31-00-30-00-2E-00-30-00-2E-00-32-00-32-00-36-00-32-00-31-00-20-00-42-00-75-00-69-00-6C-00-64-00-20-00-32-00-32-00-36-00-32-00-31-00-20-00-20-00-00-00-4D-00-75-00-6C-00-74-00-69-00-70-00-72-00-6F-00-63-00-65-00-73-00-73-00-6F-00-72-00-20-00-46-00-72-00-65-00-65-00-00-00-32-00-32-00-36-00-32-00-31-00-2E-00-6E-00-69-00-5F-00-72-00-65-00-6C-00-65-00-61-00-73-00-65-00-2E-00-32-00-32-00-30-00-35-00-30-00-36-00-2D-00-31-00-32-00-35-00-30-00-00-00-36-00-35-00-65-00-38-00-32-00-35-00-65-00-36-00-00-00-4E-00-6F-00-74-00-20-00-41-00-76-00-61-00-69-00-6C-00-61-00-62-00-6C-00-65-00-00-00-4E-00-6F-00-74-00-20-00-41-00-76-00-61-00-69-00-6C-00-61-00-62-00-6C-00-65-00-00-00-39-00-00-00-34-00-00-00-38-00-31-00-37-00-36-00-00-00-34-00-30-00-39-00-00-00-57-00-69-00-6E-00-44-00-65-00-76-00-32-00-34-00-30-00-31-00-45-00-76-00-61-00-6C-00-00-00-00-00""}}"
4,2849,2025-01-03 21:01:07.0782613,24,Info,Microsoft-Windows-Kernel-General,System,1468,1652,WinDev2401Eval,0,S-1-5-18,,,,,,,,,,,False,C:\Users\Inferno\Desktop\al_evtx\al_System.evtx,Time,0,"{""EventData"":{""Data"":[{""@Name"":""ExitReason"",""#text"":""0""},{""@Name"":""CurrentBias"",""#text"":""480""},{""@Name"":""CurrentTimeZoneID"",""#text"":""1""},{""@Name"":""TimeZoneInfoCacheUpdated"",""#text"":""0""},{""@Name"":""FirstRefresh"",""#text"":""0""}]}}"
5,2850,2025-01-03 21:01:07.0782993,1,Info,Microsoft-Windows-Kernel-General,System,1468,1652,WinDev2401Eval,0,S-1-5-18,The system time was changed,,,OldTime: 2025-01-04 05:01:04.6788573,NewTime: 2025-01-03 21:01:07.0780000,Reason: An application or system component changed the time.,,,,,False,C:\Users\Inferno\Desktop\al_evtx\al_System.evtx,Time,0,"{""EventData"":{""Data"":[{""@Name"":""NewTime"",""#text"":""2025-01-03 21:01:07.0780000""},{""@Name"":""OldTime"",""#text"":""2025-01-04 05:01:04.6788573""},{""@Name"":""TimeDeltaInMs"",""#text"":""-28797600""},{""@Name"":""Reason"",""#text"":""1""},{""@Name"":""ProcessName"",""#text"":""\\Device\\HarddiskVolume4\\Windows\\System32\\VBoxService.exe""},{""@Name"":""ProcessID"",""#text"":""1468""},{""@Name"":""CmosTime"",""#text"":""2025-01-03 13:01:07.0780000""},{""@Name"":""TimeZoneBias"",""#text"":""480""},{""@Name"":""RealTimeIsUniversal"",""#text"":""False""},{""@Name"":""SystemInCmosMode"",""#text"":""False""}]}}"
6,2851,2025-01-03 21:01:07.1044091,50036,Info,Microsoft-Windows-Dhcp-Client,System,1624,1780,WinDev2401Eval,0,S-1-5-19,,,,,,,,,,,False,C:\Users\Inferno\Desktop\al_evtx\al_System.evtx,0x2000000000000000,0,"{""EventData"":""""}"
7,2852,2025-01-03 21:01:07.1044791,50103,Info,Microsoft-Windows-Dhcp-Client,System,1624,1780,WinDev2401Eval,0,S-1-5-19,,,,,,,,,,,False,C:\Users\Inferno\Desktop\al_evtx\al_System.evtx,0x2000000000000000,0,"{""EventData"":""""}"
8,2853,2025-01-03 21:01:07.1050876,50036,Info,Microsoft-Windows-Dhcp-Client,System,1624,1780,WinDev2401Eval,0,S-1-5-19,,,,,,,,,,,False,C:\Users\Inferno\Desktop\al_evtx\al_System.evtx,0x2000000000000000,0,"{""EventData"":""""}"
9,2854,2025-01-03 21:01:07.1151024,51046,Info,Microsoft-Windows-DHCPv6-Client,System,1624,1872,WinDev2401Eval,0,S-1-5-19,,,,,,,,,,,False,C:\Users\Inferno\Desktop\al_evtx\al_System.evtx,0x2000000000000000,0,"{""EventData"":""""}"
10,2855,2025-01-03 21:01:07.4172927,277,Info,Microsoft-Windows-Hyper-V-VmSwitch,System,4,352,WinDev2401Eval,0,S-1-5-18,,,,,,,,,,,False,C:\Users\Inferno\Desktop\al_evtx\al_System.evtx,State,0,"{""EventData"":{""Data"":[{""@Name"":""BuildNumber"",""#text"":""22621""},{""@Name"":""BuildArch"",""#text"":""amd64""},{""@Name"":""BuildBranch"",""#text"":""ni_release_svc_prod1""},{""@Name"":""Debug"",""#text"":""False""},{""@Name"":""Official"",""#text"":""True""},{""@Name"":""Date"",""#text"":""1""},{""@Name"":""Time"",""#text"":""1""}]}}"
11,2856,2025-01-03 21:01:07.5010046,112,Info,Microsoft-Windows-HttpService,System,4,224,WinDev2401Eval,0,S-1-5-18,,,,,,,,,,,False,C:\Users\Inferno\Desktop\al_evtx\al_System.evtx,0x4000000000000001,0,"{""EventData"":{""Data"":[{""@Name"":""Url"",""#text"":""http://*:5357/""},{""@Name"":""ReserveStatus"",""#text"":""0""},{""@Name"":""ProcessId"",""#text"":""4""},{""@Name"":""ExecutablePath""},{""@Name"":""UserSid"",""#text"":""S-1-5-18""}]}}"
12,2857,2025-01-03 21:01:07.5010127,112,Info,Microsoft-Windows-HttpService,System,4,224,WinDev2401Eval,0,S-1-5-18,,,,,,,,,,,False,C:\Users\Inferno\Desktop\al_evtx\al_System.evtx,0x4000000000000001,0,"{""EventData"":{""Data"":[{""@Name"":""Url"",""#text"":""http://+:80/Temporary_Listen_Addresses/""},{""@Name"":""ReserveStatus"",""#text"":""0""},{""@Name"":""ProcessId"",""#text"":""4""},{""@Name"":""ExecutablePath""},{""@Name"":""UserSid"",""#text"":""S-1-5-18""}]}}"
13,2858,2025-01-03 21:01:07.5010174,112,Info,Microsoft-Windows-HttpService,System,4,224,WinDev2401Eval,0,S-1-5-18,,,,,,,,,,,False,C:\Users\Inferno\Desktop\al_evtx\al_System.evtx,0x4000000000000001,0,"{""EventData"":{""Data"":[{""@Name"":""Url"",""#text"":""https://*:5358/""},{""@Name"":""ReserveStatus"",""#text"":""0""},{""@Name"":""ProcessId"",""#text"":""4""},{""@Name"":""ExecutablePath""},{""@Name"":""UserSid"",""#text"":""S-1-5-18""}]}}"
14,2859,2025-01-03 21:01:07.5010237,112,Info,Microsoft-Windows-HttpService,System,4,224,WinDev2401Eval,0,S-1-5-18,,,,,,,,,,,False,C:\Users\Inferno\Desktop\al_evtx\al_System.evtx,0x4000000000000001,0,"{""EventData"":{""Data"":[{""@Name"":""Url"",""#text"":""https://+:5986/wsman/""},{""@Name"":""ReserveStatus"",""#text"":""0""},{""@Name"":""ProcessId"",""#text"":""4""},{""@Name"":""ExecutablePath""},{""@Name"":""UserSid"",""#text"":""S-1-5-18""}]}}"
15,2860,2025-01-03 21:01:07.5010291,112,Info,Microsoft-Windows-HttpService,System,4,224,WinDev2401Eval,0,S-1-5-18,,,,,,,,,,,False,C:\Users\Inferno\Desktop\al_evtx\al_System.evtx,0x4000000000000001,0,"{""EventData"":{""Data"":[{""@Name"":""Url"",""#text"":""http://+:47001/wsman/""},{""@Name"":""ReserveStatus"",""#text"":""0""},{""@Name"":""ProcessId"",""#text"":""4""},{""@Name"":""ExecutablePath""},{""@Name"":""UserSid"",""#text"":""S-1-5-18""}]}}"
16,2861,2025-01-03 21:01:07.5010331,112,Info,Microsoft-Windows-HttpService,System,4,224,WinDev2401Eval,0,S-1-5-18,,,,,,,,,,,False,C:\Users\Inferno\Desktop\al_evtx\al_System.evtx,0x4000000000000001,0,"{""EventData"":{""Data"":[{""@Name"":""Url"",""#text"":""http://+:5985/wsman/""},{""@Name"":""ReserveStatus"",""#text"":""0""},{""@Name"":""ProcessId"",""#text"":""4""},{""@Name"":""ExecutablePath""},{""@Name"":""UserSid"",""#text"":""S-1-5-18""}]}}"
17,2862,2025-01-03 21:01:07.5010367,112,Info,Microsoft-Windows-HttpService,System,4,224,WinDev2401Eval,0,S-1-5-18,,,,,,,,,,,False,C:\Users\Inferno\Desktop\al_evtx\al_System.evtx,0x4000000000000001,0,"{""EventData"":{""Data"":[{""@Name"":""Url"",""#text"":""http://*:2869/""},{""@Name"":""ReserveStatus"",""#text"":""0""},{""@Name"":""ProcessId"",""#text"":""4""},{""@Name"":""ExecutablePath""},{""@Name"":""UserSid"",""#text"":""S-1-5-18""}]}}"
18,2863,2025-01-03 21:01:07.5010420,112,Info,Microsoft-Windows-HttpService,System,4,224,WinDev2401Eval,0,S-1-5-18,,,,,,,,,,,False,C:\Users\Inferno\Desktop\al_evtx\al_System.evtx,0x4000000000000001,0,"{""EventData"":{""Data"":[{""@Name"":""Url"",""#text"":""http://+:80/0131501b-d67f-491b-9a40-c4bf27bcb4d4/""},{""@Name"":""ReserveStatus"",""#text"":""0""},{""@Name"":""ProcessId"",""#text"":""4""},{""@Name"":""ExecutablePath""},{""@Name"":""UserSid"",""#text"":""S-1-5-18""}]}}"
19,2864,2025-01-03 21:01:07.5010487,112,Info,Microsoft-Windows-HttpService,System,4,224,WinDev2401Eval,0,S-1-5-18,,,,,,,,,,,False,C:\Users\Inferno\Desktop\al_evtx\al_System.evtx,0x4000000000000001,0,"{""EventData"":{""Data"":[{""@Name"":""Url"",""#text"":""https://+:443/C574AC30-5794-4AEE-B1BB-6651C5315029/""},{""@Name"":""ReserveStatus"",""#text"":""0""},{""@Name"":""ProcessId"",""#text"":""4""},{""@Name"":""ExecutablePath""},{""@Name"":""UserSid"",""#text"":""S-1-5-18""}]}}"
20,2865,2025-01-03 21:01:07.5010536,112,Info,Microsoft-Windows-HttpService,System,4,224,WinDev2401Eval,0,S-1-5-18,,,,,,,,,,,False,C:\Users\Inferno\Desktop\al_evtx\al_System.evtx,0x4000000000000001,0,"{""EventData"":{""Data"":[{""@Name"":""Url"",""#text"":""http://+:80/116B50EB-ECE2-41ac-8429-9F9E963361B7/""},{""@Name"":""ReserveStatus"",""#text"":""0""},{""@Name"":""ProcessId"",""#text"":""4""},{""@Name"":""ExecutablePath""},{""@Name"":""UserSid"",""#text"":""S-1-5-18""}]}}"
21,2866,2025-01-03 21:01:07.5010612,112,Info,Microsoft-Windows-HttpService,System,4,224,WinDev2401Eval,0,S-1-5-18,,,,,,,,,,,False,C:\Users\Inferno\Desktop\al_evtx\al_System.evtx,0x4000000000000001,0,"{""EventData"":{""Data"":[{""@Name"":""Url"",""#text"":""https://+:443/sra_{BA195980-CD49-458b-9E23-C84EE0ADCD75}/""},{""@Name"":""ReserveStatus"",""#text"":""0""},{""@Name"":""ProcessId"",""#text"":""4""},{""@Name"":""ExecutablePath""},{""@Name"":""UserSid"",""#text"":""S-1-5-18""}]}}"
22,2867,2025-01-03 21:01:07.5010658,112,Info,Microsoft-Windows-HttpService,System,4,224,WinDev2401Eval,0,S-1-5-18,,,,,,,,,,,False,C:\Users\Inferno\Desktop\al_evtx\al_System.evtx,0x4000000000000001,0,"{""EventData"":{""Data"":[{""@Name"":""Url"",""#text"":""https://+:10245/WMPNSSv4/""},{""@Name"":""ReserveStatus"",""#text"":""0""},{""@Name"":""ProcessId"",""#text"":""4""},{""@Name"":""ExecutablePath""},{""@Name"":""UserSid"",""#text"":""S-1-5-18""}]}}"
23,2868,2025-01-03 21:01:07.5010703,112,Info,Microsoft-Windows-HttpService,System,4,224,WinDev2401Eval,0,S-1-5-18,,,,,,,,,,,False,C:\Users\Inferno\Desktop\al_evtx\al_System.evtx,0x4000000000000001,0,"{""EventData"":{""Data"":[{""@Name"":""Url"",""#text"":""http://+:10243/WMPNSSv4/""},{""@Name"":""ReserveStatus"",""#text"":""0""},{""@Name"":""ProcessId"",""#text"":""4""},{""@Name"":""ExecutablePath""},{""@Name"":""UserSid"",""#text"":""S-1-5-18""}]}}"
24,2869,2025-01-03 21:01:07.5010745,112,Info,Microsoft-Windows-HttpService,System,4,224,WinDev2401Eval,0,S-1-5-18,,,,,,,,,,,False,C:\Users\Inferno\Desktop\al_evtx\al_System.evtx,0x4000000000000001,0,"{""EventData"":{""Data"":[{""@Name"":""Url"",""#text"":""https://+:3392/rdp/""},{""@Name"":""ReserveStatus"",""#text"":""0""},{""@Name"":""ProcessId"",""#text"":""4""},{""@Name"":""ExecutablePath""},{""@Name"":""UserSid"",""#text"":""S-1-5-18""}]}}"
25,2870,2025-01-03 21:01:07.5010784,112,Info,Microsoft-Windows-HttpService,System,4,224,WinDev2401Eval,0,S-1-5-18,,,,,,,,,,,False,C:\Users\Inferno\Desktop\al_evtx\al_System.evtx,0x4000000000000001,0,"{""EventData"":{""Data"":[{""@Name"":""Url"",""#text"":""http://+:3387/rdp/""},{""@Name"":""ReserveStatus"",""#text"":""0""},{""@Name"":""ProcessId"",""#text"":""4""},{""@Name"":""ExecutablePath""},{""@Name"":""UserSid"",""#text"":""S-1-5-18""}]}}"
26,2871,2025-01-03 21:01:07.5010871,112,Info,Microsoft-Windows-HttpService,System,4,224,WinDev2401Eval,0,S-1-5-18,,,,,,,,,,,False,C:\Users\Inferno\Desktop\al_evtx\al_System.evtx,0x4000000000000001,0,"{""EventData"":{""Data"":[{""@Name"":""Url"",""#text"":""http://+:10246/MDEServer/""},{""@Name"":""ReserveStatus"",""#text"":""0""},{""@Name"":""ProcessId"",""#text"":""4""},{""@Name"":""ExecutablePath""},{""@Name"":""UserSid"",""#text"":""S-1-5-18""}]}}"
27,2872,2025-01-03 21:01:07.5010910,112,Info,Microsoft-Windows-HttpService,System,4,224,WinDev2401Eval,0,S-1-5-18,,,,,,,,,,,False,C:\Users\Inferno\Desktop\al_evtx\al_System.evtx,0x4000000000000001,0,"{""EventData"":{""Data"":[{""@Name"":""Url"",""#text"":""http://+:10247/apps/""},{""@Name"":""ReserveStatus"",""#text"":""0""},{""@Name"":""ProcessId"",""#text"":""4""},{""@Name"":""ExecutablePath""},{""@Name"":""UserSid"",""#text"":""S-1-5-18""}]}}"
28,2873,2025-01-03 21:01:07.5664568,16,Info,Microsoft-Windows-Kernel-General,System,2832,2932,WinDev2401Eval,0,S-1-5-18,,,,,,,,,,,False,C:\Users\Inferno\Desktop\al_evtx\al_System.evtx,Classic,0,"{""EventData"":{""Data"":[{""@Name"":""HiveNameLength"",""#text"":""119""},{""@Name"":""HiveName"",""#text"":""\\??\\C:\\Windows\\ServiceProfiles\\NetworkService\\AppData\\Local\\Microsoft\\Windows\\DeliveryOptimization\\State\\dosvcState.dat""},{""@Name"":""KeysUpdated"",""#text"":""76""},{""@Name"":""DirtyPages"",""#text"":""24""}]}}"
29,2874,2025-01-03 21:01:07.7789086,7026,Info,Service Control Manager,System,788,792,WinDev2401Eval,0,,,,,,,,,,,,False,C:\Users\Inferno\Desktop\al_evtx\al_System.evtx,"Audit success, classic",0,"{""EventData"":{""Data"":{""@Name"":""param1"",""#text"":"", dam""}}}"
30,2875,2025-01-03 21:01:09.1193484,1796,Error,Microsoft-Windows-TPM-WMI,System,4284,4728,WinDev2401Eval,0,S-1-5-18,,,,,,,,,,,False,C:\Users\Inferno\Desktop\al_evtx\al_System.evtx,Classic,0,"{""EventData"":{""Data"":{""@Name"":""HResult"",""#text"":""-2147020471""}}}"
31,2876,2025-01-03 21:01:09.3822054,16,Info,Microsoft-Windows-Kernel-General,System,3112,4388,WinDev2401Eval,0,S-1-5-18,,,,,,,,,,,False,C:\Users\Inferno\Desktop\al_evtx\al_System.evtx,Classic,0,"{""EventData"":{""Data"":[{""@Name"":""HiveNameLength"",""#text"":""45""},{""@Name"":""HiveName"",""#text"":""\\??\\C:\\Windows\\AppCompat\\Programs\\Amcache.hve""},{""@Name"":""KeysUpdated"",""#text"":""2325""},{""@Name"":""DirtyPages"",""#text"":""817""}]}}"
32,2877,2025-01-03 21:01:11.1847161,18,Info,TPM,System,4,260,WinDev2401Eval,0,S-1-5-18,,,,,,,,,,,False,C:\Users\Inferno\Desktop\al_evtx\al_System.evtx,Classic,0,"{""EventData"":{""Data"":[{""@Name"":""driverFile"",""#text"":""0x14""},{""@Name"":""lineNumber"",""#text"":""217""},{""@Name"":""Data"",""#text"":""0""}]}}"
33,2878,2025-01-03 21:01:11.2152983,15,Error,TPM,System,3312,4292,WinDev2401Eval,0,S-1-5-18,,,,,,,,,,,False,C:\Users\Inferno\Desktop\al_evtx\al_System.evtx,Classic,0,"{""EventData"":{""Data"":[{""@Name"":""driverFile"",""#text"":""0x2""},{""@Name"":""lineNumber"",""#text"":""369""},{""@Name"":""Data"",""#text"":""3221225524""}]}}"
34,2879,2025-01-03 21:01:11.2154651,15,Error,TPM,System,3312,4292,WinDev2401Eval,0,S-1-5-18,,,,,,,,,,,False,C:\Users\Inferno\Desktop\al_evtx\al_System.evtx,Classic,0,"{""EventData"":{""Data"":[{""@Name"":""driverFile"",""#text"":""0x2""},{""@Name"":""lineNumber"",""#text"":""369""},{""@Name"":""Data"",""#text"":""3221225524""}]}}"
35,2880,2025-01-03 21:01:11.2266725,15,Error,TPM,System,3312,4292,WinDev2401Eval,0,S-1-5-18,,,,,,,,,,,False,C:\Users\Inferno\Desktop\al_evtx\al_System.evtx,Classic,0,"{""EventData"":{""Data"":[{""@Name"":""driverFile"",""#text"":""0x2""},{""@Name"":""lineNumber"",""#text"":""369""},{""@Name"":""Data"",""#text"":""3221225524""}]}}"
36,2881,2025-01-03 21:01:11.2275713,15,Error,TPM,System,3312,4292,WinDev2401Eval,0,S-1-5-18,,,,,,,,,,,False,C:\Users\Inferno\Desktop\al_evtx\al_System.evtx,Classic,0,"{""EventData"":{""Data"":[{""@Name"":""driverFile"",""#text"":""0x2""},{""@Name"":""lineNumber"",""#text"":""369""},{""@Name"":""Data"",""#text"":""3221225524""}]}}"
37,2882,2025-01-03 21:01:11.2876570,1282,Info,Microsoft-Windows-TPM-WMI,System,3312,4292,WinDev2401Eval,0,S-1-5-18,,,,,,,,,,,False,C:\Users\Inferno\Desktop\al_evtx\al_System.evtx,Classic,0,"{""EventData"":""""}"
38,2883,2025-01-03 21:01:11.3138946,1025,Info,Microsoft-Windows-TPM-WMI,System,3312,4292,WinDev2401Eval,0,S-1-5-18,,,,,,,,,,,False,C:\Users\Inferno\Desktop\al_evtx\al_System.evtx,Classic,0,"{""EventData"":""""}"
39,2884,2025-01-03 21:01:11.3156138,15,Error,TPM,System,3312,4292,WinDev2401Eval,0,S-1-5-18,,,,,,,,,,,False,C:\Users\Inferno\Desktop\al_evtx\al_System.evtx,Classic,0,"{""EventData"":{""Data"":[{""@Name"":""driverFile"",""#text"":""0x2""},{""@Name"":""lineNumber"",""#text"":""369""},{""@Name"":""Data"",""#text"":""3221225524""}]}}"
40,2885,2025-01-03 21:01:11.3156662,15,Error,TPM,System,3312,4292,WinDev2401Eval,0,S-1-5-18,,,,,,,,,,,False,C:\Users\Inferno\Desktop\al_evtx\al_System.evtx,Classic,0,"{""EventData"":{""Data"":[{""@Name"":""driverFile"",""#text"":""0x2""},{""@Name"":""lineNumber"",""#text"":""369""},{""@Name"":""Data"",""#text"":""3221225524""}]}}"
41,2886,2025-01-03 21:01:20.1334923,16,Info,Microsoft-Windows-Kernel-General,System,1744,1956,WinDev2401Eval,0,S-1-5-18,,,,,,,,,,,False,C:\Users\Inferno\Desktop\al_evtx\al_System.evtx,Classic,0,"{""EventData"":{""Data"":[{""@Name"":""HiveNameLength"",""#text"":""28""},{""@Name"":""HiveName"",""#text"":""\\??\\C:\\Users\\User\\ntuser.dat""},{""@Name"":""KeysUpdated"",""#text"":""708""},{""@Name"":""DirtyPages"",""#text"":""135""}]}}"
42,2887,2025-01-03 21:01:20.1461265,16,Info,Microsoft-Windows-Kernel-General,System,1744,1956,WinDev2401Eval,0,S-1-5-18,,,,,,,,,,,False,C:\Users\Inferno\Desktop\al_evtx\al_System.evtx,Classic,0,"{""EventData"":{""Data"":[{""@Name"":""HiveNameLength"",""#text"":""62""},{""@Name"":""HiveName"",""#text"":""\\??\\C:\\Users\\User\\AppData\\Local\\Microsoft\\Windows\\UsrClass.dat""},{""@Name"":""KeysUpdated"",""#text"":""1308""},{""@Name"":""DirtyPages"",""#text"":""173""}]}}"
43,2888,2025-01-03 21:01:20.2374395,16,Info,Microsoft-Windows-Kernel-General,System,816,852,WinDev2401Eval,0,S-1-5-18,,,,,,,,,,,False,C:\Users\Inferno\Desktop\al_evtx\al_System.evtx,Classic,0,"{""EventData"":{""Data"":[{""@Name"":""HiveNameLength"",""#text"":""63""},{""@Name"":""HiveName"",""#text"":""\\??\\C:\\Windows\\system32\\Microsoft\\Protect\\Recovery\\Recovery.dat""},{""@Name"":""KeysUpdated"",""#text"":""1""},{""@Name"":""DirtyPages"",""#text"":""1""}]}}"
44,2889,2025-01-03 21:01:23.9312406,7001,Info,Microsoft-Windows-Winlogon,System,720,1460,WinDev2401Eval,0,S-1-5-18,User logon,,,UserSID: S-1-5-21-1837475949-2032650698-3025450431-1000,,,,,,,False,C:\Users\Inferno\Desktop\al_evtx\al_System.evtx,0x2000200000000000,0,"{""EventData"":{""Data"":[{""@Name"":""TSId"",""#text"":""1""},{""@Name"":""UserSid"",""#text"":""S-1-5-21-1837475949-2032650698-3025450431-1000""}]}}"
45,2890,2025-01-03 21:01:24.5660437,15,Info,Microsoft-Windows-Kernel-General,System,4,220,WinDev2401Eval,0,S-1-5-18,,,,,,,,,,,False,C:\Users\Inferno\Desktop\al_evtx\al_System.evtx,Classic,0,"{""EventData"":{""Data"":[{""@Name"":""HiveNameLength"",""#text"":""35""},{""@Name"":""HiveName"",""#text"":""\\SystemRoot\\System32\\config\\DRIVERS""},{""@Name"":""OriginalSize"",""#text"":""5050368""},{""@Name"":""NewSize"",""#text"":""4620288""}]}}"
46,2891,2025-01-03 21:01:26.9572204,16,Info,Microsoft-Windows-Kernel-General,System,6192,6248,WinDev2401Eval,0,S-1-5-18,,,,,,,,,,,False,C:\Users\Inferno\Desktop\al_evtx\al_System.evtx,Classic,0,"{""EventData"":{""Data"":[{""@Name"":""HiveNameLength"",""#text"":""103""},{""@Name"":""HiveName"",""#text"":""\\??\\C:\\Users\\User\\AppData\\Local\\Packages\\Microsoft.AAD.BrokerPlugin_cw5n1h2txyewy\\Settings\\settings.dat""},{""@Name"":""KeysUpdated"",""#text"":""5""},{""@Name"":""DirtyPages"",""#text"":""1""}]}}"
47,2892,2025-01-03 21:01:28.5802021,37,Info,Microsoft-Windows-Time-Service,System,6552,6580,WinDev2401Eval,0,S-1-5-19,Synchronizing system time from time service,,,ServerAddress: time.windows.com,"ServerIP: time.windows.com,0x9 (ntp.m|0x9|0.0.0.0:123-&gt;20.101.57.9:123)",,,,,,False,C:\Users\Inferno\Desktop\al_evtx\al_System.evtx,Classic,0,"{""EventData"":{""@Name"":""TMP_EVENT_TIME_SOURCE_REACHABLE"",""Data"":{""@Name"":""TimeSource"",""#text"":""time.windows.com,0x9 (ntp.m|0x9|0.0.0.0:123-&gt;20.101.57.9:123)""}}}"
48,2893,2025-01-03 21:01:30.4500599,16,Info,Microsoft-Windows-Kernel-General,System,3640,4280,WinDev2401Eval,0,S-1-5-18,,,,,,,,,,,False,C:\Users\Inferno\Desktop\al_evtx\al_System.evtx,Classic,0,"{""EventData"":{""Data"":[{""@Name"":""HiveNameLength"",""#text"":""163""},{""@Name"":""HiveName"",""#text"":""\\??\\C:\\ProgramData\\Microsoft\\Windows\\AppRepository\\Packages\\Microsoft.Windows.ShellExperienceHost_10.0.22621.3527_neutral_neutral_cw5n1h2txyewy\\ActivationStore.dat""},{""@Name"":""KeysUpdated"",""#text"":""0""},{""@Name"":""DirtyPages"",""#text"":""0""}]}}"
49,2894,2025-01-03 21:01:30.6676685,16,Info,Microsoft-Windows-Kernel-General,System,3640,4196,WinDev2401Eval,0,S-1-5-18,,,,,,,,,,,False,C:\Users\Inferno\Desktop\al_evtx\al_System.evtx,Classic,0,"{""EventData"":{""Data"":[{""@Name"":""HiveNameLength"",""#text"":""144""},{""@Name"":""HiveName"",""#text"":""\\??\\C:\\ProgramData\\Microsoft\\Windows\\AppRepository\\Packages\\MicrosoftWindows.Client.CBS_1000.22700.1009.0_x64__cw5n1h2txyewy\\ActivationStore.dat""},{""@Name"":""KeysUpdated"",""#text"":""0""},{""@Name"":""DirtyPages"",""#text"":""0""}]}}"
50,2895,2025-01-03 21:01:30.7620209,16,Info,Microsoft-Windows-Kernel-General,System,3640,4280,WinDev2401Eval,0,S-1-5-21-1837475949-2032650698-3025450431-1000,,,,,,,,,,,False,C:\Users\Inferno\Desktop\al_evtx\al_System.evtx,Classic,0,"{""EventData"":{""Data"":[{""@Name"":""HiveNameLength"",""#text"":""114""},{""@Name"":""HiveName"",""#text"":""\\??\\C:\\Users\\User\\AppData\\Local\\Packages\\Microsoft.Windows.ShellExperienceHost_cw5n1h2txyewy\\Settings\\settings.dat""},{""@Name"":""KeysUpdated"",""#text"":""3""},{""@Name"":""DirtyPages"",""#text"":""1""}]}}"
51,2896,2025-01-03 21:01:31.1471013,16,Info,Microsoft-Windows-Kernel-General,System,3640,4196,WinDev2401Eval,0,S-1-5-21-1837475949-2032650698-3025450431-1000,,,,,,,,,,,False,C:\Users\Inferno\Desktop\al_evtx\al_System.evtx,Classic,0,"{""EventData"":{""Data"":[{""@Name"":""HiveNameLength"",""#text"":""104""},{""@Name"":""HiveName"",""#text"":""\\??\\C:\\Users\\User\\AppData\\Local\\Packages\\MicrosoftWindows.Client.CBS_cw5n1h2txyewy\\Settings\\settings.dat""},{""@Name"":""KeysUpdated"",""#text"":""16""},{""@Name"":""DirtyPages"",""#text"":""6""}]}}"
52,2897,2025-01-03 21:01:38.8759570,44,Info,Microsoft-Windows-WindowsUpdateClient,System,2876,5048,WinDev2401Eval,0,S-1-5-18,,,,,,,,,,,False,C:\Users\Inferno\Desktop\al_evtx\al_System.evtx,0x8000000000002004,0,"{""EventData"":{""Data"":[{""@Name"":""updateTitle"",""#text"":""Security Intelligence Update for Microsoft Defender Antivirus - KB2267602 (Version 1.421.1175.0) - Current Channel (Broad)""},{""@Name"":""updateGuid"",""#text"":""adf9ea27-820e-4c28-9e3a-0a3da00ffb27""},{""@Name"":""updateRevisionNumber"",""#text"":""200""}]}}"
53,2898,2025-01-03 21:01:42.6020126,16,Info,Microsoft-Windows-Kernel-General,System,3640,4196,WinDev2401Eval,0,S-1-5-21-1837475949-2032650698-3025450431-1000,,,,,,,,,,,False,C:\Users\Inferno\Desktop\al_evtx\al_System.evtx,Classic,0,"{""EventData"":{""Data"":[{""@Name"":""HiveNameLength"",""#text"":""114""},{""@Name"":""HiveName"",""#text"":""\\??\\C:\\Users\\User\\AppData\\Local\\Packages\\MicrosoftWindows.Client.WebExperience_cw5n1h2txyewy\\Settings\\settings.dat""},{""@Name"":""KeysUpdated"",""#text"":""2""},{""@Name"":""DirtyPages"",""#text"":""1""}]}}"
54,2899,2025-01-03 21:01:43.9294506,16,Info,Microsoft-Windows-Kernel-General,System,932,1012,WinDev2401Eval,0,S-1-5-18,,,,,,,,,,,False,C:\Users\Inferno\Desktop\al_evtx\al_System.evtx,Classic,0,"{""EventData"":{""Data"":[{""@Name"":""HiveNameLength"",""#text"":""122""},{""@Name"":""HiveName"",""#text"":""\\??\\C:\\Users\\User\\AppData\\Local\\Packages\\MicrosoftWindows.Client.WebExperience_cw5n1h2txyewy\\SystemAppData\\Helium\\User.dat""},{""@Name"":""KeysUpdated"",""#text"":""5""},{""@Name"":""DirtyPages"",""#text"":""1""}]}}"
55,2900,2025-01-03 21:01:43.9306309,16,Info,Microsoft-Windows-Kernel-General,System,932,1012,WinDev2401Eval,0,S-1-5-18,,,,,,,,,,,False,C:\Users\Inferno\Desktop\al_evtx\al_System.evtx,Classic,0,"{""EventData"":{""Data"":[{""@Name"":""HiveNameLength"",""#text"":""129""},{""@Name"":""HiveName"",""#text"":""\\??\\C:\\Users\\User\\AppData\\Local\\Packages\\MicrosoftWindows.Client.WebExperience_cw5n1h2txyewy\\SystemAppData\\Helium\\UserClasses.dat""},{""@Name"":""KeysUpdated"",""#text"":""4""},{""@Name"":""DirtyPages"",""#text"":""1""}]}}"
56,2901,2025-01-03 21:01:44.4873844,16,Info,Microsoft-Windows-Kernel-General,System,3716,6996,WinDev2401Eval,0,S-1-5-18,,,,,,,,,,,False,C:\Users\Inferno\Desktop\al_evtx\al_System.evtx,Classic,0,"{""EventData"":{""Data"":[{""@Name"":""HiveNameLength"",""#text"":""118""},{""@Name"":""HiveName"",""#text"":""\\??\\C:\\Users\\User\\AppData\\Local\\Packages\\Microsoft.Windows.StartMenuExperienceHost_cw5n1h2txyewy\\Settings\\settings.dat""},{""@Name"":""KeysUpdated"",""#text"":""9""},{""@Name"":""DirtyPages"",""#text"":""1""}]}}"
57,2902,2025-01-03 21:01:47.4250246,16,Info,Microsoft-Windows-Kernel-General,System,7116,8208,WinDev2401Eval,0,S-1-5-18,,,,,,,,,,,False,C:\Users\Inferno\Desktop\al_evtx\al_System.evtx,Classic,0,"{""EventData"":{""Data"":[{""@Name"":""HiveNameLength"",""#text"":""91""},{""@Name"":""HiveName"",""#text"":""\\??\\C:\\Users\\User\\AppData\\Local\\Packages\\MicrosoftTeams_8wekyb3d8bbwe\\Settings\\settings.dat""},{""@Name"":""KeysUpdated"",""#text"":""3""},{""@Name"":""DirtyPages"",""#text"":""1""}]}}"
58,2903,2025-01-03 21:01:49.0780487,16,Info,Microsoft-Windows-Kernel-General,System,3640,4280,WinDev2401Eval,0,S-1-5-21-1837475949-2032650698-3025450431-1000,,,,,,,,,,,False,C:\Users\Inferno\Desktop\al_evtx\al_System.evtx,Classic,0,"{""EventData"":{""Data"":[{""@Name"":""HiveNameLength"",""#text"":""106""},{""@Name"":""HiveName"",""#text"":""\\??\\C:\\Users\\User\\AppData\\Local\\Packages\\Microsoft.DesktopAppInstaller_8wekyb3d8bbwe\\Settings\\settings.dat""},{""@Name"":""KeysUpdated"",""#text"":""2""},{""@Name"":""DirtyPages"",""#text"":""1""}]}}"
59,2904,2025-01-03 21:01:51.2417726,15,Error,TPM,System,6252,6244,WinDev2401Eval,0,S-1-5-21-1837475949-2032650698-3025450431-1000,,,,,,,,,,,False,C:\Users\Inferno\Desktop\al_evtx\al_System.evtx,Classic,0,"{""EventData"":{""Data"":[{""@Name"":""driverFile"",""#text"":""0x2""},{""@Name"":""lineNumber"",""#text"":""369""},{""@Name"":""Data"",""#text"":""3221225524""}]}}"
60,2905,2025-01-03 21:01:51.2456739,15,Error,TPM,System,6252,6244,WinDev2401Eval,0,S-1-5-21-1837475949-2032650698-3025450431-1000,,,,,,,,,,,False,C:\Users\Inferno\Desktop\al_evtx\al_System.evtx,Classic,0,"{""EventData"":{""Data"":[{""@Name"":""driverFile"",""#text"":""0x2""},{""@Name"":""lineNumber"",""#text"":""369""},{""@Name"":""Data"",""#text"":""3221225524""}]}}"
61,2906,2025-01-03 21:01:51.2942368,15,Error,TPM,System,6252,6244,WinDev2401Eval,0,S-1-5-21-1837475949-2032650698-3025450431-1000,,,,,,,,,,,False,C:\Users\Inferno\Desktop\al_evtx\al_System.evtx,Classic,0,"{""EventData"":{""Data"":[{""@Name"":""driverFile"",""#text"":""0x2""},{""@Name"":""lineNumber"",""#text"":""369""},{""@Name"":""Data"",""#text"":""3221225524""}]}}"
62,2907,2025-01-03 21:01:51.2980090,15,Error,TPM,System,6252,6244,WinDev2401Eval,0,S-1-5-21-1837475949-2032650698-3025450431-1000,,,,,,,,,,,False,C:\Users\Inferno\Desktop\al_evtx\al_System.evtx,Classic,0,"{""EventData"":{""Data"":[{""@Name"":""driverFile"",""#text"":""0x2""},{""@Name"":""lineNumber"",""#text"":""369""},{""@Name"":""Data"",""#text"":""3221225524""}]}}"
63,2908,2025-01-03 21:01:51.3430413,15,Error,TPM,System,6252,6244,WinDev2401Eval,0,S-1-5-21-1837475949-2032650698-3025450431-1000,,,,,,,,,,,False,C:\Users\Inferno\Desktop\al_evtx\al_System.evtx,Classic,0,"{""EventData"":{""Data"":[{""@Name"":""driverFile"",""#text"":""0x2""},{""@Name"":""lineNumber"",""#text"":""369""},{""@Name"":""Data"",""#text"":""3221225524""}]}}"
64,2909,2025-01-03 21:01:51.3464310,15,Error,TPM,System,6252,6244,WinDev2401Eval,0,S-1-5-21-1837475949-2032650698-3025450431-1000,,,,,,,,,,,False,C:\Users\Inferno\Desktop\al_evtx\al_System.evtx,Classic,0,"{""EventData"":{""Data"":[{""@Name"":""driverFile"",""#text"":""0x2""},{""@Name"":""lineNumber"",""#text"":""369""},{""@Name"":""Data"",""#text"":""3221225524""}]}}"
65,2910,2025-01-03 21:01:56.2304842,7040,Info,Service Control Manager,System,788,3832,WinDev2401Eval,0,S-1-5-18,Start type of a service has changed,,,The start type of the Background Intelligent Transfer Service was changed from demand start to auto start,,,,,,BITS,False,C:\Users\Inferno\Desktop\al_evtx\al_System.evtx,"Audit success, classic",0,"{""EventData"":{""Data"":[{""@Name"":""param1"",""#text"":""Background Intelligent Transfer Service""},{""@Name"":""param2"",""#text"":""demand start""},{""@Name"":""param3"",""#text"":""auto start""},{""@Name"":""param4"",""#text"":""BITS""}]}}"
66,2911,2025-01-03 21:02:09.6446697,16,Info,Microsoft-Windows-Kernel-General,System,3640,4196,WinDev2401Eval,0,S-1-5-18,,,,,,,,,,,False,C:\Users\Inferno\Desktop\al_evtx\al_System.evtx,Classic,0,"{""EventData"":{""Data"":[{""@Name"":""HiveNameLength"",""#text"":""138""},{""@Name"":""HiveName"",""#text"":""\\??\\C:\\ProgramData\\Microsoft\\Windows\\AppRepository\\Packages\\Microsoft.SecHealthUI_1000.25992.9000.0_x64__8wekyb3d8bbwe\\ActivationStore.dat""},{""@Name"":""KeysUpdated"",""#text"":""0""},{""@Name"":""DirtyPages"",""#text"":""0""}]}}"
67,2912,2025-01-03 21:02:09.7136647,16,Info,Microsoft-Windows-Kernel-General,System,3640,4196,WinDev2401Eval,0,S-1-5-21-1837475949-2032650698-3025450431-1000,,,,,,,,,,,False,C:\Users\Inferno\Desktop\al_evtx\al_System.evtx,Classic,0,"{""EventData"":{""Data"":[{""@Name"":""HiveNameLength"",""#text"":""98""},{""@Name"":""HiveName"",""#text"":""\\??\\C:\\Users\\User\\AppData\\Local\\Packages\\Microsoft.SecHealthUI_8wekyb3d8bbwe\\Settings\\settings.dat""},{""@Name"":""KeysUpdated"",""#text"":""3""},{""@Name"":""DirtyPages"",""#text"":""1""}]}}"
68,2913,2025-01-03 21:02:14.4556609,16,Info,Microsoft-Windows-Kernel-General,System,3640,4196,WinDev2401Eval,0,S-1-5-18,,,,,,,,,,,False,C:\Users\Inferno\Desktop\al_evtx\al_System.evtx,Classic,0,"{""EventData"":{""Data"":[{""@Name"":""HiveNameLength"",""#text"":""134""},{""@Name"":""HiveName"",""#text"":""\\??\\C:\\ProgramData\\Microsoft\\Windows\\AppRepository\\Packages\\Microsoft.ECApp_10.0.22621.3085_neutral__8wekyb3d8bbwe\\ActivationStore.dat""},{""@Name"":""KeysUpdated"",""#text"":""0""},{""@Name"":""DirtyPages"",""#text"":""0""}]}}"
