RecordNumber,EventRecordId,TimeCreated,EventId,Level,Provider,Channel,ProcessId,ThreadId,Computer,ChunkNumber,UserId,MapDescription,UserName,RemoteHost,PayloadData1,PayloadData2,PayloadData3,PayloadData4,PayloadData5,PayloadData6,ExecutableInfo,HiddenRecord,SourceFile,Keywords,ExtraDataOffset,Payload
1,2327,2025-01-03 21:01:07.1480430,4625,Info,Microsoft-Windows-EventSystem,Application,1752,0,WinDev2401Eval,0,,,,,,,,,,,,False,C:\Users\Inferno\Desktop\al_evtx\al_Application.evtx,0x80000000000000,0,"{""EventData"":{""Data"":[{""@Name"":""param1"",""#text"":""86400""},{""@Name"":""param2"",""#text"":""SuppressDuplicateDuration""},{""@Name"":""param3"",""#text"":""Software\\Microsoft\\EventSystem\\EventLog""}]}}"
2,2328,2025-01-03 21:01:07.1373536,1531,Info,Microsoft-Windows-User Profiles Service,Application,1744,1844,WinDev2401Eval,0,S-1-5-18,,,,,,,,,,,False,C:\Users\Inferno\Desktop\al_evtx\al_Application.evtx,Classic,0,"{""EventData"":""""}"
3,2329,2025-01-03 21:01:07.7733591,5615,Info,Microsoft-Windows-WMI,Application,3264,3564,WinDev2401Eval,0,S-1-5-18,,,,,,,,,,,False,C:\Users\Inferno\Desktop\al_evtx\al_Application.evtx,Classic,0,"{""EventData"":""""}"
4,2330,2025-01-03 21:01:07.9212683,900,Info,Microsoft-Windows-Security-SPP,Application,3820,0,WinDev2401Eval,0,,,,,,,,,,,,False,C:\Users\Inferno\Desktop\al_evtx\al_Application.evtx,0x80000000000000,0,"{""EventData"":{""Data"":""TriggerStarted:6"",""Binary"":""""}}"
5,2331,2025-01-03 21:01:08.0093102,16394,Info,Microsoft-Windows-Security-SPP,Application,3820,0,WinDev2401Eval,0,,,,,,,,,,,,False,C:\Users\Inferno\Desktop\al_evtx\al_Application.evtx,0x80000000000000,0,"{""EventData"":{""Data"":"""",""Binary"":""""}}"
6,2332,2025-01-03 21:01:08.0614363,1066,Info,Microsoft-Windows-Security-SPP,Application,3820,0,WinDev2401Eval,0,,,,,,,,,,,,False,C:\Users\Inferno\Desktop\al_evtx\al_Application.evtx,0x80000000000000,0,"{""EventData"":{""Data"":""C:\\Windows\\system32\\sppwinob.dll, msft:spp/windowsfunctionality/agent/7.0, 0x00000000, 0x00000000\nC:\\Windows\\system32\\sppobjs.dll, msft:rm/algorithm/inherited/1.0, 0x00000000, 0x00000000\nC:\\Windows\\system32\\sppobjs.dll, msft:rm/algorithm/phone/1.0, 0x00000000, 0x00000000\nC:\\Windows\\system32\\sppobjs.dll, msft:rm/algorithm/pkey/detect, 0x00000000, 0x00000000\nC:\\Windows\\system32\\sppobjs.dll, msft:spp/ActionScheduler/1.0, 0x00000000, 0x00000000\nC:\\Windows\\system32\\sppobjs.dll, msft:spp/TaskScheduler/1.0, 0x00000000, 0x00000000\nC:\\Windows\\system32\\sppobjs.dll, msft:spp/statecollector/pkey, 0x00000000, 0x00000000\nC:\\Windows\\system32\\sppobjs.dll, msft:spp/volume/services/kms/1.0, 0x00000000, 0x00000000\nC:\\Windows\\system32\\sppobjs.dll, msft:spp/volume/services/kms/activationinfo/1.0, 0x00000000, 0x00000000\n"",""Binary"":""""}}"
7,2333,2025-01-03 21:01:08.5184128,1034,Info,Microsoft-Windows-Security-SPP,Application,3820,0,WinDev2401Eval,0,,,,,,,,,,,,False,C:\Users\Inferno\Desktop\al_evtx\al_Application.evtx,0x80000000000000,0,"{""EventData"":{""Data"":""Security-SPP-WriteWauMarker, 500"",""Binary"":""""}}"
8,2334,2025-01-03 21:01:08.5345282,1003,Info,Microsoft-Windows-Security-SPP,Application,3820,0,WinDev2401Eval,0,,,,,,,,,,,,False,C:\Users\Inferno\Desktop\al_evtx\al_Application.evtx,0x80000000000000,0,"{""EventData"":{""Data"":""55c92734-d682-4d71-983e-d6ec3f16059f, \n1: 3f4c0546-36c6-46a8-a37f-be13cdd0cf25, 1, 0 [(0 [0xC004E003, 0, 0], [( 9 0xC004FC07 90 0)( 1 0x00000000)(?)( 2 0x00000000 0 0 msft:rm/algorithm/hwid/4.0 0x00000000 0)(?)( 9 0xC004FC07 90 0)( 10 0x00000000 msft:rm/algorithm/flags/1.0)(?)])(1 )(2 )(3 [0x00000000, 0, 0], [( 6 0xC004F009 0 0)( 1 0x00000000)( 6 0xC004F009 0 0)(?)(?)(?)( 10 0x00000000 msft:rm/algorithm/flags/1.0)( 11 0x00000000 0xC004FC07)])]\n\n"",""Binary"":""""}}"
9,2335,2025-01-03 21:01:08.5553075,902,LogAlways,Microsoft-Windows-Security-SPP,Application,3820,0,WinDev2401Eval,0,,,,,,,,,,,,False,C:\Users\Inferno\Desktop\al_evtx\al_Application.evtx,0x80000000000000,0,"{""EventData"":{""Data"":""10.0.22621.3672"",""Binary"":""""}}"
10,2336,2025-01-03 21:01:08.5901618,100,Info,WLMS,Application,3376,0,WinDev2401Eval,0,,,,,,,,,,,,False,C:\Users\Inferno\Desktop\al_evtx\al_Application.evtx,0x80000000000000,0,"{""EventData"":{""Data"":"""",""Binary"":""""}}"
11,2337,2025-01-03 21:01:08.0466371,5617,Info,Microsoft-Windows-WMI,Application,3264,3700,WinDev2401Eval,0,S-1-5-18,,,,,,,,,,,False,C:\Users\Inferno\Desktop\al_evtx\al_Application.evtx,Classic,0,"{""EventData"":""""}"
12,2338,2025-01-03 21:01:10.7643695,4112,Info,Microsoft-Windows-CAPI2,Application,3128,3496,WinDev2401Eval,0,,,,,,,,,,,,False,C:\Users\Inferno\Desktop\al_evtx\al_Application.evtx,"Audit success, classic",0,"{""EventData"":{""Data"":""‎Wednesday, ‎December ‎4, ‎2024 10:00:14 AM"",""Binary"":""""}}"
13,2339,2025-01-03 21:01:23.9331449,6003,Info,Microsoft-Windows-Winlogon,Application,720,0,WinDev2401Eval,0,,,,,,,,,,,,False,C:\Users\Inferno\Desktop\al_evtx\al_Application.evtx,0x80000000000000,0,"{""EventData"":{""Data"":""SessionEnv"",""Binary"":""D9-06-00-00""}}"
14,2340,2025-01-03 21:01:23.9961360,6000,Info,Microsoft-Windows-Winlogon,Application,720,0,WinDev2401Eval,0,,,,,,,,,,,,False,C:\Users\Inferno\Desktop\al_evtx\al_Application.evtx,0x80000000000000,0,"{""EventData"":{""Data"":""SessionEnv"",""Binary"":""D9-06-00-00""}}"
15,2341,2025-01-03 21:01:28.3044677,1003,Info,Microsoft-Windows-Security-SPP,Application,3820,0,WinDev2401Eval,0,,,,,,,,,,,,False,C:\Users\Inferno\Desktop\al_evtx\al_Application.evtx,0x80000000000000,0,"{""EventData"":{""Data"":""55c92734-d682-4d71-983e-d6ec3f16059f, \n1: 3f4c0546-36c6-46a8-a37f-be13cdd0cf25, 1, 1 [(0 [0xC004E003, 0, 0], [( 9 0xC004FC07 90 0)( 1 0x00000000)(?)( 2 0x00000000 0 0 msft:rm/algorithm/hwid/4.0 0x00000000 0)(?)( 9 0xC004FC07 90 0)( 10 0x00000000 msft:rm/algorithm/flags/1.0)(?)])(1 )(2 )(3 [0x00000000, 0, 0], [( 6 0xC004F009 0 0)( 1 0x00000000)( 6 0xC004F009 0 0)(?)(?)(?)( 10 0x00000000 msft:rm/algorithm/flags/1.0)( 11 0x00000000 0xC004FC07)])]\n\n"",""Binary"":""""}}"
16,2342,2025-01-03 21:01:28.7381200,1003,Info,Microsoft-Windows-Security-SPP,Application,3820,0,WinDev2401Eval,0,,,,,,,,,,,,False,C:\Users\Inferno\Desktop\al_evtx\al_Application.evtx,0x80000000000000,0,"{""EventData"":{""Data"":""55c92734-d682-4d71-983e-d6ec3f16059f, \n1: 3f4c0546-36c6-46a8-a37f-be13cdd0cf25, 1, 1 [(0 [0xC004E003, 0, 0], [( 9 0xC004FC07 90 0)( 1 0x00000000)(?)( 2 0x00000000 0 0 msft:rm/algorithm/hwid/4.0 0x00000000 0)(?)( 9 0xC004FC07 90 0)( 10 0x00000000 msft:rm/algorithm/flags/1.0)(?)])(1 )(2 )(3 [0x00000000, 0, 0], [( 6 0xC004F009 0 0)( 1 0x00000000)( 6 0xC004F009 0 0)(?)(?)(?)( 10 0x00000000 msft:rm/algorithm/flags/1.0)( 11 0x00000000 0xC004FC07)])]\n\n"",""Binary"":""""}}"
17,2343,2025-01-03 21:01:28.7847422,1003,Info,Microsoft-Windows-Security-SPP,Application,3820,0,WinDev2401Eval,0,,,,,,,,,,,,False,C:\Users\Inferno\Desktop\al_evtx\al_Application.evtx,0x80000000000000,0,"{""EventData"":{""Data"":""55c92734-d682-4d71-983e-d6ec3f16059f, \n1: 3f4c0546-36c6-46a8-a37f-be13cdd0cf25, 1, 1 [(0 [0xC004E003, 0, 0], [( 9 0xC004FC07 90 0)( 1 0x00000000)(?)( 2 0x00000000 0 0 msft:rm/algorithm/hwid/4.0 0x00000000 0)(?)( 9 0xC004FC07 90 0)( 10 0x00000000 msft:rm/algorithm/flags/1.0)(?)])(1 )(2 )(3 [0x00000000, 0, 0], [( 6 0xC004F009 0 0)( 1 0x00000000)( 6 0xC004F009 0 0)(?)(?)(?)( 10 0x00000000 msft:rm/algorithm/flags/1.0)( 11 0x00000000 0xC004FC07)])]\n\n"",""Binary"":""""}}"
18,2344,2025-01-03 21:01:28.8017026,8197,Info,Microsoft-Windows-Security-SPP,Application,3720,0,WinDev2401Eval,0,,,,,,,,,,,,False,C:\Users\Inferno\Desktop\al_evtx\al_Application.evtx,0x80000000000000,0,"{""EventData"":{""Data"":""RuleId=8244d55f-dcd7-4010-8151-2a5af187b1ed;Action=NotifyUser;AppId=55c92734-d682-4d71-983e-d6ec3f16059f;SkuId=3f4c0546-36c6-46a8-a37f-be13cdd0cf25;NotificationInterval=240;Trigger=TimerEvent"",""Binary"":""""}}"
19,2345,2025-01-03 21:01:29.6206540,1013,LogAlways,Microsoft-Windows-Security-SPP,Application,6068,0,WinDev2401Eval,0,,,,,,,,,,,,False,C:\Users\Inferno\Desktop\al_evtx\al_Application.evtx,0x80000000000000,0,"{""EventData"":{""Data"":""3f4c0546-36c6-46a8-a37f-be13cdd0cf25"",""Binary"":""""}}"
20,2346,2025-01-03 21:01:29.6312271,1004,Info,Microsoft-Windows-Security-SPP,Application,3820,0,WinDev2401Eval,0,,,,,,,,,,,,False,C:\Users\Inferno\Desktop\al_evtx\al_Application.evtx,0x80000000000000,0,"{""EventData"":{""Data"":""XrML 2.1 License - {msft:sl/EUL/ACTIVATED/PUBLIC}, ad55b633-ea43-4c46-b4f6-4cfb7ca77c32"",""Binary"":""""}}"
21,2347,2025-01-03 21:01:29.6315321,1004,Info,Microsoft-Windows-Security-SPP,Application,3820,0,WinDev2401Eval,0,,,,,,,,,,,,False,C:\Users\Inferno\Desktop\al_evtx\al_Application.evtx,0x80000000000000,0,"{""EventData"":{""Data"":""XrML 2.1 License - {msft:sl/EUL/ACTIVATED/PRIVATE}, b0d34c47-e5f9-4fa4-ba55-d6aec4711ffa"",""Binary"":""""}}"
22,2348,2025-01-03 21:01:29.6480754,1067,Info,Microsoft-Windows-Security-SPP,Application,3820,0,WinDev2401Eval,0,,,,,,,,,,,,False,C:\Users\Inferno\Desktop\al_evtx\al_Application.evtx,0x80000000000000,0,"{""EventData"":{""Data"":""0x00000000, 3f4c0546-36c6-46a8-a37f-be13cdd0cf25, SL_ACTIVATION_VALIDATION_IN_PROGRESS"",""Binary"":""01-00-00-00""}}"
23,2349,2025-01-03 21:01:31.1137326,20488,Info,Microsoft-Windows-Security-SPP,Application,3820,0,WinDev2401Eval,0,,,,,,,,,,,,False,C:\Users\Inferno\Desktop\al_evtx\al_Application.evtx,0x80000000000000,0,"{""EventData"":{""Data"":"""",""Binary"":""""}}"
24,2350,2025-01-03 21:01:31.3969139,20481,Info,Microsoft-Windows-Security-SPP,Application,6736,0,WinDev2401Eval,0,,,,,,,,,,,,False,C:\Users\Inferno\Desktop\al_evtx\al_Application.evtx,0x80000000000000,0,"{""EventData"":{""Data"":"""",""Binary"":""""}}"
25,2351,2025-01-03 21:01:31.6115628,20482,Info,Microsoft-Windows-Security-SPP,Application,6736,0,WinDev2401Eval,0,,,,,,,,,,,,False,C:\Users\Inferno\Desktop\al_evtx\al_Application.evtx,0x80000000000000,0,"{""EventData"":{""Data"":"""",""Binary"":""""}}"
26,2352,2025-01-03 21:01:31.7509345,1034,Info,Microsoft-Windows-Security-SPP,Application,3820,0,WinDev2401Eval,0,,,,,,,,,,,,False,C:\Users\Inferno\Desktop\al_evtx\al_Application.evtx,0x80000000000000,0,"{""EventData"":{""Data"":""Security-SPP-WriteWauMarker, 500"",""Binary"":""""}}"
27,2353,2025-01-03 21:01:31.8082870,20489,Info,Microsoft-Windows-Security-SPP,Application,3820,0,WinDev2401Eval,0,,,,,,,,,,,,False,C:\Users\Inferno\Desktop\al_evtx\al_Application.evtx,0x80000000000000,0,"{""EventData"":{""Data"":"""",""Binary"":""""}}"
28,2354,2025-01-03 21:01:33.1453636,12305,Info,Microsoft-Windows-Security-SPP,Application,3820,0,WinDev2401Eval,0,,,,,,,,,,,,False,C:\Users\Inferno\Desktop\al_evtx\al_Application.evtx,0x80000000000000,0,"{""EventData"":{""Data"":""55c92734-d682-4d71-983e-d6ec3f16059f"",""Binary"":""""}}"
29,2355,2025-01-03 21:01:33.1465723,12304,Info,Microsoft-Windows-Security-SPP,Application,6068,0,WinDev2401Eval,0,,,,,,,,,,,,False,C:\Users\Inferno\Desktop\al_evtx\al_Application.evtx,0x80000000000000,0,"{""EventData"":{""Data"":""{99d92734-d682-4d71-983e-d6ec3f16059f}"",""Binary"":""""}}"
30,2356,2025-01-03 21:01:34.1611922,12311,Info,Microsoft-Windows-Security-SPP,Application,6068,0,WinDev2401Eval,0,,,,,,,,,,,,False,C:\Users\Inferno\Desktop\al_evtx\al_Application.evtx,0x80000000000000,0,"{""EventData"":{""Data"":"""",""Binary"":""""}}"
31,2357,2025-01-03 21:01:34.5828344,1034,Info,Microsoft-Windows-Security-SPP,Application,3820,0,WinDev2401Eval,0,,,,,,,,,,,,False,C:\Users\Inferno\Desktop\al_evtx\al_Application.evtx,0x80000000000000,0,"{""EventData"":{""Data"":""Security-SPP-WriteWauMarker, 500"",""Binary"":""""}}"
32,2358,2025-01-03 21:01:34.6649417,1003,Info,Microsoft-Windows-Security-SPP,Application,3820,0,WinDev2401Eval,0,,,,,,,,,,,,False,C:\Users\Inferno\Desktop\al_evtx\al_Application.evtx,0x80000000000000,0,"{""EventData"":{""Data"":""55c92734-d682-4d71-983e-d6ec3f16059f, \n1: 3f4c0546-36c6-46a8-a37f-be13cdd0cf25, 1, 1 [(0 [0xC004E003, 0, 0], [( 9 0xC004FC07 90 0)( 1 0x00000000)(?)( 2 0x00000000 0 0 msft:rm/algorithm/hwid/4.0 0x00000000 0)(?)( 9 0xC004FC07 90 0)( 10 0x00000000 msft:rm/algorithm/flags/1.0)(?)])(1 )(2 )(3 [0x00000000, 0, 0], [( 6 0xC004F009 0 0)( 1 0x00000000)( 6 0xC004F009 0 0)(?)(?)(?)( 10 0x00000000 msft:rm/algorithm/flags/1.0)( 11 0x00000000 0xC004FC07)])]\n\n"",""Binary"":""""}}"
33,2359,2025-01-03 21:01:34.9026648,1003,Info,Microsoft-Windows-Security-SPP,Application,3820,0,WinDev2401Eval,0,,,,,,,,,,,,False,C:\Users\Inferno\Desktop\al_evtx\al_Application.evtx,0x80000000000000,0,"{""EventData"":{""Data"":""55c92734-d682-4d71-983e-d6ec3f16059f, \n1: 3f4c0546-36c6-46a8-a37f-be13cdd0cf25, 1, 1 [(0 [0xC004E003, 0, 0], [( 9 0xC004FC07 90 0)( 1 0x00000000)(?)( 2 0x00000000 0 0 msft:rm/algorithm/hwid/4.0 0x00000000 0)(?)( 9 0xC004FC07 90 0)( 10 0x00000000 msft:rm/algorithm/flags/1.0)(?)])(1 )(2 )(3 [0x00000000, 0, 0], [( 6 0xC004F009 0 0)( 1 0x00000000)( 6 0xC004F009 0 0)(?)(?)(?)( 10 0x00000000 msft:rm/algorithm/flags/1.0)( 11 0x00000000 0xC004FC07)])]\n\n"",""Binary"":""""}}"
34,2360,2025-01-03 21:01:35.0934755,8197,Info,Microsoft-Windows-Security-SPP,Application,6036,0,WinDev2401Eval,0,,,,,,,,,,,,False,C:\Users\Inferno\Desktop\al_evtx\al_Application.evtx,0x80000000000000,0,"{""EventData"":{""Data"":""RuleId=8244d55f-dcd7-4010-8151-2a5af187b1ed;Action=NotifyUser;AppId=55c92734-d682-4d71-983e-d6ec3f16059f;SkuId=3f4c0546-36c6-46a8-a37f-be13cdd0cf25;NotificationInterval=240;Trigger=UserLogon;SessionId=1"",""Binary"":""""}}"
35,2361,2025-01-03 21:01:47.2340030,1003,Info,Microsoft-Windows-Search,Application,7840,0,WinDev2401Eval,0,,,,,,,,,,,,False,C:\Users\Inferno\Desktop\al_evtx\al_Application.evtx,0x80000000000000,0,"{""EventData"":{""Data"":{""@Name"":""ExtraInfo"",""#text"":"", ""}}}"
36,2362,2025-01-03 21:02:13.0572551,0,Info,edgeupdate,Application,10328,0,WinDev2401Eval,0,,,,,,,,,,,,False,C:\Users\Inferno\Desktop\al_evtx\al_Application.evtx,0x80000000000000,0,"{""EventData"":{""Data"":""Service stopped"",""Binary"":""""}}"
37,2363,2025-01-03 21:03:07.8072432,0,Info,edgeupdate,Application,2752,0,WinDev2401Eval,0,,,,,,,,,,,,False,C:\Users\Inferno\Desktop\al_evtx\al_Application.evtx,0x80000000000000,0,"{""EventData"":{""Data"":""Service stopped"",""Binary"":""""}}"
38,2364,2025-01-03 21:03:08.6735110,1,Info,SecurityCenter,Application,8468,0,WinDev2401Eval,0,,,,,,,,,,,,False,C:\Users\Inferno\Desktop\al_evtx\al_Application.evtx,0x80000000000000,0,"{""EventData"":{""Data"":"""",""Binary"":""""}}"
39,2365,2025-01-03 21:03:10.6874025,15,Info,SecurityCenter,Application,8468,0,WinDev2401Eval,0,,,,,,,,,,,,False,C:\Users\Inferno\Desktop\al_evtx\al_Application.evtx,0x80000000000000,0,"{""EventData"":{""Data"":""Windows Defender, SECURITY_PRODUCT_STATE_ON"",""Binary"":""""}}"
40,2366,2025-01-03 21:04:16.0553809,15,Info,SecurityCenter,Application,8468,0,WinDev2401Eval,0,,,,,,,,,,,,False,C:\Users\Inferno\Desktop\al_evtx\al_Application.evtx,0x80000000000000,0,"{""EventData"":{""Data"":""Windows Defender, SECURITY_PRODUCT_STATE_ON"",""Binary"":""""}}"
41,2367,2025-01-03 21:05:15.8878324,1040,Info,MsiInstaller,Application,8292,0,WinDev2401Eval,0,S-1-5-21-1837475949-2032650698-3025450431-1000,Installer Started,,,,,,,,,C:\ProgramData\Package Cache\{560D2DA4-096E-4868-B22A-DA6418FDE6FB}v14.40.33816\packages\vcRuntimeMinimum_amd64\vc_runtimeMinimum_x64.msi,False,C:\Users\Inferno\Desktop\al_evtx\al_Application.evtx,0x80000000000000,0,"{""EventData"":{""Data"":""C:\\ProgramData\\Package Cache\\{560D2DA4-096E-4868-B22A-DA6418FDE6FB}v14.40.33816\\packages\\vcRuntimeMinimum_amd64\\vc_runtimeMinimum_x64.msi, 8204, (NULL), (NULL), (NULL), (NULL)"",""Binary"":""""}}"
42,2368,2025-01-03 21:05:16.0379889,10000,Info,Microsoft-Windows-RestartManager,Application,8292,6008,WinDev2401Eval,0,S-1-5-21-1837475949-2032650698-3025450431-1000,,,,,,,,,,,False,C:\Users\Inferno\Desktop\al_evtx\al_Application.evtx,Classic,0,"{""UserData"":{""RmSessionEvent"":{""RmSessionId"":""0"",""UTCStartTime"":""2025-01-03 21:05:16.0285030""}}}"
43,2369,2025-01-03 21:05:16.1808549,10000,Info,Microsoft-Windows-RestartManager,Application,8204,2612,WinDev2401Eval,0,S-1-5-21-1837475949-2032650698-3025450431-1000,,,,,,,,,,,False,C:\Users\Inferno\Desktop\al_evtx\al_Application.evtx,Classic,0,"{""UserData"":{""RmSessionEvent"":{""RmSessionId"":""1"",""UTCStartTime"":""2025-01-03 21:05:16.1801498""}}}"
44,2370,2025-01-03 21:05:16.2160611,10000,Info,Microsoft-Windows-RestartManager,Application,8292,3816,WinDev2401Eval,0,S-1-5-21-1837475949-2032650698-3025450431-1000,,,,,,,,,,,False,C:\Users\Inferno\Desktop\al_evtx\al_Application.evtx,Classic,0,"{""UserData"":{""RmSessionEvent"":{""RmSessionId"":""0"",""UTCStartTime"":""2025-01-03 21:05:16.2145663""}}}"
45,2371,2025-01-03 21:05:16.2724634,10000,Info,Microsoft-Windows-RestartManager,Application,8204,2612,WinDev2401Eval,0,S-1-5-21-1837475949-2032650698-3025450431-1000,,,,,,,,,,,False,C:\Users\Inferno\Desktop\al_evtx\al_Application.evtx,Classic,0,"{""UserData"":{""RmSessionEvent"":{""RmSessionId"":""1"",""UTCStartTime"":""2025-01-03 21:05:16.2715187""}}}"
46,2372,2025-01-03 21:05:18.6292253,1025,Info,MsiInstaller,Application,8292,0,WinDev2401Eval,0,S-1-5-21-1837475949-2032650698-3025450431-1000,,,,,,,,,,,False,C:\Users\Inferno\Desktop\al_evtx\al_Application.evtx,0x80000000000000,0,"{""EventData"":{""Data"":""Microsoft Visual C++ 2022 X64 Minimum Runtime - 14.40.33816, C:\\Windows\\system32\\msvcp140.dll, msteams, 7116, (NULL), (NULL)"",""Binary"":""7B-35-36-30-44-32-44-41-34-2D-30-39-36-45-2D-34-38-36-38-2D-42-32-32-41-2D-44-41-36-34-31-38-46-44-45-36-46-42-7D""}}"
47,2373,2025-01-03 21:05:18.6293790,1025,Info,MsiInstaller,Application,8292,0,WinDev2401Eval,0,S-1-5-21-1837475949-2032650698-3025450431-1000,,,,,,,,,,,False,C:\Users\Inferno\Desktop\al_evtx\al_Application.evtx,0x80000000000000,0,"{""EventData"":{""Data"":""Microsoft Visual C++ 2022 X64 Minimum Runtime - 14.40.33816, C:\\Windows\\system32\\msvcp140.dll, OneDrive, 11004, (NULL), (NULL)"",""Binary"":""7B-35-36-30-44-32-44-41-34-2D-30-39-36-45-2D-34-38-36-38-2D-42-32-32-41-2D-44-41-36-34-31-38-46-44-45-36-46-42-7D""}}"
48,2374,2025-01-03 21:05:18.6626687,1025,Info,MsiInstaller,Application,8292,0,WinDev2401Eval,0,S-1-5-21-1837475949-2032650698-3025450431-1000,,,,,,,,,,,False,C:\Users\Inferno\Desktop\al_evtx\al_Application.evtx,0x80000000000000,0,"{""EventData"":{""Data"":""Microsoft Visual C++ 2022 X64 Minimum Runtime - 14.40.33816, C:\\Windows\\system32\\vcruntime140.dll, msteams, 7116, (NULL), (NULL)"",""Binary"":""7B-35-36-30-44-32-44-41-34-2D-30-39-36-45-2D-34-38-36-38-2D-42-32-32-41-2D-44-41-36-34-31-38-46-44-45-36-46-42-7D""}}"
49,2375,2025-01-03 21:05:18.6628539,1025,Info,MsiInstaller,Application,8292,0,WinDev2401Eval,0,S-1-5-21-1837475949-2032650698-3025450431-1000,,,,,,,,,,,False,C:\Users\Inferno\Desktop\al_evtx\al_Application.evtx,0x80000000000000,0,"{""EventData"":{""Data"":""Microsoft Visual C++ 2022 X64 Minimum Runtime - 14.40.33816, C:\\Windows\\system32\\vcruntime140.dll, OneDrive, 11004, (NULL), (NULL)"",""Binary"":""7B-35-36-30-44-32-44-41-34-2D-30-39-36-45-2D-34-38-36-38-2D-42-32-32-41-2D-44-41-36-34-31-38-46-44-45-36-46-42-7D""}}"
50,2376,2025-01-03 21:05:18.7285155,11707,Info,MsiInstaller,Application,8292,0,WinDev2401Eval,0,S-1-5-21-1837475949-2032650698-3025450431-1000,Installation completed successfully,,,"Product: Microsoft Visual C++ 2022 X64 Minimum Runtime - 14.40.33816 -- Installation completed successfully., (NULL), (NULL), (NULL), (NULL), (NULL)",,,,,,,False,C:\Users\Inferno\Desktop\al_evtx\al_Application.evtx,0x80000000000000,0,"{""EventData"":{""Data"":""Product: Microsoft Visual C++ 2022 X64 Minimum Runtime - 14.40.33816 -- Installation completed successfully., (NULL), (NULL), (NULL), (NULL), (NULL)"",""Binary"":""7B-35-36-30-44-32-44-41-34-2D-30-39-36-45-2D-34-38-36-38-2D-42-32-32-41-2D-44-41-36-34-31-38-46-44-45-36-46-42-7D""}}"
51,2377,2025-01-03 21:05:18.7286898,1033,Info,MsiInstaller,Application,8292,0,WinDev2401Eval,0,S-1-5-21-1837475949-2032650698-3025450431-1000,A program was installed,,,"Name, Version, Lang, Status, Manufacturer: Microsoft Visual C++ 2022 X64 Minimum Runtime - 14.40.33816, 14.40.33816, 1033, 0, Microsoft Corporation, (NULL)",,,,,,,False,C:\Users\Inferno\Desktop\al_evtx\al_Application.evtx,0x80000000000000,0,"{""EventData"":{""Data"":""Microsoft Visual C++ 2022 X64 Minimum Runtime - 14.40.33816, 14.40.33816, 1033, 0, Microsoft Corporation, (NULL)"",""Binary"":""7B-35-36-30-44-32-44-41-34-2D-30-39-36-45-2D-34-38-36-38-2D-42-32-32-41-2D-44-41-36-34-31-38-46-44-45-36-46-42-7D-30-30-30-30-37-61-37-35-37-35-32-64-38-33-61-34-63-30-35-37-36-33-65-35-62-63-35-63-64-33-36-62-35-30-38-36-30-30-30-30-30-39-30-34""}}"
52,2378,2025-01-03 21:05:18.7288191,1038,Info,MsiInstaller,Application,8292,0,WinDev2401Eval,0,S-1-5-21-1837475949-2032650698-3025450431-1000,,,,,,,,,,,False,C:\Users\Inferno\Desktop\al_evtx\al_Application.evtx,0x80000000000000,0,"{""EventData"":{""Data"":""Microsoft Visual C++ 2022 X64 Minimum Runtime - 14.40.33816, 14.40.33816, 1033, 2, 1, Microsoft Corporation"",""Binary"":""7B-35-36-30-44-32-44-41-34-2D-30-39-36-45-2D-34-38-36-38-2D-42-32-32-41-2D-44-41-36-34-31-38-46-44-45-36-46-42-7D-30-30-30-30-37-61-37-35-37-35-32-64-38-33-61-34-63-30-35-37-36-33-65-35-62-63-35-63-64-33-36-62-35-30-38-36-30-30-30-30-30-39-30-34""}}"
53,2379,2025-01-03 21:05:18.7289299,1029,Info,MsiInstaller,Application,8292,0,WinDev2401Eval,0,S-1-5-21-1837475949-2032650698-3025450431-1000,,,,,,,,,,,False,C:\Users\Inferno\Desktop\al_evtx\al_Application.evtx,0x80000000000000,0,"{""EventData"":{""Data"":""Microsoft Visual C++ 2022 X64 Minimum Runtime - 14.40.33816, (NULL), (NULL), (NULL), (NULL), (NULL)"",""Binary"":""7B-35-36-30-44-32-44-41-34-2D-30-39-36-45-2D-34-38-36-38-2D-42-32-32-41-2D-44-41-36-34-31-38-46-44-45-36-46-42-7D-2C-20-33-30-31-30""}}"
54,2380,2025-01-03 21:05:18.7374721,1042,Info,MsiInstaller,Application,8292,0,WinDev2401Eval,0,S-1-5-18,Installer Exited,,,,,,,,,C:\ProgramData\Package Cache\{560D2DA4-096E-4868-B22A-DA6418FDE6FB}v14.40.33816\packages\vcRuntimeMinimum_amd64\vc_runtimeMinimum_x64.msi,False,C:\Users\Inferno\Desktop\al_evtx\al_Application.evtx,0x80000000000000,0,"{""EventData"":{""Data"":""C:\\ProgramData\\Package Cache\\{560D2DA4-096E-4868-B22A-DA6418FDE6FB}v14.40.33816\\packages\\vcRuntimeMinimum_amd64\\vc_runtimeMinimum_x64.msi, 8204, (NULL), (NULL), (NULL), (NULL)"",""Binary"":""""}}"
55,2381,2025-01-03 21:05:18.7505860,1040,Info,MsiInstaller,Application,8292,0,WinDev2401Eval,0,S-1-5-21-1837475949-2032650698-3025450431-1000,Installer Started,,,,,,,,,C:\ProgramData\Package Cache\{5904914B-9FC8-44C2-AE48-5C7F30A603EC}v14.40.33816\packages\vcRuntimeAdditional_amd64\vc_runtimeAdditional_x64.msi,False,C:\Users\Inferno\Desktop\al_evtx\al_Application.evtx,0x80000000000000,0,"{""EventData"":{""Data"":""C:\\ProgramData\\Package Cache\\{5904914B-9FC8-44C2-AE48-5C7F30A603EC}v14.40.33816\\packages\\vcRuntimeAdditional_amd64\\vc_runtimeAdditional_x64.msi, 8204, (NULL), (NULL), (NULL), (NULL)"",""Binary"":""""}}"
56,2382,2025-01-03 21:05:18.7331199,10001,Info,Microsoft-Windows-RestartManager,Application,8292,3464,WinDev2401Eval,0,S-1-5-21-1837475949-2032650698-3025450431-1000,,,,,,,,,,,False,C:\Users\Inferno\Desktop\al_evtx\al_Application.evtx,Classic,0,"{""UserData"":{""RmSessionEvent"":{""RmSessionId"":""0"",""UTCStartTime"":""2025-01-03 21:05:16.0285030""}}}"
57,2383,2025-01-03 21:05:18.7346374,10001,Info,Microsoft-Windows-RestartManager,Application,8292,3464,WinDev2401Eval,0,S-1-5-21-1837475949-2032650698-3025450431-1000,,,,,,,,,,,False,C:\Users\Inferno\Desktop\al_evtx\al_Application.evtx,Classic,0,"{""UserData"":{""RmSessionEvent"":{""RmSessionId"":""0"",""UTCStartTime"":""2025-01-03 21:05:16.2145663""}}}"
58,2384,2025-01-03 21:05:18.7403994,10001,Info,Microsoft-Windows-RestartManager,Application,8204,2612,WinDev2401Eval,0,S-1-5-21-1837475949-2032650698-3025450431-1000,,,,,,,,,,,False,C:\Users\Inferno\Desktop\al_evtx\al_Application.evtx,Classic,0,"{""UserData"":{""RmSessionEvent"":{""RmSessionId"":""1"",""UTCStartTime"":""2025-01-03 21:05:16.1801498""}}}"
59,2385,2025-01-03 21:05:18.7413485,10001,Info,Microsoft-Windows-RestartManager,Application,8204,2612,WinDev2401Eval,0,S-1-5-21-1837475949-2032650698-3025450431-1000,,,,,,,,,,,False,C:\Users\Inferno\Desktop\al_evtx\al_Application.evtx,Classic,0,"{""UserData"":{""RmSessionEvent"":{""RmSessionId"":""1"",""UTCStartTime"":""2025-01-03 21:05:16.2715187""}}}"
60,2386,2025-01-03 21:05:18.7736793,10000,Info,Microsoft-Windows-RestartManager,Application,8292,1012,WinDev2401Eval,0,S-1-5-21-1837475949-2032650698-3025450431-1000,,,,,,,,,,,False,C:\Users\Inferno\Desktop\al_evtx\al_Application.evtx,Classic,0,"{""UserData"":{""RmSessionEvent"":{""RmSessionId"":""0"",""UTCStartTime"":""2025-01-03 21:05:18.7661782""}}}"
61,2387,2025-01-03 21:05:18.8564665,10000,Info,Microsoft-Windows-RestartManager,Application,8292,10048,WinDev2401Eval,0,S-1-5-21-1837475949-2032650698-3025450431-1000,,,,,,,,,,,False,C:\Users\Inferno\Desktop\al_evtx\al_Application.evtx,Classic,0,"{""UserData"":{""RmSessionEvent"":{""RmSessionId"":""0"",""UTCStartTime"":""2025-01-03 21:05:18.8479815""}}}"
62,2388,2025-01-03 21:05:19.2054501,11707,Info,MsiInstaller,Application,8292,0,WinDev2401Eval,0,S-1-5-21-1837475949-2032650698-3025450431-1000,Installation completed successfully,,,"Product: Microsoft Visual C++ 2022 X64 Additional Runtime - 14.40.33816 -- Installation completed successfully., (NULL), (NULL), (NULL), (NULL), (NULL)",,,,,,,False,C:\Users\Inferno\Desktop\al_evtx\al_Application.evtx,0x80000000000000,0,"{""EventData"":{""Data"":""Product: Microsoft Visual C++ 2022 X64 Additional Runtime - 14.40.33816 -- Installation completed successfully., (NULL), (NULL), (NULL), (NULL), (NULL)"",""Binary"":""7B-35-39-30-34-39-31-34-42-2D-39-46-43-38-2D-34-34-43-32-2D-41-45-34-38-2D-35-43-37-46-33-30-41-36-30-33-45-43-7D""}}"
63,2389,2025-01-03 21:05:19.2056336,1033,Info,MsiInstaller,Application,8292,0,WinDev2401Eval,0,S-1-5-21-1837475949-2032650698-3025450431-1000,A program was installed,,,"Name, Version, Lang, Status, Manufacturer: Microsoft Visual C++ 2022 X64 Additional Runtime - 14.40.33816, 14.40.33816, 1033, 0, Microsoft Corporation, (NULL)",,,,,,,False,C:\Users\Inferno\Desktop\al_evtx\al_Application.evtx,0x80000000000000,0,"{""EventData"":{""Data"":""Microsoft Visual C++ 2022 X64 Additional Runtime - 14.40.33816, 14.40.33816, 1033, 0, Microsoft Corporation, (NULL)"",""Binary"":""7B-35-39-30-34-39-31-34-42-2D-39-46-43-38-2D-34-34-43-32-2D-41-45-34-38-2D-35-43-37-46-33-30-41-36-30-33-45-43-7D-30-30-30-30-31-36-38-66-30-34-36-64-32-36-32-66-33-62-66-38-65-32-62-34-35-66-33-31-62-62-38-65-63-37-63-30-30-30-30-30-30-39-30-34""}}"
64,2390,2025-01-03 21:05:19.2130286,1042,Info,MsiInstaller,Application,8292,0,WinDev2401Eval,0,S-1-5-18,Installer Exited,,,,,,,,,C:\ProgramData\Package Cache\{5904914B-9FC8-44C2-AE48-5C7F30A603EC}v14.40.33816\packages\vcRuntimeAdditional_amd64\vc_runtimeAdditional_x64.msi,False,C:\Users\Inferno\Desktop\al_evtx\al_Application.evtx,0x80000000000000,0,"{""EventData"":{""Data"":""C:\\ProgramData\\Package Cache\\{5904914B-9FC8-44C2-AE48-5C7F30A603EC}v14.40.33816\\packages\\vcRuntimeAdditional_amd64\\vc_runtimeAdditional_x64.msi, 8204, (NULL), (NULL), (NULL), (NULL)"",""Binary"":""""}}"
65,2391,2025-01-03 21:05:19.2086790,10001,Info,Microsoft-Windows-RestartManager,Application,8292,3464,WinDev2401Eval,0,S-1-5-21-1837475949-2032650698-3025450431-1000,,,,,,,,,,,False,C:\Users\Inferno\Desktop\al_evtx\al_Application.evtx,Classic,0,"{""UserData"":{""RmSessionEvent"":{""RmSessionId"":""0"",""UTCStartTime"":""2025-01-03 21:05:18.7661782""}}}"
66,2392,2025-01-03 21:05:19.2101566,10001,Info,Microsoft-Windows-RestartManager,Application,8292,3464,WinDev2401Eval,0,S-1-5-21-1837475949-2032650698-3025450431-1000,,,,,,,,,,,False,C:\Users\Inferno\Desktop\al_evtx\al_Application.evtx,Classic,0,"{""UserData"":{""RmSessionEvent"":{""RmSessionId"":""0"",""UTCStartTime"":""2025-01-03 21:05:18.8479815""}}}"
67,2393,2025-01-03 21:06:08.5924793,6000,Info,Microsoft-Windows-Winlogon,Application,720,0,WinDev2401Eval,0,,,,,,,,,,,,False,C:\Users\Inferno\Desktop\al_evtx\al_Application.evtx,0x80000000000000,0,"{""EventData"":{""Data"":""WSearch"",""Binary"":""D9-06-00-00""}}"
68,2394,2025-01-03 21:06:08.6244487,6000,Info,Microsoft-Windows-Winlogon,Application,720,0,WinDev2401Eval,0,,,,,,,,,,,,False,C:\Users\Inferno\Desktop\al_evtx\al_Application.evtx,0x80000000000000,0,"{""EventData"":{""Data"":""SessionEnv"",""Binary"":""D9-06-00-00""}}"
69,2395,2025-01-03 21:06:09.6686321,903,LogAlways,Microsoft-Windows-Security-SPP,Application,3820,0,WinDev2401Eval,0,,,,,,,,,,,,False,C:\Users\Inferno\Desktop\al_evtx\al_Application.evtx,0x80000000000000,0,"{""EventData"":{""Data"":"""",""Binary"":""""}}"
70,2396,2025-01-03 21:06:09.6701115,13,Error,VSS,Application,3220,0,WinDev2401Eval,0,,,,,,,,,,,,False,C:\Users\Inferno\Desktop\al_evtx\al_Application.evtx,0x80000000000000,0,"{""EventData"":{""Data"":""{4e14fba2-2e22-11d1-9964-00c04fbbb345}, CEventSystem, 0x8007045b, A system shutdown is in progress.\n"",""Binary"":""2D-20-43-6F-64-65-3A-20-57-52-54-57-52-54-49-43-30-30-30-30-34-39-32-33-2D-20-43-61-6C-6C-3A-20-57-52-54-57-52-54-49-43-30-30-30-30-34-39-31-36-2D-20-50-49-44-3A-20-20-30-30-30-30-33-32-32-30-2D-20-54-49-44-3A-20-20-30-30-30-30-33-36-36-34-2D-20-43-4D-44-3A-20-20-22-43-3A-5C-50-72-6F-67-72-61-6D-20-46-69-6C-65-73-5C-4D-69-63-72-6F-73-6F-66-74-20-53-51-4C-20-53-65-72-76-65-72-5C-39-30-5C-53-68-61-72-65-64-5C-73-71-6C-77-72-69-74-65-72-2E-65-78-65-22-20-2D-20-55-73-65-72-3A-20-4E-61-6D-65-3A-20-4E-54-20-41-55-54-48-4F-52-49-54-59-5C-53-59-53-54-45-4D-2C-20-53-49-44-3A-53-2D-31-2D-35-2D-31-38-20""}}"
71,2397,2025-01-03 21:06:09.6730800,1532,Info,Microsoft-Windows-User Profiles Service,Application,1744,1844,WinDev2401Eval,0,S-1-5-18,,,,,,,,,,,False,C:\Users\Inferno\Desktop\al_evtx\al_Application.evtx,Classic,0,"{""EventData"":""""}"
72,2398,2025-01-03 21:06:09.7539398,1001,Info,Windows Error Reporting,Application,4820,8996,WinDev2401Eval,0,S-1-5-18,Application Crash,,,,,,,,,,False,C:\Users\Inferno\Desktop\al_evtx\al_Application.evtx,Classic,0,"{""EventData"":{""Data"":[{""@Name"":""Bucket""},{""@Name"":""BucketType"",""#text"":""0""},{""@Name"":""EventName"",""#text"":""StoreAgentDownloadFailure1""},{""@Name"":""Response"",""#text"":""Not available""},{""@Name"":""CabId"",""#text"":""0""},{""@Name"":""P1"",""#text"":""Update;ScanForUpdates""},{""@Name"":""P2"",""#text"":""8024001e""},{""@Name"":""P3"",""#text"":""22621""},{""@Name"":""P4"",""#text"":""3737""},{""@Name"":""P5"",""#text"":""Windows.Desktop""},{""@Name"":""P6"",""#text"":""V""},{""@Name"":""P7""},{""@Name"":""P8""},{""@Name"":""P9""},{""@Name"":""P10""},{""@Name"":""AttachedFiles""},{""@Name"":""StorePath"",""#text"":""\\\\?\\C:\\ProgramData\\Microsoft\\Windows\\WER\\ReportQueue\\NonCritical_Update;ScanForUp_9dfd08b2e753fe789b39b44cba3bf5b86cd7d7_00000000_fb29a0b1-c2d6-40c8-b197-50163e39dded""},{""@Name"":""AnalysisSymbol""},{""@Name"":""Rechecking"",""#text"":""0""},{""@Name"":""ReportId"",""#text"":""fb29a0b1-c2d6-40c8-b197-50163e39dded""},{""@Name"":""ReportStatus"",""#text"":""4""},{""@Name"":""HashedBucket""},{""@Name"":""CabGuid"",""#text"":""0""}]}}"
73,2399,2025-01-03 21:06:21.0828925,4625,Info,Microsoft-Windows-EventSystem,Application,1752,0,WinDev2401Eval,0,,,,,,,,,,,,False,C:\Users\Inferno\Desktop\al_evtx\al_Application.evtx,0x80000000000000,0,"{""EventData"":{""Data"":[{""@Name"":""param1"",""#text"":""86400""},{""@Name"":""param2"",""#text"":""SuppressDuplicateDuration""},{""@Name"":""param3"",""#text"":""Software\\Microsoft\\EventSystem\\EventLog""}]}}"
74,2400,2025-01-03 21:06:21.6831094,900,Info,Microsoft-Windows-Security-SPP,Application,3772,0,WinDev2401Eval,0,,,,,,,,,,,,False,C:\Users\Inferno\Desktop\al_evtx\al_Application.evtx,0x80000000000000,0,"{""EventData"":{""Data"":""TriggerStarted:6"",""Binary"":""""}}"
75,2401,2025-01-03 21:06:21.7463994,16394,Info,Microsoft-Windows-Security-SPP,Application,3772,0,WinDev2401Eval,0,,,,,,,,,,,,False,C:\Users\Inferno\Desktop\al_evtx\al_Application.evtx,0x80000000000000,0,"{""EventData"":{""Data"":"""",""Binary"":""""}}"
76,2402,2025-01-03 21:06:21.7705583,1066,Info,Microsoft-Windows-Security-SPP,Application,3772,0,WinDev2401Eval,0,,,,,,,,,,,,False,C:\Users\Inferno\Desktop\al_evtx\al_Application.evtx,0x80000000000000,0,"{""EventData"":{""Data"":""C:\\Windows\\system32\\sppwinob.dll, msft:spp/windowsfunctionality/agent/7.0, 0x00000000, 0x00000000\nC:\\Windows\\system32\\sppobjs.dll, msft:rm/algorithm/inherited/1.0, 0x00000000, 0x00000000\nC:\\Windows\\system32\\sppobjs.dll, msft:rm/algorithm/phone/1.0, 0x00000000, 0x00000000\nC:\\Windows\\system32\\sppobjs.dll, msft:rm/algorithm/pkey/detect, 0x00000000, 0x00000000\nC:\\Windows\\system32\\sppobjs.dll, msft:spp/ActionScheduler/1.0, 0x00000000, 0x00000000\nC:\\Windows\\system32\\sppobjs.dll, msft:spp/TaskScheduler/1.0, 0x00000000, 0x00000000\nC:\\Windows\\system32\\sppobjs.dll, msft:spp/statecollector/pkey, 0x00000000, 0x00000000\nC:\\Windows\\system32\\sppobjs.dll, msft:spp/volume/services/kms/1.0, 0x00000000, 0x00000000\nC:\\Windows\\system32\\sppobjs.dll, msft:spp/volume/services/kms/activationinfo/1.0, 0x00000000, 0x00000000\n"",""Binary"":""""}}"
77,2403,2025-01-03 21:06:21.0808937,1531,Info,Microsoft-Windows-User Profiles Service,Application,1728,1880,WinDev2401Eval,0,S-1-5-18,,,,,,,,,,,False,C:\Users\Inferno\Desktop\al_evtx\al_Application.evtx,Classic,0,"{""EventData"":""""}"
78,2404,2025-01-03 21:06:21.6106516,5615,Info,Microsoft-Windows-WMI,Application,3252,3644,WinDev2401Eval,0,S-1-5-18,,,,,,,,,,,False,C:\Users\Inferno\Desktop\al_evtx\al_Application.evtx,Classic,0,"{""EventData"":""""}"
79,2405,2025-01-03 21:06:21.8287004,1003,Info,Microsoft-Windows-Security-SPP,Application,3772,0,WinDev2401Eval,0,,,,,,,,,,,,False,C:\Users\Inferno\Desktop\al_evtx\al_Application.evtx,0x80000000000000,0,"{""EventData"":{""Data"":""55c92734-d682-4d71-983e-d6ec3f16059f, \n1: 3f4c0546-36c6-46a8-a37f-be13cdd0cf25, 1, 1 [(0 [0xC004E003, 0, 0], [( 9 0xC004FC07 90 0)( 1 0x00000000)(?)( 2 0x00000000 0 0 msft:rm/algorithm/hwid/4.0 0x00000000 0)(?)( 9 0xC004FC07 90 0)( 10 0x00000000 msft:rm/algorithm/flags/1.0)(?)])(1 )(2 )(3 [0x00000000, 0, 0], [( 6 0xC004F009 0 0)( 1 0x00000000)( 6 0xC004F009 0 0)(?)(?)(?)( 10 0x00000000 msft:rm/algorithm/flags/1.0)( 11 0x00000000 0xC004FC07)])]\n\n"",""Binary"":""""}}"
80,2406,2025-01-03 21:06:21.8471239,902,LogAlways,Microsoft-Windows-Security-SPP,Application,3772,0,WinDev2401Eval,0,,,,,,,,,,,,False,C:\Users\Inferno\Desktop\al_evtx\al_Application.evtx,0x80000000000000,0,"{""EventData"":{""Data"":""10.0.22621.3672"",""Binary"":""""}}"
81,2407,2025-01-03 21:06:21.8755009,100,Info,WLMS,Application,3264,0,WinDev2401Eval,0,,,,,,,,,,,,False,C:\Users\Inferno\Desktop\al_evtx\al_Application.evtx,0x80000000000000,0,"{""EventData"":{""Data"":"""",""Binary"":""""}}"
82,2408,2025-01-03 21:06:21.7760132,5617,Info,Microsoft-Windows-WMI,Application,3252,3784,WinDev2401Eval,0,S-1-5-18,,,,,,,,,,,False,C:\Users\Inferno\Desktop\al_evtx\al_Application.evtx,Classic,0,"{""EventData"":""""}"
83,2409,2025-01-03 21:06:25.8141638,6003,Info,Microsoft-Windows-Winlogon,Application,740,0,WinDev2401Eval,0,,,,,,,,,,,,False,C:\Users\Inferno\Desktop\al_evtx\al_Application.evtx,0x80000000000000,0,"{""EventData"":{""Data"":""SessionEnv"",""Binary"":""D9-06-00-00""}}"
84,2410,2025-01-03 21:06:25.8925237,6000,Info,Microsoft-Windows-Winlogon,Application,740,0,WinDev2401Eval,0,,,,,,,,,,,,False,C:\Users\Inferno\Desktop\al_evtx\al_Application.evtx,0x80000000000000,0,"{""EventData"":{""Data"":""SessionEnv"",""Binary"":""D9-06-00-00""}}"
85,2411,2025-01-03 21:06:28.9766841,1003,Info,Microsoft-Windows-Search,Application,7576,0,WinDev2401Eval,0,,,,,,,,,,,,False,C:\Users\Inferno\Desktop\al_evtx\al_Application.evtx,0x80000000000000,0,"{""EventData"":{""Data"":{""@Name"":""ExtraInfo"",""#text"":"", ""}}}"
86,2412,2025-01-03 21:06:29.1178244,1001,Info,Windows Error Reporting,Application,4548,4552,WinDev2401Eval,0,S-1-5-18,Application Crash,,,,,,,,,1208936558285017704,False,C:\Users\Inferno\Desktop\al_evtx\al_Application.evtx,Classic,0,"{""EventData"":{""Data"":[{""@Name"":""Bucket"",""#text"":""1208936558285017704""},{""@Name"":""BucketType"",""#text"":""5""},{""@Name"":""EventName"",""#text"":""StoreAgentDownloadFailure1""},{""@Name"":""Response"",""#text"":""Not available""},{""@Name"":""CabId"",""#text"":""0""},{""@Name"":""P1"",""#text"":""Update;ScanForUpdates""},{""@Name"":""P2"",""#text"":""8024001e""},{""@Name"":""P3"",""#text"":""22621""},{""@Name"":""P4"",""#text"":""3737""},{""@Name"":""P5"",""#text"":""Windows.Desktop""},{""@Name"":""P6"",""#text"":""V""},{""@Name"":""P7""},{""@Name"":""P8""},{""@Name"":""P9""},{""@Name"":""P10""},{""@Name"":""AttachedFiles"",""#text"":"", \\\\?\\C:\\ProgramData\\Microsoft\\Windows\\WER\\Temp\\WER.7655a0de-0eda-49fd-be4a-2ed4911798fc.tmp.WERInternalMetadata.xml""},{""@Name"":""StorePath"",""#text"":""\\\\?\\C:\\ProgramData\\Microsoft\\Windows\\WER\\ReportArchive\\NonCritical_Update;ScanForUp_9dfd08b2e753fe789b39b44cba3bf5b86cd7d7_00000000_fb29a0b1-c2d6-40c8-b197-50163e39dded""},{""@Name"":""AnalysisSymbol""},{""@Name"":""Rechecking"",""#text"":""0""},{""@Name"":""ReportId"",""#text"":""fb29a0b1-c2d6-40c8-b197-50163e39dded""},{""@Name"":""ReportStatus"",""#text"":""268435456""},{""@Name"":""HashedBucket"",""#text"":""0612e77535f9feb950c70165008fd268""},{""@Name"":""CabGuid"",""#text"":""0""}]}}"
87,2413,2025-01-03 21:06:30.1746263,1013,LogAlways,Microsoft-Windows-Security-SPP,Application,7172,0,WinDev2401Eval,0,,,,,,,,,,,,False,C:\Users\Inferno\Desktop\al_evtx\al_Application.evtx,0x80000000000000,0,"{""EventData"":{""Data"":""3f4c0546-36c6-46a8-a37f-be13cdd0cf25"",""Binary"":""""}}"
88,2414,2025-01-03 21:06:30.2031156,1004,Info,Microsoft-Windows-Security-SPP,Application,3772,0,WinDev2401Eval,0,,,,,,,,,,,,False,C:\Users\Inferno\Desktop\al_evtx\al_Application.evtx,0x80000000000000,0,"{""EventData"":{""Data"":""XrML 2.1 License - {msft:sl/EUL/ACTIVATED/PUBLIC}, 676c0003-cc12-44a9-821d-3047f9001c4a"",""Binary"":""""}}"
89,2415,2025-01-03 21:06:30.2035464,1004,Info,Microsoft-Windows-Security-SPP,Application,3772,0,WinDev2401Eval,0,,,,,,,,,,,,False,C:\Users\Inferno\Desktop\al_evtx\al_Application.evtx,0x80000000000000,0,"{""EventData"":{""Data"":""XrML 2.1 License - {msft:sl/EUL/ACTIVATED/PRIVATE}, 7b404057-f538-44ac-8867-4a8b3047228a"",""Binary"":""""}}"
90,2416,2025-01-03 21:06:30.2213135,1067,Info,Microsoft-Windows-Security-SPP,Application,3772,0,WinDev2401Eval,0,,,,,,,,,,,,False,C:\Users\Inferno\Desktop\al_evtx\al_Application.evtx,0x80000000000000,0,"{""EventData"":{""Data"":""0x00000000, 3f4c0546-36c6-46a8-a37f-be13cdd0cf25, SL_ACTIVATION_VALIDATION_IN_PROGRESS"",""Binary"":""01-00-00-00""}}"
91,2417,2025-01-03 21:06:31.6457302,20488,Info,Microsoft-Windows-Security-SPP,Application,3772,0,WinDev2401Eval,0,,,,,,,,,,,,False,C:\Users\Inferno\Desktop\al_evtx\al_Application.evtx,0x80000000000000,0,"{""EventData"":{""Data"":"""",""Binary"":""""}}"
92,2418,2025-01-03 21:06:33.0919597,20481,Info,Microsoft-Windows-Security-SPP,Application,4508,0,WinDev2401Eval,0,,,,,,,,,,,,False,C:\Users\Inferno\Desktop\al_evtx\al_Application.evtx,0x80000000000000,0,"{""EventData"":{""Data"":"""",""Binary"":""""}}"
93,2419,2025-01-03 21:06:33.2612934,20482,Info,Microsoft-Windows-Security-SPP,Application,4508,0,WinDev2401Eval,0,,,,,,,,,,,,False,C:\Users\Inferno\Desktop\al_evtx\al_Application.evtx,0x80000000000000,0,"{""EventData"":{""Data"":"""",""Binary"":""""}}"
94,2420,2025-01-03 21:06:33.3975273,1034,Info,Microsoft-Windows-Security-SPP,Application,3772,0,WinDev2401Eval,0,,,,,,,,,,,,False,C:\Users\Inferno\Desktop\al_evtx\al_Application.evtx,0x80000000000000,0,"{""EventData"":{""Data"":""Security-SPP-WriteWauMarker, 500"",""Binary"":""""}}"
95,2421,2025-01-03 21:06:33.4478677,20489,Info,Microsoft-Windows-Security-SPP,Application,3772,0,WinDev2401Eval,0,,,,,,,,,,,,False,C:\Users\Inferno\Desktop\al_evtx\al_Application.evtx,0x80000000000000,0,"{""EventData"":{""Data"":"""",""Binary"":""""}}"
96,2422,2025-01-03 21:06:34.6058185,12305,Info,Microsoft-Windows-Security-SPP,Application,3772,0,WinDev2401Eval,0,,,,,,,,,,,,False,C:\Users\Inferno\Desktop\al_evtx\al_Application.evtx,0x80000000000000,0,"{""EventData"":{""Data"":""55c92734-d682-4d71-983e-d6ec3f16059f"",""Binary"":""""}}"
97,2423,2025-01-03 21:06:34.6066918,12304,Info,Microsoft-Windows-Security-SPP,Application,7172,0,WinDev2401Eval,0,,,,,,,,,,,,False,C:\Users\Inferno\Desktop\al_evtx\al_Application.evtx,0x80000000000000,0,"{""EventData"":{""Data"":""{99d92734-d682-4d71-983e-d6ec3f16059f}"",""Binary"":""""}}"
98,2424,2025-01-03 21:06:35.7108901,12311,Info,Microsoft-Windows-Security-SPP,Application,7172,0,WinDev2401Eval,0,,,,,,,,,,,,False,C:\Users\Inferno\Desktop\al_evtx\al_Application.evtx,0x80000000000000,0,"{""EventData"":{""Data"":"""",""Binary"":""""}}"
99,2425,2025-01-03 21:06:36.1895636,1034,Info,Microsoft-Windows-Security-SPP,Application,3772,0,WinDev2401Eval,0,,,,,,,,,,,,False,C:\Users\Inferno\Desktop\al_evtx\al_Application.evtx,0x80000000000000,0,"{""EventData"":{""Data"":""Security-SPP-WriteWauMarker, 500"",""Binary"":""""}}"
100,2426,2025-01-03 21:06:36.2386641,1003,Info,Microsoft-Windows-Security-SPP,Application,3772,0,WinDev2401Eval,0,,,,,,,,,,,,False,C:\Users\Inferno\Desktop\al_evtx\al_Application.evtx,0x80000000000000,0,"{""EventData"":{""Data"":""55c92734-d682-4d71-983e-d6ec3f16059f, \n1: 3f4c0546-36c6-46a8-a37f-be13cdd0cf25, 1, 1 [(0 [0xC004E003, 0, 0], [( 9 0xC004FC07 90 0)( 1 0x00000000)(?)( 2 0x00000000 0 0 msft:rm/algorithm/hwid/4.0 0x00000000 0)(?)( 9 0xC004FC07 90 0)( 10 0x00000000 msft:rm/algorithm/flags/1.0)(?)])(1 )(2 )(3 [0x00000000, 0, 0], [( 6 0xC004F009 0 0)( 1 0x00000000)( 6 0xC004F009 0 0)(?)(?)(?)( 10 0x00000000 msft:rm/algorithm/flags/1.0)( 11 0x00000000 0xC004FC07)])]\n\n"",""Binary"":""""}}"
101,2427,2025-01-03 21:06:36.2770885,1003,Info,Microsoft-Windows-Security-SPP,Application,3772,0,WinDev2401Eval,0,,,,,,,,,,,,False,C:\Users\Inferno\Desktop\al_evtx\al_Application.evtx,0x80000000000000,0,"{""EventData"":{""Data"":""55c92734-d682-4d71-983e-d6ec3f16059f, \n1: 3f4c0546-36c6-46a8-a37f-be13cdd0cf25, 1, 1 [(0 [0xC004E003, 0, 0], [( 9 0xC004FC07 90 0)( 1 0x00000000)(?)( 2 0x00000000 0 0 msft:rm/algorithm/hwid/4.0 0x00000000 0)(?)( 9 0xC004FC07 90 0)( 10 0x00000000 msft:rm/algorithm/flags/1.0)(?)])(1 )(2 )(3 [0x00000000, 0, 0], [( 6 0xC004F009 0 0)( 1 0x00000000)( 6 0xC004F009 0 0)(?)(?)(?)( 10 0x00000000 msft:rm/algorithm/flags/1.0)( 11 0x00000000 0xC004FC07)])]\n\n"",""Binary"":""""}}"
102,2428,2025-01-03 21:06:36.2904353,8197,Info,Microsoft-Windows-Security-SPP,Application,5956,0,WinDev2401Eval,0,,,,,,,,,,,,False,C:\Users\Inferno\Desktop\al_evtx\al_Application.evtx,0x80000000000000,0,"{""EventData"":{""Data"":""RuleId=8244d55f-dcd7-4010-8151-2a5af187b1ed;Action=NotifyUser;AppId=55c92734-d682-4d71-983e-d6ec3f16059f;SkuId=3f4c0546-36c6-46a8-a37f-be13cdd0cf25;NotificationInterval=240;Trigger=UserLogon;SessionId=1"",""Binary"":""""}}"
103,2429,2025-01-03 21:06:52.4162757,4097,Info,Microsoft-Windows-CAPI2,Application,2432,4760,WinDev2401Eval,0,,,,,,,,,,,,False,C:\Users\Inferno\Desktop\al_evtx\al_Application.evtx,"Audit success, classic",0,"{""EventData"":{""Data"":""CN=GlobalSign Root CA, OU=Root CA, O=GlobalSign nv-sa, C=BE, B1BC968BD4F49D622AA89A81F2150152A41D829C"",""Binary"":""""}}"
104,2430,2025-01-03 21:08:27.5086346,1,Info,SecurityCenter,Application,2400,0,WinDev2401Eval,0,,,,,,,,,,,,False,C:\Users\Inferno\Desktop\al_evtx\al_Application.evtx,0x80000000000000,0,"{""EventData"":{""Data"":"""",""Binary"":""""}}"
105,2431,2025-01-03 21:08:29.5206321,15,Info,SecurityCenter,Application,2400,0,WinDev2401Eval,0,,,,,,,,,,,,False,C:\Users\Inferno\Desktop\al_evtx\al_Application.evtx,0x80000000000000,0,"{""EventData"":{""Data"":""Windows Defender, SECURITY_PRODUCT_STATE_ON"",""Binary"":""""}}"
106,2432,2025-01-03 21:12:33.5629942,4111,Info,Microsoft-Windows-CAPI2,Application,2432,8068,WinDev2401Eval,0,,,,,,,,,,,,False,C:\Users\Inferno\Desktop\al_evtx\al_Application.evtx,"Audit success, classic",0,"{""EventData"":{""Data"":""‎Tuesday, ‎May ‎14, ‎2024 8:23:18 AM"",""Binary"":""""}}"
107,2433,2025-01-03 21:12:52.0711358,8224,Info,VSS,Application,7840,0,WinDev2401Eval,0,,,,,,,,,,,,False,C:\Users\Inferno\Desktop\al_evtx\al_Application.evtx,0x80000000000000,0,"{""EventData"":{""Data"":"""",""Binary"":""2D-20-43-6F-64-65-3A-20-20-43-4F-52-53-56-43-43-30-30-30-30-30-37-37-32-2D-20-43-61-6C-6C-3A-20-20-43-4F-52-53-56-43-43-30-30-30-30-30-37-35-34-2D-20-50-49-44-3A-20-20-30-30-30-30-37-38-34-30-2D-20-54-49-44-3A-20-20-30-30-30-30-39-37-31-32-2D-20-43-4D-44-3A-20-20-43-3A-5C-57-69-6E-64-6F-77-73-5C-73-79-73-74-65-6D-33-32-5C-76-73-73-76-63-2E-65-78-65-20-20-20-2D-20-55-73-65-72-3A-20-4E-61-6D-65-3A-20-4E-54-20-41-55-54-48-4F-52-49-54-59-5C-53-59-53-54-45-4D-2C-20-53-49-44-3A-53-2D-31-2D-35-2D-31-38-20""}}"
108,2434,2025-01-03 21:14:27.4247993,1000,Error,Application Error,Application,9896,2844,WinDev2401Eval,0,S-1-5-21-1837475949-2032650698-3025450431-1000,Application Error,,,,,,,,,Widgets.exe,False,C:\Users\Inferno\Desktop\al_evtx\al_Application.evtx,Classic,0,"{""EventData"":{""Data"":[{""@Name"":""AppName"",""#text"":""Widgets.exe""},{""@Name"":""AppVersion"",""#text"":""524.13200.30.0""},{""@Name"":""AppTimeStamp"",""#text"":""664beeeb""},{""@Name"":""ModuleName"",""#text"":""Widgets.exe""},{""@Name"":""ModuleVersion"",""#text"":""524.13200.30.0""},{""@Name"":""ModuleTimeStamp"",""#text"":""664beeeb""},{""@Name"":""ExceptionCode"",""#text"":""c0000409""},{""@Name"":""FaultingOffset"",""#text"":""000000000018da7f""},{""@Name"":""ProcessId"",""#text"":""0x174C""},{""@Name"":""ProcessCreationTime"",""#text"":""0x1DB5E235A2387F1""},{""@Name"":""AppPath"",""#text"":""C:\\Program Files\\WindowsApps\\MicrosoftWindows.Client.WebExperience_524.13200.10.0_x64__cw5n1h2txyewy\\Dashboard\\Widgets.exe""},{""@Name"":""ModulePath"",""#text"":""C:\\Program Files\\WindowsApps\\MicrosoftWindows.Client.WebExperience_524.13200.10.0_x64__cw5n1h2txyewy\\Dashboard\\Widgets.exe""},{""@Name"":""IntegratorReportId"",""#text"":""286a14fb-7ee1-4ab1-a671-cb950e0858cf""},{""@Name"":""PackageFullName"",""#text"":""MicrosoftWindows.Client.WebExperience_524.13200.10.0_x64__cw5n1h2txyewy""},{""@Name"":""PackageRelativeAppId"",""#text"":""Widgets""}]}}"
109,2435,2025-01-03 21:14:42.5783086,0,Info,edgeupdate,Application,6100,0,WinDev2401Eval,0,,,,,,,,,,,,False,C:\Users\Inferno\Desktop\al_evtx\al_Application.evtx,0x80000000000000,0,"{""EventData"":{""Data"":""Service stopped"",""Binary"":""""}}"
110,2436,2025-01-03 21:16:23.1361265,15,Info,SecurityCenter,Application,2400,0,WinDev2401Eval,0,,,,,,,,,,,,False,C:\Users\Inferno\Desktop\al_evtx\al_Application.evtx,0x80000000000000,0,"{""EventData"":{""Data"":""Windows Defender, SECURITY_PRODUCT_STATE_ON"",""Binary"":""""}}"
111,2437,2025-01-03 21:16:24.4342223,15,Info,SecurityCenter,Application,2400,0,WinDev2401Eval,0,,,,,,,,,,,,False,C:\Users\Inferno\Desktop\al_evtx\al_Application.evtx,0x80000000000000,0,"{""EventData"":{""Data"":""Windows Defender, SECURITY_PRODUCT_STATE_ON"",""Binary"":""""}}"
112,2438,2025-01-03 21:16:49.0684420,15,Info,SecurityCenter,Application,2400,0,WinDev2401Eval,0,,,,,,,,,,,,False,C:\Users\Inferno\Desktop\al_evtx\al_Application.evtx,0x80000000000000,0,"{""EventData"":{""Data"":""Windows Defender, SECURITY_PRODUCT_STATE_ON"",""Binary"":""""}}"
113,2439,2025-01-03 21:19:39.2243434,8224,Info,VSS,Application,5532,0,WinDev2401Eval,0,,,,,,,,,,,,False,C:\Users\Inferno\Desktop\al_evtx\al_Application.evtx,0x80000000000000,0,"{""EventData"":{""Data"":"""",""Binary"":""2D-20-43-6F-64-65-3A-20-20-43-4F-52-53-56-43-43-30-30-30-30-30-37-37-32-2D-20-43-61-6C-6C-3A-20-20-43-4F-52-53-56-43-43-30-30-30-30-30-37-35-34-2D-20-50-49-44-3A-20-20-30-30-30-30-35-35-33-32-2D-20-54-49-44-3A-20-20-30-30-30-30-37-37-34-34-2D-20-43-4D-44-3A-20-20-43-3A-5C-57-69-6E-64-6F-77-73-5C-73-79-73-74-65-6D-33-32-5C-76-73-73-76-63-2E-65-78-65-20-20-20-2D-20-55-73-65-72-3A-20-4E-61-6D-65-3A-20-4E-54-20-41-55-54-48-4F-52-49-54-59-5C-53-59-53-54-45-4D-2C-20-53-49-44-3A-53-2D-31-2D-35-2D-31-38-20""}}"
1,20943,2025-01-03 21:01:07.0783235,4616,LogAlways,Microsoft-Windows-Security-Auditing,Security,4,352,WinDev2401Eval,0,,The system time was changed,WORKGROUP\WINDEV2401EVAL$ (S-1-5-18),,Previous Time: 2025-01-04 05:01:04.6788573,New Time: 2025-01-03 21:01:07.0780000,LogonId: 0x3E7,,,,C:\Windows\System32\VBoxService.exe,False,C:\Users\Inferno\Desktop\al_evtx\al_Security.evtx,Audit success,0,"{""EventData"":{""Data"":[{""@Name"":""SubjectUserSid"",""#text"":""S-1-5-18""},{""@Name"":""SubjectUserName"",""#text"":""WINDEV2401EVAL$""},{""@Name"":""SubjectDomainName"",""#text"":""WORKGROUP""},{""@Name"":""SubjectLogonId"",""#text"":""0x3E7""},{""@Name"":""PreviousTime"",""#text"":""2025-01-04 05:01:04.6788573""},{""@Name"":""NewTime"",""#text"":""2025-01-03 21:01:07.0780000""},{""@Name"":""ProcessId"",""#text"":""0x5BC""},{""@Name"":""ProcessName"",""#text"":""C:\\Windows\\System32\\VBoxService.exe""}]}}"
