156,21098,2025-01-03 21:01:26.9907542,5379,LogAlways,Microsoft-Windows-Security-Auditing,Security,816,864,WinDev2401Eval,1,,Credential Manager credentials were read,LOCAL SERVICE,,SID: S-1-5-19,Domain: NT AUTHORITY,LogonID: 0x3E5,CountOfCredentialsReturned: 1,,ActivityID: a4c17575-5e65-0001-2e76-c1a4655edb01,MicrosoftAccount:user=02grfmhelkgyufkr,False,C:\Users\Inferno\Desktop\al_evtx\al_Security.evtx,Audit success,0,"{""EventData"":{""Data"":[{""@Name"":""SubjectUserSid"",""#text"":""S-1-5-19""},{""@Name"":""SubjectUserName"",""#text"":""LOCAL SERVICE""},{""@Name"":""SubjectDomainName"",""#text"":""NT AUTHORITY""},{""@Name"":""SubjectLogonId"",""#text"":""0x3E5""},{""@Name"":""TargetName"",""#text"":""MicrosoftAccount:user=02grfmhelkgyufkr""},{""@Name"":""Type"",""#text"":""1""},{""@Name"":""CountOfCredentialsReturned"",""#text"":""1""},{""@Name"":""ReadOperation"",""#text"":""%%8099""},{""@Name"":""ReturnCode"",""#text"":""3221226021""},{""@Name"":""ProcessCreationTime"",""#text"":""2025-01-03 21:01:09.2871779""},{""@Name"":""ClientProcessId"",""#text"":""4752""}]}}"
157,21099,2025-01-03 21:01:27.0041511,5379,LogAlways,Microsoft-Windows-Security-Auditing,Security,816,864,WinDev2401Eval,1,,Credential Manager credentials were read,LOCAL SERVICE,,SID: S-1-5-19,Domain: NT AUTHORITY,LogonID: 0x3E5,CountOfCredentialsReturned: 0,,ActivityID: a4c17575-5e65-0001-2e76-c1a4655edb01,MicrosoftAccount:user=02grfmhelkgyufkr,False,C:\Users\Inferno\Desktop\al_evtx\al_Security.evtx,Audit success,0,"{""EventData"":{""Data"":[{""@Name"":""SubjectUserSid"",""#text"":""S-1-5-19""},{""@Name"":""SubjectUserName"",""#text"":""LOCAL SERVICE""},{""@Name"":""SubjectDomainName"",""#text"":""NT AUTHORITY""},{""@Name"":""SubjectLogonId"",""#text"":""0x3E5""},{""@Name"":""TargetName"",""#text"":""MicrosoftAccount:user=02grfmhelkgyufkr""},{""@Name"":""Type"",""#text"":""0""},{""@Name"":""CountOfCredentialsReturned"",""#text"":""0""},{""@Name"":""ReadOperation"",""#text"":""%%8100""},{""@Name"":""ReturnCode"",""#text"":""3221226021""},{""@Name"":""ProcessCreationTime"",""#text"":""2025-01-03 21:01:09.2871779""},{""@Name"":""ClientProcessId"",""#text"":""4752""}]}}"
158,21100,2025-01-03 21:01:27.0046152,5379,LogAlways,Microsoft-Windows-Security-Auditing,Security,816,864,WinDev2401Eval,1,,Credential Manager credentials were read,LOCAL SERVICE,,SID: S-1-5-19,Domain: NT AUTHORITY,LogonID: 0x3E5,CountOfCredentialsReturned: 1,,ActivityID: a4c17575-5e65-0001-2e76-c1a4655edb01,WindowsLive:target=virtualapp/didlogical,False,C:\Users\Inferno\Desktop\al_evtx\al_Security.evtx,Audit success,0,"{""EventData"":{""Data"":[{""@Name"":""SubjectUserSid"",""#text"":""S-1-5-19""},{""@Name"":""SubjectUserName"",""#text"":""LOCAL SERVICE""},{""@Name"":""SubjectDomainName"",""#text"":""NT AUTHORITY""},{""@Name"":""SubjectLogonId"",""#text"":""0x3E5""},{""@Name"":""TargetName"",""#text"":""WindowsLive:target=virtualapp/didlogical""},{""@Name"":""Type"",""#text"":""0""},{""@Name"":""CountOfCredentialsReturned"",""#text"":""1""},{""@Name"":""ReadOperation"",""#text"":""%%8100""},{""@Name"":""ReturnCode"",""#text"":""0""},{""@Name"":""ProcessCreationTime"",""#text"":""2025-01-03 21:01:09.2871779""},{""@Name"":""ClientProcessId"",""#text"":""4752""}]}}"
159,21101,2025-01-03 21:01:27.0084104,5379,LogAlways,Microsoft-Windows-Security-Auditing,Security,816,864,WinDev2401Eval,1,,Credential Manager credentials were read,LOCAL SERVICE,,SID: S-1-5-19,Domain: NT AUTHORITY,LogonID: 0x3E5,CountOfCredentialsReturned: 1,,ActivityID: a4c17575-5e65-0001-2e76-c1a4655edb01,WindowsLive:target=virtualapp/didlogical,False,C:\Users\Inferno\Desktop\al_evtx\al_Security.evtx,Audit success,0,"{""EventData"":{""Data"":[{""@Name"":""SubjectUserSid"",""#text"":""S-1-5-19""},{""@Name"":""SubjectUserName"",""#text"":""LOCAL SERVICE""},{""@Name"":""SubjectDomainName"",""#text"":""NT AUTHORITY""},{""@Name"":""SubjectLogonId"",""#text"":""0x3E5""},{""@Name"":""TargetName"",""#text"":""WindowsLive:target=virtualapp/didlogical""},{""@Name"":""Type"",""#text"":""0""},{""@Name"":""CountOfCredentialsReturned"",""#text"":""1""},{""@Name"":""ReadOperation"",""#text"":""%%8100""},{""@Name"":""ReturnCode"",""#text"":""0""},{""@Name"":""ProcessCreationTime"",""#text"":""2025-01-03 21:01:09.2871779""},{""@Name"":""ClientProcessId"",""#text"":""4752""}]}}"
160,21102,2025-01-03 21:01:27.4418306,5379,LogAlways,Microsoft-Windows-Security-Auditing,Security,816,864,WinDev2401Eval,1,,Credential Manager credentials were read,LOCAL SERVICE,,SID: S-1-5-19,Domain: NT AUTHORITY,LogonID: 0x3E5,CountOfCredentialsReturned: 0,,ActivityID: a4c17575-5e65-0001-2e76-c1a4655edb01,MicrosoftAccount:user=02grfmhelkgyufkr,False,C:\Users\Inferno\Desktop\al_evtx\al_Security.evtx,Audit success,0,"{""EventData"":{""Data"":[{""@Name"":""SubjectUserSid"",""#text"":""S-1-5-19""},{""@Name"":""SubjectUserName"",""#text"":""LOCAL SERVICE""},{""@Name"":""SubjectDomainName"",""#text"":""NT AUTHORITY""},{""@Name"":""SubjectLogonId"",""#text"":""0x3E5""},{""@Name"":""TargetName"",""#text"":""MicrosoftAccount:user=02grfmhelkgyufkr""},{""@Name"":""Type"",""#text"":""0""},{""@Name"":""CountOfCredentialsReturned"",""#text"":""0""},{""@Name"":""ReadOperation"",""#text"":""%%8100""},{""@Name"":""ReturnCode"",""#text"":""3221226021""},{""@Name"":""ProcessCreationTime"",""#text"":""2025-01-03 21:01:09.2871779""},{""@Name"":""ClientProcessId"",""#text"":""4752""}]}}"
161,21103,2025-01-03 21:01:27.4529371,5379,LogAlways,Microsoft-Windows-Security-Auditing,Security,816,864,WinDev2401Eval,1,,Credential Manager credentials were read,LOCAL SERVICE,,SID: S-1-5-19,Domain: NT AUTHORITY,LogonID: 0x3E5,CountOfCredentialsReturned: 1,,ActivityID: a4c17575-5e65-0001-2e76-c1a4655edb01,MicrosoftAccount:user=02grfmhelkgyufkr,False,C:\Users\Inferno\Desktop\al_evtx\al_Security.evtx,Audit success,0,"{""EventData"":{""Data"":[{""@Name"":""SubjectUserSid"",""#text"":""S-1-5-19""},{""@Name"":""SubjectUserName"",""#text"":""LOCAL SERVICE""},{""@Name"":""SubjectDomainName"",""#text"":""NT AUTHORITY""},{""@Name"":""SubjectLogonId"",""#text"":""0x3E5""},{""@Name"":""TargetName"",""#text"":""MicrosoftAccount:user=02grfmhelkgyufkr""},{""@Name"":""Type"",""#text"":""1""},{""@Name"":""CountOfCredentialsReturned"",""#text"":""1""},{""@Name"":""ReadOperation"",""#text"":""%%8099""},{""@Name"":""ReturnCode"",""#text"":""3221226021""},{""@Name"":""ProcessCreationTime"",""#text"":""2025-01-03 21:01:09.2871779""},{""@Name"":""ClientProcessId"",""#text"":""4752""}]}}"
162,21104,2025-01-03 21:01:27.4640934,5379,LogAlways,Microsoft-Windows-Security-Auditing,Security,816,896,WinDev2401Eval,1,,Credential Manager credentials were read,LOCAL SERVICE,,SID: S-1-5-19,Domain: NT AUTHORITY,LogonID: 0x3E5,CountOfCredentialsReturned: 0,,ActivityID: a4c17575-5e65-0001-2e76-c1a4655edb01,MicrosoftAccount:user=02grfmhelkgyufkr,False,C:\Users\Inferno\Desktop\al_evtx\al_Security.evtx,Audit success,0,"{""EventData"":{""Data"":[{""@Name"":""SubjectUserSid"",""#text"":""S-1-5-19""},{""@Name"":""SubjectUserName"",""#text"":""LOCAL SERVICE""},{""@Name"":""SubjectDomainName"",""#text"":""NT AUTHORITY""},{""@Name"":""SubjectLogonId"",""#text"":""0x3E5""},{""@Name"":""TargetName"",""#text"":""MicrosoftAccount:user=02grfmhelkgyufkr""},{""@Name"":""Type"",""#text"":""0""},{""@Name"":""CountOfCredentialsReturned"",""#text"":""0""},{""@Name"":""ReadOperation"",""#text"":""%%8100""},{""@Name"":""ReturnCode"",""#text"":""3221226021""},{""@Name"":""ProcessCreationTime"",""#text"":""2025-01-03 21:01:09.2871779""},{""@Name"":""ClientProcessId"",""#text"":""4752""}]}}"
163,21105,2025-01-03 21:01:27.4643135,5379,LogAlways,Microsoft-Windows-Security-Auditing,Security,816,864,WinDev2401Eval,1,,Credential Manager credentials were read,LOCAL SERVICE,,SID: S-1-5-19,Domain: NT AUTHORITY,LogonID: 0x3E5,CountOfCredentialsReturned: 0,,ActivityID: a4c17575-5e65-0001-2e76-c1a4655edb01,WindowsLive:target=virtualapp/didlogical,False,C:\Users\Inferno\Desktop\al_evtx\al_Security.evtx,Audit success,0,"{""EventData"":{""Data"":[{""@Name"":""SubjectUserSid"",""#text"":""S-1-5-19""},{""@Name"":""SubjectUserName"",""#text"":""LOCAL SERVICE""},{""@Name"":""SubjectDomainName"",""#text"":""NT AUTHORITY""},{""@Name"":""SubjectLogonId"",""#text"":""0x3E5""},{""@Name"":""TargetName"",""#text"":""WindowsLive:target=virtualapp/didlogical""},{""@Name"":""Type"",""#text"":""0""},{""@Name"":""CountOfCredentialsReturned"",""#text"":""0""},{""@Name"":""ReadOperation"",""#text"":""%%8100""},{""@Name"":""ReturnCode"",""#text"":""3221226021""},{""@Name"":""ProcessCreationTime"",""#text"":""2025-01-03 21:01:09.2871779""},{""@Name"":""ClientProcessId"",""#text"":""4752""}]}}"
164,21106,2025-01-03 21:01:27.4669721,5379,LogAlways,Microsoft-Windows-Security-Auditing,Security,816,864,WinDev2401Eval,1,,Credential Manager credentials were read,LOCAL SERVICE,,SID: S-1-5-19,Domain: NT AUTHORITY,LogonID: 0x3E5,CountOfCredentialsReturned: 0,,ActivityID: a4c17575-5e65-0001-2e76-c1a4655edb01,MicrosoftAccount:user=02grfmhelkgyufkr,False,C:\Users\Inferno\Desktop\al_evtx\al_Security.evtx,Audit success,0,"{""EventData"":{""Data"":[{""@Name"":""SubjectUserSid"",""#text"":""S-1-5-19""},{""@Name"":""SubjectUserName"",""#text"":""LOCAL SERVICE""},{""@Name"":""SubjectDomainName"",""#text"":""NT AUTHORITY""},{""@Name"":""SubjectLogonId"",""#text"":""0x3E5""},{""@Name"":""TargetName"",""#text"":""MicrosoftAccount:user=02grfmhelkgyufkr""},{""@Name"":""Type"",""#text"":""0""},{""@Name"":""CountOfCredentialsReturned"",""#text"":""0""},{""@Name"":""ReadOperation"",""#text"":""%%8100""},{""@Name"":""ReturnCode"",""#text"":""3221226021""},{""@Name"":""ProcessCreationTime"",""#text"":""2025-01-03 21:01:09.2871779""},{""@Name"":""ClientProcessId"",""#text"":""4752""}]}}"
165,21107,2025-01-03 21:01:27.4670089,5379,LogAlways,Microsoft-Windows-Security-Auditing,Security,816,864,WinDev2401Eval,1,,Credential Manager credentials were read,LOCAL SERVICE,,SID: S-1-5-19,Domain: NT AUTHORITY,LogonID: 0x3E5,CountOfCredentialsReturned: 0,,ActivityID: a4c17575-5e65-0001-2e76-c1a4655edb01,WindowsLive:(token):name=02grfmhelkgyufkr;serviceuri=*,False,C:\Users\Inferno\Desktop\al_evtx\al_Security.evtx,Audit success,0,"{""EventData"":{""Data"":[{""@Name"":""SubjectUserSid"",""#text"":""S-1-5-19""},{""@Name"":""SubjectUserName"",""#text"":""LOCAL SERVICE""},{""@Name"":""SubjectDomainName"",""#text"":""NT AUTHORITY""},{""@Name"":""SubjectLogonId"",""#text"":""0x3E5""},{""@Name"":""TargetName"",""#text"":""WindowsLive:(token):name=02grfmhelkgyufkr;serviceuri=*""},{""@Name"":""Type"",""#text"":""0""},{""@Name"":""CountOfCredentialsReturned"",""#text"":""0""},{""@Name"":""ReadOperation"",""#text"":""%%8100""},{""@Name"":""ReturnCode"",""#text"":""3221226021""},{""@Name"":""ProcessCreationTime"",""#text"":""2025-01-03 21:01:09.2871779""},{""@Name"":""ClientProcessId"",""#text"":""4752""}]}}"
166,21108,2025-01-03 21:01:27.4671829,5379,LogAlways,Microsoft-Windows-Security-Auditing,Security,816,864,WinDev2401Eval,1,,Credential Manager credentials were read,LOCAL SERVICE,,SID: S-1-5-19,Domain: NT AUTHORITY,LogonID: 0x3E5,CountOfCredentialsReturned: 0,,ActivityID: a4c17575-5e65-0001-2e76-c1a4655edb01,WindowsLive:(cert):name=02grfmhelkgyufkr;serviceuri=*,False,C:\Users\Inferno\Desktop\al_evtx\al_Security.evtx,Audit success,0,"{""EventData"":{""Data"":[{""@Name"":""SubjectUserSid"",""#text"":""S-1-5-19""},{""@Name"":""SubjectUserName"",""#text"":""LOCAL SERVICE""},{""@Name"":""SubjectDomainName"",""#text"":""NT AUTHORITY""},{""@Name"":""SubjectLogonId"",""#text"":""0x3E5""},{""@Name"":""TargetName"",""#text"":""WindowsLive:(cert):name=02grfmhelkgyufkr;serviceuri=*""},{""@Name"":""Type"",""#text"":""0""},{""@Name"":""CountOfCredentialsReturned"",""#text"":""0""},{""@Name"":""ReadOperation"",""#text"":""%%8100""},{""@Name"":""ReturnCode"",""#text"":""3221226021""},{""@Name"":""ProcessCreationTime"",""#text"":""2025-01-03 21:01:09.2871779""},{""@Name"":""ClientProcessId"",""#text"":""4752""}]}}"
167,21109,2025-01-03 21:01:27.8781801,5379,LogAlways,Microsoft-Windows-Security-Auditing,Security,816,864,WinDev2401Eval,1,,Credential Manager credentials were read,LOCAL SERVICE,,SID: S-1-5-19,Domain: NT AUTHORITY,LogonID: 0x3E5,CountOfCredentialsReturned: 0,,ActivityID: a4c17575-5e65-0001-2e76-c1a4655edb01,MicrosoftAccount:user=02grfmhelkgyufkr,False,C:\Users\Inferno\Desktop\al_evtx\al_Security.evtx,Audit success,0,"{""EventData"":{""Data"":[{""@Name"":""SubjectUserSid"",""#text"":""S-1-5-19""},{""@Name"":""SubjectUserName"",""#text"":""LOCAL SERVICE""},{""@Name"":""SubjectDomainName"",""#text"":""NT AUTHORITY""},{""@Name"":""SubjectLogonId"",""#text"":""0x3E5""},{""@Name"":""TargetName"",""#text"":""MicrosoftAccount:user=02grfmhelkgyufkr""},{""@Name"":""Type"",""#text"":""0""},{""@Name"":""CountOfCredentialsReturned"",""#text"":""0""},{""@Name"":""ReadOperation"",""#text"":""%%8100""},{""@Name"":""ReturnCode"",""#text"":""3221226021""},{""@Name"":""ProcessCreationTime"",""#text"":""2025-01-03 21:01:09.2871779""},{""@Name"":""ClientProcessId"",""#text"":""4752""}]}}"
168,21110,2025-01-03 21:01:27.8820397,5379,LogAlways,Microsoft-Windows-Security-Auditing,Security,816,864,WinDev2401Eval,1,,Credential Manager credentials were read,LOCAL SERVICE,,SID: S-1-5-19,Domain: NT AUTHORITY,LogonID: 0x3E5,CountOfCredentialsReturned: 0,,ActivityID: a4c17575-5e65-0001-2e76-c1a4655edb01,MicrosoftAccount:user=02grfmhelkgyufkr,False,C:\Users\Inferno\Desktop\al_evtx\al_Security.evtx,Audit success,0,"{""EventData"":{""Data"":[{""@Name"":""SubjectUserSid"",""#text"":""S-1-5-19""},{""@Name"":""SubjectUserName"",""#text"":""LOCAL SERVICE""},{""@Name"":""SubjectDomainName"",""#text"":""NT AUTHORITY""},{""@Name"":""SubjectLogonId"",""#text"":""0x3E5""},{""@Name"":""TargetName"",""#text"":""MicrosoftAccount:user=02grfmhelkgyufkr""},{""@Name"":""Type"",""#text"":""0""},{""@Name"":""CountOfCredentialsReturned"",""#text"":""0""},{""@Name"":""ReadOperation"",""#text"":""%%8100""},{""@Name"":""ReturnCode"",""#text"":""3221226021""},{""@Name"":""ProcessCreationTime"",""#text"":""2025-01-03 21:01:09.2871779""},{""@Name"":""ClientProcessId"",""#text"":""4752""}]}}"
169,21111,2025-01-03 21:01:27.8835315,5379,LogAlways,Microsoft-Windows-Security-Auditing,Security,816,896,WinDev2401Eval,2,,Credential Manager credentials were read,LOCAL SERVICE,,SID: S-1-5-19,Domain: NT AUTHORITY,LogonID: 0x3E5,CountOfCredentialsReturned: 0,,ActivityID: a4c17575-5e65-0001-2e76-c1a4655edb01,MicrosoftAccount:user=02grfmhelkgyufkr,False,C:\Users\Inferno\Desktop\al_evtx\al_Security.evtx,Audit success,0,"{""EventData"":{""Data"":[{""@Name"":""SubjectUserSid"",""#text"":""S-1-5-19""},{""@Name"":""SubjectUserName"",""#text"":""LOCAL SERVICE""},{""@Name"":""SubjectDomainName"",""#text"":""NT AUTHORITY""},{""@Name"":""SubjectLogonId"",""#text"":""0x3E5""},{""@Name"":""TargetName"",""#text"":""MicrosoftAccount:user=02grfmhelkgyufkr""},{""@Name"":""Type"",""#text"":""0""},{""@Name"":""CountOfCredentialsReturned"",""#text"":""0""},{""@Name"":""ReadOperation"",""#text"":""%%8100""},{""@Name"":""ReturnCode"",""#text"":""3221226021""},{""@Name"":""ProcessCreationTime"",""#text"":""2025-01-03 21:01:09.2871779""},{""@Name"":""ClientProcessId"",""#text"":""4752""}]}}"
170,21112,2025-01-03 21:01:27.8836098,5379,LogAlways,Microsoft-Windows-Security-Auditing,Security,816,896,WinDev2401Eval,2,,Credential Manager credentials were read,LOCAL SERVICE,,SID: S-1-5-19,Domain: NT AUTHORITY,LogonID: 0x3E5,CountOfCredentialsReturned: 0,,ActivityID: a4c17575-5e65-0001-2e76-c1a4655edb01,MicrosoftAccount:user=02grfmhelkgyufkr,False,C:\Users\Inferno\Desktop\al_evtx\al_Security.evtx,Audit success,0,"{""EventData"":{""Data"":[{""@Name"":""SubjectUserSid"",""#text"":""S-1-5-19""},{""@Name"":""SubjectUserName"",""#text"":""LOCAL SERVICE""},{""@Name"":""SubjectDomainName"",""#text"":""NT AUTHORITY""},{""@Name"":""SubjectLogonId"",""#text"":""0x3E5""},{""@Name"":""TargetName"",""#text"":""MicrosoftAccount:user=02grfmhelkgyufkr""},{""@Name"":""Type"",""#text"":""0""},{""@Name"":""CountOfCredentialsReturned"",""#text"":""0""},{""@Name"":""ReadOperation"",""#text"":""%%8100""},{""@Name"":""ReturnCode"",""#text"":""3221226021""},{""@Name"":""ProcessCreationTime"",""#text"":""2025-01-03 21:01:09.2871779""},{""@Name"":""ClientProcessId"",""#text"":""4752""}]}}"
171,21113,2025-01-03 21:01:28.1168890,4624,LogAlways,Microsoft-Windows-Security-Auditing,Security,816,864,WinDev2401Eval,2,,Successful logon,WORKGROUP\WINDEV2401EVAL$,- (-),Target: NT AUTHORITY\SYSTEM,LogonType 5,LogonId: 0x3E7,AuthenticationPackageName: Negotiate,"LogonProcessName: Advapi  ",,C:\Windows\System32\services.exe,False,C:\Users\Inferno\Desktop\al_evtx\al_Security.evtx,Audit success,0,"{""EventData"":{""Data"":[{""@Name"":""SubjectUserSid"",""#text"":""S-1-5-18""},{""@Name"":""SubjectUserName"",""#text"":""WINDEV2401EVAL$""},{""@Name"":""SubjectDomainName"",""#text"":""WORKGROUP""},{""@Name"":""SubjectLogonId"",""#text"":""0x3E7""},{""@Name"":""TargetUserSid"",""#text"":""S-1-5-18""},{""@Name"":""TargetUserName"",""#text"":""SYSTEM""},{""@Name"":""TargetDomainName"",""#text"":""NT AUTHORITY""},{""@Name"":""TargetLogonId"",""#text"":""0x3E7""},{""@Name"":""LogonType"",""#text"":""5""},{""@Name"":""LogonProcessName"",""#text"":""Advapi  ""},{""@Name"":""AuthenticationPackageName"",""#text"":""Negotiate""},{""@Name"":""WorkstationName"",""#text"":""-""},{""@Name"":""LogonGuid"",""#text"":""00000000-0000-0000-0000-000000000000""},{""@Name"":""TransmittedServices"",""#text"":""-""},{""@Name"":""LmPackageName"",""#text"":""-""},{""@Name"":""KeyLength"",""#text"":""0""},{""@Name"":""ProcessId"",""#text"":""0x314""},{""@Name"":""ProcessName"",""#text"":""C:\\Windows\\System32\\services.exe""},{""@Name"":""IpAddress"",""#text"":""-""},{""@Name"":""IpPort"",""#text"":""-""},{""@Name"":""ImpersonationLevel"",""#text"":""%%1833""},{""@Name"":""RestrictedAdminMode"",""#text"":""-""},{""@Name"":""RemoteCredentialGuard"",""#text"":""-""},{""@Name"":""TargetOutboundUserName"",""#text"":""-""},{""@Name"":""TargetOutboundDomainName"",""#text"":""-""},{""@Name"":""VirtualAccount"",""#text"":""%%1843""},{""@Name"":""TargetLinkedLogonId"",""#text"":""0x0""},{""@Name"":""ElevatedToken"",""#text"":""%%1842""}]}}"
172,21114,2025-01-03 21:01:28.1168932,4672,LogAlways,Microsoft-Windows-Security-Auditing,Security,816,864,WinDev2401Eval,2,,Administrative logon,NT AUTHORITY\SYSTEM (S-1-5-18),,"PrivilegeList: SeAssignPrimaryTokenPrivilege, SeTcbPrivilege, SeSecurityPrivilege, SeTakeOwnershipPrivilege, SeLoadDriverPrivilege, SeBackupPrivilege, SeRestorePrivilege, SeDebugPrivilege, SeAuditPrivilege, SeSystemEnvironmentPrivilege, SeImpersonatePrivilege, SeDelegateSessionUserImpersonatePrivilege",LogonId: 0x3E7,,,,,,False,C:\Users\Inferno\Desktop\al_evtx\al_Security.evtx,Audit success,0,"{""EventData"":{""Data"":[{""@Name"":""SubjectUserSid"",""#text"":""S-1-5-18""},{""@Name"":""SubjectUserName"",""#text"":""SYSTEM""},{""@Name"":""SubjectDomainName"",""#text"":""NT AUTHORITY""},{""@Name"":""SubjectLogonId"",""#text"":""0x3E7""},{""@Name"":""PrivilegeList"",""#text"":""SeAssignPrimaryTokenPrivilege, SeTcbPrivilege, SeSecurityPrivilege, SeTakeOwnershipPrivilege, SeLoadDriverPrivilege, SeBackupPrivilege, SeRestorePrivilege, SeDebugPrivilege, SeAuditPrivilege, SeSystemEnvironmentPrivilege, SeImpersonatePrivilege, SeDelegateSessionUserImpersonatePrivilege""}]}}"
173,21115,2025-01-03 21:01:29.2135470,5379,LogAlways,Microsoft-Windows-Security-Auditing,Security,816,852,WinDev2401Eval,2,,Credential Manager credentials were read,WINDEV2401EVAL$,,SID: S-1-5-18,Domain: WORKGROUP,LogonID: 0x3E7,CountOfCredentialsReturned: 0,,ActivityID: a4c17575-5e65-0001-2e76-c1a4655edb01,MicrosoftAccount:user=02mrmaiylzkexzqu,False,C:\Users\Inferno\Desktop\al_evtx\al_Security.evtx,Audit success,0,"{""EventData"":{""Data"":[{""@Name"":""SubjectUserSid"",""#text"":""S-1-5-18""},{""@Name"":""SubjectUserName"",""#text"":""WINDEV2401EVAL$""},{""@Name"":""SubjectDomainName"",""#text"":""WORKGROUP""},{""@Name"":""SubjectLogonId"",""#text"":""0x3E7""},{""@Name"":""TargetName"",""#text"":""MicrosoftAccount:user=02mrmaiylzkexzqu""},{""@Name"":""Type"",""#text"":""0""},{""@Name"":""CountOfCredentialsReturned"",""#text"":""0""},{""@Name"":""ReadOperation"",""#text"":""%%8100""},{""@Name"":""ReturnCode"",""#text"":""3221226021""},{""@Name"":""ProcessCreationTime"",""#text"":""2025-01-03 21:01:09.2871779""},{""@Name"":""ClientProcessId"",""#text"":""4752""}]}}"
174,21116,2025-01-03 21:01:29.2136312,5379,LogAlways,Microsoft-Windows-Security-Auditing,Security,816,852,WinDev2401Eval,2,,Credential Manager credentials were read,WINDEV2401EVAL$,,SID: S-1-5-18,Domain: WORKGROUP,LogonID: 0x3E7,CountOfCredentialsReturned: 0,,ActivityID: a4c17575-5e65-0001-2e76-c1a4655edb01,WindowsLive:(token):name=02mrmaiylzkexzqu;serviceuri=*,False,C:\Users\Inferno\Desktop\al_evtx\al_Security.evtx,Audit success,0,"{""EventData"":{""Data"":[{""@Name"":""SubjectUserSid"",""#text"":""S-1-5-18""},{""@Name"":""SubjectUserName"",""#text"":""WINDEV2401EVAL$""},{""@Name"":""SubjectDomainName"",""#text"":""WORKGROUP""},{""@Name"":""SubjectLogonId"",""#text"":""0x3E7""},{""@Name"":""TargetName"",""#text"":""WindowsLive:(token):name=02mrmaiylzkexzqu;serviceuri=*""},{""@Name"":""Type"",""#text"":""0""},{""@Name"":""CountOfCredentialsReturned"",""#text"":""0""},{""@Name"":""ReadOperation"",""#text"":""%%8100""},{""@Name"":""ReturnCode"",""#text"":""3221226021""},{""@Name"":""ProcessCreationTime"",""#text"":""2025-01-03 21:01:09.2871779""},{""@Name"":""ClientProcessId"",""#text"":""4752""}]}}"
175,21117,2025-01-03 21:01:29.2140047,5379,LogAlways,Microsoft-Windows-Security-Auditing,Security,816,852,WinDev2401Eval,2,,Credential Manager credentials were read,WINDEV2401EVAL$,,SID: S-1-5-18,Domain: WORKGROUP,LogonID: 0x3E7,CountOfCredentialsReturned: 0,,ActivityID: a4c17575-5e65-0001-2e76-c1a4655edb01,WindowsLive:(cert):name=02mrmaiylzkexzqu;serviceuri=*,False,C:\Users\Inferno\Desktop\al_evtx\al_Security.evtx,Audit success,0,"{""EventData"":{""Data"":[{""@Name"":""SubjectUserSid"",""#text"":""S-1-5-18""},{""@Name"":""SubjectUserName"",""#text"":""WINDEV2401EVAL$""},{""@Name"":""SubjectDomainName"",""#text"":""WORKGROUP""},{""@Name"":""SubjectLogonId"",""#text"":""0x3E7""},{""@Name"":""TargetName"",""#text"":""WindowsLive:(cert):name=02mrmaiylzkexzqu;serviceuri=*""},{""@Name"":""Type"",""#text"":""0""},{""@Name"":""CountOfCredentialsReturned"",""#text"":""0""},{""@Name"":""ReadOperation"",""#text"":""%%8100""},{""@Name"":""ReturnCode"",""#text"":""3221226021""},{""@Name"":""ProcessCreationTime"",""#text"":""2025-01-03 21:01:09.2871779""},{""@Name"":""ClientProcessId"",""#text"":""4752""}]}}"
176,21118,2025-01-03 21:01:29.5549094,5379,LogAlways,Microsoft-Windows-Security-Auditing,Security,816,852,WinDev2401Eval,2,,Credential Manager credentials were read,WINDEV2401EVAL$,,SID: S-1-5-18,Domain: WORKGROUP,LogonID: 0x3E7,CountOfCredentialsReturned: 0,,ActivityID: a4c17575-5e65-0001-2e76-c1a4655edb01,MicrosoftAccount:user=02mrmaiylzkexzqu,False,C:\Users\Inferno\Desktop\al_evtx\al_Security.evtx,Audit success,0,"{""EventData"":{""Data"":[{""@Name"":""SubjectUserSid"",""#text"":""S-1-5-18""},{""@Name"":""SubjectUserName"",""#text"":""WINDEV2401EVAL$""},{""@Name"":""SubjectDomainName"",""#text"":""WORKGROUP""},{""@Name"":""SubjectLogonId"",""#text"":""0x3E7""},{""@Name"":""TargetName"",""#text"":""MicrosoftAccount:user=02mrmaiylzkexzqu""},{""@Name"":""Type"",""#text"":""0""},{""@Name"":""CountOfCredentialsReturned"",""#text"":""0""},{""@Name"":""ReadOperation"",""#text"":""%%8100""},{""@Name"":""ReturnCode"",""#text"":""3221226021""},{""@Name"":""ProcessCreationTime"",""#text"":""2025-01-03 21:01:09.2871779""},{""@Name"":""ClientProcessId"",""#text"":""4752""}]}}"
177,21119,2025-01-03 21:01:29.5552981,5379,LogAlways,Microsoft-Windows-Security-Auditing,Security,816,852,WinDev2401Eval,2,,Credential Manager credentials were read,WINDEV2401EVAL$,,SID: S-1-5-18,Domain: WORKGROUP,LogonID: 0x3E7,CountOfCredentialsReturned: 0,,ActivityID: a4c17575-5e65-0001-2e76-c1a4655edb01,MicrosoftAccount:user=02mrmaiylzkexzqu,False,C:\Users\Inferno\Desktop\al_evtx\al_Security.evtx,Audit success,0,"{""EventData"":{""Data"":[{""@Name"":""SubjectUserSid"",""#text"":""S-1-5-18""},{""@Name"":""SubjectUserName"",""#text"":""WINDEV2401EVAL$""},{""@Name"":""SubjectDomainName"",""#text"":""WORKGROUP""},{""@Name"":""SubjectLogonId"",""#text"":""0x3E7""},{""@Name"":""TargetName"",""#text"":""MicrosoftAccount:user=02mrmaiylzkexzqu""},{""@Name"":""Type"",""#text"":""0""},{""@Name"":""CountOfCredentialsReturned"",""#text"":""0""},{""@Name"":""ReadOperation"",""#text"":""%%8100""},{""@Name"":""ReturnCode"",""#text"":""3221226021""},{""@Name"":""ProcessCreationTime"",""#text"":""2025-01-03 21:01:09.2871779""},{""@Name"":""ClientProcessId"",""#text"":""4752""}]}}"
178,21120,2025-01-03 21:01:29.5565976,5379,LogAlways,Microsoft-Windows-Security-Auditing,Security,816,852,WinDev2401Eval,2,,Credential Manager credentials were read,WINDEV2401EVAL$,,SID: S-1-5-18,Domain: WORKGROUP,LogonID: 0x3E7,CountOfCredentialsReturned: 0,,ActivityID: a4c17575-5e65-0001-2e76-c1a4655edb01,MicrosoftAccount:user=02mrmaiylzkexzqu,False,C:\Users\Inferno\Desktop\al_evtx\al_Security.evtx,Audit success,0,"{""EventData"":{""Data"":[{""@Name"":""SubjectUserSid"",""#text"":""S-1-5-18""},{""@Name"":""SubjectUserName"",""#text"":""WINDEV2401EVAL$""},{""@Name"":""SubjectDomainName"",""#text"":""WORKGROUP""},{""@Name"":""SubjectLogonId"",""#text"":""0x3E7""},{""@Name"":""TargetName"",""#text"":""MicrosoftAccount:user=02mrmaiylzkexzqu""},{""@Name"":""Type"",""#text"":""0""},{""@Name"":""CountOfCredentialsReturned"",""#text"":""0""},{""@Name"":""ReadOperation"",""#text"":""%%8100""},{""@Name"":""ReturnCode"",""#text"":""3221226021""},{""@Name"":""ProcessCreationTime"",""#text"":""2025-01-03 21:01:09.2871779""},{""@Name"":""ClientProcessId"",""#text"":""4752""}]}}"
179,21121,2025-01-03 21:01:29.5566386,5379,LogAlways,Microsoft-Windows-Security-Auditing,Security,816,852,WinDev2401Eval,2,,Credential Manager credentials were read,WINDEV2401EVAL$,,SID: S-1-5-18,Domain: WORKGROUP,LogonID: 0x3E7,CountOfCredentialsReturned: 0,,ActivityID: a4c17575-5e65-0001-2e76-c1a4655edb01,MicrosoftAccount:user=02mrmaiylzkexzqu,False,C:\Users\Inferno\Desktop\al_evtx\al_Security.evtx,Audit success,0,"{""EventData"":{""Data"":[{""@Name"":""SubjectUserSid"",""#text"":""S-1-5-18""},{""@Name"":""SubjectUserName"",""#text"":""WINDEV2401EVAL$""},{""@Name"":""SubjectDomainName"",""#text"":""WORKGROUP""},{""@Name"":""SubjectLogonId"",""#text"":""0x3E7""},{""@Name"":""TargetName"",""#text"":""MicrosoftAccount:user=02mrmaiylzkexzqu""},{""@Name"":""Type"",""#text"":""0""},{""@Name"":""CountOfCredentialsReturned"",""#text"":""0""},{""@Name"":""ReadOperation"",""#text"":""%%8100""},{""@Name"":""ReturnCode"",""#text"":""3221226021""},{""@Name"":""ProcessCreationTime"",""#text"":""2025-01-03 21:01:09.2871779""},{""@Name"":""ClientProcessId"",""#text"":""4752""}]}}"
180,21122,2025-01-03 21:01:30.3547070,4624,LogAlways,Microsoft-Windows-Security-Auditing,Security,816,852,WinDev2401Eval,2,,Successful logon,WORKGROUP\WINDEV2401EVAL$,- (-),Target: NT AUTHORITY\SYSTEM,LogonType 5,LogonId: 0x3E7,AuthenticationPackageName: Negotiate,"LogonProcessName: Advapi  ",,C:\Windows\System32\services.exe,False,C:\Users\Inferno\Desktop\al_evtx\al_Security.evtx,Audit success,0,"{""EventData"":{""Data"":[{""@Name"":""SubjectUserSid"",""#text"":""S-1-5-18""},{""@Name"":""SubjectUserName"",""#text"":""WINDEV2401EVAL$""},{""@Name"":""SubjectDomainName"",""#text"":""WORKGROUP""},{""@Name"":""SubjectLogonId"",""#text"":""0x3E7""},{""@Name"":""TargetUserSid"",""#text"":""S-1-5-18""},{""@Name"":""TargetUserName"",""#text"":""SYSTEM""},{""@Name"":""TargetDomainName"",""#text"":""NT AUTHORITY""},{""@Name"":""TargetLogonId"",""#text"":""0x3E7""},{""@Name"":""LogonType"",""#text"":""5""},{""@Name"":""LogonProcessName"",""#text"":""Advapi  ""},{""@Name"":""AuthenticationPackageName"",""#text"":""Negotiate""},{""@Name"":""WorkstationName"",""#text"":""-""},{""@Name"":""LogonGuid"",""#text"":""00000000-0000-0000-0000-000000000000""},{""@Name"":""TransmittedServices"",""#text"":""-""},{""@Name"":""LmPackageName"",""#text"":""-""},{""@Name"":""KeyLength"",""#text"":""0""},{""@Name"":""ProcessId"",""#text"":""0x314""},{""@Name"":""ProcessName"",""#text"":""C:\\Windows\\System32\\services.exe""},{""@Name"":""IpAddress"",""#text"":""-""},{""@Name"":""IpPort"",""#text"":""-""},{""@Name"":""ImpersonationLevel"",""#text"":""%%1833""},{""@Name"":""RestrictedAdminMode"",""#text"":""-""},{""@Name"":""RemoteCredentialGuard"",""#text"":""-""},{""@Name"":""TargetOutboundUserName"",""#text"":""-""},{""@Name"":""TargetOutboundDomainName"",""#text"":""-""},{""@Name"":""VirtualAccount"",""#text"":""%%1843""},{""@Name"":""TargetLinkedLogonId"",""#text"":""0x0""},{""@Name"":""ElevatedToken"",""#text"":""%%1842""}]}}"
181,21123,2025-01-03 21:01:30.3547136,4672,LogAlways,Microsoft-Windows-Security-Auditing,Security,816,852,WinDev2401Eval,2,,Administrative logon,NT AUTHORITY\SYSTEM (S-1-5-18),,"PrivilegeList: SeAssignPrimaryTokenPrivilege, SeTcbPrivilege, SeSecurityPrivilege, SeTakeOwnershipPrivilege, SeLoadDriverPrivilege, SeBackupPrivilege, SeRestorePrivilege, SeDebugPrivilege, SeAuditPrivilege, SeSystemEnvironmentPrivilege, SeImpersonatePrivilege, SeDelegateSessionUserImpersonatePrivilege",LogonId: 0x3E7,,,,,,False,C:\Users\Inferno\Desktop\al_evtx\al_Security.evtx,Audit success,0,"{""EventData"":{""Data"":[{""@Name"":""SubjectUserSid"",""#text"":""S-1-5-18""},{""@Name"":""SubjectUserName"",""#text"":""SYSTEM""},{""@Name"":""SubjectDomainName"",""#text"":""NT AUTHORITY""},{""@Name"":""SubjectLogonId"",""#text"":""0x3E7""},{""@Name"":""PrivilegeList"",""#text"":""SeAssignPrimaryTokenPrivilege, SeTcbPrivilege, SeSecurityPrivilege, SeTakeOwnershipPrivilege, SeLoadDriverPrivilege, SeBackupPrivilege, SeRestorePrivilege, SeDebugPrivilege, SeAuditPrivilege, SeSystemEnvironmentPrivilege, SeImpersonatePrivilege, SeDelegateSessionUserImpersonatePrivilege""}]}}"
182,21124,2025-01-03 21:01:31.1558055,4624,LogAlways,Microsoft-Windows-Security-Auditing,Security,816,852,WinDev2401Eval,2,,Successful logon,WORKGROUP\WINDEV2401EVAL$,- (-),Target: NT AUTHORITY\SYSTEM,LogonType 5,LogonId: 0x3E7,AuthenticationPackageName: Negotiate,"LogonProcessName: Advapi  ",,C:\Windows\System32\services.exe,False,C:\Users\Inferno\Desktop\al_evtx\al_Security.evtx,Audit success,0,"{""EventData"":{""Data"":[{""@Name"":""SubjectUserSid"",""#text"":""S-1-5-18""},{""@Name"":""SubjectUserName"",""#text"":""WINDEV2401EVAL$""},{""@Name"":""SubjectDomainName"",""#text"":""WORKGROUP""},{""@Name"":""SubjectLogonId"",""#text"":""0x3E7""},{""@Name"":""TargetUserSid"",""#text"":""S-1-5-18""},{""@Name"":""TargetUserName"",""#text"":""SYSTEM""},{""@Name"":""TargetDomainName"",""#text"":""NT AUTHORITY""},{""@Name"":""TargetLogonId"",""#text"":""0x3E7""},{""@Name"":""LogonType"",""#text"":""5""},{""@Name"":""LogonProcessName"",""#text"":""Advapi  ""},{""@Name"":""AuthenticationPackageName"",""#text"":""Negotiate""},{""@Name"":""WorkstationName"",""#text"":""-""},{""@Name"":""LogonGuid"",""#text"":""00000000-0000-0000-0000-000000000000""},{""@Name"":""TransmittedServices"",""#text"":""-""},{""@Name"":""LmPackageName"",""#text"":""-""},{""@Name"":""KeyLength"",""#text"":""0""},{""@Name"":""ProcessId"",""#text"":""0x314""},{""@Name"":""ProcessName"",""#text"":""C:\\Windows\\System32\\services.exe""},{""@Name"":""IpAddress"",""#text"":""-""},{""@Name"":""IpPort"",""#text"":""-""},{""@Name"":""ImpersonationLevel"",""#text"":""%%1833""},{""@Name"":""RestrictedAdminMode"",""#text"":""-""},{""@Name"":""RemoteCredentialGuard"",""#text"":""-""},{""@Name"":""TargetOutboundUserName"",""#text"":""-""},{""@Name"":""TargetOutboundDomainName"",""#text"":""-""},{""@Name"":""VirtualAccount"",""#text"":""%%1843""},{""@Name"":""TargetLinkedLogonId"",""#text"":""0x0""},{""@Name"":""ElevatedToken"",""#text"":""%%1842""}]}}"
183,21125,2025-01-03 21:01:31.1558111,4672,LogAlways,Microsoft-Windows-Security-Auditing,Security,816,852,WinDev2401Eval,2,,Administrative logon,NT AUTHORITY\SYSTEM (S-1-5-18),,"PrivilegeList: SeAssignPrimaryTokenPrivilege, SeTcbPrivilege, SeSecurityPrivilege, SeTakeOwnershipPrivilege, SeLoadDriverPrivilege, SeBackupPrivilege, SeRestorePrivilege, SeDebugPrivilege, SeAuditPrivilege, SeSystemEnvironmentPrivilege, SeImpersonatePrivilege, SeDelegateSessionUserImpersonatePrivilege",LogonId: 0x3E7,,,,,,False,C:\Users\Inferno\Desktop\al_evtx\al_Security.evtx,Audit success,0,"{""EventData"":{""Data"":[{""@Name"":""SubjectUserSid"",""#text"":""S-1-5-18""},{""@Name"":""SubjectUserName"",""#text"":""SYSTEM""},{""@Name"":""SubjectDomainName"",""#text"":""NT AUTHORITY""},{""@Name"":""SubjectLogonId"",""#text"":""0x3E7""},{""@Name"":""PrivilegeList"",""#text"":""SeAssignPrimaryTokenPrivilege, SeTcbPrivilege, SeSecurityPrivilege, SeTakeOwnershipPrivilege, SeLoadDriverPrivilege, SeBackupPrivilege, SeRestorePrivilege, SeDebugPrivilege, SeAuditPrivilege, SeSystemEnvironmentPrivilege, SeImpersonatePrivilege, SeDelegateSessionUserImpersonatePrivilege""}]}}"
184,21126,2025-01-03 21:01:38.3989183,4624,LogAlways,Microsoft-Windows-Security-Auditing,Security,816,852,WinDev2401Eval,2,,Successful logon,WORKGROUP\WINDEV2401EVAL$,- (-),Target: NT AUTHORITY\SYSTEM,LogonType 5,LogonId: 0x3E7,AuthenticationPackageName: Negotiate,"LogonProcessName: Advapi  ",,C:\Windows\System32\services.exe,False,C:\Users\Inferno\Desktop\al_evtx\al_Security.evtx,Audit success,0,"{""EventData"":{""Data"":[{""@Name"":""SubjectUserSid"",""#text"":""S-1-5-18""},{""@Name"":""SubjectUserName"",""#text"":""WINDEV2401EVAL$""},{""@Name"":""SubjectDomainName"",""#text"":""WORKGROUP""},{""@Name"":""SubjectLogonId"",""#text"":""0x3E7""},{""@Name"":""TargetUserSid"",""#text"":""S-1-5-18""},{""@Name"":""TargetUserName"",""#text"":""SYSTEM""},{""@Name"":""TargetDomainName"",""#text"":""NT AUTHORITY""},{""@Name"":""TargetLogonId"",""#text"":""0x3E7""},{""@Name"":""LogonType"",""#text"":""5""},{""@Name"":""LogonProcessName"",""#text"":""Advapi  ""},{""@Name"":""AuthenticationPackageName"",""#text"":""Negotiate""},{""@Name"":""WorkstationName"",""#text"":""-""},{""@Name"":""LogonGuid"",""#text"":""00000000-0000-0000-0000-000000000000""},{""@Name"":""TransmittedServices"",""#text"":""-""},{""@Name"":""LmPackageName"",""#text"":""-""},{""@Name"":""KeyLength"",""#text"":""0""},{""@Name"":""ProcessId"",""#text"":""0x314""},{""@Name"":""ProcessName"",""#text"":""C:\\Windows\\System32\\services.exe""},{""@Name"":""IpAddress"",""#text"":""-""},{""@Name"":""IpPort"",""#text"":""-""},{""@Name"":""ImpersonationLevel"",""#text"":""%%1833""},{""@Name"":""RestrictedAdminMode"",""#text"":""-""},{""@Name"":""RemoteCredentialGuard"",""#text"":""-""},{""@Name"":""TargetOutboundUserName"",""#text"":""-""},{""@Name"":""TargetOutboundDomainName"",""#text"":""-""},{""@Name"":""VirtualAccount"",""#text"":""%%1843""},{""@Name"":""TargetLinkedLogonId"",""#text"":""0x0""},{""@Name"":""ElevatedToken"",""#text"":""%%1842""}]}}"
185,21127,2025-01-03 21:01:38.3989234,4672,LogAlways,Microsoft-Windows-Security-Auditing,Security,816,852,WinDev2401Eval,2,,Administrative logon,NT AUTHORITY\SYSTEM (S-1-5-18),,"PrivilegeList: SeAssignPrimaryTokenPrivilege, SeTcbPrivilege, SeSecurityPrivilege, SeTakeOwnershipPrivilege, SeLoadDriverPrivilege, SeBackupPrivilege, SeRestorePrivilege, SeDebugPrivilege, SeAuditPrivilege, SeSystemEnvironmentPrivilege, SeImpersonatePrivilege, SeDelegateSessionUserImpersonatePrivilege",LogonId: 0x3E7,,,,,,False,C:\Users\Inferno\Desktop\al_evtx\al_Security.evtx,Audit success,0,"{""EventData"":{""Data"":[{""@Name"":""SubjectUserSid"",""#text"":""S-1-5-18""},{""@Name"":""SubjectUserName"",""#text"":""SYSTEM""},{""@Name"":""SubjectDomainName"",""#text"":""NT AUTHORITY""},{""@Name"":""SubjectLogonId"",""#text"":""0x3E7""},{""@Name"":""PrivilegeList"",""#text"":""SeAssignPrimaryTokenPrivilege, SeTcbPrivilege, SeSecurityPrivilege, SeTakeOwnershipPrivilege, SeLoadDriverPrivilege, SeBackupPrivilege, SeRestorePrivilege, SeDebugPrivilege, SeAuditPrivilege, SeSystemEnvironmentPrivilege, SeImpersonatePrivilege, SeDelegateSessionUserImpersonatePrivilege""}]}}"
186,21128,2025-01-03 21:01:44.1930805,5379,LogAlways,Microsoft-Windows-Security-Auditing,Security,816,864,WinDev2401Eval,2,,Credential Manager credentials were read,User,,SID: S-1-5-21-1837475949-2032650698-3025450431-1000,Domain: WINDEV2401EVAL,LogonID: 0x65DD3,CountOfCredentialsReturned: 0,,ActivityID: a4c17575-5e65-0001-2e76-c1a4655edb01,MicrosoftAccount:user=02mykdeddnabzzqv,False,C:\Users\Inferno\Desktop\al_evtx\al_Security.evtx,Audit success,0,"{""EventData"":{""Data"":[{""@Name"":""SubjectUserSid"",""#text"":""S-1-5-21-1837475949-2032650698-3025450431-1000""},{""@Name"":""SubjectUserName"",""#text"":""User""},{""@Name"":""SubjectDomainName"",""#text"":""WINDEV2401EVAL""},{""@Name"":""SubjectLogonId"",""#text"":""0x65DD3""},{""@Name"":""TargetName"",""#text"":""MicrosoftAccount:user=02mykdeddnabzzqv""},{""@Name"":""Type"",""#text"":""0""},{""@Name"":""CountOfCredentialsReturned"",""#text"":""0""},{""@Name"":""ReadOperation"",""#text"":""%%8100""},{""@Name"":""ReturnCode"",""#text"":""3221226021""},{""@Name"":""ProcessCreationTime"",""#text"":""2025-01-03 21:01:09.2871779""},{""@Name"":""ClientProcessId"",""#text"":""4752""}]}}"
187,21129,2025-01-03 21:01:44.1931799,5379,LogAlways,Microsoft-Windows-Security-Auditing,Security,816,864,WinDev2401Eval,2,,Credential Manager credentials were read,User,,SID: S-1-5-21-1837475949-2032650698-3025450431-1000,Domain: WINDEV2401EVAL,LogonID: 0x65DD3,CountOfCredentialsReturned: 0,,ActivityID: a4c17575-5e65-0001-2e76-c1a4655edb01,WindowsLive:(token):name=02mykdeddnabzzqv;serviceuri=*,False,C:\Users\Inferno\Desktop\al_evtx\al_Security.evtx,Audit success,0,"{""EventData"":{""Data"":[{""@Name"":""SubjectUserSid"",""#text"":""S-1-5-21-1837475949-2032650698-3025450431-1000""},{""@Name"":""SubjectUserName"",""#text"":""User""},{""@Name"":""SubjectDomainName"",""#text"":""WINDEV2401EVAL""},{""@Name"":""SubjectLogonId"",""#text"":""0x65DD3""},{""@Name"":""TargetName"",""#text"":""WindowsLive:(token):name=02mykdeddnabzzqv;serviceuri=*""},{""@Name"":""Type"",""#text"":""0""},{""@Name"":""CountOfCredentialsReturned"",""#text"":""0""},{""@Name"":""ReadOperation"",""#text"":""%%8100""},{""@Name"":""ReturnCode"",""#text"":""3221226021""},{""@Name"":""ProcessCreationTime"",""#text"":""2025-01-03 21:01:09.2871779""},{""@Name"":""ClientProcessId"",""#text"":""4752""}]}}"
188,21130,2025-01-03 21:01:44.1938123,5379,LogAlways,Microsoft-Windows-Security-Auditing,Security,816,864,WinDev2401Eval,2,,Credential Manager credentials were read,User,,SID: S-1-5-21-1837475949-2032650698-3025450431-1000,Domain: WINDEV2401EVAL,LogonID: 0x65DD3,CountOfCredentialsReturned: 0,,ActivityID: a4c17575-5e65-0001-2e76-c1a4655edb01,WindowsLive:(cert):name=02mykdeddnabzzqv;serviceuri=*,False,C:\Users\Inferno\Desktop\al_evtx\al_Security.evtx,Audit success,0,"{""EventData"":{""Data"":[{""@Name"":""SubjectUserSid"",""#text"":""S-1-5-21-1837475949-2032650698-3025450431-1000""},{""@Name"":""SubjectUserName"",""#text"":""User""},{""@Name"":""SubjectDomainName"",""#text"":""WINDEV2401EVAL""},{""@Name"":""SubjectLogonId"",""#text"":""0x65DD3""},{""@Name"":""TargetName"",""#text"":""WindowsLive:(cert):name=02mykdeddnabzzqv;serviceuri=*""},{""@Name"":""Type"",""#text"":""0""},{""@Name"":""CountOfCredentialsReturned"",""#text"":""0""},{""@Name"":""ReadOperation"",""#text"":""%%8100""},{""@Name"":""ReturnCode"",""#text"":""3221226021""},{""@Name"":""ProcessCreationTime"",""#text"":""2025-01-03 21:01:09.2871779""},{""@Name"":""ClientProcessId"",""#text"":""4752""}]}}"
189,21131,2025-01-03 21:01:44.4855495,5379,LogAlways,Microsoft-Windows-Security-Auditing,Security,816,852,WinDev2401Eval,2,,Credential Manager credentials were read,User,,SID: S-1-5-21-1837475949-2032650698-3025450431-1000,Domain: WINDEV2401EVAL,LogonID: 0x65DD3,CountOfCredentialsReturned: 0,,ActivityID: a4c17575-5e65-0001-2e76-c1a4655edb01,MicrosoftAccount:user=02mykdeddnabzzqv,False,C:\Users\Inferno\Desktop\al_evtx\al_Security.evtx,Audit success,0,"{""EventData"":{""Data"":[{""@Name"":""SubjectUserSid"",""#text"":""S-1-5-21-1837475949-2032650698-3025450431-1000""},{""@Name"":""SubjectUserName"",""#text"":""User""},{""@Name"":""SubjectDomainName"",""#text"":""WINDEV2401EVAL""},{""@Name"":""SubjectLogonId"",""#text"":""0x65DD3""},{""@Name"":""TargetName"",""#text"":""MicrosoftAccount:user=02mykdeddnabzzqv""},{""@Name"":""Type"",""#text"":""0""},{""@Name"":""CountOfCredentialsReturned"",""#text"":""0""},{""@Name"":""ReadOperation"",""#text"":""%%8100""},{""@Name"":""ReturnCode"",""#text"":""3221226021""},{""@Name"":""ProcessCreationTime"",""#text"":""2025-01-03 21:01:09.2871779""},{""@Name"":""ClientProcessId"",""#text"":""4752""}]}}"
190,21132,2025-01-03 21:01:44.5296702,5379,LogAlways,Microsoft-Windows-Security-Auditing,Security,816,852,WinDev2401Eval,2,,Credential Manager credentials were read,User,,SID: S-1-5-21-1837475949-2032650698-3025450431-1000,Domain: WINDEV2401EVAL,LogonID: 0x65DD3,CountOfCredentialsReturned: 0,,ActivityID: a4c17575-5e65-0001-2e76-c1a4655edb01,MicrosoftAccount:user=02mykdeddnabzzqv,False,C:\Users\Inferno\Desktop\al_evtx\al_Security.evtx,Audit success,0,"{""EventData"":{""Data"":[{""@Name"":""SubjectUserSid"",""#text"":""S-1-5-21-1837475949-2032650698-3025450431-1000""},{""@Name"":""SubjectUserName"",""#text"":""User""},{""@Name"":""SubjectDomainName"",""#text"":""WINDEV2401EVAL""},{""@Name"":""SubjectLogonId"",""#text"":""0x65DD3""},{""@Name"":""TargetName"",""#text"":""MicrosoftAccount:user=02mykdeddnabzzqv""},{""@Name"":""Type"",""#text"":""0""},{""@Name"":""CountOfCredentialsReturned"",""#text"":""0""},{""@Name"":""ReadOperation"",""#text"":""%%8100""},{""@Name"":""ReturnCode"",""#text"":""3221226021""},{""@Name"":""ProcessCreationTime"",""#text"":""2025-01-03 21:01:09.2871779""},{""@Name"":""ClientProcessId"",""#text"":""4752""}]}}"
191,21133,2025-01-03 21:01:44.5474596,5379,LogAlways,Microsoft-Windows-Security-Auditing,Security,816,852,WinDev2401Eval,2,,Credential Manager credentials were read,User,,SID: S-1-5-21-1837475949-2032650698-3025450431-1000,Domain: WINDEV2401EVAL,LogonID: 0x65DD3,CountOfCredentialsReturned: 0,,ActivityID: a4c17575-5e65-0001-2e76-c1a4655edb01,MicrosoftAccount:user=02mykdeddnabzzqv,False,C:\Users\Inferno\Desktop\al_evtx\al_Security.evtx,Audit success,0,"{""EventData"":{""Data"":[{""@Name"":""SubjectUserSid"",""#text"":""S-1-5-21-1837475949-2032650698-3025450431-1000""},{""@Name"":""SubjectUserName"",""#text"":""User""},{""@Name"":""SubjectDomainName"",""#text"":""WINDEV2401EVAL""},{""@Name"":""SubjectLogonId"",""#text"":""0x65DD3""},{""@Name"":""TargetName"",""#text"":""MicrosoftAccount:user=02mykdeddnabzzqv""},{""@Name"":""Type"",""#text"":""0""},{""@Name"":""CountOfCredentialsReturned"",""#text"":""0""},{""@Name"":""ReadOperation"",""#text"":""%%8100""},{""@Name"":""ReturnCode"",""#text"":""3221226021""},{""@Name"":""ProcessCreationTime"",""#text"":""2025-01-03 21:01:09.2871779""},{""@Name"":""ClientProcessId"",""#text"":""4752""}]}}"
192,21134,2025-01-03 21:01:44.5475593,5379,LogAlways,Microsoft-Windows-Security-Auditing,Security,816,864,WinDev2401Eval,2,,Credential Manager credentials were read,User,,SID: S-1-5-21-1837475949-2032650698-3025450431-1000,Domain: WINDEV2401EVAL,LogonID: 0x65DD3,CountOfCredentialsReturned: 0,,ActivityID: a4c17575-5e65-0001-2e76-c1a4655edb01,MicrosoftAccount:user=02mykdeddnabzzqv,False,C:\Users\Inferno\Desktop\al_evtx\al_Security.evtx,Audit success,0,"{""EventData"":{""Data"":[{""@Name"":""SubjectUserSid"",""#text"":""S-1-5-21-1837475949-2032650698-3025450431-1000""},{""@Name"":""SubjectUserName"",""#text"":""User""},{""@Name"":""SubjectDomainName"",""#text"":""WINDEV2401EVAL""},{""@Name"":""SubjectLogonId"",""#text"":""0x65DD3""},{""@Name"":""TargetName"",""#text"":""MicrosoftAccount:user=02mykdeddnabzzqv""},{""@Name"":""Type"",""#text"":""0""},{""@Name"":""CountOfCredentialsReturned"",""#text"":""0""},{""@Name"":""ReadOperation"",""#text"":""%%8100""},{""@Name"":""ReturnCode"",""#text"":""3221226021""},{""@Name"":""ProcessCreationTime"",""#text"":""2025-01-03 21:01:09.2871779""},{""@Name"":""ClientProcessId"",""#text"":""4752""}]}}"
193,21135,2025-01-03 21:01:46.0485132,5379,LogAlways,Microsoft-Windows-Security-Auditing,Security,816,896,WinDev2401Eval,2,,Credential Manager credentials were read,User,,SID: S-1-5-21-1837475949-2032650698-3025450431-1000,Domain: WINDEV2401EVAL,LogonID: 0x65DD3,CountOfCredentialsReturned: 0,,ActivityID: a4c17575-5e65-0001-2e76-c1a4655edb01,MicrosoftAccount:user=02mykdeddnabzzqv,False,C:\Users\Inferno\Desktop\al_evtx\al_Security.evtx,Audit success,0,"{""EventData"":{""Data"":[{""@Name"":""SubjectUserSid"",""#text"":""S-1-5-21-1837475949-2032650698-3025450431-1000""},{""@Name"":""SubjectUserName"",""#text"":""User""},{""@Name"":""SubjectDomainName"",""#text"":""WINDEV2401EVAL""},{""@Name"":""SubjectLogonId"",""#text"":""0x65DD3""},{""@Name"":""TargetName"",""#text"":""MicrosoftAccount:user=02mykdeddnabzzqv""},{""@Name"":""Type"",""#text"":""0""},{""@Name"":""CountOfCredentialsReturned"",""#text"":""0""},{""@Name"":""ReadOperation"",""#text"":""%%8100""},{""@Name"":""ReturnCode"",""#text"":""3221226021""},{""@Name"":""ProcessCreationTime"",""#text"":""2025-01-03 21:01:09.2871779""},{""@Name"":""ClientProcessId"",""#text"":""4752""}]}}"
194,21136,2025-01-03 21:01:46.0486896,5379,LogAlways,Microsoft-Windows-Security-Auditing,Security,816,896,WinDev2401Eval,2,,Credential Manager credentials were read,User,,SID: S-1-5-21-1837475949-2032650698-3025450431-1000,Domain: WINDEV2401EVAL,LogonID: 0x65DD3,CountOfCredentialsReturned: 0,,ActivityID: a4c17575-5e65-0001-2e76-c1a4655edb01,WindowsLive:(token):name=02mykdeddnabzzqv;serviceuri=*,False,C:\Users\Inferno\Desktop\al_evtx\al_Security.evtx,Audit success,0,"{""EventData"":{""Data"":[{""@Name"":""SubjectUserSid"",""#text"":""S-1-5-21-1837475949-2032650698-3025450431-1000""},{""@Name"":""SubjectUserName"",""#text"":""User""},{""@Name"":""SubjectDomainName"",""#text"":""WINDEV2401EVAL""},{""@Name"":""SubjectLogonId"",""#text"":""0x65DD3""},{""@Name"":""TargetName"",""#text"":""WindowsLive:(token):name=02mykdeddnabzzqv;serviceuri=*""},{""@Name"":""Type"",""#text"":""0""},{""@Name"":""CountOfCredentialsReturned"",""#text"":""0""},{""@Name"":""ReadOperation"",""#text"":""%%8100""},{""@Name"":""ReturnCode"",""#text"":""3221226021""},{""@Name"":""ProcessCreationTime"",""#text"":""2025-01-03 21:01:09.2871779""},{""@Name"":""ClientProcessId"",""#text"":""4752""}]}}"
195,21137,2025-01-03 21:01:46.0493513,5379,LogAlways,Microsoft-Windows-Security-Auditing,Security,816,896,WinDev2401Eval,2,,Credential Manager credentials were read,User,,SID: S-1-5-21-1837475949-2032650698-3025450431-1000,Domain: WINDEV2401EVAL,LogonID: 0x65DD3,CountOfCredentialsReturned: 0,,ActivityID: a4c17575-5e65-0001-2e76-c1a4655edb01,WindowsLive:(cert):name=02mykdeddnabzzqv;serviceuri=*,False,C:\Users\Inferno\Desktop\al_evtx\al_Security.evtx,Audit success,0,"{""EventData"":{""Data"":[{""@Name"":""SubjectUserSid"",""#text"":""S-1-5-21-1837475949-2032650698-3025450431-1000""},{""@Name"":""SubjectUserName"",""#text"":""User""},{""@Name"":""SubjectDomainName"",""#text"":""WINDEV2401EVAL""},{""@Name"":""SubjectLogonId"",""#text"":""0x65DD3""},{""@Name"":""TargetName"",""#text"":""WindowsLive:(cert):name=02mykdeddnabzzqv;serviceuri=*""},{""@Name"":""Type"",""#text"":""0""},{""@Name"":""CountOfCredentialsReturned"",""#text"":""0""},{""@Name"":""ReadOperation"",""#text"":""%%8100""},{""@Name"":""ReturnCode"",""#text"":""3221226021""},{""@Name"":""ProcessCreationTime"",""#text"":""2025-01-03 21:01:09.2871779""},{""@Name"":""ClientProcessId"",""#text"":""4752""}]}}"
196,21138,2025-01-03 21:01:46.4018243,5379,LogAlways,Microsoft-Windows-Security-Auditing,Security,816,896,WinDev2401Eval,2,,Credential Manager credentials were read,User,,SID: S-1-5-21-1837475949-2032650698-3025450431-1000,Domain: WINDEV2401EVAL,LogonID: 0x65DD3,CountOfCredentialsReturned: 0,,ActivityID: a4c17575-5e65-0001-2e76-c1a4655edb01,MicrosoftAccount:user=02mykdeddnabzzqv,False,C:\Users\Inferno\Desktop\al_evtx\al_Security.evtx,Audit success,0,"{""EventData"":{""Data"":[{""@Name"":""SubjectUserSid"",""#text"":""S-1-5-21-1837475949-2032650698-3025450431-1000""},{""@Name"":""SubjectUserName"",""#text"":""User""},{""@Name"":""SubjectDomainName"",""#text"":""WINDEV2401EVAL""},{""@Name"":""SubjectLogonId"",""#text"":""0x65DD3""},{""@Name"":""TargetName"",""#text"":""MicrosoftAccount:user=02mykdeddnabzzqv""},{""@Name"":""Type"",""#text"":""0""},{""@Name"":""CountOfCredentialsReturned"",""#text"":""0""},{""@Name"":""ReadOperation"",""#text"":""%%8100""},{""@Name"":""ReturnCode"",""#text"":""3221226021""},{""@Name"":""ProcessCreationTime"",""#text"":""2025-01-03 21:01:09.2871779""},{""@Name"":""ClientProcessId"",""#text"":""4752""}]}}"
